-- Found ament_cmake: 2.5.4 (/opt/ros/jazzy/share/ament_cmake/cmake)
-- Found rclcpp: 28.1.11 (/opt/ros/jazzy/share/rclcpp/cmake)
-- Found rosidl_generator_c: 4.6.6 (/opt/ros/jazzy/share/rosidl_generator_c/cmake)
-- Found rosidl_generator_cpp: 4.6.6 (/opt/ros/jazzy/share/rosidl_generator_cpp/cmake)
-- Using all available rosidl_typesupport_c: rosidl_typesupport_fastrtps_c;rosidl_typesupport_introspection_c
-- Using all available rosidl_typesupport_cpp: rosidl_typesupport_fastrtps_cpp;rosidl_typesupport_introspection_cpp
-- Found rmw_implementation_cmake: 7.3.2 (/opt/ros/jazzy/share/rmw_implementation_cmake/cmake)
-- Found rmw_fastrtps_cpp: 8.4.3 (/opt/ros/jazzy/share/rmw_fastrtps_cpp/cmake)
-- Using RMW implementation 'rmw_fastrtps_cpp' as default
-- Found plansys2_pddl_parser: 2.0.18 (/opt/ros/jazzy/share/plansys2_pddl_parser/cmake)
-- Found plansys2_domain_expert: 2.0.18 (/opt/ros/jazzy/share/plansys2_domain_expert/cmake)
-- Found plansys2_planner: 2.0.18 (/opt/ros/jazzy/share/plansys2_planner/cmake)
-- Found plansys2_executor: 2.0.18 (/opt/ros/jazzy/share/plansys2_executor/cmake)
-- Found geometry_msgs: 5.3.6 (/opt/ros/jazzy/share/geometry_msgs/cmake)
[31mCMake Error at CMakeLists.txt:19 (find_package):
  By not providing "Findnav2_msgs.cmake" in CMAKE_MODULE_PATH this project
  has asked CMake to find a package configuration file provided by
  "nav2_msgs", but CMake did not find one.

  Could not find a package configuration file provided by "nav2_msgs" with
  any of the following names:

    nav2_msgsConfig.cmake
    nav2_msgs-config.cmake

  Add the installation prefix of "nav2_msgs" to CMAKE_PREFIX_PATH or set
  "nav2_msgs_DIR" to a directory containing one of the above files.  If
  "nav2_msgs" provides a separate development package or SDK, be sure it has
  been installed.

[0m
-- Configuring incomplete, errors occurred!
