[0.033s] Invoking command in '/home/assignments/assignment3/ws/build/erl1': CMAKE_PREFIX_PATH=${CMAKE_PREFIX_PATH}:/opt/ros/jazzy /usr/bin/cmake /home/assignments/assignment3/ws/src/erl1 -DCMAKE_INSTALL_PREFIX=/home/assignments/assignment3/ws/install/erl1
[0.265s] -- The C compiler identification is GNU 13.3.0
[0.423s] -- The CXX compiler identification is GNU 13.3.0
[0.460s] -- Detecting C compiler ABI info
[0.652s] -- Detecting C compiler ABI info - done
[0.681s] -- Check for working C compiler: /usr/bin/cc - skipped
[0.682s] -- Detecting C compile features
[0.684s] -- Detecting C compile features - done
[0.707s] -- Detecting CXX compiler ABI info
[0.921s] -- Detecting CXX compiler ABI info - done
[0.936s] -- Check for working CXX compiler: /usr/bin/c++ - skipped
[0.937s] -- Detecting CXX compile features
[0.937s] -- Detecting CXX compile features - done
[0.954s] -- Found ament_cmake: 2.5.4 (/opt/ros/jazzy/share/ament_cmake/cmake)
[1.264s] -- Found Python3: /usr/bin/python3 (found version "3.12.3") found components: Interpreter 
[1.603s] -- Found ament_lint_auto: 0.17.3 (/opt/ros/jazzy/share/ament_lint_auto/cmake)
[1.863s] -- Added test 'flake8' to check Python code syntax and style conventions
[1.863s] -- Configured 'flake8' exclude dirs and/or files: 
[1.866s] -- Added test 'lint_cmake' to check CMake code style
[1.869s] -- Added test 'pep257' to check Python code against some of the docstring style conventions in PEP 257
[1.880s] -- Added test 'xmllint' to check XML markup files
[1.884s] -- Configuring done (1.8s)
[1.892s] -- Generating done (0.0s)
[1.895s] -- Build files have been written to: /home/assignments/assignment3/ws/build/erl1
[1.903s] Invoked command in '/home/assignments/assignment3/ws/build/erl1' returned '0': CMAKE_PREFIX_PATH=${CMAKE_PREFIX_PATH}:/opt/ros/jazzy /usr/bin/cmake /home/assignments/assignment3/ws/src/erl1 -DCMAKE_INSTALL_PREFIX=/home/assignments/assignment3/ws/install/erl1
[1.904s] Invoking command in '/home/assignments/assignment3/ws/build/erl1': CMAKE_PREFIX_PATH=${CMAKE_PREFIX_PATH}:/opt/ros/jazzy /usr/bin/cmake --build /home/assignments/assignment3/ws/build/erl1 -- -j16 -l16
[2.017s] Invoked command in '/home/assignments/assignment3/ws/build/erl1' returned '0': CMAKE_PREFIX_PATH=${CMAKE_PREFIX_PATH}:/opt/ros/jazzy /usr/bin/cmake --build /home/assignments/assignment3/ws/build/erl1 -- -j16 -l16
[2.018s] Invoking command in '/home/assignments/assignment3/ws/build/erl1': CMAKE_PREFIX_PATH=${CMAKE_PREFIX_PATH}:/opt/ros/jazzy /usr/bin/cmake --install /home/assignments/assignment3/ws/build/erl1
[2.035s] -- Install configuration: ""
[2.035s] -- Installing: /home/assignments/assignment3/ws/install/erl1/share/erl1/launch
[2.036s] -- Installing: /home/assignments/assignment3/ws/install/erl1/share/erl1/launch/rviz_launch.py
[2.036s] -- Installing: /home/assignments/assignment3/ws/install/erl1/share/erl1/launch/spawn_robot.launch.py
[2.037s] -- Installing: /home/assignments/assignment3/ws/install/erl1/share/erl1/launch/my_launch.py
[2.037s] -- Installing: /home/assignments/assignment3/ws/install/erl1/share/erl1/worlds
[2.037s] -- Installing: /home/assignments/assignment3/ws/install/erl1/share/erl1/worlds/my_world.sdf
[2.038s] -- Installing: /home/assignments/assignment3/ws/install/erl1/share/erl1/worlds/simple_world.sdf
[2.039s] -- Installing: /home/assignments/assignment3/ws/install/erl1/share/erl1/worlds/empty.sdf
[2.039s] -- Installing: /home/assignments/assignment3/ws/install/erl1/share/erl1/rviz
[2.039s] -- Installing: /home/assignments/assignment3/ws/install/erl1/share/erl1/rviz/urdf.rviz
[2.040s] -- Installing: /home/assignments/assignment3/ws/install/erl1/share/erl1/urdf
[2.040s] -- Installing: /home/assignments/assignment3/ws/install/erl1/share/erl1/urdf/erl1.gazebo
[2.042s] -- Installing: /home/assignments/assignment3/ws/install/erl1/share/erl1/urdf/erl1.urdf
[2.042s] -- Installing: /home/assignments/assignment3/ws/install/erl1/share/erl1/meshes
[2.042s] -- Installing: /home/assignments/assignment3/ws/install/erl1/share/ament_index/resource_index/package_run_dependencies/erl1
[2.043s] -- Installing: /home/assignments/assignment3/ws/install/erl1/share/ament_index/resource_index/parent_prefix_path/erl1
[2.044s] -- Installing: /home/assignments/assignment3/ws/install/erl1/share/erl1/environment/ament_prefix_path.sh
[2.044s] -- Installing: /home/assignments/assignment3/ws/install/erl1/share/erl1/environment/ament_prefix_path.dsv
[2.045s] -- Installing: /home/assignments/assignment3/ws/install/erl1/share/erl1/environment/path.sh
[2.046s] -- Installing: /home/assignments/assignment3/ws/install/erl1/share/erl1/environment/path.dsv
[2.047s] -- Installing: /home/assignments/assignment3/ws/install/erl1/share/erl1/local_setup.bash
[2.047s] -- Installing: /home/assignments/assignment3/ws/install/erl1/share/erl1/local_setup.sh
[2.047s] -- Installing: /home/assignments/assignment3/ws/install/erl1/share/erl1/local_setup.zsh
[2.048s] -- Installing: /home/assignments/assignment3/ws/install/erl1/share/erl1/local_setup.dsv
[2.048s] -- Installing: /home/assignments/assignment3/ws/install/erl1/share/erl1/package.dsv
[2.049s] -- Installing: /home/assignments/assignment3/ws/install/erl1/share/ament_index/resource_index/packages/erl1
[2.050s] -- Installing: /home/assignments/assignment3/ws/install/erl1/share/erl1/cmake/erl1Config.cmake
[2.052s] -- Installing: /home/assignments/assignment3/ws/install/erl1/share/erl1/cmake/erl1Config-version.cmake
[2.052s] -- Installing: /home/assignments/assignment3/ws/install/erl1/share/erl1/package.xml
[2.056s] Invoked command in '/home/assignments/assignment3/ws/build/erl1' returned '0': CMAKE_PREFIX_PATH=${CMAKE_PREFIX_PATH}:/opt/ros/jazzy /usr/bin/cmake --install /home/assignments/assignment3/ws/build/erl1
