[0.030s] Invoking command in '/home/assignments/assignment3/ws/build/ros2_navigation': CMAKE_PREFIX_PATH=${CMAKE_PREFIX_PATH}:/opt/ros/jazzy /usr/bin/cmake --build /home/assignments/assignment3/ws/build/ros2_navigation -- -j16 -l16
[0.133s] Invoked command in '/home/assignments/assignment3/ws/build/ros2_navigation' returned '0': CMAKE_PREFIX_PATH=${CMAKE_PREFIX_PATH}:/opt/ros/jazzy /usr/bin/cmake --build /home/assignments/assignment3/ws/build/ros2_navigation -- -j16 -l16
[0.134s] Invoking command in '/home/assignments/assignment3/ws/build/ros2_navigation': CMAKE_PREFIX_PATH=${CMAKE_PREFIX_PATH}:/opt/ros/jazzy /usr/bin/cmake --install /home/assignments/assignment3/ws/build/ros2_navigation
[0.160s] -- Install configuration: ""
[0.160s] -- Installing: /home/assignments/assignment3/ws/install/ros2_navigation/share/ros2_navigation/launch
[0.160s] -- Installing: /home/assignments/assignment3/ws/install/ros2_navigation/share/ros2_navigation/launch/mapping.launch.py
[0.161s] -- Installing: /home/assignments/assignment3/ws/install/ros2_navigation/share/ros2_navigation/launch/navigation.launch.py
[0.161s] -- Installing: /home/assignments/assignment3/ws/install/ros2_navigation/share/ros2_navigation/launch/localization.launch.py
[0.161s] -- Installing: /home/assignments/assignment3/ws/install/ros2_navigation/share/ros2_navigation/config
[0.161s] -- Installing: /home/assignments/assignment3/ws/install/ros2_navigation/share/ros2_navigation/config/amcl_localization.yaml
[0.161s] -- Installing: /home/assignments/assignment3/ws/install/ros2_navigation/share/ros2_navigation/config/slam_toolbox_mapping.yaml
[0.162s] -- Installing: /home/assignments/assignment3/ws/install/ros2_navigation/share/ros2_navigation/config/navigation.yaml
[0.162s] -- Installing: /home/assignments/assignment3/ws/install/ros2_navigation/share/ros2_navigation/maps
[0.162s] -- Installing: /home/assignments/assignment3/ws/install/ros2_navigation/share/ros2_navigation/maps/my_map.yaml
[0.162s] -- Installing: /home/assignments/assignment3/ws/install/ros2_navigation/share/ros2_navigation/maps/my_map.pgm
[0.162s] -- Installing: /home/assignments/assignment3/ws/install/ros2_navigation/share/ament_index/resource_index/package_run_dependencies/ros2_navigation
[0.162s] -- Installing: /home/assignments/assignment3/ws/install/ros2_navigation/share/ament_index/resource_index/parent_prefix_path/ros2_navigation
[0.162s] -- Installing: /home/assignments/assignment3/ws/install/ros2_navigation/share/ros2_navigation/environment/ament_prefix_path.sh
[0.162s] -- Installing: /home/assignments/assignment3/ws/install/ros2_navigation/share/ros2_navigation/environment/ament_prefix_path.dsv
[0.163s] -- Installing: /home/assignments/assignment3/ws/install/ros2_navigation/share/ros2_navigation/environment/path.sh
[0.163s] -- Installing: /home/assignments/assignment3/ws/install/ros2_navigation/share/ros2_navigation/environment/path.dsv
[0.163s] -- Installing: /home/assignments/assignment3/ws/install/ros2_navigation/share/ros2_navigation/local_setup.bash
[0.163s] -- Installing: /home/assignments/assignment3/ws/install/ros2_navigation/share/ros2_navigation/local_setup.sh
[0.163s] -- Installing: /home/assignments/assignment3/ws/install/ros2_navigation/share/ros2_navigation/local_setup.zsh
[0.164s] -- Installing: /home/assignments/assignment3/ws/install/ros2_navigation/share/ros2_navigation/local_setup.dsv
[0.164s] -- Installing: /home/assignments/assignment3/ws/install/ros2_navigation/share/ros2_navigation/package.dsv
[0.165s] -- Installing: /home/assignments/assignment3/ws/install/ros2_navigation/share/ament_index/resource_index/packages/ros2_navigation
[0.166s] -- Installing: /home/assignments/assignment3/ws/install/ros2_navigation/share/ros2_navigation/cmake/ros2_navigationConfig.cmake
[0.166s] -- Installing: /home/assignments/assignment3/ws/install/ros2_navigation/share/ros2_navigation/cmake/ros2_navigationConfig-version.cmake
[0.167s] -- Installing: /home/assignments/assignment3/ws/install/ros2_navigation/share/ros2_navigation/package.xml
[0.221s] Invoked command in '/home/assignments/assignment3/ws/build/ros2_navigation' returned '0': CMAKE_PREFIX_PATH=${CMAKE_PREFIX_PATH}:/opt/ros/jazzy /usr/bin/cmake --install /home/assignments/assignment3/ws/build/ros2_navigation
