-- Install configuration: ""
-- Up-to-date: /home/assignments/assignment3/ws/install/ros2_navigation/share/ros2_navigation/launch
-- Up-to-date: /home/assignments/assignment3/ws/install/ros2_navigation/share/ros2_navigation/launch/mapping.launch.py
-- Up-to-date: /home/assignments/assignment3/ws/install/ros2_navigation/share/ros2_navigation/launch/navigation.launch.py
-- Up-to-date: /home/assignments/assignment3/ws/install/ros2_navigation/share/ros2_navigation/launch/localization.launch.py
-- Up-to-date: /home/assignments/assignment3/ws/install/ros2_navigation/share/ros2_navigation/config
-- Up-to-date: /home/assignments/assignment3/ws/install/ros2_navigation/share/ros2_navigation/config/amcl_localization.yaml
-- Up-to-date: /home/assignments/assignment3/ws/install/ros2_navigation/share/ros2_navigation/config/slam_toolbox_mapping.yaml
-- Up-to-date: /home/assignments/assignment3/ws/install/ros2_navigation/share/ros2_navigation/config/navigation.yaml
-- Up-to-date: /home/assignments/assignment3/ws/install/ros2_navigation/share/ros2_navigation/maps
-- Up-to-date: /home/assignments/assignment3/ws/install/ros2_navigation/share/ros2_navigation/maps/my_map.yaml
-- Up-to-date: /home/assignments/assignment3/ws/install/ros2_navigation/share/ros2_navigation/maps/my_map.pgm
-- Up-to-date: /home/assignments/assignment3/ws/install/ros2_navigation/share/ament_index/resource_index/package_run_dependencies/ros2_navigation
-- Up-to-date: /home/assignments/assignment3/ws/install/ros2_navigation/share/ament_index/resource_index/parent_prefix_path/ros2_navigation
-- Up-to-date: /home/assignments/assignment3/ws/install/ros2_navigation/share/ros2_navigation/environment/ament_prefix_path.sh
-- Up-to-date: /home/assignments/assignment3/ws/install/ros2_navigation/share/ros2_navigation/environment/ament_prefix_path.dsv
-- Up-to-date: /home/assignments/assignment3/ws/install/ros2_navigation/share/ros2_navigation/environment/path.sh
-- Up-to-date: /home/assignments/assignment3/ws/install/ros2_navigation/share/ros2_navigation/environment/path.dsv
-- Up-to-date: /home/assignments/assignment3/ws/install/ros2_navigation/share/ros2_navigation/local_setup.bash
-- Up-to-date: /home/assignments/assignment3/ws/install/ros2_navigation/share/ros2_navigation/local_setup.sh
-- Up-to-date: /home/assignments/assignment3/ws/install/ros2_navigation/share/ros2_navigation/local_setup.zsh
-- Up-to-date: /home/assignments/assignment3/ws/install/ros2_navigation/share/ros2_navigation/local_setup.dsv
-- Installing: /home/assignments/assignment3/ws/install/ros2_navigation/share/ros2_navigation/package.dsv
-- Up-to-date: /home/assignments/assignment3/ws/install/ros2_navigation/share/ament_index/resource_index/packages/ros2_navigation
-- Up-to-date: /home/assignments/assignment3/ws/install/ros2_navigation/share/ros2_navigation/cmake/ros2_navigationConfig.cmake
-- Up-to-date: /home/assignments/assignment3/ws/install/ros2_navigation/share/ros2_navigation/cmake/ros2_navigationConfig-version.cmake
-- Up-to-date: /home/assignments/assignment3/ws/install/ros2_navigation/share/ros2_navigation/package.xml
