[0.043s] Invoking command in '/home/assignments/assignment3/ws/build/plansys_interface': CMAKE_PREFIX_PATH=${CMAKE_PREFIX_PATH}:/opt/ros/jazzy /usr/bin/cmake /home/assignments/assignment3/ws/src/plansys_interface -DCMAKE_INSTALL_PREFIX=/home/assignments/assignment3/ws/install/plansys_interface
[0.069s] -- Found ament_cmake: 2.5.4 (/opt/ros/jazzy/share/ament_cmake/cmake)
[0.462s] -- Found rclcpp: 28.1.11 (/opt/ros/jazzy/share/rclcpp/cmake)
[0.526s] -- Found rosidl_generator_c: 4.6.6 (/opt/ros/jazzy/share/rosidl_generator_c/cmake)
[0.541s] -- Found rosidl_generator_cpp: 4.6.6 (/opt/ros/jazzy/share/rosidl_generator_cpp/cmake)
[0.560s] -- Using all available rosidl_typesupport_c: rosidl_typesupport_fastrtps_c;rosidl_typesupport_introspection_c
[0.582s] -- Using all available rosidl_typesupport_cpp: rosidl_typesupport_fastrtps_cpp;rosidl_typesupport_introspection_cpp
[0.683s] -- Found rmw_implementation_cmake: 7.3.2 (/opt/ros/jazzy/share/rmw_implementation_cmake/cmake)
[0.685s] -- Found rmw_fastrtps_cpp: 8.4.3 (/opt/ros/jazzy/share/rmw_fastrtps_cpp/cmake)
[0.798s] -- Using RMW implementation 'rmw_fastrtps_cpp' as default
[0.903s] -- Found plansys2_pddl_parser: 2.0.18 (/opt/ros/jazzy/share/plansys2_pddl_parser/cmake)
[1.072s] -- Found plansys2_domain_expert: 2.0.18 (/opt/ros/jazzy/share/plansys2_domain_expert/cmake)
[1.186s] -- Found plansys2_planner: 2.0.18 (/opt/ros/jazzy/share/plansys2_planner/cmake)
[1.261s] -- Found plansys2_executor: 2.0.18 (/opt/ros/jazzy/share/plansys2_executor/cmake)
[1.390s] -- Found geometry_msgs: 5.3.6 (/opt/ros/jazzy/share/geometry_msgs/cmake)
[1.425s] -- Found nav2_msgs: 1.3.10 (/opt/ros/jazzy/share/nav2_msgs/cmake)
[2.254s] -- Found ament_lint_auto: 0.17.3 (/opt/ros/jazzy/share/ament_lint_auto/cmake)
[2.487s] -- Added test 'cppcheck' to perform static code analysis on C / C++ code
[2.488s] -- Configured cppcheck include dirs: 
[2.488s] -- Configured cppcheck exclude dirs and/or files: 
[2.491s] -- Added test 'flake8' to check Python code syntax and style conventions
[2.491s] -- Configured 'flake8' exclude dirs and/or files: 
[2.495s] -- Added test 'lint_cmake' to check CMake code style
[2.497s] -- Added test 'pep257' to check Python code against some of the docstring style conventions in PEP 257
[2.507s] -- Added test 'uncrustify' to check C / C++ code style
[2.507s] -- Configured uncrustify additional arguments: 
[2.510s] -- Added test 'xmllint' to check XML markup files
[2.514s] -- Configuring done (2.5s)
[2.874s] -- Generating done (0.3s)
[2.899s] -- Build files have been written to: /home/assignments/assignment3/ws/build/plansys_interface
[2.915s] Invoked command in '/home/assignments/assignment3/ws/build/plansys_interface' returned '0': CMAKE_PREFIX_PATH=${CMAKE_PREFIX_PATH}:/opt/ros/jazzy /usr/bin/cmake /home/assignments/assignment3/ws/src/plansys_interface -DCMAKE_INSTALL_PREFIX=/home/assignments/assignment3/ws/install/plansys_interface
[2.918s] Invoking command in '/home/assignments/assignment3/ws/build/plansys_interface': CMAKE_PREFIX_PATH=${CMAKE_PREFIX_PATH}:/opt/ros/jazzy /usr/bin/cmake --build /home/assignments/assignment3/ws/build/plansys_interface -- -j16 -l16
[3.048s] [ 28%] [32mBuilding CXX object CMakeFiles/move_action_node.dir/src/move_action_node.cpp.o[0m
[3.048s] [ 28%] [32mBuilding CXX object CMakeFiles/get_plan_and_execute.dir/src/getplan_and_execute.cpp.o[0m
[3.048s] [ 28%] [32mBuilding CXX object CMakeFiles/get_plan.dir/src/getplan.cpp.o[0m
[3.048s] [ 28%] [32mBuilding CXX object CMakeFiles/ask_charge_action_node.dir/src/ask_charge_action_node.cpp.o[0m
[3.052s] [ 35%] [32mBuilding CXX object CMakeFiles/charge_action_node.dir/src/charge_action_node.cpp.o[0m
[3.052s] [ 42%] [32mBuilding CXX object CMakeFiles/move_action_node_3.dir/src/move_action_node_3.cpp.o[0m
[3.061s] [ 50%] [32mBuilding CXX object CMakeFiles/move_action_node_2.dir/src/move_action_node_2.cpp.o[0m
[8.077s] [01m[K/home/assignments/assignment3/ws/src/plansys_interface/src/ask_charge_action_node.cpp:[m[K In member function ‘[01m[Kvirtual void AskCharge::[01;32m[Kdo_work[m[K()[m[K’:
[8.077s] [01m[K/home/assignments/assignment3/ws/src/plansys_interface/src/ask_charge_action_node.cpp:31:18:[m[K [01;35m[Kwarning: [m[Knon-ISO-standard escape sequence, '\e'
[8.077s]    31 |     std::cout << [01;35m[K"\r\e[K"[m[K << std::flush;
[8.077s]       |                  [01;35m[K^~~~~~~~[m[K
[8.081s] [01m[K/home/assignments/assignment3/ws/src/plansys_interface/src/move_action_node_2.cpp:[m[K In member function ‘[01m[Kvirtual void MoveAction::[01;32m[Kdo_work[m[K()[m[K’:
[8.081s] [01m[K/home/assignments/assignment3/ws/src/plansys_interface/src/move_action_node_2.cpp:57:18:[m[K [01;35m[Kwarning: [m[Knon-ISO-standard escape sequence, '\e'
[8.081s]    57 |     std::cout << [01;35m[K"\r\e[K"[m[K << std::flush;
[8.081s]       |                  [01;35m[K^~~~~~~~[m[K
[8.229s] [01m[K/home/assignments/assignment3/ws/src/plansys_interface/src/move_action_node.cpp:[m[K In member function ‘[01m[Kvirtual void MoveAction::[01;32m[Kdo_work[m[K()[m[K’:
[8.229s] [01m[K/home/assignments/assignment3/ws/src/plansys_interface/src/move_action_node.cpp:29:18:[m[K [01;35m[Kwarning: [m[Knon-ISO-standard escape sequence, '\e'
[8.229s]    29 |     std::cout << [01;35m[K"\r\e[K"[m[K << std::flush;
[8.229s]       |                  [01;35m[K^~~~~~~~[m[K
[8.253s] [01m[K/home/assignments/assignment3/ws/src/plansys_interface/src/charge_action_node.cpp:[m[K In member function ‘[01m[Kvirtual void ChargeAction::[01;32m[Kdo_work[m[K()[m[K’:
[8.254s] [01m[K/home/assignments/assignment3/ws/src/plansys_interface/src/charge_action_node.cpp:30:18:[m[K [01;35m[Kwarning: [m[Knon-ISO-standard escape sequence, '\e'
[8.254s]    30 |     std::cout << [01;35m[K"\r\e[K"[m[K << std::flush;
[8.254s]       |                  [01;35m[K^~~~~~~~[m[K
[8.627s] [01m[K/home/assignments/assignment3/ws/src/plansys_interface/src/move_action_node_3.cpp:[m[K In constructor ‘[01m[KMoveAction::[01;32m[KMoveAction[m[K()[m[K’:
[8.628s] [01m[K/home/assignments/assignment3/ws/src/plansys_interface/src/move_action_node_3.cpp:114:8:[m[K [01;35m[Kwarning: [m[K‘[01m[KMoveAction::goal_sent_[m[K’ will be initialized after [[01;35m[K-Wreorder[m[K]
[8.628s]   114 |   bool [01;35m[Kgoal_sent_[m[K;
[8.628s]       |        [01;35m[K^~~~~~~~~~[m[K
[8.628s] [01m[K/home/assignments/assignment3/ws/src/plansys_interface/src/move_action_node_3.cpp:113:9:[m[K [01;35m[Kwarning: [m[K  ‘[01m[Kfloat MoveAction::progress_[m[K’ [[01;35m[K-Wreorder[m[K]
[8.628s]   113 |   float [01;35m[Kprogress_[m[K;
[8.628s]       |         [01;35m[K^~~~~~~~~[m[K
[8.628s] [01m[K/home/assignments/assignment3/ws/src/plansys_interface/src/move_action_node_3.cpp:19:3:[m[K [01;35m[Kwarning: [m[K  when initialized here [[01;35m[K-Wreorder[m[K]
[8.628s]    19 |   [01;35m[KMoveAction[m[K()
[8.628s]       |   [01;35m[K^~~~~~~~~~[m[K
[9.823s] [ 57%] [32m[1mLinking CXX executable get_plan[0m
[9.912s] [ 64%] [32m[1mLinking CXX executable ask_charge_action_node[0m
[10.185s] [ 71%] [32m[1mLinking CXX executable move_action_node[0m
[10.204s] [ 78%] [32m[1mLinking CXX executable charge_action_node[0m
[10.348s] [ 78%] Built target get_plan
[10.453s] [ 78%] Built target ask_charge_action_node
[10.793s] [ 78%] Built target move_action_node
[10.833s] [ 78%] Built target charge_action_node
[11.495s] [ 85%] [32m[1mLinking CXX executable move_action_node_2[0m
[11.958s] [ 85%] Built target move_action_node_2
[14.743s] [ 92%] [32m[1mLinking CXX executable get_plan_and_execute[0m
[15.526s] [100%] [32m[1mLinking CXX executable move_action_node_3[0m
[15.648s] [100%] Built target get_plan_and_execute
[16.569s] [100%] Built target move_action_node_3
[16.586s] Invoked command in '/home/assignments/assignment3/ws/build/plansys_interface' returned '0': CMAKE_PREFIX_PATH=${CMAKE_PREFIX_PATH}:/opt/ros/jazzy /usr/bin/cmake --build /home/assignments/assignment3/ws/build/plansys_interface -- -j16 -l16
[16.588s] Invoking command in '/home/assignments/assignment3/ws/build/plansys_interface': CMAKE_PREFIX_PATH=${CMAKE_PREFIX_PATH}:/opt/ros/jazzy /usr/bin/cmake --install /home/assignments/assignment3/ws/build/plansys_interface
[16.610s] -- Install configuration: ""
[16.611s] -- Installing: /home/assignments/assignment3/ws/install/plansys_interface/share/plansys_interface/domain
[16.611s] -- Installing: /home/assignments/assignment3/ws/install/plansys_interface/share/plansys_interface/domain/problem.pddl
[16.611s] -- Installing: /home/assignments/assignment3/ws/install/plansys_interface/share/plansys_interface/domain/example.pddl
[16.611s] -- Installing: /home/assignments/assignment3/ws/install/plansys_interface/share/plansys_interface/launch
[16.611s] -- Installing: /home/assignments/assignment3/ws/install/plansys_interface/share/plansys_interface/launch/distributed.launch.py
[16.612s] -- Installing: /home/assignments/assignment3/ws/install/plansys_interface/share/plansys_interface/launch/distributed_actions_2.launch.py
[16.612s] -- Installing: /home/assignments/assignment3/ws/install/plansys_interface/share/plansys_interface/launch/distributed_actions_3.launch.py
[16.612s] -- Installing: /home/assignments/assignment3/ws/install/plansys_interface/share/plansys_interface/launch/distributed_ex.launch.py
[16.613s] -- Installing: /home/assignments/assignment3/ws/install/plansys_interface/share/plansys_interface/launch/distributed_actions.launch.py
[16.613s] -- Installing: /home/assignments/assignment3/ws/install/plansys_interface/lib/plansys_interface/get_plan
[16.614s] -- Set non-toolchain portion of runtime path of "/home/assignments/assignment3/ws/install/plansys_interface/lib/plansys_interface/get_plan" to ""
[16.615s] -- Installing: /home/assignments/assignment3/ws/install/plansys_interface/lib/plansys_interface/get_plan_and_execute
[16.621s] -- Set non-toolchain portion of runtime path of "/home/assignments/assignment3/ws/install/plansys_interface/lib/plansys_interface/get_plan_and_execute" to ""
[16.621s] -- Installing: /home/assignments/assignment3/ws/install/plansys_interface/lib/plansys_interface/move_action_node
[16.622s] -- Set non-toolchain portion of runtime path of "/home/assignments/assignment3/ws/install/plansys_interface/lib/plansys_interface/move_action_node" to ""
[16.622s] -- Installing: /home/assignments/assignment3/ws/install/plansys_interface/lib/plansys_interface/ask_charge_action_node
[16.622s] -- Set non-toolchain portion of runtime path of "/home/assignments/assignment3/ws/install/plansys_interface/lib/plansys_interface/ask_charge_action_node" to ""
[16.622s] -- Installing: /home/assignments/assignment3/ws/install/plansys_interface/lib/plansys_interface/charge_action_node
[16.623s] -- Set non-toolchain portion of runtime path of "/home/assignments/assignment3/ws/install/plansys_interface/lib/plansys_interface/charge_action_node" to ""
[16.623s] -- Installing: /home/assignments/assignment3/ws/install/plansys_interface/lib/plansys_interface/move_action_node_2
[16.625s] -- Set non-toolchain portion of runtime path of "/home/assignments/assignment3/ws/install/plansys_interface/lib/plansys_interface/move_action_node_2" to ""
[16.625s] -- Installing: /home/assignments/assignment3/ws/install/plansys_interface/lib/plansys_interface/move_action_node_3
[16.632s] -- Set non-toolchain portion of runtime path of "/home/assignments/assignment3/ws/install/plansys_interface/lib/plansys_interface/move_action_node_3" to ""
[16.632s] -- Installing: /home/assignments/assignment3/ws/install/plansys_interface/share/ament_index/resource_index/package_run_dependencies/plansys_interface
[16.633s] -- Installing: /home/assignments/assignment3/ws/install/plansys_interface/share/ament_index/resource_index/parent_prefix_path/plansys_interface
[16.633s] -- Installing: /home/assignments/assignment3/ws/install/plansys_interface/share/plansys_interface/environment/ament_prefix_path.sh
[16.633s] -- Installing: /home/assignments/assignment3/ws/install/plansys_interface/share/plansys_interface/environment/ament_prefix_path.dsv
[16.634s] -- Installing: /home/assignments/assignment3/ws/install/plansys_interface/share/plansys_interface/environment/path.sh
[16.634s] -- Installing: /home/assignments/assignment3/ws/install/plansys_interface/share/plansys_interface/environment/path.dsv
[16.634s] -- Installing: /home/assignments/assignment3/ws/install/plansys_interface/share/plansys_interface/local_setup.bash
[16.634s] -- Installing: /home/assignments/assignment3/ws/install/plansys_interface/share/plansys_interface/local_setup.sh
[16.635s] -- Installing: /home/assignments/assignment3/ws/install/plansys_interface/share/plansys_interface/local_setup.zsh
[16.635s] -- Installing: /home/assignments/assignment3/ws/install/plansys_interface/share/plansys_interface/local_setup.dsv
[16.635s] -- Installing: /home/assignments/assignment3/ws/install/plansys_interface/share/plansys_interface/package.dsv
[16.635s] -- Installing: /home/assignments/assignment3/ws/install/plansys_interface/share/ament_index/resource_index/packages/plansys_interface
[16.635s] -- Installing: /home/assignments/assignment3/ws/install/plansys_interface/share/plansys_interface/cmake/plansys_interfaceConfig.cmake
[16.636s] -- Installing: /home/assignments/assignment3/ws/install/plansys_interface/share/plansys_interface/cmake/plansys_interfaceConfig-version.cmake
[16.636s] -- Installing: /home/assignments/assignment3/ws/install/plansys_interface/share/plansys_interface/package.xml
[16.639s] Invoked command in '/home/assignments/assignment3/ws/build/plansys_interface' returned '0': CMAKE_PREFIX_PATH=${CMAKE_PREFIX_PATH}:/opt/ros/jazzy /usr/bin/cmake --install /home/assignments/assignment3/ws/build/plansys_interface
