[0.045s] Invoking command in '/home/assignments/assignment3/ws/build/plansys_interface': CMAKE_PREFIX_PATH=${CMAKE_PREFIX_PATH}:/opt/ros/jazzy /usr/bin/cmake --build /home/assignments/assignment3/ws/build/plansys_interface -- -j16 -l16
[0.225s] [ 14%] Built target get_plan
[0.231s] [ 28%] Built target move_action_node_3
[0.232s] [ 42%] Built target get_plan_and_execute
[0.234s] [ 57%] Built target move_action_node
[0.234s] [ 71%] Built target charge_action_node
[0.234s] [ 85%] Built target ask_charge_action_node
[0.240s] [100%] Built target move_action_node_2
[0.317s] Invoked command in '/home/assignments/assignment3/ws/build/plansys_interface' returned '0': CMAKE_PREFIX_PATH=${CMAKE_PREFIX_PATH}:/opt/ros/jazzy /usr/bin/cmake --build /home/assignments/assignment3/ws/build/plansys_interface -- -j16 -l16
[0.320s] Invoking command in '/home/assignments/assignment3/ws/build/plansys_interface': CMAKE_PREFIX_PATH=${CMAKE_PREFIX_PATH}:/opt/ros/jazzy /usr/bin/cmake --install /home/assignments/assignment3/ws/build/plansys_interface
[0.344s] -- Install configuration: ""
[0.345s] -- Up-to-date: /home/assignments/assignment3/ws/install/plansys_interface/share/plansys_interface/domain
[0.345s] -- Up-to-date: /home/assignments/assignment3/ws/install/plansys_interface/share/plansys_interface/domain/problem.pddl
[0.345s] -- Up-to-date: /home/assignments/assignment3/ws/install/plansys_interface/share/plansys_interface/domain/example.pddl
[0.345s] -- Up-to-date: /home/assignments/assignment3/ws/install/plansys_interface/share/plansys_interface/launch
[0.345s] -- Up-to-date: /home/assignments/assignment3/ws/install/plansys_interface/share/plansys_interface/launch/distributed.launch.py
[0.345s] -- Up-to-date: /home/assignments/assignment3/ws/install/plansys_interface/share/plansys_interface/launch/distributed_actions_2.launch.py
[0.345s] -- Up-to-date: /home/assignments/assignment3/ws/install/plansys_interface/share/plansys_interface/launch/distributed_actions_3.launch.py
[0.345s] -- Up-to-date: /home/assignments/assignment3/ws/install/plansys_interface/share/plansys_interface/launch/distributed_ex.launch.py
[0.346s] -- Up-to-date: /home/assignments/assignment3/ws/install/plansys_interface/share/plansys_interface/launch/distributed_actions.launch.py
[0.346s] -- Up-to-date: /home/assignments/assignment3/ws/install/plansys_interface/lib/plansys_interface/get_plan
[0.348s] -- Up-to-date: /home/assignments/assignment3/ws/install/plansys_interface/lib/plansys_interface/get_plan_and_execute
[0.349s] -- Up-to-date: /home/assignments/assignment3/ws/install/plansys_interface/lib/plansys_interface/move_action_node
[0.350s] -- Up-to-date: /home/assignments/assignment3/ws/install/plansys_interface/lib/plansys_interface/ask_charge_action_node
[0.352s] -- Up-to-date: /home/assignments/assignment3/ws/install/plansys_interface/lib/plansys_interface/charge_action_node
[0.353s] -- Up-to-date: /home/assignments/assignment3/ws/install/plansys_interface/lib/plansys_interface/move_action_node_2
[0.355s] -- Up-to-date: /home/assignments/assignment3/ws/install/plansys_interface/lib/plansys_interface/move_action_node_3
[0.356s] -- Up-to-date: /home/assignments/assignment3/ws/install/plansys_interface/share/ament_index/resource_index/package_run_dependencies/plansys_interface
[0.356s] -- Up-to-date: /home/assignments/assignment3/ws/install/plansys_interface/share/ament_index/resource_index/parent_prefix_path/plansys_interface
[0.356s] -- Up-to-date: /home/assignments/assignment3/ws/install/plansys_interface/share/plansys_interface/environment/ament_prefix_path.sh
[0.357s] -- Up-to-date: /home/assignments/assignment3/ws/install/plansys_interface/share/plansys_interface/environment/ament_prefix_path.dsv
[0.357s] -- Up-to-date: /home/assignments/assignment3/ws/install/plansys_interface/share/plansys_interface/environment/path.sh
[0.357s] -- Up-to-date: /home/assignments/assignment3/ws/install/plansys_interface/share/plansys_interface/environment/path.dsv
[0.357s] -- Up-to-date: /home/assignments/assignment3/ws/install/plansys_interface/share/plansys_interface/local_setup.bash
[0.358s] -- Up-to-date: /home/assignments/assignment3/ws/install/plansys_interface/share/plansys_interface/local_setup.sh
[0.358s] -- Up-to-date: /home/assignments/assignment3/ws/install/plansys_interface/share/plansys_interface/local_setup.zsh
[0.358s] -- Up-to-date: /home/assignments/assignment3/ws/install/plansys_interface/share/plansys_interface/local_setup.dsv
[0.358s] -- Installing: /home/assignments/assignment3/ws/install/plansys_interface/share/plansys_interface/package.dsv
[0.358s] -- Up-to-date: /home/assignments/assignment3/ws/install/plansys_interface/share/ament_index/resource_index/packages/plansys_interface
[0.359s] -- Up-to-date: /home/assignments/assignment3/ws/install/plansys_interface/share/plansys_interface/cmake/plansys_interfaceConfig.cmake
[0.359s] -- Up-to-date: /home/assignments/assignment3/ws/install/plansys_interface/share/plansys_interface/cmake/plansys_interfaceConfig-version.cmake
[0.359s] -- Up-to-date: /home/assignments/assignment3/ws/install/plansys_interface/share/plansys_interface/package.xml
[0.362s] Invoked command in '/home/assignments/assignment3/ws/build/plansys_interface' returned '0': CMAKE_PREFIX_PATH=${CMAKE_PREFIX_PATH}:/opt/ros/jazzy /usr/bin/cmake --install /home/assignments/assignment3/ws/build/plansys_interface
