[0.028s] Invoking command in '/home/assignments/assignment3/ws/build/aruco_opencv': AMENT_PREFIX_PATH=/home/assignments/assignment3/ws/install/aruco_opencv_msgs:${AMENT_PREFIX_PATH} CMAKE_PREFIX_PATH=/home/assignments/assignment3/ws/install/aruco_opencv_msgs:/opt/ros/jazzy/opt/gz_launch_vendor:/opt/ros/jazzy/opt/gz_sim_vendor:/opt/ros/jazzy/opt/gz_sensors_vendor:/opt/ros/jazzy/opt/gz_physics_vendor:/opt/ros/jazzy/opt/sdformat_vendor:/opt/ros/jazzy/opt/gz_gui_vendor:/opt/ros/jazzy/opt/gz_transport_vendor:/opt/ros/jazzy/opt/gz_rendering_vendor:/opt/ros/jazzy/opt/gz_plugin_vendor:/opt/ros/jazzy/opt/gz_fuel_tools_vendor:/opt/ros/jazzy/opt/gz_msgs_vendor:/opt/ros/jazzy/opt/gz_common_vendor:/opt/ros/jazzy/opt/gz_math_vendor:/opt/ros/jazzy/opt/gz_utils_vendor:/opt/ros/jazzy/opt/gz_tools_vendor:/opt/ros/jazzy/opt/gz_ogre_next_vendor:/opt/ros/jazzy/opt/gz_dartsim_vendor:/opt/ros/jazzy/opt/gz_cmake_vendor:/opt/ros/jazzy LD_LIBRARY_PATH=/home/assignments/assignment3/ws/install/aruco_opencv_msgs/lib:${LD_LIBRARY_PATH} PYTHONPATH=/home/assignments/assignment3/ws/install/aruco_opencv_msgs/lib/python3.12/site-packages:${PYTHONPATH} /usr/bin/cmake --build /home/assignments/assignment3/ws/build/aruco_opencv -- -j16 -l16
[0.167s] [ 20%] Built target aruco_tracker
[0.172s] [ 40%] Built target aruco_tracker_autostart
[0.177s] [100%] Built target aruco_opencv
[0.202s] Invoked command in '/home/assignments/assignment3/ws/build/aruco_opencv' returned '0': AMENT_PREFIX_PATH=/home/assignments/assignment3/ws/install/aruco_opencv_msgs:${AMENT_PREFIX_PATH} CMAKE_PREFIX_PATH=/home/assignments/assignment3/ws/install/aruco_opencv_msgs:/opt/ros/jazzy/opt/gz_launch_vendor:/opt/ros/jazzy/opt/gz_sim_vendor:/opt/ros/jazzy/opt/gz_sensors_vendor:/opt/ros/jazzy/opt/gz_physics_vendor:/opt/ros/jazzy/opt/sdformat_vendor:/opt/ros/jazzy/opt/gz_gui_vendor:/opt/ros/jazzy/opt/gz_transport_vendor:/opt/ros/jazzy/opt/gz_rendering_vendor:/opt/ros/jazzy/opt/gz_plugin_vendor:/opt/ros/jazzy/opt/gz_fuel_tools_vendor:/opt/ros/jazzy/opt/gz_msgs_vendor:/opt/ros/jazzy/opt/gz_common_vendor:/opt/ros/jazzy/opt/gz_math_vendor:/opt/ros/jazzy/opt/gz_utils_vendor:/opt/ros/jazzy/opt/gz_tools_vendor:/opt/ros/jazzy/opt/gz_ogre_next_vendor:/opt/ros/jazzy/opt/gz_dartsim_vendor:/opt/ros/jazzy/opt/gz_cmake_vendor:/opt/ros/jazzy LD_LIBRARY_PATH=/home/assignments/assignment3/ws/install/aruco_opencv_msgs/lib:${LD_LIBRARY_PATH} PYTHONPATH=/home/assignments/assignment3/ws/install/aruco_opencv_msgs/lib/python3.12/site-packages:${PYTHONPATH} /usr/bin/cmake --build /home/assignments/assignment3/ws/build/aruco_opencv -- -j16 -l16
[0.205s] Invoking command in '/home/assignments/assignment3/ws/build/aruco_opencv': AMENT_PREFIX_PATH=/home/assignments/assignment3/ws/install/aruco_opencv_msgs:${AMENT_PREFIX_PATH} CMAKE_PREFIX_PATH=/home/assignments/assignment3/ws/install/aruco_opencv_msgs:/opt/ros/jazzy/opt/gz_launch_vendor:/opt/ros/jazzy/opt/gz_sim_vendor:/opt/ros/jazzy/opt/gz_sensors_vendor:/opt/ros/jazzy/opt/gz_physics_vendor:/opt/ros/jazzy/opt/sdformat_vendor:/opt/ros/jazzy/opt/gz_gui_vendor:/opt/ros/jazzy/opt/gz_transport_vendor:/opt/ros/jazzy/opt/gz_rendering_vendor:/opt/ros/jazzy/opt/gz_plugin_vendor:/opt/ros/jazzy/opt/gz_fuel_tools_vendor:/opt/ros/jazzy/opt/gz_msgs_vendor:/opt/ros/jazzy/opt/gz_common_vendor:/opt/ros/jazzy/opt/gz_math_vendor:/opt/ros/jazzy/opt/gz_utils_vendor:/opt/ros/jazzy/opt/gz_tools_vendor:/opt/ros/jazzy/opt/gz_ogre_next_vendor:/opt/ros/jazzy/opt/gz_dartsim_vendor:/opt/ros/jazzy/opt/gz_cmake_vendor:/opt/ros/jazzy LD_LIBRARY_PATH=/home/assignments/assignment3/ws/install/aruco_opencv_msgs/lib:${LD_LIBRARY_PATH} PYTHONPATH=/home/assignments/assignment3/ws/install/aruco_opencv_msgs/lib/python3.12/site-packages:${PYTHONPATH} /usr/bin/cmake --install /home/assignments/assignment3/ws/build/aruco_opencv
[0.228s] -- Install configuration: ""
[0.228s] -- Up-to-date: /home/assignments/assignment3/ws/install/aruco_opencv/lib/aruco_opencv/aruco_tracker
[0.229s] -- Up-to-date: /home/assignments/assignment3/ws/install/aruco_opencv/lib/aruco_opencv/aruco_tracker_autostart
[0.230s] -- Up-to-date: /home/assignments/assignment3/ws/install/aruco_opencv/lib/libaruco_opencv.so
[0.230s] -- Up-to-date: /home/assignments/assignment3/ws/install/aruco_opencv/share/aruco_opencv/config
[0.230s] -- Up-to-date: /home/assignments/assignment3/ws/install/aruco_opencv/share/aruco_opencv/config/board_descriptions.yaml
[0.231s] -- Up-to-date: /home/assignments/assignment3/ws/install/aruco_opencv/share/aruco_opencv/config/aruco_tracker.yaml
[0.231s] -- Up-to-date: /home/assignments/assignment3/ws/install/aruco_opencv/share/aruco_opencv/launch
[0.231s] -- Up-to-date: /home/assignments/assignment3/ws/install/aruco_opencv/share/aruco_opencv/launch/aruco_tracker.launch.xml
[0.231s] -- Up-to-date: /home/assignments/assignment3/ws/install/aruco_opencv/lib/aruco_opencv/create_board
[0.232s] -- Up-to-date: /home/assignments/assignment3/ws/install/aruco_opencv/lib/aruco_opencv/create_marker
[0.232s] -- Up-to-date: /home/assignments/assignment3/ws/install/aruco_opencv/share/ament_index/resource_index/package_run_dependencies/aruco_opencv
[0.232s] -- Up-to-date: /home/assignments/assignment3/ws/install/aruco_opencv/share/ament_index/resource_index/parent_prefix_path/aruco_opencv
[0.232s] -- Up-to-date: /home/assignments/assignment3/ws/install/aruco_opencv/share/aruco_opencv/environment/ament_prefix_path.sh
[0.233s] -- Up-to-date: /home/assignments/assignment3/ws/install/aruco_opencv/share/aruco_opencv/environment/ament_prefix_path.dsv
[0.233s] -- Up-to-date: /home/assignments/assignment3/ws/install/aruco_opencv/share/aruco_opencv/environment/path.sh
[0.233s] -- Up-to-date: /home/assignments/assignment3/ws/install/aruco_opencv/share/aruco_opencv/environment/path.dsv
[0.233s] -- Up-to-date: /home/assignments/assignment3/ws/install/aruco_opencv/share/aruco_opencv/local_setup.bash
[0.233s] -- Up-to-date: /home/assignments/assignment3/ws/install/aruco_opencv/share/aruco_opencv/local_setup.sh
[0.233s] -- Up-to-date: /home/assignments/assignment3/ws/install/aruco_opencv/share/aruco_opencv/local_setup.zsh
[0.234s] -- Up-to-date: /home/assignments/assignment3/ws/install/aruco_opencv/share/aruco_opencv/local_setup.dsv
[0.234s] -- Installing: /home/assignments/assignment3/ws/install/aruco_opencv/share/aruco_opencv/package.dsv
[0.234s] -- Up-to-date: /home/assignments/assignment3/ws/install/aruco_opencv/share/ament_index/resource_index/packages/aruco_opencv
[0.234s] -- Up-to-date: /home/assignments/assignment3/ws/install/aruco_opencv/share/ament_index/resource_index/rclcpp_components/aruco_opencv
[0.234s] -- Up-to-date: /home/assignments/assignment3/ws/install/aruco_opencv/share/aruco_opencv/cmake/aruco_opencvConfig.cmake
[0.235s] -- Up-to-date: /home/assignments/assignment3/ws/install/aruco_opencv/share/aruco_opencv/cmake/aruco_opencvConfig-version.cmake
[0.235s] -- Up-to-date: /home/assignments/assignment3/ws/install/aruco_opencv/share/aruco_opencv/package.xml
[0.237s] Invoked command in '/home/assignments/assignment3/ws/build/aruco_opencv' returned '0': AMENT_PREFIX_PATH=/home/assignments/assignment3/ws/install/aruco_opencv_msgs:${AMENT_PREFIX_PATH} CMAKE_PREFIX_PATH=/home/assignments/assignment3/ws/install/aruco_opencv_msgs:/opt/ros/jazzy/opt/gz_launch_vendor:/opt/ros/jazzy/opt/gz_sim_vendor:/opt/ros/jazzy/opt/gz_sensors_vendor:/opt/ros/jazzy/opt/gz_physics_vendor:/opt/ros/jazzy/opt/sdformat_vendor:/opt/ros/jazzy/opt/gz_gui_vendor:/opt/ros/jazzy/opt/gz_transport_vendor:/opt/ros/jazzy/opt/gz_rendering_vendor:/opt/ros/jazzy/opt/gz_plugin_vendor:/opt/ros/jazzy/opt/gz_fuel_tools_vendor:/opt/ros/jazzy/opt/gz_msgs_vendor:/opt/ros/jazzy/opt/gz_common_vendor:/opt/ros/jazzy/opt/gz_math_vendor:/opt/ros/jazzy/opt/gz_utils_vendor:/opt/ros/jazzy/opt/gz_tools_vendor:/opt/ros/jazzy/opt/gz_ogre_next_vendor:/opt/ros/jazzy/opt/gz_dartsim_vendor:/opt/ros/jazzy/opt/gz_cmake_vendor:/opt/ros/jazzy LD_LIBRARY_PATH=/home/assignments/assignment3/ws/install/aruco_opencv_msgs/lib:${LD_LIBRARY_PATH} PYTHONPATH=/home/assignments/assignment3/ws/install/aruco_opencv_msgs/lib/python3.12/site-packages:${PYTHONPATH} /usr/bin/cmake --install /home/assignments/assignment3/ws/build/aruco_opencv
