[0.170s] DEBUG:colcon:Command line arguments: ['/usr/bin/colcon', 'build']
[0.170s] DEBUG:colcon:Parsed command line arguments: Namespace(log_base=None, log_level=None, verb_name='build', build_base='build', install_base='install', merge_install=False, symlink_install=False, test_result_base=None, continue_on_error=False, executor='parallel', parallel_workers=16, event_handlers=None, ignore_user_meta=False, metas=['./colcon.meta'], base_paths=['.'], packages_ignore=None, packages_ignore_regex=None, paths=None, packages_up_to=None, packages_up_to_regex=None, packages_above=None, packages_above_and_dependencies=None, packages_above_depth=None, packages_select_by_dep=None, packages_skip_by_dep=None, packages_skip_up_to=None, packages_select_build_failed=False, packages_skip_build_finished=False, packages_select_test_failures=False, packages_skip_test_passed=False, packages_select=None, packages_skip=None, packages_select_regex=None, packages_skip_regex=None, packages_start=None, packages_end=None, cmake_args=None, cmake_target=None, cmake_target_skip_unavailable=False, cmake_clean_cache=False, cmake_clean_first=False, cmake_force_configure=False, ament_cmake_args=None, catkin_cmake_args=None, catkin_skip_building_tests=False, mixin_files=None, mixin=None, verb_parser=<colcon_mixin.mixin.mixin_argument.MixinArgumentDecorator object at 0x7e8583daa330>, verb_extension=<colcon_core.verb.build.BuildVerb object at 0x7e8583da9fd0>, main=<bound method BuildVerb.main of <colcon_core.verb.build.BuildVerb object at 0x7e8583da9fd0>>, mixin_verb=('build',))
[0.230s] Level 1:colcon.colcon_core.package_discovery:discover_packages(colcon_meta) check parameters
[0.231s] INFO:colcon.colcon_metadata.package_discovery.colcon_meta:Using configuration from '/root/.colcon/metadata/default/Gazebo.meta'
[0.232s] INFO:colcon.colcon_metadata.package_discovery.colcon_meta:Using configuration from '/root/.colcon/metadata/default/fastdds.meta'
[0.232s] INFO:colcon.colcon_metadata.package_discovery.colcon_meta:Using configuration from '/root/.colcon/metadata/default/fastrtps.meta'
[0.232s] Level 1:colcon.colcon_core.package_discovery:discover_packages(recursive) check parameters
[0.232s] Level 1:colcon.colcon_core.package_discovery:discover_packages(ignore) check parameters
[0.232s] Level 1:colcon.colcon_core.package_discovery:discover_packages(path) check parameters
[0.232s] Level 1:colcon.colcon_core.package_discovery:discover_packages(colcon_meta) discover
[0.232s] Level 1:colcon.colcon_core.package_discovery:discover_packages(recursive) discover
[0.232s] INFO:colcon.colcon_core.package_discovery:Crawling recursively for packages in '/home/assignments/assignment3/ws'
[0.233s] Level 1:colcon.colcon_core.package_identification:_identify(.) by extensions ['ignore', 'ignore_ament_install']
[0.233s] Level 1:colcon.colcon_core.package_identification:_identify(.) by extension 'ignore'
[0.233s] Level 1:colcon.colcon_core.package_identification:_identify(.) by extension 'ignore_ament_install'
[0.233s] Level 1:colcon.colcon_core.package_identification:_identify(.) by extensions ['colcon_pkg']
[0.233s] Level 1:colcon.colcon_core.package_identification:_identify(.) by extension 'colcon_pkg'
[0.233s] Level 1:colcon.colcon_core.package_identification:_identify(.) by extensions ['colcon_meta']
[0.233s] Level 1:colcon.colcon_core.package_identification:_identify(.) by extension 'colcon_meta'
[0.233s] Level 1:colcon.colcon_core.package_identification:_identify(.) by extensions ['ros']
[0.233s] Level 1:colcon.colcon_core.package_identification:_identify(.) by extension 'ros'
[0.273s] Level 1:colcon.colcon_core.package_identification:_identify(.) by extensions ['cmake', 'python']
[0.273s] Level 1:colcon.colcon_core.package_identification:_identify(.) by extension 'cmake'
[0.274s] Level 1:colcon.colcon_core.package_identification:_identify(.) by extension 'python'
[0.274s] Level 1:colcon.colcon_core.package_identification:_identify(.) by extensions ['python_setup_py']
[0.274s] Level 1:colcon.colcon_core.package_identification:_identify(.) by extension 'python_setup_py'
[0.274s] Level 1:colcon.colcon_core.package_identification:_identify(build) by extensions ['ignore', 'ignore_ament_install']
[0.274s] Level 1:colcon.colcon_core.package_identification:_identify(build) by extension 'ignore'
[0.274s] Level 1:colcon.colcon_core.package_identification:_identify(build) ignored
[0.274s] Level 1:colcon.colcon_core.package_identification:_identify(install) by extensions ['ignore', 'ignore_ament_install']
[0.274s] Level 1:colcon.colcon_core.package_identification:_identify(install) by extension 'ignore'
[0.274s] Level 1:colcon.colcon_core.package_identification:_identify(install) ignored
[0.274s] Level 1:colcon.colcon_core.package_identification:_identify(log) by extensions ['ignore', 'ignore_ament_install']
[0.275s] Level 1:colcon.colcon_core.package_identification:_identify(log) by extension 'ignore'
[0.275s] Level 1:colcon.colcon_core.package_identification:_identify(log) ignored
[0.275s] Level 1:colcon.colcon_core.package_identification:_identify(src) by extensions ['ignore', 'ignore_ament_install']
[0.275s] Level 1:colcon.colcon_core.package_identification:_identify(src) by extension 'ignore'
[0.275s] Level 1:colcon.colcon_core.package_identification:_identify(src) by extension 'ignore_ament_install'
[0.275s] Level 1:colcon.colcon_core.package_identification:_identify(src) by extensions ['colcon_pkg']
[0.275s] Level 1:colcon.colcon_core.package_identification:_identify(src) by extension 'colcon_pkg'
[0.275s] Level 1:colcon.colcon_core.package_identification:_identify(src) by extensions ['colcon_meta']
[0.275s] Level 1:colcon.colcon_core.package_identification:_identify(src) by extension 'colcon_meta'
[0.275s] Level 1:colcon.colcon_core.package_identification:_identify(src) by extensions ['ros']
[0.275s] Level 1:colcon.colcon_core.package_identification:_identify(src) by extension 'ros'
[0.275s] Level 1:colcon.colcon_core.package_identification:_identify(src) by extensions ['cmake', 'python']
[0.275s] Level 1:colcon.colcon_core.package_identification:_identify(src) by extension 'cmake'
[0.275s] Level 1:colcon.colcon_core.package_identification:_identify(src) by extension 'python'
[0.275s] Level 1:colcon.colcon_core.package_identification:_identify(src) by extensions ['python_setup_py']
[0.275s] Level 1:colcon.colcon_core.package_identification:_identify(src) by extension 'python_setup_py'
[0.276s] Level 1:colcon.colcon_core.package_identification:_identify(src/erl1) by extensions ['ignore', 'ignore_ament_install']
[0.276s] Level 1:colcon.colcon_core.package_identification:_identify(src/erl1) by extension 'ignore'
[0.276s] Level 1:colcon.colcon_core.package_identification:_identify(src/erl1) by extension 'ignore_ament_install'
[0.276s] Level 1:colcon.colcon_core.package_identification:_identify(src/erl1) by extensions ['colcon_pkg']
[0.276s] Level 1:colcon.colcon_core.package_identification:_identify(src/erl1) by extension 'colcon_pkg'
[0.276s] Level 1:colcon.colcon_core.package_identification:_identify(src/erl1) by extensions ['colcon_meta']
[0.276s] Level 1:colcon.colcon_core.package_identification:_identify(src/erl1) by extension 'colcon_meta'
[0.276s] Level 1:colcon.colcon_core.package_identification:_identify(src/erl1) by extensions ['ros']
[0.276s] Level 1:colcon.colcon_core.package_identification:_identify(src/erl1) by extension 'ros'
[0.279s] DEBUG:colcon.colcon_core.package_identification:Package 'src/erl1' with type 'ros.ament_cmake' and name 'erl1'
[0.279s] Level 1:colcon.colcon_core.package_identification:_identify(src/erl1_sensors) by extensions ['ignore', 'ignore_ament_install']
[0.279s] Level 1:colcon.colcon_core.package_identification:_identify(src/erl1_sensors) by extension 'ignore'
[0.279s] Level 1:colcon.colcon_core.package_identification:_identify(src/erl1_sensors) by extension 'ignore_ament_install'
[0.279s] Level 1:colcon.colcon_core.package_identification:_identify(src/erl1_sensors) by extensions ['colcon_pkg']
[0.279s] Level 1:colcon.colcon_core.package_identification:_identify(src/erl1_sensors) by extension 'colcon_pkg'
[0.280s] Level 1:colcon.colcon_core.package_identification:_identify(src/erl1_sensors) by extensions ['colcon_meta']
[0.280s] Level 1:colcon.colcon_core.package_identification:_identify(src/erl1_sensors) by extension 'colcon_meta'
[0.280s] Level 1:colcon.colcon_core.package_identification:_identify(src/erl1_sensors) by extensions ['ros']
[0.280s] Level 1:colcon.colcon_core.package_identification:_identify(src/erl1_sensors) by extension 'ros'
[0.280s] Level 1:colcon.colcon_core.package_identification:_identify(src/erl1_sensors) by extensions ['cmake', 'python']
[0.280s] Level 1:colcon.colcon_core.package_identification:_identify(src/erl1_sensors) by extension 'cmake'
[0.280s] Level 1:colcon.colcon_core.package_identification:_identify(src/erl1_sensors) by extension 'python'
[0.280s] Level 1:colcon.colcon_core.package_identification:_identify(src/erl1_sensors) by extensions ['python_setup_py']
[0.280s] Level 1:colcon.colcon_core.package_identification:_identify(src/erl1_sensors) by extension 'python_setup_py'
[0.280s] Level 1:colcon.colcon_core.package_identification:_identify(src/erl1_sensors/bme_gazebo_sensors) by extensions ['ignore', 'ignore_ament_install']
[0.280s] Level 1:colcon.colcon_core.package_identification:_identify(src/erl1_sensors/bme_gazebo_sensors) by extension 'ignore'
[0.280s] Level 1:colcon.colcon_core.package_identification:_identify(src/erl1_sensors/bme_gazebo_sensors) by extension 'ignore_ament_install'
[0.280s] Level 1:colcon.colcon_core.package_identification:_identify(src/erl1_sensors/bme_gazebo_sensors) by extensions ['colcon_pkg']
[0.280s] Level 1:colcon.colcon_core.package_identification:_identify(src/erl1_sensors/bme_gazebo_sensors) by extension 'colcon_pkg'
[0.280s] Level 1:colcon.colcon_core.package_identification:_identify(src/erl1_sensors/bme_gazebo_sensors) by extensions ['colcon_meta']
[0.280s] Level 1:colcon.colcon_core.package_identification:_identify(src/erl1_sensors/bme_gazebo_sensors) by extension 'colcon_meta'
[0.281s] Level 1:colcon.colcon_core.package_identification:_identify(src/erl1_sensors/bme_gazebo_sensors) by extensions ['ros']
[0.281s] Level 1:colcon.colcon_core.package_identification:_identify(src/erl1_sensors/bme_gazebo_sensors) by extension 'ros'
[0.281s] DEBUG:colcon.colcon_core.package_identification:Package 'src/erl1_sensors/bme_gazebo_sensors' with type 'ros.ament_cmake' and name 'bme_gazebo_sensors'
[0.281s] Level 1:colcon.colcon_core.package_identification:_identify(src/plansys_interface) by extensions ['ignore', 'ignore_ament_install']
[0.281s] Level 1:colcon.colcon_core.package_identification:_identify(src/plansys_interface) by extension 'ignore'
[0.281s] Level 1:colcon.colcon_core.package_identification:_identify(src/plansys_interface) by extension 'ignore_ament_install'
[0.281s] Level 1:colcon.colcon_core.package_identification:_identify(src/plansys_interface) by extensions ['colcon_pkg']
[0.282s] Level 1:colcon.colcon_core.package_identification:_identify(src/plansys_interface) by extension 'colcon_pkg'
[0.282s] Level 1:colcon.colcon_core.package_identification:_identify(src/plansys_interface) by extensions ['colcon_meta']
[0.282s] Level 1:colcon.colcon_core.package_identification:_identify(src/plansys_interface) by extension 'colcon_meta'
[0.282s] Level 1:colcon.colcon_core.package_identification:_identify(src/plansys_interface) by extensions ['ros']
[0.282s] Level 1:colcon.colcon_core.package_identification:_identify(src/plansys_interface) by extension 'ros'
[0.282s] DEBUG:colcon.colcon_core.package_identification:Package 'src/plansys_interface' with type 'ros.ament_cmake' and name 'plansys_interface'
[0.282s] Level 1:colcon.colcon_core.package_identification:_identify(src/ros_aruco_opencv) by extensions ['ignore', 'ignore_ament_install']
[0.282s] Level 1:colcon.colcon_core.package_identification:_identify(src/ros_aruco_opencv) by extension 'ignore'
[0.282s] Level 1:colcon.colcon_core.package_identification:_identify(src/ros_aruco_opencv) by extension 'ignore_ament_install'
[0.283s] Level 1:colcon.colcon_core.package_identification:_identify(src/ros_aruco_opencv) by extensions ['colcon_pkg']
[0.283s] Level 1:colcon.colcon_core.package_identification:_identify(src/ros_aruco_opencv) by extension 'colcon_pkg'
[0.283s] Level 1:colcon.colcon_core.package_identification:_identify(src/ros_aruco_opencv) by extensions ['colcon_meta']
[0.283s] Level 1:colcon.colcon_core.package_identification:_identify(src/ros_aruco_opencv) by extension 'colcon_meta'
[0.283s] Level 1:colcon.colcon_core.package_identification:_identify(src/ros_aruco_opencv) by extensions ['ros']
[0.283s] Level 1:colcon.colcon_core.package_identification:_identify(src/ros_aruco_opencv) by extension 'ros'
[0.283s] Level 1:colcon.colcon_core.package_identification:_identify(src/ros_aruco_opencv) by extensions ['cmake', 'python']
[0.283s] Level 1:colcon.colcon_core.package_identification:_identify(src/ros_aruco_opencv) by extension 'cmake'
[0.283s] Level 1:colcon.colcon_core.package_identification:_identify(src/ros_aruco_opencv) by extension 'python'
[0.283s] Level 1:colcon.colcon_core.package_identification:_identify(src/ros_aruco_opencv) by extensions ['python_setup_py']
[0.283s] Level 1:colcon.colcon_core.package_identification:_identify(src/ros_aruco_opencv) by extension 'python_setup_py'
[0.283s] Level 1:colcon.colcon_core.package_identification:_identify(src/ros_aruco_opencv/aruco_opencv) by extensions ['ignore', 'ignore_ament_install']
[0.283s] Level 1:colcon.colcon_core.package_identification:_identify(src/ros_aruco_opencv/aruco_opencv) by extension 'ignore'
[0.283s] Level 1:colcon.colcon_core.package_identification:_identify(src/ros_aruco_opencv/aruco_opencv) by extension 'ignore_ament_install'
[0.283s] Level 1:colcon.colcon_core.package_identification:_identify(src/ros_aruco_opencv/aruco_opencv) by extensions ['colcon_pkg']
[0.283s] Level 1:colcon.colcon_core.package_identification:_identify(src/ros_aruco_opencv/aruco_opencv) by extension 'colcon_pkg'
[0.283s] Level 1:colcon.colcon_core.package_identification:_identify(src/ros_aruco_opencv/aruco_opencv) by extensions ['colcon_meta']
[0.284s] Level 1:colcon.colcon_core.package_identification:_identify(src/ros_aruco_opencv/aruco_opencv) by extension 'colcon_meta'
[0.284s] Level 1:colcon.colcon_core.package_identification:_identify(src/ros_aruco_opencv/aruco_opencv) by extensions ['ros']
[0.284s] Level 1:colcon.colcon_core.package_identification:_identify(src/ros_aruco_opencv/aruco_opencv) by extension 'ros'
[0.285s] DEBUG:colcon.colcon_core.package_identification:Package 'src/ros_aruco_opencv/aruco_opencv' with type 'ros.ament_cmake' and name 'aruco_opencv'
[0.285s] Level 1:colcon.colcon_core.package_identification:_identify(src/ros_aruco_opencv/aruco_opencv_msgs) by extensions ['ignore', 'ignore_ament_install']
[0.285s] Level 1:colcon.colcon_core.package_identification:_identify(src/ros_aruco_opencv/aruco_opencv_msgs) by extension 'ignore'
[0.285s] Level 1:colcon.colcon_core.package_identification:_identify(src/ros_aruco_opencv/aruco_opencv_msgs) by extension 'ignore_ament_install'
[0.285s] Level 1:colcon.colcon_core.package_identification:_identify(src/ros_aruco_opencv/aruco_opencv_msgs) by extensions ['colcon_pkg']
[0.285s] Level 1:colcon.colcon_core.package_identification:_identify(src/ros_aruco_opencv/aruco_opencv_msgs) by extension 'colcon_pkg'
[0.285s] Level 1:colcon.colcon_core.package_identification:_identify(src/ros_aruco_opencv/aruco_opencv_msgs) by extensions ['colcon_meta']
[0.285s] Level 1:colcon.colcon_core.package_identification:_identify(src/ros_aruco_opencv/aruco_opencv_msgs) by extension 'colcon_meta'
[0.285s] Level 1:colcon.colcon_core.package_identification:_identify(src/ros_aruco_opencv/aruco_opencv_msgs) by extensions ['ros']
[0.285s] Level 1:colcon.colcon_core.package_identification:_identify(src/ros_aruco_opencv/aruco_opencv_msgs) by extension 'ros'
[0.286s] DEBUG:colcon.colcon_core.package_identification:Package 'src/ros_aruco_opencv/aruco_opencv_msgs' with type 'ros.ament_cmake' and name 'aruco_opencv_msgs'
[0.286s] Level 1:colcon.colcon_core.package_discovery:discover_packages(recursive) using defaults
[0.286s] Level 1:colcon.colcon_core.package_discovery:discover_packages(ignore) discover
[0.286s] Level 1:colcon.colcon_core.package_discovery:discover_packages(ignore) using defaults
[0.286s] Level 1:colcon.colcon_core.package_discovery:discover_packages(path) discover
[0.286s] Level 1:colcon.colcon_core.package_discovery:discover_packages(path) using defaults
[0.314s] Level 5:colcon.colcon_core.verb:set package 'aruco_opencv_msgs' build argument 'cmake_args' from command line to 'None'
[0.314s] Level 5:colcon.colcon_core.verb:set package 'aruco_opencv_msgs' build argument 'cmake_target' from command line to 'None'
[0.314s] Level 5:colcon.colcon_core.verb:set package 'aruco_opencv_msgs' build argument 'cmake_target_skip_unavailable' from command line to 'False'
[0.314s] Level 5:colcon.colcon_core.verb:set package 'aruco_opencv_msgs' build argument 'cmake_clean_cache' from command line to 'False'
[0.314s] Level 5:colcon.colcon_core.verb:set package 'aruco_opencv_msgs' build argument 'cmake_clean_first' from command line to 'False'
[0.314s] Level 5:colcon.colcon_core.verb:set package 'aruco_opencv_msgs' build argument 'cmake_force_configure' from command line to 'False'
[0.314s] Level 5:colcon.colcon_core.verb:set package 'aruco_opencv_msgs' build argument 'ament_cmake_args' from command line to 'None'
[0.314s] Level 5:colcon.colcon_core.verb:set package 'aruco_opencv_msgs' build argument 'catkin_cmake_args' from command line to 'None'
[0.314s] Level 5:colcon.colcon_core.verb:set package 'aruco_opencv_msgs' build argument 'catkin_skip_building_tests' from command line to 'False'
[0.314s] DEBUG:colcon.colcon_core.verb:Building package 'aruco_opencv_msgs' with the following arguments: {'ament_cmake_args': None, 'build_base': '/home/assignments/assignment3/ws/build/aruco_opencv_msgs', 'catkin_cmake_args': None, 'catkin_skip_building_tests': False, 'cmake_args': None, 'cmake_clean_cache': False, 'cmake_clean_first': False, 'cmake_force_configure': False, 'cmake_target': None, 'cmake_target_skip_unavailable': False, 'install_base': '/home/assignments/assignment3/ws/install/aruco_opencv_msgs', 'merge_install': False, 'path': '/home/assignments/assignment3/ws/src/ros_aruco_opencv/aruco_opencv_msgs', 'symlink_install': False, 'test_result_base': None}
[0.314s] Level 5:colcon.colcon_core.verb:set package 'bme_gazebo_sensors' build argument 'cmake_args' from command line to 'None'
[0.314s] Level 5:colcon.colcon_core.verb:set package 'bme_gazebo_sensors' build argument 'cmake_target' from command line to 'None'
[0.314s] Level 5:colcon.colcon_core.verb:set package 'bme_gazebo_sensors' build argument 'cmake_target_skip_unavailable' from command line to 'False'
[0.314s] Level 5:colcon.colcon_core.verb:set package 'bme_gazebo_sensors' build argument 'cmake_clean_cache' from command line to 'False'
[0.315s] Level 5:colcon.colcon_core.verb:set package 'bme_gazebo_sensors' build argument 'cmake_clean_first' from command line to 'False'
[0.315s] Level 5:colcon.colcon_core.verb:set package 'bme_gazebo_sensors' build argument 'cmake_force_configure' from command line to 'False'
[0.315s] Level 5:colcon.colcon_core.verb:set package 'bme_gazebo_sensors' build argument 'ament_cmake_args' from command line to 'None'
[0.315s] Level 5:colcon.colcon_core.verb:set package 'bme_gazebo_sensors' build argument 'catkin_cmake_args' from command line to 'None'
[0.315s] Level 5:colcon.colcon_core.verb:set package 'bme_gazebo_sensors' build argument 'catkin_skip_building_tests' from command line to 'False'
[0.315s] DEBUG:colcon.colcon_core.verb:Building package 'bme_gazebo_sensors' with the following arguments: {'ament_cmake_args': None, 'build_base': '/home/assignments/assignment3/ws/build/bme_gazebo_sensors', 'catkin_cmake_args': None, 'catkin_skip_building_tests': False, 'cmake_args': None, 'cmake_clean_cache': False, 'cmake_clean_first': False, 'cmake_force_configure': False, 'cmake_target': None, 'cmake_target_skip_unavailable': False, 'install_base': '/home/assignments/assignment3/ws/install/bme_gazebo_sensors', 'merge_install': False, 'path': '/home/assignments/assignment3/ws/src/erl1_sensors/bme_gazebo_sensors', 'symlink_install': False, 'test_result_base': None}
[0.315s] Level 5:colcon.colcon_core.verb:set package 'erl1' build argument 'cmake_args' from command line to 'None'
[0.315s] Level 5:colcon.colcon_core.verb:set package 'erl1' build argument 'cmake_target' from command line to 'None'
[0.315s] Level 5:colcon.colcon_core.verb:set package 'erl1' build argument 'cmake_target_skip_unavailable' from command line to 'False'
[0.315s] Level 5:colcon.colcon_core.verb:set package 'erl1' build argument 'cmake_clean_cache' from command line to 'False'
[0.315s] Level 5:colcon.colcon_core.verb:set package 'erl1' build argument 'cmake_clean_first' from command line to 'False'
[0.315s] Level 5:colcon.colcon_core.verb:set package 'erl1' build argument 'cmake_force_configure' from command line to 'False'
[0.315s] Level 5:colcon.colcon_core.verb:set package 'erl1' build argument 'ament_cmake_args' from command line to 'None'
[0.315s] Level 5:colcon.colcon_core.verb:set package 'erl1' build argument 'catkin_cmake_args' from command line to 'None'
[0.315s] Level 5:colcon.colcon_core.verb:set package 'erl1' build argument 'catkin_skip_building_tests' from command line to 'False'
[0.315s] DEBUG:colcon.colcon_core.verb:Building package 'erl1' with the following arguments: {'ament_cmake_args': None, 'build_base': '/home/assignments/assignment3/ws/build/erl1', 'catkin_cmake_args': None, 'catkin_skip_building_tests': False, 'cmake_args': None, 'cmake_clean_cache': False, 'cmake_clean_first': False, 'cmake_force_configure': False, 'cmake_target': None, 'cmake_target_skip_unavailable': False, 'install_base': '/home/assignments/assignment3/ws/install/erl1', 'merge_install': False, 'path': '/home/assignments/assignment3/ws/src/erl1', 'symlink_install': False, 'test_result_base': None}
[0.316s] Level 5:colcon.colcon_core.verb:set package 'plansys_interface' build argument 'cmake_args' from command line to 'None'
[0.316s] Level 5:colcon.colcon_core.verb:set package 'plansys_interface' build argument 'cmake_target' from command line to 'None'
[0.316s] Level 5:colcon.colcon_core.verb:set package 'plansys_interface' build argument 'cmake_target_skip_unavailable' from command line to 'False'
[0.316s] Level 5:colcon.colcon_core.verb:set package 'plansys_interface' build argument 'cmake_clean_cache' from command line to 'False'
[0.316s] Level 5:colcon.colcon_core.verb:set package 'plansys_interface' build argument 'cmake_clean_first' from command line to 'False'
[0.316s] Level 5:colcon.colcon_core.verb:set package 'plansys_interface' build argument 'cmake_force_configure' from command line to 'False'
[0.316s] Level 5:colcon.colcon_core.verb:set package 'plansys_interface' build argument 'ament_cmake_args' from command line to 'None'
[0.316s] Level 5:colcon.colcon_core.verb:set package 'plansys_interface' build argument 'catkin_cmake_args' from command line to 'None'
[0.316s] Level 5:colcon.colcon_core.verb:set package 'plansys_interface' build argument 'catkin_skip_building_tests' from command line to 'False'
[0.316s] DEBUG:colcon.colcon_core.verb:Building package 'plansys_interface' with the following arguments: {'ament_cmake_args': None, 'build_base': '/home/assignments/assignment3/ws/build/plansys_interface', 'catkin_cmake_args': None, 'catkin_skip_building_tests': False, 'cmake_args': None, 'cmake_clean_cache': False, 'cmake_clean_first': False, 'cmake_force_configure': False, 'cmake_target': None, 'cmake_target_skip_unavailable': False, 'install_base': '/home/assignments/assignment3/ws/install/plansys_interface', 'merge_install': False, 'path': '/home/assignments/assignment3/ws/src/plansys_interface', 'symlink_install': False, 'test_result_base': None}
[0.316s] Level 5:colcon.colcon_core.verb:set package 'aruco_opencv' build argument 'cmake_args' from command line to 'None'
[0.316s] Level 5:colcon.colcon_core.verb:set package 'aruco_opencv' build argument 'cmake_target' from command line to 'None'
[0.317s] Level 5:colcon.colcon_core.verb:set package 'aruco_opencv' build argument 'cmake_target_skip_unavailable' from command line to 'False'
[0.317s] Level 5:colcon.colcon_core.verb:set package 'aruco_opencv' build argument 'cmake_clean_cache' from command line to 'False'
[0.317s] Level 5:colcon.colcon_core.verb:set package 'aruco_opencv' build argument 'cmake_clean_first' from command line to 'False'
[0.317s] Level 5:colcon.colcon_core.verb:set package 'aruco_opencv' build argument 'cmake_force_configure' from command line to 'False'
[0.317s] Level 5:colcon.colcon_core.verb:set package 'aruco_opencv' build argument 'ament_cmake_args' from command line to 'None'
[0.317s] Level 5:colcon.colcon_core.verb:set package 'aruco_opencv' build argument 'catkin_cmake_args' from command line to 'None'
[0.317s] Level 5:colcon.colcon_core.verb:set package 'aruco_opencv' build argument 'catkin_skip_building_tests' from command line to 'False'
[0.317s] DEBUG:colcon.colcon_core.verb:Building package 'aruco_opencv' with the following arguments: {'ament_cmake_args': None, 'build_base': '/home/assignments/assignment3/ws/build/aruco_opencv', 'catkin_cmake_args': None, 'catkin_skip_building_tests': False, 'cmake_args': None, 'cmake_clean_cache': False, 'cmake_clean_first': False, 'cmake_force_configure': False, 'cmake_target': None, 'cmake_target_skip_unavailable': False, 'install_base': '/home/assignments/assignment3/ws/install/aruco_opencv', 'merge_install': False, 'path': '/home/assignments/assignment3/ws/src/ros_aruco_opencv/aruco_opencv', 'symlink_install': False, 'test_result_base': None}
[0.317s] INFO:colcon.colcon_core.executor:Executing jobs using 'parallel' executor
[0.318s] DEBUG:colcon.colcon_parallel_executor.executor.parallel:run_until_complete
[0.318s] INFO:colcon.colcon_ros.task.ament_cmake.build:Building ROS package in '/home/assignments/assignment3/ws/src/ros_aruco_opencv/aruco_opencv_msgs' with build type 'ament_cmake'
[0.318s] INFO:colcon.colcon_cmake.task.cmake.build:Building CMake package in '/home/assignments/assignment3/ws/src/ros_aruco_opencv/aruco_opencv_msgs'
[0.323s] INFO:colcon.colcon_core.plugin_system:Skipping extension 'colcon_core.shell.bat': Not used on non-Windows systems
[0.323s] INFO:colcon.colcon_core.shell:Skip shell extension 'powershell' for command environment: Not usable outside of PowerShell
[0.323s] DEBUG:colcon.colcon_core.shell:Skip shell extension 'dsv' for command environment
[0.330s] INFO:colcon.colcon_ros.task.ament_cmake.build:Building ROS package in '/home/assignments/assignment3/ws/src/erl1_sensors/bme_gazebo_sensors' with build type 'ament_cmake'
[0.331s] INFO:colcon.colcon_cmake.task.cmake.build:Building CMake package in '/home/assignments/assignment3/ws/src/erl1_sensors/bme_gazebo_sensors'
[0.331s] INFO:colcon.colcon_core.shell:Skip shell extension 'powershell' for command environment: Not usable outside of PowerShell
[0.331s] DEBUG:colcon.colcon_core.shell:Skip shell extension 'dsv' for command environment
[0.338s] INFO:colcon.colcon_ros.task.ament_cmake.build:Building ROS package in '/home/assignments/assignment3/ws/src/erl1' with build type 'ament_cmake'
[0.338s] INFO:colcon.colcon_cmake.task.cmake.build:Building CMake package in '/home/assignments/assignment3/ws/src/erl1'
[0.339s] INFO:colcon.colcon_core.shell:Skip shell extension 'powershell' for command environment: Not usable outside of PowerShell
[0.339s] DEBUG:colcon.colcon_core.shell:Skip shell extension 'dsv' for command environment
[0.346s] INFO:colcon.colcon_ros.task.ament_cmake.build:Building ROS package in '/home/assignments/assignment3/ws/src/plansys_interface' with build type 'ament_cmake'
[0.347s] INFO:colcon.colcon_cmake.task.cmake.build:Building CMake package in '/home/assignments/assignment3/ws/src/plansys_interface'
[0.347s] INFO:colcon.colcon_core.shell:Skip shell extension 'powershell' for command environment: Not usable outside of PowerShell
[0.347s] DEBUG:colcon.colcon_core.shell:Skip shell extension 'dsv' for command environment
[0.361s] DEBUG:colcon.colcon_core.event_handler.log_command:Invoking command in '/home/assignments/assignment3/ws/build/aruco_opencv_msgs': CMAKE_PREFIX_PATH=${CMAKE_PREFIX_PATH}:/opt/ros/jazzy /usr/bin/cmake --build /home/assignments/assignment3/ws/build/aruco_opencv_msgs -- -j16 -l16
[0.365s] DEBUG:colcon.colcon_core.event_handler.log_command:Invoking command in '/home/assignments/assignment3/ws/build/bme_gazebo_sensors': CMAKE_PREFIX_PATH=${CMAKE_PREFIX_PATH}:/opt/ros/jazzy /usr/bin/cmake --build /home/assignments/assignment3/ws/build/bme_gazebo_sensors -- -j16 -l16
[0.372s] DEBUG:colcon.colcon_core.event_handler.log_command:Invoking command in '/home/assignments/assignment3/ws/build/erl1': CMAKE_PREFIX_PATH=${CMAKE_PREFIX_PATH}:/opt/ros/jazzy /usr/bin/cmake --build /home/assignments/assignment3/ws/build/erl1 -- -j16 -l16
[0.381s] DEBUG:colcon.colcon_core.event_handler.log_command:Invoking command in '/home/assignments/assignment3/ws/build/plansys_interface': CMAKE_PREFIX_PATH=${CMAKE_PREFIX_PATH}:/opt/ros/jazzy /usr/bin/cmake /home/assignments/assignment3/ws/src/plansys_interface -DCMAKE_INSTALL_PREFIX=/home/assignments/assignment3/ws/install/plansys_interface
[0.460s] DEBUG:colcon.colcon_core.event_handler.log_command:Invoked command in '/home/assignments/assignment3/ws/build/bme_gazebo_sensors' returned '0': CMAKE_PREFIX_PATH=${CMAKE_PREFIX_PATH}:/opt/ros/jazzy /usr/bin/cmake --build /home/assignments/assignment3/ws/build/bme_gazebo_sensors -- -j16 -l16
[0.485s] DEBUG:colcon.colcon_core.event_handler.log_command:Invoking command in '/home/assignments/assignment3/ws/build/bme_gazebo_sensors': CMAKE_PREFIX_PATH=${CMAKE_PREFIX_PATH}:/opt/ros/jazzy /usr/bin/cmake --install /home/assignments/assignment3/ws/build/bme_gazebo_sensors
[0.486s] DEBUG:colcon.colcon_core.event_handler.log_command:Invoked command in '/home/assignments/assignment3/ws/build/erl1' returned '0': CMAKE_PREFIX_PATH=${CMAKE_PREFIX_PATH}:/opt/ros/jazzy /usr/bin/cmake --build /home/assignments/assignment3/ws/build/erl1 -- -j16 -l16
[0.487s] DEBUG:colcon.colcon_core.event_handler.log_command:Invoking command in '/home/assignments/assignment3/ws/build/erl1': CMAKE_PREFIX_PATH=${CMAKE_PREFIX_PATH}:/opt/ros/jazzy /usr/bin/cmake --install /home/assignments/assignment3/ws/build/erl1
[0.515s] Level 1:colcon.colcon_core.environment:create_environment_scripts_only(bme_gazebo_sensors)
[0.519s] DEBUG:colcon.colcon_core.event_handler.log_command:Invoked command in '/home/assignments/assignment3/ws/build/bme_gazebo_sensors' returned '0': CMAKE_PREFIX_PATH=${CMAKE_PREFIX_PATH}:/opt/ros/jazzy /usr/bin/cmake --install /home/assignments/assignment3/ws/build/bme_gazebo_sensors
[0.522s] Level 1:colcon.colcon_core.environment:checking '/home/assignments/assignment3/ws/install/bme_gazebo_sensors' for CMake module files
[0.523s] Level 1:colcon.colcon_core.environment:checking '/home/assignments/assignment3/ws/install/bme_gazebo_sensors' for CMake config files
[0.524s] Level 1:colcon.colcon_core.shell:create_environment_hook('bme_gazebo_sensors', 'cmake_prefix_path')
[0.524s] INFO:colcon.colcon_core.shell:Creating environment hook '/home/assignments/assignment3/ws/install/bme_gazebo_sensors/share/bme_gazebo_sensors/hook/cmake_prefix_path.ps1'
[0.525s] INFO:colcon.colcon_core.shell:Creating environment descriptor '/home/assignments/assignment3/ws/install/bme_gazebo_sensors/share/bme_gazebo_sensors/hook/cmake_prefix_path.dsv'
[0.525s] INFO:colcon.colcon_core.shell:Creating environment hook '/home/assignments/assignment3/ws/install/bme_gazebo_sensors/share/bme_gazebo_sensors/hook/cmake_prefix_path.sh'
[0.527s] Level 1:colcon.colcon_core.environment:checking '/home/assignments/assignment3/ws/install/bme_gazebo_sensors/bin'
[0.527s] Level 1:colcon.colcon_core.environment:checking '/home/assignments/assignment3/ws/install/bme_gazebo_sensors/lib/pkgconfig/bme_gazebo_sensors.pc'
[0.530s] Level 1:colcon.colcon_core.environment:checking '/home/assignments/assignment3/ws/install/bme_gazebo_sensors/lib/python3.12/site-packages'
[0.530s] Level 1:colcon.colcon_core.environment:checking '/home/assignments/assignment3/ws/install/bme_gazebo_sensors/bin'
[0.531s] INFO:colcon.colcon_core.shell:Creating package script '/home/assignments/assignment3/ws/install/bme_gazebo_sensors/share/bme_gazebo_sensors/package.ps1'
[0.532s] INFO:colcon.colcon_core.shell:Creating package descriptor '/home/assignments/assignment3/ws/install/bme_gazebo_sensors/share/bme_gazebo_sensors/package.dsv'
[0.532s] INFO:colcon.colcon_core.shell:Creating package script '/home/assignments/assignment3/ws/install/bme_gazebo_sensors/share/bme_gazebo_sensors/package.sh'
[0.534s] INFO:colcon.colcon_core.shell:Creating package script '/home/assignments/assignment3/ws/install/bme_gazebo_sensors/share/bme_gazebo_sensors/package.bash'
[0.536s] INFO:colcon.colcon_core.shell:Creating package script '/home/assignments/assignment3/ws/install/bme_gazebo_sensors/share/bme_gazebo_sensors/package.zsh'
[0.538s] Level 1:colcon.colcon_core.environment:create_file_with_runtime_dependencies(/home/assignments/assignment3/ws/install/bme_gazebo_sensors/share/colcon-core/packages/bme_gazebo_sensors)
[0.539s] Level 1:colcon.colcon_core.environment:create_environment_scripts_only(bme_gazebo_sensors)
[0.539s] Level 1:colcon.colcon_core.environment:checking '/home/assignments/assignment3/ws/install/bme_gazebo_sensors' for CMake module files
[0.540s] Level 1:colcon.colcon_core.environment:checking '/home/assignments/assignment3/ws/install/bme_gazebo_sensors' for CMake config files
[0.540s] Level 1:colcon.colcon_core.shell:create_environment_hook('bme_gazebo_sensors', 'cmake_prefix_path')
[0.541s] INFO:colcon.colcon_core.shell:Creating environment hook '/home/assignments/assignment3/ws/install/bme_gazebo_sensors/share/bme_gazebo_sensors/hook/cmake_prefix_path.ps1'
[0.542s] INFO:colcon.colcon_core.shell:Creating environment descriptor '/home/assignments/assignment3/ws/install/bme_gazebo_sensors/share/bme_gazebo_sensors/hook/cmake_prefix_path.dsv'
[0.542s] INFO:colcon.colcon_core.shell:Creating environment hook '/home/assignments/assignment3/ws/install/bme_gazebo_sensors/share/bme_gazebo_sensors/hook/cmake_prefix_path.sh'
[0.543s] Level 1:colcon.colcon_core.environment:checking '/home/assignments/assignment3/ws/install/bme_gazebo_sensors/bin'
[0.543s] Level 1:colcon.colcon_core.environment:checking '/home/assignments/assignment3/ws/install/bme_gazebo_sensors/lib/pkgconfig/bme_gazebo_sensors.pc'
[0.544s] Level 1:colcon.colcon_core.environment:checking '/home/assignments/assignment3/ws/install/bme_gazebo_sensors/lib/python3.12/site-packages'
[0.544s] Level 1:colcon.colcon_core.environment:checking '/home/assignments/assignment3/ws/install/bme_gazebo_sensors/bin'
[0.544s] INFO:colcon.colcon_core.shell:Creating package script '/home/assignments/assignment3/ws/install/bme_gazebo_sensors/share/bme_gazebo_sensors/package.ps1'
[0.546s] INFO:colcon.colcon_core.shell:Creating package descriptor '/home/assignments/assignment3/ws/install/bme_gazebo_sensors/share/bme_gazebo_sensors/package.dsv'
[0.547s] INFO:colcon.colcon_core.shell:Creating package script '/home/assignments/assignment3/ws/install/bme_gazebo_sensors/share/bme_gazebo_sensors/package.sh'
[0.548s] INFO:colcon.colcon_core.shell:Creating package script '/home/assignments/assignment3/ws/install/bme_gazebo_sensors/share/bme_gazebo_sensors/package.bash'
[0.549s] INFO:colcon.colcon_core.shell:Creating package script '/home/assignments/assignment3/ws/install/bme_gazebo_sensors/share/bme_gazebo_sensors/package.zsh'
[0.549s] Level 1:colcon.colcon_core.environment:create_file_with_runtime_dependencies(/home/assignments/assignment3/ws/install/bme_gazebo_sensors/share/colcon-core/packages/bme_gazebo_sensors)
[0.550s] Level 1:colcon.colcon_core.environment:create_environment_scripts_only(erl1)
[0.550s] Level 1:colcon.colcon_core.environment:checking '/home/assignments/assignment3/ws/install/erl1' for CMake module files
[0.551s] DEBUG:colcon.colcon_core.event_handler.log_command:Invoked command in '/home/assignments/assignment3/ws/build/erl1' returned '0': CMAKE_PREFIX_PATH=${CMAKE_PREFIX_PATH}:/opt/ros/jazzy /usr/bin/cmake --install /home/assignments/assignment3/ws/build/erl1
[0.552s] Level 1:colcon.colcon_core.environment:checking '/home/assignments/assignment3/ws/install/erl1' for CMake config files
[0.552s] Level 1:colcon.colcon_core.shell:create_environment_hook('erl1', 'cmake_prefix_path')
[0.553s] INFO:colcon.colcon_core.shell:Creating environment hook '/home/assignments/assignment3/ws/install/erl1/share/erl1/hook/cmake_prefix_path.ps1'
[0.554s] INFO:colcon.colcon_core.shell:Creating environment descriptor '/home/assignments/assignment3/ws/install/erl1/share/erl1/hook/cmake_prefix_path.dsv'
[0.554s] INFO:colcon.colcon_core.shell:Creating environment hook '/home/assignments/assignment3/ws/install/erl1/share/erl1/hook/cmake_prefix_path.sh'
[0.555s] Level 1:colcon.colcon_core.environment:checking '/home/assignments/assignment3/ws/install/erl1/bin'
[0.556s] Level 1:colcon.colcon_core.environment:checking '/home/assignments/assignment3/ws/install/erl1/lib/pkgconfig/erl1.pc'
[0.556s] Level 1:colcon.colcon_core.environment:checking '/home/assignments/assignment3/ws/install/erl1/lib/python3.12/site-packages'
[0.556s] Level 1:colcon.colcon_core.environment:checking '/home/assignments/assignment3/ws/install/erl1/bin'
[0.556s] INFO:colcon.colcon_core.shell:Creating package script '/home/assignments/assignment3/ws/install/erl1/share/erl1/package.ps1'
[0.557s] INFO:colcon.colcon_core.shell:Creating package descriptor '/home/assignments/assignment3/ws/install/erl1/share/erl1/package.dsv'
[0.558s] INFO:colcon.colcon_core.shell:Creating package script '/home/assignments/assignment3/ws/install/erl1/share/erl1/package.sh'
[0.558s] INFO:colcon.colcon_core.shell:Creating package script '/home/assignments/assignment3/ws/install/erl1/share/erl1/package.bash'
[0.559s] INFO:colcon.colcon_core.shell:Creating package script '/home/assignments/assignment3/ws/install/erl1/share/erl1/package.zsh'
[0.560s] Level 1:colcon.colcon_core.environment:create_file_with_runtime_dependencies(/home/assignments/assignment3/ws/install/erl1/share/colcon-core/packages/erl1)
[0.560s] Level 1:colcon.colcon_core.environment:create_environment_scripts_only(erl1)
[0.560s] Level 1:colcon.colcon_core.environment:checking '/home/assignments/assignment3/ws/install/erl1' for CMake module files
[0.561s] Level 1:colcon.colcon_core.environment:checking '/home/assignments/assignment3/ws/install/erl1' for CMake config files
[0.562s] Level 1:colcon.colcon_core.shell:create_environment_hook('erl1', 'cmake_prefix_path')
[0.562s] INFO:colcon.colcon_core.shell:Creating environment hook '/home/assignments/assignment3/ws/install/erl1/share/erl1/hook/cmake_prefix_path.ps1'
[0.563s] INFO:colcon.colcon_core.shell:Creating environment descriptor '/home/assignments/assignment3/ws/install/erl1/share/erl1/hook/cmake_prefix_path.dsv'
[0.564s] INFO:colcon.colcon_core.shell:Creating environment hook '/home/assignments/assignment3/ws/install/erl1/share/erl1/hook/cmake_prefix_path.sh'
[0.565s] Level 1:colcon.colcon_core.environment:checking '/home/assignments/assignment3/ws/install/erl1/bin'
[0.565s] Level 1:colcon.colcon_core.environment:checking '/home/assignments/assignment3/ws/install/erl1/lib/pkgconfig/erl1.pc'
[0.565s] Level 1:colcon.colcon_core.environment:checking '/home/assignments/assignment3/ws/install/erl1/lib/python3.12/site-packages'
[0.565s] Level 1:colcon.colcon_core.environment:checking '/home/assignments/assignment3/ws/install/erl1/bin'
[0.566s] INFO:colcon.colcon_core.shell:Creating package script '/home/assignments/assignment3/ws/install/erl1/share/erl1/package.ps1'
[0.567s] INFO:colcon.colcon_core.shell:Creating package descriptor '/home/assignments/assignment3/ws/install/erl1/share/erl1/package.dsv'
[0.568s] INFO:colcon.colcon_core.shell:Creating package script '/home/assignments/assignment3/ws/install/erl1/share/erl1/package.sh'
[0.569s] INFO:colcon.colcon_core.shell:Creating package script '/home/assignments/assignment3/ws/install/erl1/share/erl1/package.bash'
[0.569s] INFO:colcon.colcon_core.shell:Creating package script '/home/assignments/assignment3/ws/install/erl1/share/erl1/package.zsh'
[0.570s] Level 1:colcon.colcon_core.environment:create_file_with_runtime_dependencies(/home/assignments/assignment3/ws/install/erl1/share/colcon-core/packages/erl1)
[1.080s] DEBUG:colcon.colcon_core.event_handler.log_command:Invoked command in '/home/assignments/assignment3/ws/build/aruco_opencv_msgs' returned '0': CMAKE_PREFIX_PATH=${CMAKE_PREFIX_PATH}:/opt/ros/jazzy /usr/bin/cmake --build /home/assignments/assignment3/ws/build/aruco_opencv_msgs -- -j16 -l16
[1.082s] DEBUG:colcon.colcon_core.event_handler.log_command:Invoking command in '/home/assignments/assignment3/ws/build/aruco_opencv_msgs': CMAKE_PREFIX_PATH=${CMAKE_PREFIX_PATH}:/opt/ros/jazzy /usr/bin/cmake --install /home/assignments/assignment3/ws/build/aruco_opencv_msgs
[1.204s] Level 1:colcon.colcon_core.environment:create_environment_scripts_only(aruco_opencv_msgs)
[1.205s] Level 1:colcon.colcon_core.environment:checking '/home/assignments/assignment3/ws/install/aruco_opencv_msgs' for CMake module files
[1.205s] DEBUG:colcon.colcon_core.event_handler.log_command:Invoked command in '/home/assignments/assignment3/ws/build/aruco_opencv_msgs' returned '0': CMAKE_PREFIX_PATH=${CMAKE_PREFIX_PATH}:/opt/ros/jazzy /usr/bin/cmake --install /home/assignments/assignment3/ws/build/aruco_opencv_msgs
[1.208s] Level 1:colcon.colcon_core.environment:checking '/home/assignments/assignment3/ws/install/aruco_opencv_msgs' for CMake config files
[1.209s] Level 1:colcon.colcon_core.shell:create_environment_hook('aruco_opencv_msgs', 'cmake_prefix_path')
[1.209s] INFO:colcon.colcon_core.shell:Creating environment hook '/home/assignments/assignment3/ws/install/aruco_opencv_msgs/share/aruco_opencv_msgs/hook/cmake_prefix_path.ps1'
[1.210s] INFO:colcon.colcon_core.shell:Creating environment descriptor '/home/assignments/assignment3/ws/install/aruco_opencv_msgs/share/aruco_opencv_msgs/hook/cmake_prefix_path.dsv'
[1.211s] INFO:colcon.colcon_core.shell:Creating environment hook '/home/assignments/assignment3/ws/install/aruco_opencv_msgs/share/aruco_opencv_msgs/hook/cmake_prefix_path.sh'
[1.213s] Level 1:colcon.colcon_core.environment:checking '/home/assignments/assignment3/ws/install/aruco_opencv_msgs/lib'
[1.213s] Level 1:colcon.colcon_core.shell:create_environment_hook('aruco_opencv_msgs', 'ld_library_path_lib')
[1.213s] INFO:colcon.colcon_core.shell:Creating environment hook '/home/assignments/assignment3/ws/install/aruco_opencv_msgs/share/aruco_opencv_msgs/hook/ld_library_path_lib.ps1'
[1.214s] INFO:colcon.colcon_core.shell:Creating environment descriptor '/home/assignments/assignment3/ws/install/aruco_opencv_msgs/share/aruco_opencv_msgs/hook/ld_library_path_lib.dsv'
[1.215s] INFO:colcon.colcon_core.shell:Creating environment hook '/home/assignments/assignment3/ws/install/aruco_opencv_msgs/share/aruco_opencv_msgs/hook/ld_library_path_lib.sh'
[1.216s] Level 1:colcon.colcon_core.environment:checking '/home/assignments/assignment3/ws/install/aruco_opencv_msgs/bin'
[1.216s] Level 1:colcon.colcon_core.environment:checking '/home/assignments/assignment3/ws/install/aruco_opencv_msgs/lib/pkgconfig/aruco_opencv_msgs.pc'
[1.217s] Level 1:colcon.colcon_core.environment:checking '/home/assignments/assignment3/ws/install/aruco_opencv_msgs/lib/python3.12/site-packages'
[1.217s] Level 1:colcon.colcon_core.shell:create_environment_hook('aruco_opencv_msgs', 'pythonpath')
[1.217s] INFO:colcon.colcon_core.shell:Creating environment hook '/home/assignments/assignment3/ws/install/aruco_opencv_msgs/share/aruco_opencv_msgs/hook/pythonpath.ps1'
[1.218s] INFO:colcon.colcon_core.shell:Creating environment descriptor '/home/assignments/assignment3/ws/install/aruco_opencv_msgs/share/aruco_opencv_msgs/hook/pythonpath.dsv'
[1.219s] INFO:colcon.colcon_core.shell:Creating environment hook '/home/assignments/assignment3/ws/install/aruco_opencv_msgs/share/aruco_opencv_msgs/hook/pythonpath.sh'
[1.221s] Level 1:colcon.colcon_core.environment:checking '/home/assignments/assignment3/ws/install/aruco_opencv_msgs/bin'
[1.221s] INFO:colcon.colcon_core.shell:Creating package script '/home/assignments/assignment3/ws/install/aruco_opencv_msgs/share/aruco_opencv_msgs/package.ps1'
[1.223s] INFO:colcon.colcon_core.shell:Creating package descriptor '/home/assignments/assignment3/ws/install/aruco_opencv_msgs/share/aruco_opencv_msgs/package.dsv'
[1.224s] INFO:colcon.colcon_core.shell:Creating package script '/home/assignments/assignment3/ws/install/aruco_opencv_msgs/share/aruco_opencv_msgs/package.sh'
[1.225s] INFO:colcon.colcon_core.shell:Creating package script '/home/assignments/assignment3/ws/install/aruco_opencv_msgs/share/aruco_opencv_msgs/package.bash'
[1.226s] INFO:colcon.colcon_core.shell:Creating package script '/home/assignments/assignment3/ws/install/aruco_opencv_msgs/share/aruco_opencv_msgs/package.zsh'
[1.227s] Level 1:colcon.colcon_core.environment:create_file_with_runtime_dependencies(/home/assignments/assignment3/ws/install/aruco_opencv_msgs/share/colcon-core/packages/aruco_opencv_msgs)
[1.228s] Level 1:colcon.colcon_core.environment:create_environment_scripts_only(aruco_opencv_msgs)
[1.228s] Level 1:colcon.colcon_core.environment:checking '/home/assignments/assignment3/ws/install/aruco_opencv_msgs' for CMake module files
[1.230s] Level 1:colcon.colcon_core.environment:checking '/home/assignments/assignment3/ws/install/aruco_opencv_msgs' for CMake config files
[1.232s] Level 1:colcon.colcon_core.shell:create_environment_hook('aruco_opencv_msgs', 'cmake_prefix_path')
[1.232s] INFO:colcon.colcon_core.shell:Creating environment hook '/home/assignments/assignment3/ws/install/aruco_opencv_msgs/share/aruco_opencv_msgs/hook/cmake_prefix_path.ps1'
[1.233s] INFO:colcon.colcon_core.shell:Creating environment descriptor '/home/assignments/assignment3/ws/install/aruco_opencv_msgs/share/aruco_opencv_msgs/hook/cmake_prefix_path.dsv'
[1.234s] INFO:colcon.colcon_core.shell:Creating environment hook '/home/assignments/assignment3/ws/install/aruco_opencv_msgs/share/aruco_opencv_msgs/hook/cmake_prefix_path.sh'
[1.236s] Level 1:colcon.colcon_core.environment:checking '/home/assignments/assignment3/ws/install/aruco_opencv_msgs/lib'
[1.236s] Level 1:colcon.colcon_core.shell:create_environment_hook('aruco_opencv_msgs', 'ld_library_path_lib')
[1.236s] INFO:colcon.colcon_core.shell:Creating environment hook '/home/assignments/assignment3/ws/install/aruco_opencv_msgs/share/aruco_opencv_msgs/hook/ld_library_path_lib.ps1'
[1.237s] INFO:colcon.colcon_core.shell:Creating environment descriptor '/home/assignments/assignment3/ws/install/aruco_opencv_msgs/share/aruco_opencv_msgs/hook/ld_library_path_lib.dsv'
[1.238s] INFO:colcon.colcon_core.shell:Creating environment hook '/home/assignments/assignment3/ws/install/aruco_opencv_msgs/share/aruco_opencv_msgs/hook/ld_library_path_lib.sh'
[1.239s] Level 1:colcon.colcon_core.environment:checking '/home/assignments/assignment3/ws/install/aruco_opencv_msgs/bin'
[1.239s] Level 1:colcon.colcon_core.environment:checking '/home/assignments/assignment3/ws/install/aruco_opencv_msgs/lib/pkgconfig/aruco_opencv_msgs.pc'
[1.240s] Level 1:colcon.colcon_core.environment:checking '/home/assignments/assignment3/ws/install/aruco_opencv_msgs/lib/python3.12/site-packages'
[1.240s] Level 1:colcon.colcon_core.shell:create_environment_hook('aruco_opencv_msgs', 'pythonpath')
[1.240s] INFO:colcon.colcon_core.shell:Creating environment hook '/home/assignments/assignment3/ws/install/aruco_opencv_msgs/share/aruco_opencv_msgs/hook/pythonpath.ps1'
[1.241s] INFO:colcon.colcon_core.shell:Creating environment descriptor '/home/assignments/assignment3/ws/install/aruco_opencv_msgs/share/aruco_opencv_msgs/hook/pythonpath.dsv'
[1.242s] INFO:colcon.colcon_core.shell:Creating environment hook '/home/assignments/assignment3/ws/install/aruco_opencv_msgs/share/aruco_opencv_msgs/hook/pythonpath.sh'
[1.243s] Level 1:colcon.colcon_core.environment:checking '/home/assignments/assignment3/ws/install/aruco_opencv_msgs/bin'
[1.244s] INFO:colcon.colcon_core.shell:Creating package script '/home/assignments/assignment3/ws/install/aruco_opencv_msgs/share/aruco_opencv_msgs/package.ps1'
[1.245s] INFO:colcon.colcon_core.shell:Creating package descriptor '/home/assignments/assignment3/ws/install/aruco_opencv_msgs/share/aruco_opencv_msgs/package.dsv'
[1.246s] INFO:colcon.colcon_core.shell:Creating package script '/home/assignments/assignment3/ws/install/aruco_opencv_msgs/share/aruco_opencv_msgs/package.sh'
[1.248s] INFO:colcon.colcon_core.shell:Creating package script '/home/assignments/assignment3/ws/install/aruco_opencv_msgs/share/aruco_opencv_msgs/package.bash'
[1.248s] INFO:colcon.colcon_core.shell:Creating package script '/home/assignments/assignment3/ws/install/aruco_opencv_msgs/share/aruco_opencv_msgs/package.zsh'
[1.249s] Level 1:colcon.colcon_core.environment:create_file_with_runtime_dependencies(/home/assignments/assignment3/ws/install/aruco_opencv_msgs/share/colcon-core/packages/aruco_opencv_msgs)
[1.250s] INFO:colcon.colcon_ros.task.ament_cmake.build:Building ROS package in '/home/assignments/assignment3/ws/src/ros_aruco_opencv/aruco_opencv' with build type 'ament_cmake'
[1.250s] INFO:colcon.colcon_cmake.task.cmake.build:Building CMake package in '/home/assignments/assignment3/ws/src/ros_aruco_opencv/aruco_opencv'
[1.251s] INFO:colcon.colcon_core.shell:Skip shell extension 'powershell' for command environment: Not usable outside of PowerShell
[1.251s] DEBUG:colcon.colcon_core.shell:Skip shell extension 'dsv' for command environment
[1.280s] DEBUG:colcon.colcon_core.event_handler.log_command:Invoking command in '/home/assignments/assignment3/ws/build/aruco_opencv': AMENT_PREFIX_PATH=/home/assignments/assignment3/ws/install/aruco_opencv_msgs:${AMENT_PREFIX_PATH} CMAKE_PREFIX_PATH=/home/assignments/assignment3/ws/install/aruco_opencv_msgs:/opt/ros/jazzy/opt/gz_launch_vendor:/opt/ros/jazzy/opt/gz_sim_vendor:/opt/ros/jazzy/opt/gz_sensors_vendor:/opt/ros/jazzy/opt/gz_physics_vendor:/opt/ros/jazzy/opt/sdformat_vendor:/opt/ros/jazzy/opt/gz_gui_vendor:/opt/ros/jazzy/opt/gz_transport_vendor:/opt/ros/jazzy/opt/gz_rendering_vendor:/opt/ros/jazzy/opt/gz_plugin_vendor:/opt/ros/jazzy/opt/gz_fuel_tools_vendor:/opt/ros/jazzy/opt/gz_msgs_vendor:/opt/ros/jazzy/opt/gz_common_vendor:/opt/ros/jazzy/opt/gz_math_vendor:/opt/ros/jazzy/opt/gz_utils_vendor:/opt/ros/jazzy/opt/gz_tools_vendor:/opt/ros/jazzy/opt/gz_ogre_next_vendor:/opt/ros/jazzy/opt/gz_dartsim_vendor:/opt/ros/jazzy/opt/gz_cmake_vendor:/opt/ros/jazzy LD_LIBRARY_PATH=/home/assignments/assignment3/ws/install/aruco_opencv_msgs/lib:${LD_LIBRARY_PATH} PYTHONPATH=/home/assignments/assignment3/ws/install/aruco_opencv_msgs/lib/python3.12/site-packages:${PYTHONPATH} /usr/bin/cmake --build /home/assignments/assignment3/ws/build/aruco_opencv -- -j16 -l16
[1.462s] DEBUG:colcon.colcon_core.event_handler.log_command:Invoked command in '/home/assignments/assignment3/ws/build/aruco_opencv' returned '0': AMENT_PREFIX_PATH=/home/assignments/assignment3/ws/install/aruco_opencv_msgs:${AMENT_PREFIX_PATH} CMAKE_PREFIX_PATH=/home/assignments/assignment3/ws/install/aruco_opencv_msgs:/opt/ros/jazzy/opt/gz_launch_vendor:/opt/ros/jazzy/opt/gz_sim_vendor:/opt/ros/jazzy/opt/gz_sensors_vendor:/opt/ros/jazzy/opt/gz_physics_vendor:/opt/ros/jazzy/opt/sdformat_vendor:/opt/ros/jazzy/opt/gz_gui_vendor:/opt/ros/jazzy/opt/gz_transport_vendor:/opt/ros/jazzy/opt/gz_rendering_vendor:/opt/ros/jazzy/opt/gz_plugin_vendor:/opt/ros/jazzy/opt/gz_fuel_tools_vendor:/opt/ros/jazzy/opt/gz_msgs_vendor:/opt/ros/jazzy/opt/gz_common_vendor:/opt/ros/jazzy/opt/gz_math_vendor:/opt/ros/jazzy/opt/gz_utils_vendor:/opt/ros/jazzy/opt/gz_tools_vendor:/opt/ros/jazzy/opt/gz_ogre_next_vendor:/opt/ros/jazzy/opt/gz_dartsim_vendor:/opt/ros/jazzy/opt/gz_cmake_vendor:/opt/ros/jazzy LD_LIBRARY_PATH=/home/assignments/assignment3/ws/install/aruco_opencv_msgs/lib:${LD_LIBRARY_PATH} PYTHONPATH=/home/assignments/assignment3/ws/install/aruco_opencv_msgs/lib/python3.12/site-packages:${PYTHONPATH} /usr/bin/cmake --build /home/assignments/assignment3/ws/build/aruco_opencv -- -j16 -l16
[1.464s] DEBUG:colcon.colcon_core.event_handler.log_command:Invoking command in '/home/assignments/assignment3/ws/build/aruco_opencv': AMENT_PREFIX_PATH=/home/assignments/assignment3/ws/install/aruco_opencv_msgs:${AMENT_PREFIX_PATH} CMAKE_PREFIX_PATH=/home/assignments/assignment3/ws/install/aruco_opencv_msgs:/opt/ros/jazzy/opt/gz_launch_vendor:/opt/ros/jazzy/opt/gz_sim_vendor:/opt/ros/jazzy/opt/gz_sensors_vendor:/opt/ros/jazzy/opt/gz_physics_vendor:/opt/ros/jazzy/opt/sdformat_vendor:/opt/ros/jazzy/opt/gz_gui_vendor:/opt/ros/jazzy/opt/gz_transport_vendor:/opt/ros/jazzy/opt/gz_rendering_vendor:/opt/ros/jazzy/opt/gz_plugin_vendor:/opt/ros/jazzy/opt/gz_fuel_tools_vendor:/opt/ros/jazzy/opt/gz_msgs_vendor:/opt/ros/jazzy/opt/gz_common_vendor:/opt/ros/jazzy/opt/gz_math_vendor:/opt/ros/jazzy/opt/gz_utils_vendor:/opt/ros/jazzy/opt/gz_tools_vendor:/opt/ros/jazzy/opt/gz_ogre_next_vendor:/opt/ros/jazzy/opt/gz_dartsim_vendor:/opt/ros/jazzy/opt/gz_cmake_vendor:/opt/ros/jazzy LD_LIBRARY_PATH=/home/assignments/assignment3/ws/install/aruco_opencv_msgs/lib:${LD_LIBRARY_PATH} PYTHONPATH=/home/assignments/assignment3/ws/install/aruco_opencv_msgs/lib/python3.12/site-packages:${PYTHONPATH} /usr/bin/cmake --install /home/assignments/assignment3/ws/build/aruco_opencv
[1.493s] Level 1:colcon.colcon_core.environment:create_environment_scripts_only(aruco_opencv)
[1.493s] Level 1:colcon.colcon_core.environment:checking '/home/assignments/assignment3/ws/install/aruco_opencv' for CMake module files
[1.494s] DEBUG:colcon.colcon_core.event_handler.log_command:Invoked command in '/home/assignments/assignment3/ws/build/aruco_opencv' returned '0': AMENT_PREFIX_PATH=/home/assignments/assignment3/ws/install/aruco_opencv_msgs:${AMENT_PREFIX_PATH} CMAKE_PREFIX_PATH=/home/assignments/assignment3/ws/install/aruco_opencv_msgs:/opt/ros/jazzy/opt/gz_launch_vendor:/opt/ros/jazzy/opt/gz_sim_vendor:/opt/ros/jazzy/opt/gz_sensors_vendor:/opt/ros/jazzy/opt/gz_physics_vendor:/opt/ros/jazzy/opt/sdformat_vendor:/opt/ros/jazzy/opt/gz_gui_vendor:/opt/ros/jazzy/opt/gz_transport_vendor:/opt/ros/jazzy/opt/gz_rendering_vendor:/opt/ros/jazzy/opt/gz_plugin_vendor:/opt/ros/jazzy/opt/gz_fuel_tools_vendor:/opt/ros/jazzy/opt/gz_msgs_vendor:/opt/ros/jazzy/opt/gz_common_vendor:/opt/ros/jazzy/opt/gz_math_vendor:/opt/ros/jazzy/opt/gz_utils_vendor:/opt/ros/jazzy/opt/gz_tools_vendor:/opt/ros/jazzy/opt/gz_ogre_next_vendor:/opt/ros/jazzy/opt/gz_dartsim_vendor:/opt/ros/jazzy/opt/gz_cmake_vendor:/opt/ros/jazzy LD_LIBRARY_PATH=/home/assignments/assignment3/ws/install/aruco_opencv_msgs/lib:${LD_LIBRARY_PATH} PYTHONPATH=/home/assignments/assignment3/ws/install/aruco_opencv_msgs/lib/python3.12/site-packages:${PYTHONPATH} /usr/bin/cmake --install /home/assignments/assignment3/ws/build/aruco_opencv
[1.496s] Level 1:colcon.colcon_core.environment:checking '/home/assignments/assignment3/ws/install/aruco_opencv' for CMake config files
[1.496s] Level 1:colcon.colcon_core.shell:create_environment_hook('aruco_opencv', 'cmake_prefix_path')
[1.496s] INFO:colcon.colcon_core.shell:Creating environment hook '/home/assignments/assignment3/ws/install/aruco_opencv/share/aruco_opencv/hook/cmake_prefix_path.ps1'
[1.497s] INFO:colcon.colcon_core.shell:Creating environment descriptor '/home/assignments/assignment3/ws/install/aruco_opencv/share/aruco_opencv/hook/cmake_prefix_path.dsv'
[1.497s] INFO:colcon.colcon_core.shell:Creating environment hook '/home/assignments/assignment3/ws/install/aruco_opencv/share/aruco_opencv/hook/cmake_prefix_path.sh'
[1.498s] Level 1:colcon.colcon_core.environment:checking '/home/assignments/assignment3/ws/install/aruco_opencv/lib'
[1.498s] Level 1:colcon.colcon_core.shell:create_environment_hook('aruco_opencv', 'ld_library_path_lib')
[1.499s] INFO:colcon.colcon_core.shell:Creating environment hook '/home/assignments/assignment3/ws/install/aruco_opencv/share/aruco_opencv/hook/ld_library_path_lib.ps1'
[1.500s] INFO:colcon.colcon_core.shell:Creating environment descriptor '/home/assignments/assignment3/ws/install/aruco_opencv/share/aruco_opencv/hook/ld_library_path_lib.dsv'
[1.501s] INFO:colcon.colcon_core.shell:Creating environment hook '/home/assignments/assignment3/ws/install/aruco_opencv/share/aruco_opencv/hook/ld_library_path_lib.sh'
[1.501s] Level 1:colcon.colcon_core.environment:checking '/home/assignments/assignment3/ws/install/aruco_opencv/bin'
[1.501s] Level 1:colcon.colcon_core.environment:checking '/home/assignments/assignment3/ws/install/aruco_opencv/lib/pkgconfig/aruco_opencv.pc'
[1.502s] Level 1:colcon.colcon_core.environment:checking '/home/assignments/assignment3/ws/install/aruco_opencv/lib/python3.12/site-packages'
[1.502s] Level 1:colcon.colcon_core.environment:checking '/home/assignments/assignment3/ws/install/aruco_opencv/bin'
[1.502s] INFO:colcon.colcon_core.shell:Creating package script '/home/assignments/assignment3/ws/install/aruco_opencv/share/aruco_opencv/package.ps1'
[1.503s] INFO:colcon.colcon_core.shell:Creating package descriptor '/home/assignments/assignment3/ws/install/aruco_opencv/share/aruco_opencv/package.dsv'
[1.504s] INFO:colcon.colcon_core.shell:Creating package script '/home/assignments/assignment3/ws/install/aruco_opencv/share/aruco_opencv/package.sh'
[1.505s] INFO:colcon.colcon_core.shell:Creating package script '/home/assignments/assignment3/ws/install/aruco_opencv/share/aruco_opencv/package.bash'
[1.505s] INFO:colcon.colcon_core.shell:Creating package script '/home/assignments/assignment3/ws/install/aruco_opencv/share/aruco_opencv/package.zsh'
[1.506s] Level 1:colcon.colcon_core.environment:create_file_with_runtime_dependencies(/home/assignments/assignment3/ws/install/aruco_opencv/share/colcon-core/packages/aruco_opencv)
[1.507s] Level 1:colcon.colcon_core.environment:create_environment_scripts_only(aruco_opencv)
[1.507s] Level 1:colcon.colcon_core.environment:checking '/home/assignments/assignment3/ws/install/aruco_opencv' for CMake module files
[1.508s] Level 1:colcon.colcon_core.environment:checking '/home/assignments/assignment3/ws/install/aruco_opencv' for CMake config files
[1.508s] Level 1:colcon.colcon_core.shell:create_environment_hook('aruco_opencv', 'cmake_prefix_path')
[1.509s] INFO:colcon.colcon_core.shell:Creating environment hook '/home/assignments/assignment3/ws/install/aruco_opencv/share/aruco_opencv/hook/cmake_prefix_path.ps1'
[1.509s] INFO:colcon.colcon_core.shell:Creating environment descriptor '/home/assignments/assignment3/ws/install/aruco_opencv/share/aruco_opencv/hook/cmake_prefix_path.dsv'
[1.510s] INFO:colcon.colcon_core.shell:Creating environment hook '/home/assignments/assignment3/ws/install/aruco_opencv/share/aruco_opencv/hook/cmake_prefix_path.sh'
[1.511s] Level 1:colcon.colcon_core.environment:checking '/home/assignments/assignment3/ws/install/aruco_opencv/lib'
[1.511s] Level 1:colcon.colcon_core.shell:create_environment_hook('aruco_opencv', 'ld_library_path_lib')
[1.511s] INFO:colcon.colcon_core.shell:Creating environment hook '/home/assignments/assignment3/ws/install/aruco_opencv/share/aruco_opencv/hook/ld_library_path_lib.ps1'
[1.511s] INFO:colcon.colcon_core.shell:Creating environment descriptor '/home/assignments/assignment3/ws/install/aruco_opencv/share/aruco_opencv/hook/ld_library_path_lib.dsv'
[1.512s] INFO:colcon.colcon_core.shell:Creating environment hook '/home/assignments/assignment3/ws/install/aruco_opencv/share/aruco_opencv/hook/ld_library_path_lib.sh'
[1.513s] Level 1:colcon.colcon_core.environment:checking '/home/assignments/assignment3/ws/install/aruco_opencv/bin'
[1.513s] Level 1:colcon.colcon_core.environment:checking '/home/assignments/assignment3/ws/install/aruco_opencv/lib/pkgconfig/aruco_opencv.pc'
[1.513s] Level 1:colcon.colcon_core.environment:checking '/home/assignments/assignment3/ws/install/aruco_opencv/lib/python3.12/site-packages'
[1.514s] Level 1:colcon.colcon_core.environment:checking '/home/assignments/assignment3/ws/install/aruco_opencv/bin'
[1.514s] INFO:colcon.colcon_core.shell:Creating package script '/home/assignments/assignment3/ws/install/aruco_opencv/share/aruco_opencv/package.ps1'
[1.516s] INFO:colcon.colcon_core.shell:Creating package descriptor '/home/assignments/assignment3/ws/install/aruco_opencv/share/aruco_opencv/package.dsv'
[1.517s] INFO:colcon.colcon_core.shell:Creating package script '/home/assignments/assignment3/ws/install/aruco_opencv/share/aruco_opencv/package.sh'
[1.518s] INFO:colcon.colcon_core.shell:Creating package script '/home/assignments/assignment3/ws/install/aruco_opencv/share/aruco_opencv/package.bash'
[1.519s] INFO:colcon.colcon_core.shell:Creating package script '/home/assignments/assignment3/ws/install/aruco_opencv/share/aruco_opencv/package.zsh'
[1.520s] Level 1:colcon.colcon_core.environment:create_file_with_runtime_dependencies(/home/assignments/assignment3/ws/install/aruco_opencv/share/colcon-core/packages/aruco_opencv)
[2.217s] DEBUG:colcon.colcon_core.event_handler.log_command:Invoked command in '/home/assignments/assignment3/ws/build/plansys_interface' returned '1': CMAKE_PREFIX_PATH=${CMAKE_PREFIX_PATH}:/opt/ros/jazzy /usr/bin/cmake /home/assignments/assignment3/ws/src/plansys_interface -DCMAKE_INSTALL_PREFIX=/home/assignments/assignment3/ws/install/plansys_interface
[2.248s] Level 1:colcon.colcon_core.environment:create_environment_scripts_only(plansys_interface)
[2.249s] Level 1:colcon.colcon_core.environment:checking '/home/assignments/assignment3/ws/install/plansys_interface' for CMake module files
[2.250s] Level 1:colcon.colcon_core.environment:checking '/home/assignments/assignment3/ws/install/plansys_interface' for CMake config files
[2.251s] Level 1:colcon.colcon_core.environment:checking '/home/assignments/assignment3/ws/install/plansys_interface/bin'
[2.251s] Level 1:colcon.colcon_core.environment:checking '/home/assignments/assignment3/ws/install/plansys_interface/lib/pkgconfig/plansys_interface.pc'
[2.251s] Level 1:colcon.colcon_core.environment:checking '/home/assignments/assignment3/ws/install/plansys_interface/lib/python3.12/site-packages'
[2.252s] Level 1:colcon.colcon_core.environment:checking '/home/assignments/assignment3/ws/install/plansys_interface/bin'
[2.252s] INFO:colcon.colcon_core.shell:Creating package script '/home/assignments/assignment3/ws/install/plansys_interface/share/plansys_interface/package.ps1'
[2.253s] INFO:colcon.colcon_core.shell:Creating package descriptor '/home/assignments/assignment3/ws/install/plansys_interface/share/plansys_interface/package.dsv'
[2.254s] INFO:colcon.colcon_core.shell:Creating package script '/home/assignments/assignment3/ws/install/plansys_interface/share/plansys_interface/package.sh'
[2.255s] INFO:colcon.colcon_core.shell:Creating package script '/home/assignments/assignment3/ws/install/plansys_interface/share/plansys_interface/package.bash'
[2.255s] INFO:colcon.colcon_core.shell:Creating package script '/home/assignments/assignment3/ws/install/plansys_interface/share/plansys_interface/package.zsh'
[2.256s] Level 1:colcon.colcon_core.environment:create_file_with_runtime_dependencies(/home/assignments/assignment3/ws/install/plansys_interface/share/colcon-core/packages/plansys_interface)
[2.267s] DEBUG:colcon.colcon_parallel_executor.executor.parallel:closing loop
[2.267s] DEBUG:colcon.colcon_parallel_executor.executor.parallel:loop closed
[2.267s] DEBUG:colcon.colcon_parallel_executor.executor.parallel:run_until_complete finished with '1'
[2.267s] DEBUG:colcon.colcon_core.event_reactor:joining thread
[2.281s] INFO:colcon.colcon_core.plugin_system:Skipping extension 'colcon_notification.desktop_notification.notify_send': Could not find 'notify-send'
[2.282s] INFO:colcon.colcon_core.plugin_system:Skipping extension 'colcon_notification.desktop_notification.terminal_notifier': Not used on non-Darwin systems
[2.282s] INFO:colcon.colcon_core.plugin_system:Skipping extension 'colcon_notification.desktop_notification.win32': Not used on non-Windows systems
[2.282s] INFO:colcon.colcon_notification.desktop_notification:Sending desktop notification using 'notify2'
[2.288s] DEBUG:colcon.colcon_notification.desktop_notification.notify2:Failed to initialize notify2: org.freedesktop.DBus.Error.Spawn.ExecFailed: /usr/bin/dbus-launch terminated abnormally without any error message
[2.289s] DEBUG:colcon.colcon_core.event_reactor:joined thread
[2.290s] INFO:colcon.colcon_core.shell:Creating prefix script '/home/assignments/assignment3/ws/install/local_setup.ps1'
[2.293s] INFO:colcon.colcon_core.shell:Creating prefix util module '/home/assignments/assignment3/ws/install/_local_setup_util_ps1.py'
[2.296s] INFO:colcon.colcon_core.shell:Creating prefix chain script '/home/assignments/assignment3/ws/install/setup.ps1'
[2.299s] INFO:colcon.colcon_core.shell:Creating prefix script '/home/assignments/assignment3/ws/install/local_setup.sh'
[2.302s] INFO:colcon.colcon_core.shell:Creating prefix util module '/home/assignments/assignment3/ws/install/_local_setup_util_sh.py'
[2.303s] INFO:colcon.colcon_core.shell:Creating prefix chain script '/home/assignments/assignment3/ws/install/setup.sh'
[2.307s] INFO:colcon.colcon_core.shell:Creating prefix script '/home/assignments/assignment3/ws/install/local_setup.bash'
[2.308s] INFO:colcon.colcon_core.shell:Creating prefix chain script '/home/assignments/assignment3/ws/install/setup.bash'
[2.311s] INFO:colcon.colcon_core.shell:Creating prefix script '/home/assignments/assignment3/ws/install/local_setup.zsh'
[2.312s] INFO:colcon.colcon_core.shell:Creating prefix chain script '/home/assignments/assignment3/ws/install/setup.zsh'
