[0.047s] Invoking command in '/home/assignments/assignment3/ws/build/assignment2_exprob': /usr/bin/cmake /home/assignments/assignment3/ws/assignment2_exprob -DCATKIN_INSTALL_INTO_PREFIX_ROOT=0 -DCMAKE_INSTALL_PREFIX=/home/assignments/assignment3/ws/install/assignment2_exprob
[0.072s] [0mCMake Deprecation Warning at CMakeLists.txt:1 (cmake_minimum_required):
[0.072s]   Compatibility with CMake < 3.5 will be removed from a future version of
[0.072s]   CMake.
[0.074s] 
[0.074s]   Update the VERSION argument <min> value or use a ...<max> suffix to tell
[0.074s]   CMake that the project does not need compatibility with older versions.
[0.075s] 
[0.075s] [0m
[0.205s] -- The C compiler identification is GNU 13.3.0
[0.369s] -- The CXX compiler identification is GNU 13.3.0
[0.408s] -- Detecting C compiler ABI info
[0.600s] -- Detecting C compiler ABI info - done
[0.617s] -- Check for working C compiler: /usr/bin/cc - skipped
[0.618s] -- Detecting C compile features
[0.618s] -- Detecting C compile features - done
[0.645s] -- Detecting CXX compiler ABI info
[0.900s] -- Detecting CXX compiler ABI info - done
[0.937s] -- Check for working CXX compiler: /usr/bin/c++ - skipped
[0.938s] -- Detecting CXX compile features
[0.940s] -- Detecting CXX compile features - done
[0.991s] [31mCMake Error at CMakeLists.txt:10 (find_package):
[0.991s]   By not providing "Findcatkin.cmake" in CMAKE_MODULE_PATH this project has
[0.991s]   asked CMake to find a package configuration file provided by "catkin", but
[0.991s]   CMake did not find one.
[0.991s] 
[0.991s]   Could not find a package configuration file provided by "catkin" with any
[0.992s]   of the following names:
[0.992s] 
[0.992s]     catkinConfig.cmake
[0.992s]     catkin-config.cmake
[0.992s] 
[0.992s]   Add the installation prefix of "catkin" to CMAKE_PREFIX_PATH or set
[0.992s]   "catkin_DIR" to a directory containing one of the above files.  If "catkin"
[0.993s]   provides a separate development package or SDK, be sure it has been
[0.993s]   installed.
[0.993s] 
[0.993s] [0m
[0.993s] -- Configuring incomplete, errors occurred!
[0.998s] Invoked command in '/home/assignments/assignment3/ws/build/assignment2_exprob' returned '1': /usr/bin/cmake /home/assignments/assignment3/ws/assignment2_exprob -DCATKIN_INSTALL_INTO_PREFIX_ROOT=0 -DCMAKE_INSTALL_PREFIX=/home/assignments/assignment3/ws/install/assignment2_exprob
