[0.173s] DEBUG:colcon:Command line arguments: ['/usr/bin/colcon', 'build', '--packages-select', 'aruco_opencv']
[0.173s] DEBUG:colcon:Parsed command line arguments: Namespace(log_base=None, log_level=None, verb_name='build', build_base='build', install_base='install', merge_install=False, symlink_install=False, test_result_base=None, continue_on_error=False, executor='parallel', parallel_workers=16, event_handlers=None, ignore_user_meta=False, metas=['./colcon.meta'], base_paths=['.'], packages_ignore=None, packages_ignore_regex=None, paths=None, packages_up_to=None, packages_up_to_regex=None, packages_above=None, packages_above_and_dependencies=None, packages_above_depth=None, packages_select_by_dep=None, packages_skip_by_dep=None, packages_skip_up_to=None, packages_select_build_failed=False, packages_skip_build_finished=False, packages_select_test_failures=False, packages_skip_test_passed=False, packages_select=['aruco_opencv'], packages_skip=None, packages_select_regex=None, packages_skip_regex=None, packages_start=None, packages_end=None, cmake_args=None, cmake_target=None, cmake_target_skip_unavailable=False, cmake_clean_cache=False, cmake_clean_first=False, cmake_force_configure=False, ament_cmake_args=None, catkin_cmake_args=None, catkin_skip_building_tests=False, mixin_files=None, mixin=None, verb_parser=<colcon_mixin.mixin.mixin_argument.MixinArgumentDecorator object at 0x79bc4322de50>, verb_extension=<colcon_core.verb.build.BuildVerb object at 0x79bc4322db50>, main=<bound method BuildVerb.main of <colcon_core.verb.build.BuildVerb object at 0x79bc4322db50>>, mixin_verb=('build',))
[0.236s] Level 1:colcon.colcon_core.package_discovery:discover_packages(colcon_meta) check parameters
[0.237s] INFO:colcon.colcon_metadata.package_discovery.colcon_meta:Using configuration from '/root/.colcon/metadata/default/Gazebo.meta'
[0.238s] INFO:colcon.colcon_metadata.package_discovery.colcon_meta:Using configuration from '/root/.colcon/metadata/default/fastdds.meta'
[0.239s] INFO:colcon.colcon_metadata.package_discovery.colcon_meta:Using configuration from '/root/.colcon/metadata/default/fastrtps.meta'
[0.239s] Level 1:colcon.colcon_core.package_discovery:discover_packages(recursive) check parameters
[0.239s] Level 1:colcon.colcon_core.package_discovery:discover_packages(ignore) check parameters
[0.239s] Level 1:colcon.colcon_core.package_discovery:discover_packages(path) check parameters
[0.239s] Level 1:colcon.colcon_core.package_discovery:discover_packages(colcon_meta) discover
[0.239s] Level 1:colcon.colcon_core.package_discovery:discover_packages(recursive) discover
[0.239s] INFO:colcon.colcon_core.package_discovery:Crawling recursively for packages in '/home/assignments/assignment3/ws'
[0.239s] Level 1:colcon.colcon_core.package_identification:_identify(.) by extensions ['ignore', 'ignore_ament_install']
[0.239s] Level 1:colcon.colcon_core.package_identification:_identify(.) by extension 'ignore'
[0.239s] Level 1:colcon.colcon_core.package_identification:_identify(.) by extension 'ignore_ament_install'
[0.239s] Level 1:colcon.colcon_core.package_identification:_identify(.) by extensions ['colcon_pkg']
[0.239s] Level 1:colcon.colcon_core.package_identification:_identify(.) by extension 'colcon_pkg'
[0.239s] Level 1:colcon.colcon_core.package_identification:_identify(.) by extensions ['colcon_meta']
[0.239s] Level 1:colcon.colcon_core.package_identification:_identify(.) by extension 'colcon_meta'
[0.239s] Level 1:colcon.colcon_core.package_identification:_identify(.) by extensions ['ros']
[0.239s] Level 1:colcon.colcon_core.package_identification:_identify(.) by extension 'ros'
[0.281s] Level 1:colcon.colcon_core.package_identification:_identify(.) by extensions ['cmake', 'python']
[0.281s] Level 1:colcon.colcon_core.package_identification:_identify(.) by extension 'cmake'
[0.281s] Level 1:colcon.colcon_core.package_identification:_identify(.) by extension 'python'
[0.281s] Level 1:colcon.colcon_core.package_identification:_identify(.) by extensions ['python_setup_py']
[0.281s] Level 1:colcon.colcon_core.package_identification:_identify(.) by extension 'python_setup_py'
[0.282s] Level 1:colcon.colcon_core.package_identification:_identify(build) by extensions ['ignore', 'ignore_ament_install']
[0.282s] Level 1:colcon.colcon_core.package_identification:_identify(build) by extension 'ignore'
[0.282s] Level 1:colcon.colcon_core.package_identification:_identify(build) ignored
[0.282s] Level 1:colcon.colcon_core.package_identification:_identify(install) by extensions ['ignore', 'ignore_ament_install']
[0.282s] Level 1:colcon.colcon_core.package_identification:_identify(install) by extension 'ignore'
[0.282s] Level 1:colcon.colcon_core.package_identification:_identify(install) ignored
[0.282s] Level 1:colcon.colcon_core.package_identification:_identify(log) by extensions ['ignore', 'ignore_ament_install']
[0.282s] Level 1:colcon.colcon_core.package_identification:_identify(log) by extension 'ignore'
[0.283s] Level 1:colcon.colcon_core.package_identification:_identify(log) ignored
[0.283s] Level 1:colcon.colcon_core.package_identification:_identify(src) by extensions ['ignore', 'ignore_ament_install']
[0.283s] Level 1:colcon.colcon_core.package_identification:_identify(src) by extension 'ignore'
[0.283s] Level 1:colcon.colcon_core.package_identification:_identify(src) by extension 'ignore_ament_install'
[0.283s] Level 1:colcon.colcon_core.package_identification:_identify(src) by extensions ['colcon_pkg']
[0.283s] Level 1:colcon.colcon_core.package_identification:_identify(src) by extension 'colcon_pkg'
[0.283s] Level 1:colcon.colcon_core.package_identification:_identify(src) by extensions ['colcon_meta']
[0.283s] Level 1:colcon.colcon_core.package_identification:_identify(src) by extension 'colcon_meta'
[0.283s] Level 1:colcon.colcon_core.package_identification:_identify(src) by extensions ['ros']
[0.283s] Level 1:colcon.colcon_core.package_identification:_identify(src) by extension 'ros'
[0.283s] Level 1:colcon.colcon_core.package_identification:_identify(src) by extensions ['cmake', 'python']
[0.283s] Level 1:colcon.colcon_core.package_identification:_identify(src) by extension 'cmake'
[0.283s] Level 1:colcon.colcon_core.package_identification:_identify(src) by extension 'python'
[0.283s] Level 1:colcon.colcon_core.package_identification:_identify(src) by extensions ['python_setup_py']
[0.283s] Level 1:colcon.colcon_core.package_identification:_identify(src) by extension 'python_setup_py'
[0.284s] Level 1:colcon.colcon_core.package_identification:_identify(src/erl1) by extensions ['ignore', 'ignore_ament_install']
[0.284s] Level 1:colcon.colcon_core.package_identification:_identify(src/erl1) by extension 'ignore'
[0.284s] Level 1:colcon.colcon_core.package_identification:_identify(src/erl1) by extension 'ignore_ament_install'
[0.284s] Level 1:colcon.colcon_core.package_identification:_identify(src/erl1) by extensions ['colcon_pkg']
[0.284s] Level 1:colcon.colcon_core.package_identification:_identify(src/erl1) by extension 'colcon_pkg'
[0.284s] Level 1:colcon.colcon_core.package_identification:_identify(src/erl1) by extensions ['colcon_meta']
[0.284s] Level 1:colcon.colcon_core.package_identification:_identify(src/erl1) by extension 'colcon_meta'
[0.284s] Level 1:colcon.colcon_core.package_identification:_identify(src/erl1) by extensions ['ros']
[0.284s] Level 1:colcon.colcon_core.package_identification:_identify(src/erl1) by extension 'ros'
[0.288s] DEBUG:colcon.colcon_core.package_identification:Package 'src/erl1' with type 'ros.ament_cmake' and name 'erl1'
[0.288s] Level 1:colcon.colcon_core.package_identification:_identify(src/erl1_sensors) by extensions ['ignore', 'ignore_ament_install']
[0.288s] Level 1:colcon.colcon_core.package_identification:_identify(src/erl1_sensors) by extension 'ignore'
[0.288s] Level 1:colcon.colcon_core.package_identification:_identify(src/erl1_sensors) by extension 'ignore_ament_install'
[0.288s] Level 1:colcon.colcon_core.package_identification:_identify(src/erl1_sensors) by extensions ['colcon_pkg']
[0.288s] Level 1:colcon.colcon_core.package_identification:_identify(src/erl1_sensors) by extension 'colcon_pkg'
[0.288s] Level 1:colcon.colcon_core.package_identification:_identify(src/erl1_sensors) by extensions ['colcon_meta']
[0.288s] Level 1:colcon.colcon_core.package_identification:_identify(src/erl1_sensors) by extension 'colcon_meta'
[0.288s] Level 1:colcon.colcon_core.package_identification:_identify(src/erl1_sensors) by extensions ['ros']
[0.288s] Level 1:colcon.colcon_core.package_identification:_identify(src/erl1_sensors) by extension 'ros'
[0.288s] Level 1:colcon.colcon_core.package_identification:_identify(src/erl1_sensors) by extensions ['cmake', 'python']
[0.288s] Level 1:colcon.colcon_core.package_identification:_identify(src/erl1_sensors) by extension 'cmake'
[0.288s] Level 1:colcon.colcon_core.package_identification:_identify(src/erl1_sensors) by extension 'python'
[0.289s] Level 1:colcon.colcon_core.package_identification:_identify(src/erl1_sensors) by extensions ['python_setup_py']
[0.289s] Level 1:colcon.colcon_core.package_identification:_identify(src/erl1_sensors) by extension 'python_setup_py'
[0.289s] Level 1:colcon.colcon_core.package_identification:_identify(src/erl1_sensors/bme_gazebo_sensors) by extensions ['ignore', 'ignore_ament_install']
[0.289s] Level 1:colcon.colcon_core.package_identification:_identify(src/erl1_sensors/bme_gazebo_sensors) by extension 'ignore'
[0.289s] Level 1:colcon.colcon_core.package_identification:_identify(src/erl1_sensors/bme_gazebo_sensors) by extension 'ignore_ament_install'
[0.289s] Level 1:colcon.colcon_core.package_identification:_identify(src/erl1_sensors/bme_gazebo_sensors) by extensions ['colcon_pkg']
[0.289s] Level 1:colcon.colcon_core.package_identification:_identify(src/erl1_sensors/bme_gazebo_sensors) by extension 'colcon_pkg'
[0.289s] Level 1:colcon.colcon_core.package_identification:_identify(src/erl1_sensors/bme_gazebo_sensors) by extensions ['colcon_meta']
[0.289s] Level 1:colcon.colcon_core.package_identification:_identify(src/erl1_sensors/bme_gazebo_sensors) by extension 'colcon_meta'
[0.289s] Level 1:colcon.colcon_core.package_identification:_identify(src/erl1_sensors/bme_gazebo_sensors) by extensions ['ros']
[0.289s] Level 1:colcon.colcon_core.package_identification:_identify(src/erl1_sensors/bme_gazebo_sensors) by extension 'ros'
[0.290s] DEBUG:colcon.colcon_core.package_identification:Package 'src/erl1_sensors/bme_gazebo_sensors' with type 'ros.ament_cmake' and name 'bme_gazebo_sensors'
[0.290s] Level 1:colcon.colcon_core.package_identification:_identify(src/plansys_interface) by extensions ['ignore', 'ignore_ament_install']
[0.290s] Level 1:colcon.colcon_core.package_identification:_identify(src/plansys_interface) by extension 'ignore'
[0.290s] Level 1:colcon.colcon_core.package_identification:_identify(src/plansys_interface) by extension 'ignore_ament_install'
[0.290s] Level 1:colcon.colcon_core.package_identification:_identify(src/plansys_interface) by extensions ['colcon_pkg']
[0.290s] Level 1:colcon.colcon_core.package_identification:_identify(src/plansys_interface) by extension 'colcon_pkg'
[0.290s] Level 1:colcon.colcon_core.package_identification:_identify(src/plansys_interface) by extensions ['colcon_meta']
[0.290s] Level 1:colcon.colcon_core.package_identification:_identify(src/plansys_interface) by extension 'colcon_meta'
[0.290s] Level 1:colcon.colcon_core.package_identification:_identify(src/plansys_interface) by extensions ['ros']
[0.290s] Level 1:colcon.colcon_core.package_identification:_identify(src/plansys_interface) by extension 'ros'
[0.291s] DEBUG:colcon.colcon_core.package_identification:Package 'src/plansys_interface' with type 'ros.ament_cmake' and name 'plansys_interface'
[0.291s] Level 1:colcon.colcon_core.package_identification:_identify(src/ros_aruco_opencv) by extensions ['ignore', 'ignore_ament_install']
[0.291s] Level 1:colcon.colcon_core.package_identification:_identify(src/ros_aruco_opencv) by extension 'ignore'
[0.291s] Level 1:colcon.colcon_core.package_identification:_identify(src/ros_aruco_opencv) by extension 'ignore_ament_install'
[0.291s] Level 1:colcon.colcon_core.package_identification:_identify(src/ros_aruco_opencv) by extensions ['colcon_pkg']
[0.291s] Level 1:colcon.colcon_core.package_identification:_identify(src/ros_aruco_opencv) by extension 'colcon_pkg'
[0.291s] Level 1:colcon.colcon_core.package_identification:_identify(src/ros_aruco_opencv) by extensions ['colcon_meta']
[0.291s] Level 1:colcon.colcon_core.package_identification:_identify(src/ros_aruco_opencv) by extension 'colcon_meta'
[0.291s] Level 1:colcon.colcon_core.package_identification:_identify(src/ros_aruco_opencv) by extensions ['ros']
[0.291s] Level 1:colcon.colcon_core.package_identification:_identify(src/ros_aruco_opencv) by extension 'ros'
[0.292s] Level 1:colcon.colcon_core.package_identification:_identify(src/ros_aruco_opencv) by extensions ['cmake', 'python']
[0.292s] Level 1:colcon.colcon_core.package_identification:_identify(src/ros_aruco_opencv) by extension 'cmake'
[0.292s] Level 1:colcon.colcon_core.package_identification:_identify(src/ros_aruco_opencv) by extension 'python'
[0.292s] Level 1:colcon.colcon_core.package_identification:_identify(src/ros_aruco_opencv) by extensions ['python_setup_py']
[0.292s] Level 1:colcon.colcon_core.package_identification:_identify(src/ros_aruco_opencv) by extension 'python_setup_py'
[0.292s] Level 1:colcon.colcon_core.package_identification:_identify(src/ros_aruco_opencv/aruco_opencv) by extensions ['ignore', 'ignore_ament_install']
[0.292s] Level 1:colcon.colcon_core.package_identification:_identify(src/ros_aruco_opencv/aruco_opencv) by extension 'ignore'
[0.292s] Level 1:colcon.colcon_core.package_identification:_identify(src/ros_aruco_opencv/aruco_opencv) by extension 'ignore_ament_install'
[0.292s] Level 1:colcon.colcon_core.package_identification:_identify(src/ros_aruco_opencv/aruco_opencv) by extensions ['colcon_pkg']
[0.292s] Level 1:colcon.colcon_core.package_identification:_identify(src/ros_aruco_opencv/aruco_opencv) by extension 'colcon_pkg'
[0.292s] Level 1:colcon.colcon_core.package_identification:_identify(src/ros_aruco_opencv/aruco_opencv) by extensions ['colcon_meta']
[0.292s] Level 1:colcon.colcon_core.package_identification:_identify(src/ros_aruco_opencv/aruco_opencv) by extension 'colcon_meta'
[0.292s] Level 1:colcon.colcon_core.package_identification:_identify(src/ros_aruco_opencv/aruco_opencv) by extensions ['ros']
[0.292s] Level 1:colcon.colcon_core.package_identification:_identify(src/ros_aruco_opencv/aruco_opencv) by extension 'ros'
[0.293s] DEBUG:colcon.colcon_core.package_identification:Package 'src/ros_aruco_opencv/aruco_opencv' with type 'ros.ament_cmake' and name 'aruco_opencv'
[0.293s] Level 1:colcon.colcon_core.package_identification:_identify(src/ros_aruco_opencv/aruco_opencv_msgs) by extensions ['ignore', 'ignore_ament_install']
[0.294s] Level 1:colcon.colcon_core.package_identification:_identify(src/ros_aruco_opencv/aruco_opencv_msgs) by extension 'ignore'
[0.294s] Level 1:colcon.colcon_core.package_identification:_identify(src/ros_aruco_opencv/aruco_opencv_msgs) by extension 'ignore_ament_install'
[0.294s] Level 1:colcon.colcon_core.package_identification:_identify(src/ros_aruco_opencv/aruco_opencv_msgs) by extensions ['colcon_pkg']
[0.294s] Level 1:colcon.colcon_core.package_identification:_identify(src/ros_aruco_opencv/aruco_opencv_msgs) by extension 'colcon_pkg'
[0.294s] Level 1:colcon.colcon_core.package_identification:_identify(src/ros_aruco_opencv/aruco_opencv_msgs) by extensions ['colcon_meta']
[0.294s] Level 1:colcon.colcon_core.package_identification:_identify(src/ros_aruco_opencv/aruco_opencv_msgs) by extension 'colcon_meta'
[0.294s] Level 1:colcon.colcon_core.package_identification:_identify(src/ros_aruco_opencv/aruco_opencv_msgs) by extensions ['ros']
[0.294s] Level 1:colcon.colcon_core.package_identification:_identify(src/ros_aruco_opencv/aruco_opencv_msgs) by extension 'ros'
[0.295s] DEBUG:colcon.colcon_core.package_identification:Package 'src/ros_aruco_opencv/aruco_opencv_msgs' with type 'ros.ament_cmake' and name 'aruco_opencv_msgs'
[0.295s] Level 1:colcon.colcon_core.package_discovery:discover_packages(recursive) using defaults
[0.295s] Level 1:colcon.colcon_core.package_discovery:discover_packages(ignore) discover
[0.295s] Level 1:colcon.colcon_core.package_discovery:discover_packages(ignore) using defaults
[0.295s] Level 1:colcon.colcon_core.package_discovery:discover_packages(path) discover
[0.295s] Level 1:colcon.colcon_core.package_discovery:discover_packages(path) using defaults
[0.322s] INFO:colcon.colcon_core.package_selection:Skipping not selected package 'aruco_opencv_msgs' in 'src/ros_aruco_opencv/aruco_opencv_msgs'
[0.322s] INFO:colcon.colcon_core.package_selection:Skipping not selected package 'bme_gazebo_sensors' in 'src/erl1_sensors/bme_gazebo_sensors'
[0.322s] INFO:colcon.colcon_core.package_selection:Skipping not selected package 'erl1' in 'src/erl1'
[0.322s] INFO:colcon.colcon_core.package_selection:Skipping not selected package 'plansys_interface' in 'src/plansys_interface'
[0.322s] Level 5:colcon.colcon_core.verb:set package 'aruco_opencv' build argument 'cmake_args' from command line to 'None'
[0.322s] Level 5:colcon.colcon_core.verb:set package 'aruco_opencv' build argument 'cmake_target' from command line to 'None'
[0.323s] Level 5:colcon.colcon_core.verb:set package 'aruco_opencv' build argument 'cmake_target_skip_unavailable' from command line to 'False'
[0.323s] Level 5:colcon.colcon_core.verb:set package 'aruco_opencv' build argument 'cmake_clean_cache' from command line to 'False'
[0.323s] Level 5:colcon.colcon_core.verb:set package 'aruco_opencv' build argument 'cmake_clean_first' from command line to 'False'
[0.323s] Level 5:colcon.colcon_core.verb:set package 'aruco_opencv' build argument 'cmake_force_configure' from command line to 'False'
[0.323s] Level 5:colcon.colcon_core.verb:set package 'aruco_opencv' build argument 'ament_cmake_args' from command line to 'None'
[0.323s] Level 5:colcon.colcon_core.verb:set package 'aruco_opencv' build argument 'catkin_cmake_args' from command line to 'None'
[0.323s] Level 5:colcon.colcon_core.verb:set package 'aruco_opencv' build argument 'catkin_skip_building_tests' from command line to 'False'
[0.323s] DEBUG:colcon.colcon_core.verb:Building package 'aruco_opencv' with the following arguments: {'ament_cmake_args': None, 'build_base': '/home/assignments/assignment3/ws/build/aruco_opencv', 'catkin_cmake_args': None, 'catkin_skip_building_tests': False, 'cmake_args': None, 'cmake_clean_cache': False, 'cmake_clean_first': False, 'cmake_force_configure': False, 'cmake_target': None, 'cmake_target_skip_unavailable': False, 'install_base': '/home/assignments/assignment3/ws/install/aruco_opencv', 'merge_install': False, 'path': '/home/assignments/assignment3/ws/src/ros_aruco_opencv/aruco_opencv', 'symlink_install': False, 'test_result_base': None}
[0.323s] INFO:colcon.colcon_core.executor:Executing jobs using 'parallel' executor
[0.325s] DEBUG:colcon.colcon_parallel_executor.executor.parallel:run_until_complete
[0.325s] INFO:colcon.colcon_ros.task.ament_cmake.build:Building ROS package in '/home/assignments/assignment3/ws/src/ros_aruco_opencv/aruco_opencv' with build type 'ament_cmake'
[0.325s] INFO:colcon.colcon_cmake.task.cmake.build:Building CMake package in '/home/assignments/assignment3/ws/src/ros_aruco_opencv/aruco_opencv'
[0.329s] INFO:colcon.colcon_core.plugin_system:Skipping extension 'colcon_core.shell.bat': Not used on non-Windows systems
[0.329s] INFO:colcon.colcon_core.shell:Skip shell extension 'powershell' for command environment: Not usable outside of PowerShell
[0.329s] DEBUG:colcon.colcon_core.shell:Skip shell extension 'dsv' for command environment
[0.335s] ERROR:colcon.colcon_cmake.task.cmake.build:Failed to find the following files:
- /home/assignments/assignment3/ws/install/aruco_opencv_msgs/share/aruco_opencv_msgs/package.sh
Check that the following packages have been built:
- aruco_opencv_msgs
[0.335s] Level 1:colcon.colcon_core.environment:create_environment_scripts_only(aruco_opencv)
[0.338s] Level 1:colcon.colcon_core.environment:checking '/home/assignments/assignment3/ws/install/aruco_opencv' for CMake module files
[0.339s] Level 1:colcon.colcon_core.environment:checking '/home/assignments/assignment3/ws/install/aruco_opencv' for CMake config files
[0.339s] Level 1:colcon.colcon_core.environment:checking '/home/assignments/assignment3/ws/install/aruco_opencv/bin'
[0.340s] Level 1:colcon.colcon_core.environment:checking '/home/assignments/assignment3/ws/install/aruco_opencv/lib/pkgconfig/aruco_opencv.pc'
[0.341s] Level 1:colcon.colcon_core.environment:checking '/home/assignments/assignment3/ws/install/aruco_opencv/lib/python3.12/site-packages'
[0.342s] Level 1:colcon.colcon_core.environment:checking '/home/assignments/assignment3/ws/install/aruco_opencv/bin'
[0.342s] INFO:colcon.colcon_core.shell:Creating package script '/home/assignments/assignment3/ws/install/aruco_opencv/share/aruco_opencv/package.ps1'
[0.343s] INFO:colcon.colcon_core.shell:Creating package descriptor '/home/assignments/assignment3/ws/install/aruco_opencv/share/aruco_opencv/package.dsv'
[0.344s] INFO:colcon.colcon_core.shell:Creating package script '/home/assignments/assignment3/ws/install/aruco_opencv/share/aruco_opencv/package.sh'
[0.345s] INFO:colcon.colcon_core.shell:Creating package script '/home/assignments/assignment3/ws/install/aruco_opencv/share/aruco_opencv/package.bash'
[0.345s] INFO:colcon.colcon_core.shell:Creating package script '/home/assignments/assignment3/ws/install/aruco_opencv/share/aruco_opencv/package.zsh'
[0.346s] Level 1:colcon.colcon_core.environment:create_file_with_runtime_dependencies(/home/assignments/assignment3/ws/install/aruco_opencv/share/colcon-core/packages/aruco_opencv)
[0.357s] DEBUG:colcon.colcon_parallel_executor.executor.parallel:closing loop
[0.358s] DEBUG:colcon.colcon_parallel_executor.executor.parallel:loop closed
[0.358s] DEBUG:colcon.colcon_parallel_executor.executor.parallel:run_until_complete finished with '1'
[0.358s] DEBUG:colcon.colcon_core.event_reactor:joining thread
[0.379s] INFO:colcon.colcon_core.plugin_system:Skipping extension 'colcon_notification.desktop_notification.notify_send': Could not find 'notify-send'
[0.379s] INFO:colcon.colcon_core.plugin_system:Skipping extension 'colcon_notification.desktop_notification.terminal_notifier': Not used on non-Darwin systems
[0.379s] INFO:colcon.colcon_core.plugin_system:Skipping extension 'colcon_notification.desktop_notification.win32': Not used on non-Windows systems
[0.379s] INFO:colcon.colcon_notification.desktop_notification:Sending desktop notification using 'notify2'
[0.386s] DEBUG:colcon.colcon_notification.desktop_notification.notify2:Failed to initialize notify2: org.freedesktop.DBus.Error.Spawn.ExecFailed: /usr/bin/dbus-launch terminated abnormally without any error message
[0.387s] DEBUG:colcon.colcon_core.event_reactor:joined thread
[0.388s] INFO:colcon.colcon_core.shell:Creating prefix script '/home/assignments/assignment3/ws/install/local_setup.ps1'
[0.390s] INFO:colcon.colcon_core.shell:Creating prefix util module '/home/assignments/assignment3/ws/install/_local_setup_util_ps1.py'
[0.391s] INFO:colcon.colcon_core.shell:Creating prefix chain script '/home/assignments/assignment3/ws/install/setup.ps1'
[0.393s] INFO:colcon.colcon_core.shell:Creating prefix script '/home/assignments/assignment3/ws/install/local_setup.sh'
[0.394s] INFO:colcon.colcon_core.shell:Creating prefix util module '/home/assignments/assignment3/ws/install/_local_setup_util_sh.py'
[0.395s] INFO:colcon.colcon_core.shell:Creating prefix chain script '/home/assignments/assignment3/ws/install/setup.sh'
[0.397s] INFO:colcon.colcon_core.shell:Creating prefix script '/home/assignments/assignment3/ws/install/local_setup.bash'
[0.397s] INFO:colcon.colcon_core.shell:Creating prefix chain script '/home/assignments/assignment3/ws/install/setup.bash'
[0.399s] INFO:colcon.colcon_core.shell:Creating prefix script '/home/assignments/assignment3/ws/install/local_setup.zsh'
[0.400s] INFO:colcon.colcon_core.shell:Creating prefix chain script '/home/assignments/assignment3/ws/install/setup.zsh'
