[0.040s] Invoking command in '/home/assignments/assignment3/ws/build/erl1': CMAKE_PREFIX_PATH=${CMAKE_PREFIX_PATH}:/opt/ros/jazzy /usr/bin/cmake --build /home/assignments/assignment3/ws/build/erl1 -- -j16 -l16
[0.149s] Invoked command in '/home/assignments/assignment3/ws/build/erl1' returned '0': CMAKE_PREFIX_PATH=${CMAKE_PREFIX_PATH}:/opt/ros/jazzy /usr/bin/cmake --build /home/assignments/assignment3/ws/build/erl1 -- -j16 -l16
[0.176s] Invoking command in '/home/assignments/assignment3/ws/build/erl1': CMAKE_PREFIX_PATH=${CMAKE_PREFIX_PATH}:/opt/ros/jazzy /usr/bin/cmake --install /home/assignments/assignment3/ws/build/erl1
[0.196s] -- Install configuration: ""
[0.197s] -- Up-to-date: /home/assignments/assignment3/ws/install/erl1/share/erl1/launch
[0.197s] -- Up-to-date: /home/assignments/assignment3/ws/install/erl1/share/erl1/launch/rviz_launch.py
[0.197s] -- Up-to-date: /home/assignments/assignment3/ws/install/erl1/share/erl1/launch/spawn_robot.launch.py
[0.198s] -- Up-to-date: /home/assignments/assignment3/ws/install/erl1/share/erl1/launch/my_launch.py
[0.198s] -- Up-to-date: /home/assignments/assignment3/ws/install/erl1/share/erl1/worlds
[0.198s] -- Up-to-date: /home/assignments/assignment3/ws/install/erl1/share/erl1/worlds/my_world.sdf
[0.199s] -- Up-to-date: /home/assignments/assignment3/ws/install/erl1/share/erl1/worlds/simple_world.sdf
[0.199s] -- Up-to-date: /home/assignments/assignment3/ws/install/erl1/share/erl1/worlds/empty.sdf
[0.200s] -- Up-to-date: /home/assignments/assignment3/ws/install/erl1/share/erl1/rviz
[0.200s] -- Up-to-date: /home/assignments/assignment3/ws/install/erl1/share/erl1/rviz/urdf.rviz
[0.200s] -- Up-to-date: /home/assignments/assignment3/ws/install/erl1/share/erl1/urdf
[0.200s] -- Up-to-date: /home/assignments/assignment3/ws/install/erl1/share/erl1/urdf/erl1.gazebo
[0.200s] -- Up-to-date: /home/assignments/assignment3/ws/install/erl1/share/erl1/urdf/erl1.urdf
[0.201s] -- Up-to-date: /home/assignments/assignment3/ws/install/erl1/share/erl1/meshes
[0.201s] -- Up-to-date: /home/assignments/assignment3/ws/install/erl1/share/ament_index/resource_index/package_run_dependencies/erl1
[0.201s] -- Up-to-date: /home/assignments/assignment3/ws/install/erl1/share/ament_index/resource_index/parent_prefix_path/erl1
[0.201s] -- Up-to-date: /home/assignments/assignment3/ws/install/erl1/share/erl1/environment/ament_prefix_path.sh
[0.201s] -- Up-to-date: /home/assignments/assignment3/ws/install/erl1/share/erl1/environment/ament_prefix_path.dsv
[0.201s] -- Up-to-date: /home/assignments/assignment3/ws/install/erl1/share/erl1/environment/path.sh
[0.202s] -- Up-to-date: /home/assignments/assignment3/ws/install/erl1/share/erl1/environment/path.dsv
[0.202s] -- Up-to-date: /home/assignments/assignment3/ws/install/erl1/share/erl1/local_setup.bash
[0.202s] -- Up-to-date: /home/assignments/assignment3/ws/install/erl1/share/erl1/local_setup.sh
[0.204s] -- Up-to-date: /home/assignments/assignment3/ws/install/erl1/share/erl1/local_setup.zsh
[0.204s] -- Up-to-date: /home/assignments/assignment3/ws/install/erl1/share/erl1/local_setup.dsv
[0.205s] -- Installing: /home/assignments/assignment3/ws/install/erl1/share/erl1/package.dsv
[0.206s] -- Up-to-date: /home/assignments/assignment3/ws/install/erl1/share/ament_index/resource_index/packages/erl1
[0.207s] -- Up-to-date: /home/assignments/assignment3/ws/install/erl1/share/erl1/cmake/erl1Config.cmake
[0.207s] -- Up-to-date: /home/assignments/assignment3/ws/install/erl1/share/erl1/cmake/erl1Config-version.cmake
[0.208s] -- Up-to-date: /home/assignments/assignment3/ws/install/erl1/share/erl1/package.xml
[0.214s] Invoked command in '/home/assignments/assignment3/ws/build/erl1' returned '0': CMAKE_PREFIX_PATH=${CMAKE_PREFIX_PATH}:/opt/ros/jazzy /usr/bin/cmake --install /home/assignments/assignment3/ws/build/erl1
