[0.056s] Invoking command in '/home/assignments/assignment3/ws/build/aruco_opencv_msgs': CMAKE_PREFIX_PATH=${CMAKE_PREFIX_PATH}:/opt/ros/jazzy /usr/bin/cmake --build /home/assignments/assignment3/ws/build/aruco_opencv_msgs -- -j16 -l16
[0.201s] [  1%] Built target aruco_opencv_msgs__rosidl_generator_type_description
[0.251s] [  1%] Built target ament_cmake_python_copy_aruco_opencv_msgs
[0.294s] [ 22%] Built target aruco_opencv_msgs__rosidl_generator_c
[0.302s] [ 24%] Built target aruco_opencv_msgs__cpp
[0.379s] [ 33%] Built target aruco_opencv_msgs__rosidl_typesupport_introspection_c
[0.380s] [ 42%] Built target aruco_opencv_msgs__rosidl_typesupport_c
[0.381s] [ 61%] Built target aruco_opencv_msgs__rosidl_typesupport_cpp
[0.382s] [ 61%] Built target aruco_opencv_msgs__rosidl_typesupport_introspection_cpp
[0.389s] [ 70%] Built target aruco_opencv_msgs__rosidl_typesupport_fastrtps_c
[0.393s] [ 79%] Built target aruco_opencv_msgs__rosidl_typesupport_fastrtps_cpp
[0.456s] [ 79%] Built target aruco_opencv_msgs
[0.515s] [ 81%] Built target aruco_opencv_msgs__py
[0.579s] [ 88%] Built target aruco_opencv_msgs__rosidl_generator_py
[0.658s] [ 92%] Built target aruco_opencv_msgs_s__rosidl_typesupport_fastrtps_c
[0.664s] [ 96%] Built target aruco_opencv_msgs_s__rosidl_typesupport_c
[0.664s] [100%] Built target aruco_opencv_msgs_s__rosidl_typesupport_introspection_c
[0.735s] running egg_info
[0.773s] writing aruco_opencv_msgs.egg-info/PKG-INFO
[0.774s] writing dependency_links to aruco_opencv_msgs.egg-info/dependency_links.txt
[0.775s] writing top-level names to aruco_opencv_msgs.egg-info/top_level.txt
[0.870s] reading manifest file 'aruco_opencv_msgs.egg-info/SOURCES.txt'
[0.871s] writing manifest file 'aruco_opencv_msgs.egg-info/SOURCES.txt'
[0.987s] [100%] Built target ament_cmake_python_build_aruco_opencv_msgs_egg
[1.028s] Invoked command in '/home/assignments/assignment3/ws/build/aruco_opencv_msgs' returned '0': CMAKE_PREFIX_PATH=${CMAKE_PREFIX_PATH}:/opt/ros/jazzy /usr/bin/cmake --build /home/assignments/assignment3/ws/build/aruco_opencv_msgs -- -j16 -l16
[1.032s] Invoking command in '/home/assignments/assignment3/ws/build/aruco_opencv_msgs': CMAKE_PREFIX_PATH=${CMAKE_PREFIX_PATH}:/opt/ros/jazzy /usr/bin/cmake --install /home/assignments/assignment3/ws/build/aruco_opencv_msgs
[1.059s] -- Install configuration: ""
[1.059s] -- Up-to-date: /home/assignments/assignment3/ws/install/aruco_opencv_msgs/share/ament_index/resource_index/rosidl_interfaces/aruco_opencv_msgs
[1.060s] -- Up-to-date: /home/assignments/assignment3/ws/install/aruco_opencv_msgs/share/aruco_opencv_msgs/msg/ArucoDetection.json
[1.060s] -- Up-to-date: /home/assignments/assignment3/ws/install/aruco_opencv_msgs/share/aruco_opencv_msgs/msg/BoardPose.json
[1.060s] -- Up-to-date: /home/assignments/assignment3/ws/install/aruco_opencv_msgs/share/aruco_opencv_msgs/msg/MarkerPose.json
[1.060s] -- Up-to-date: /home/assignments/assignment3/ws/install/aruco_opencv_msgs/include/aruco_opencv_msgs/aruco_opencv_msgs
[1.060s] -- Up-to-date: /home/assignments/assignment3/ws/install/aruco_opencv_msgs/include/aruco_opencv_msgs/aruco_opencv_msgs/msg
[1.061s] -- Up-to-date: /home/assignments/assignment3/ws/install/aruco_opencv_msgs/include/aruco_opencv_msgs/aruco_opencv_msgs/msg/aruco_detection.h
[1.061s] -- Up-to-date: /home/assignments/assignment3/ws/install/aruco_opencv_msgs/include/aruco_opencv_msgs/aruco_opencv_msgs/msg/detail
[1.061s] -- Up-to-date: /home/assignments/assignment3/ws/install/aruco_opencv_msgs/include/aruco_opencv_msgs/aruco_opencv_msgs/msg/detail/board_pose__description.c
[1.061s] -- Up-to-date: /home/assignments/assignment3/ws/install/aruco_opencv_msgs/include/aruco_opencv_msgs/aruco_opencv_msgs/msg/detail/aruco_detection__functions.c
[1.062s] -- Up-to-date: /home/assignments/assignment3/ws/install/aruco_opencv_msgs/include/aruco_opencv_msgs/aruco_opencv_msgs/msg/detail/marker_pose__description.c
[1.062s] -- Up-to-date: /home/assignments/assignment3/ws/install/aruco_opencv_msgs/include/aruco_opencv_msgs/aruco_opencv_msgs/msg/detail/aruco_detection__struct.h
[1.062s] -- Up-to-date: /home/assignments/assignment3/ws/install/aruco_opencv_msgs/include/aruco_opencv_msgs/aruco_opencv_msgs/msg/detail/marker_pose__type_support.h
[1.062s] -- Up-to-date: /home/assignments/assignment3/ws/install/aruco_opencv_msgs/include/aruco_opencv_msgs/aruco_opencv_msgs/msg/detail/board_pose__type_support.c
[1.062s] -- Up-to-date: /home/assignments/assignment3/ws/install/aruco_opencv_msgs/include/aruco_opencv_msgs/aruco_opencv_msgs/msg/detail/marker_pose__functions.h
[1.062s] -- Up-to-date: /home/assignments/assignment3/ws/install/aruco_opencv_msgs/include/aruco_opencv_msgs/aruco_opencv_msgs/msg/detail/board_pose__type_support.h
[1.062s] -- Up-to-date: /home/assignments/assignment3/ws/install/aruco_opencv_msgs/include/aruco_opencv_msgs/aruco_opencv_msgs/msg/detail/marker_pose__struct.h
[1.063s] -- Up-to-date: /home/assignments/assignment3/ws/install/aruco_opencv_msgs/include/aruco_opencv_msgs/aruco_opencv_msgs/msg/detail/aruco_detection__type_support.c
[1.063s] -- Up-to-date: /home/assignments/assignment3/ws/install/aruco_opencv_msgs/include/aruco_opencv_msgs/aruco_opencv_msgs/msg/detail/aruco_detection__functions.h
[1.063s] -- Up-to-date: /home/assignments/assignment3/ws/install/aruco_opencv_msgs/include/aruco_opencv_msgs/aruco_opencv_msgs/msg/detail/board_pose__struct.h
[1.063s] -- Up-to-date: /home/assignments/assignment3/ws/install/aruco_opencv_msgs/include/aruco_opencv_msgs/aruco_opencv_msgs/msg/detail/board_pose__functions.h
[1.063s] -- Up-to-date: /home/assignments/assignment3/ws/install/aruco_opencv_msgs/include/aruco_opencv_msgs/aruco_opencv_msgs/msg/detail/marker_pose__functions.c
[1.063s] -- Up-to-date: /home/assignments/assignment3/ws/install/aruco_opencv_msgs/include/aruco_opencv_msgs/aruco_opencv_msgs/msg/detail/aruco_detection__type_support.h
[1.063s] -- Up-to-date: /home/assignments/assignment3/ws/install/aruco_opencv_msgs/include/aruco_opencv_msgs/aruco_opencv_msgs/msg/detail/aruco_detection__description.c
[1.064s] -- Up-to-date: /home/assignments/assignment3/ws/install/aruco_opencv_msgs/include/aruco_opencv_msgs/aruco_opencv_msgs/msg/detail/marker_pose__type_support.c
[1.064s] -- Up-to-date: /home/assignments/assignment3/ws/install/aruco_opencv_msgs/include/aruco_opencv_msgs/aruco_opencv_msgs/msg/detail/board_pose__functions.c
[1.064s] -- Up-to-date: /home/assignments/assignment3/ws/install/aruco_opencv_msgs/include/aruco_opencv_msgs/aruco_opencv_msgs/msg/marker_pose.h
[1.064s] -- Up-to-date: /home/assignments/assignment3/ws/install/aruco_opencv_msgs/include/aruco_opencv_msgs/aruco_opencv_msgs/msg/board_pose.h
[1.064s] -- Up-to-date: /home/assignments/assignment3/ws/install/aruco_opencv_msgs/include/aruco_opencv_msgs/aruco_opencv_msgs/msg/rosidl_generator_c__visibility_control.h
[1.064s] -- Up-to-date: /home/assignments/assignment3/ws/install/aruco_opencv_msgs/share/aruco_opencv_msgs/environment/library_path.sh
[1.064s] -- Up-to-date: /home/assignments/assignment3/ws/install/aruco_opencv_msgs/share/aruco_opencv_msgs/environment/library_path.dsv
[1.064s] -- Up-to-date: /home/assignments/assignment3/ws/install/aruco_opencv_msgs/lib/libaruco_opencv_msgs__rosidl_generator_c.so
[1.064s] -- Up-to-date: /home/assignments/assignment3/ws/install/aruco_opencv_msgs/include/aruco_opencv_msgs/aruco_opencv_msgs
[1.065s] -- Up-to-date: /home/assignments/assignment3/ws/install/aruco_opencv_msgs/include/aruco_opencv_msgs/aruco_opencv_msgs/msg
[1.065s] -- Up-to-date: /home/assignments/assignment3/ws/install/aruco_opencv_msgs/include/aruco_opencv_msgs/aruco_opencv_msgs/msg/detail
[1.065s] -- Up-to-date: /home/assignments/assignment3/ws/install/aruco_opencv_msgs/include/aruco_opencv_msgs/aruco_opencv_msgs/msg/detail/board_pose__rosidl_typesupport_fastrtps_c.h
[1.065s] -- Up-to-date: /home/assignments/assignment3/ws/install/aruco_opencv_msgs/include/aruco_opencv_msgs/aruco_opencv_msgs/msg/detail/aruco_detection__rosidl_typesupport_fastrtps_c.h
[1.065s] -- Up-to-date: /home/assignments/assignment3/ws/install/aruco_opencv_msgs/include/aruco_opencv_msgs/aruco_opencv_msgs/msg/detail/marker_pose__rosidl_typesupport_fastrtps_c.h
[1.065s] -- Up-to-date: /home/assignments/assignment3/ws/install/aruco_opencv_msgs/include/aruco_opencv_msgs/aruco_opencv_msgs/msg/rosidl_typesupport_fastrtps_c__visibility_control.h
[1.065s] -- Up-to-date: /home/assignments/assignment3/ws/install/aruco_opencv_msgs/lib/libaruco_opencv_msgs__rosidl_typesupport_fastrtps_c.so
[1.065s] -- Up-to-date: /home/assignments/assignment3/ws/install/aruco_opencv_msgs/include/aruco_opencv_msgs/aruco_opencv_msgs
[1.067s] -- Up-to-date: /home/assignments/assignment3/ws/install/aruco_opencv_msgs/include/aruco_opencv_msgs/aruco_opencv_msgs/msg
[1.067s] -- Up-to-date: /home/assignments/assignment3/ws/install/aruco_opencv_msgs/include/aruco_opencv_msgs/aruco_opencv_msgs/msg/detail
[1.068s] -- Up-to-date: /home/assignments/assignment3/ws/install/aruco_opencv_msgs/include/aruco_opencv_msgs/aruco_opencv_msgs/msg/detail/board_pose__rosidl_typesupport_introspection_c.h
[1.068s] -- Up-to-date: /home/assignments/assignment3/ws/install/aruco_opencv_msgs/include/aruco_opencv_msgs/aruco_opencv_msgs/msg/detail/board_pose__type_support.c
[1.068s] -- Up-to-date: /home/assignments/assignment3/ws/install/aruco_opencv_msgs/include/aruco_opencv_msgs/aruco_opencv_msgs/msg/detail/aruco_detection__rosidl_typesupport_introspection_c.h
[1.069s] -- Up-to-date: /home/assignments/assignment3/ws/install/aruco_opencv_msgs/include/aruco_opencv_msgs/aruco_opencv_msgs/msg/detail/aruco_detection__type_support.c
[1.069s] -- Up-to-date: /home/assignments/assignment3/ws/install/aruco_opencv_msgs/include/aruco_opencv_msgs/aruco_opencv_msgs/msg/detail/marker_pose__rosidl_typesupport_introspection_c.h
[1.069s] -- Up-to-date: /home/assignments/assignment3/ws/install/aruco_opencv_msgs/include/aruco_opencv_msgs/aruco_opencv_msgs/msg/detail/marker_pose__type_support.c
[1.069s] -- Up-to-date: /home/assignments/assignment3/ws/install/aruco_opencv_msgs/include/aruco_opencv_msgs/aruco_opencv_msgs/msg/rosidl_typesupport_introspection_c__visibility_control.h
[1.069s] -- Up-to-date: /home/assignments/assignment3/ws/install/aruco_opencv_msgs/lib/libaruco_opencv_msgs__rosidl_typesupport_introspection_c.so
[1.069s] -- Up-to-date: /home/assignments/assignment3/ws/install/aruco_opencv_msgs/lib/libaruco_opencv_msgs__rosidl_typesupport_c.so
[1.069s] -- Up-to-date: /home/assignments/assignment3/ws/install/aruco_opencv_msgs/include/aruco_opencv_msgs/aruco_opencv_msgs
[1.069s] -- Up-to-date: /home/assignments/assignment3/ws/install/aruco_opencv_msgs/include/aruco_opencv_msgs/aruco_opencv_msgs/msg
[1.069s] -- Up-to-date: /home/assignments/assignment3/ws/install/aruco_opencv_msgs/include/aruco_opencv_msgs/aruco_opencv_msgs/msg/detail
[1.070s] -- Up-to-date: /home/assignments/assignment3/ws/install/aruco_opencv_msgs/include/aruco_opencv_msgs/aruco_opencv_msgs/msg/detail/board_pose__traits.hpp
[1.070s] -- Up-to-date: /home/assignments/assignment3/ws/install/aruco_opencv_msgs/include/aruco_opencv_msgs/aruco_opencv_msgs/msg/detail/board_pose__type_support.hpp
[1.070s] -- Up-to-date: /home/assignments/assignment3/ws/install/aruco_opencv_msgs/include/aruco_opencv_msgs/aruco_opencv_msgs/msg/detail/marker_pose__struct.hpp
[1.070s] -- Up-to-date: /home/assignments/assignment3/ws/install/aruco_opencv_msgs/include/aruco_opencv_msgs/aruco_opencv_msgs/msg/detail/aruco_detection__type_support.hpp
[1.071s] -- Up-to-date: /home/assignments/assignment3/ws/install/aruco_opencv_msgs/include/aruco_opencv_msgs/aruco_opencv_msgs/msg/detail/aruco_detection__builder.hpp
[1.071s] -- Up-to-date: /home/assignments/assignment3/ws/install/aruco_opencv_msgs/include/aruco_opencv_msgs/aruco_opencv_msgs/msg/detail/aruco_detection__traits.hpp
[1.071s] -- Up-to-date: /home/assignments/assignment3/ws/install/aruco_opencv_msgs/include/aruco_opencv_msgs/aruco_opencv_msgs/msg/detail/marker_pose__builder.hpp
[1.071s] -- Up-to-date: /home/assignments/assignment3/ws/install/aruco_opencv_msgs/include/aruco_opencv_msgs/aruco_opencv_msgs/msg/detail/board_pose__struct.hpp
[1.071s] -- Up-to-date: /home/assignments/assignment3/ws/install/aruco_opencv_msgs/include/aruco_opencv_msgs/aruco_opencv_msgs/msg/detail/marker_pose__type_support.hpp
[1.071s] -- Up-to-date: /home/assignments/assignment3/ws/install/aruco_opencv_msgs/include/aruco_opencv_msgs/aruco_opencv_msgs/msg/detail/aruco_detection__struct.hpp
[1.071s] -- Up-to-date: /home/assignments/assignment3/ws/install/aruco_opencv_msgs/include/aruco_opencv_msgs/aruco_opencv_msgs/msg/detail/board_pose__builder.hpp
[1.071s] -- Up-to-date: /home/assignments/assignment3/ws/install/aruco_opencv_msgs/include/aruco_opencv_msgs/aruco_opencv_msgs/msg/detail/marker_pose__traits.hpp
[1.071s] -- Up-to-date: /home/assignments/assignment3/ws/install/aruco_opencv_msgs/include/aruco_opencv_msgs/aruco_opencv_msgs/msg/board_pose.hpp
[1.072s] -- Up-to-date: /home/assignments/assignment3/ws/install/aruco_opencv_msgs/include/aruco_opencv_msgs/aruco_opencv_msgs/msg/aruco_detection.hpp
[1.072s] -- Up-to-date: /home/assignments/assignment3/ws/install/aruco_opencv_msgs/include/aruco_opencv_msgs/aruco_opencv_msgs/msg/marker_pose.hpp
[1.072s] -- Up-to-date: /home/assignments/assignment3/ws/install/aruco_opencv_msgs/include/aruco_opencv_msgs/aruco_opencv_msgs/msg/rosidl_generator_cpp__visibility_control.hpp
[1.072s] -- Up-to-date: /home/assignments/assignment3/ws/install/aruco_opencv_msgs/include/aruco_opencv_msgs/aruco_opencv_msgs
[1.073s] -- Up-to-date: /home/assignments/assignment3/ws/install/aruco_opencv_msgs/include/aruco_opencv_msgs/aruco_opencv_msgs/msg
[1.073s] -- Up-to-date: /home/assignments/assignment3/ws/install/aruco_opencv_msgs/include/aruco_opencv_msgs/aruco_opencv_msgs/msg/detail
[1.073s] -- Up-to-date: /home/assignments/assignment3/ws/install/aruco_opencv_msgs/include/aruco_opencv_msgs/aruco_opencv_msgs/msg/detail/dds_fastrtps
[1.073s] -- Up-to-date: /home/assignments/assignment3/ws/install/aruco_opencv_msgs/include/aruco_opencv_msgs/aruco_opencv_msgs/msg/detail/board_pose__rosidl_typesupport_fastrtps_cpp.hpp
[1.073s] -- Up-to-date: /home/assignments/assignment3/ws/install/aruco_opencv_msgs/include/aruco_opencv_msgs/aruco_opencv_msgs/msg/detail/marker_pose__rosidl_typesupport_fastrtps_cpp.hpp
[1.073s] -- Up-to-date: /home/assignments/assignment3/ws/install/aruco_opencv_msgs/include/aruco_opencv_msgs/aruco_opencv_msgs/msg/detail/aruco_detection__rosidl_typesupport_fastrtps_cpp.hpp
[1.073s] -- Up-to-date: /home/assignments/assignment3/ws/install/aruco_opencv_msgs/include/aruco_opencv_msgs/aruco_opencv_msgs/msg/rosidl_typesupport_fastrtps_cpp__visibility_control.h
[1.073s] -- Up-to-date: /home/assignments/assignment3/ws/install/aruco_opencv_msgs/lib/libaruco_opencv_msgs__rosidl_typesupport_fastrtps_cpp.so
[1.073s] -- Up-to-date: /home/assignments/assignment3/ws/install/aruco_opencv_msgs/include/aruco_opencv_msgs/aruco_opencv_msgs
[1.074s] -- Up-to-date: /home/assignments/assignment3/ws/install/aruco_opencv_msgs/include/aruco_opencv_msgs/aruco_opencv_msgs/msg
[1.074s] -- Up-to-date: /home/assignments/assignment3/ws/install/aruco_opencv_msgs/include/aruco_opencv_msgs/aruco_opencv_msgs/msg/detail
[1.074s] -- Up-to-date: /home/assignments/assignment3/ws/install/aruco_opencv_msgs/include/aruco_opencv_msgs/aruco_opencv_msgs/msg/detail/aruco_detection__type_support.cpp
[1.074s] -- Up-to-date: /home/assignments/assignment3/ws/install/aruco_opencv_msgs/include/aruco_opencv_msgs/aruco_opencv_msgs/msg/detail/board_pose__rosidl_typesupport_introspection_cpp.hpp
[1.074s] -- Up-to-date: /home/assignments/assignment3/ws/install/aruco_opencv_msgs/include/aruco_opencv_msgs/aruco_opencv_msgs/msg/detail/marker_pose__type_support.cpp
[1.074s] -- Up-to-date: /home/assignments/assignment3/ws/install/aruco_opencv_msgs/include/aruco_opencv_msgs/aruco_opencv_msgs/msg/detail/board_pose__type_support.cpp
[1.074s] -- Up-to-date: /home/assignments/assignment3/ws/install/aruco_opencv_msgs/include/aruco_opencv_msgs/aruco_opencv_msgs/msg/detail/marker_pose__rosidl_typesupport_introspection_cpp.hpp
[1.075s] -- Up-to-date: /home/assignments/assignment3/ws/install/aruco_opencv_msgs/include/aruco_opencv_msgs/aruco_opencv_msgs/msg/detail/aruco_detection__rosidl_typesupport_introspection_cpp.hpp
[1.075s] -- Up-to-date: /home/assignments/assignment3/ws/install/aruco_opencv_msgs/lib/libaruco_opencv_msgs__rosidl_typesupport_introspection_cpp.so
[1.075s] -- Up-to-date: /home/assignments/assignment3/ws/install/aruco_opencv_msgs/lib/libaruco_opencv_msgs__rosidl_typesupport_cpp.so
[1.075s] -- Up-to-date: /home/assignments/assignment3/ws/install/aruco_opencv_msgs/share/aruco_opencv_msgs/environment/pythonpath.sh
[1.075s] -- Up-to-date: /home/assignments/assignment3/ws/install/aruco_opencv_msgs/share/aruco_opencv_msgs/environment/pythonpath.dsv
[1.076s] -- Up-to-date: /home/assignments/assignment3/ws/install/aruco_opencv_msgs/lib/python3.12/site-packages/aruco_opencv_msgs-6.1.1-py3.12.egg-info
[1.076s] -- Installing: /home/assignments/assignment3/ws/install/aruco_opencv_msgs/lib/python3.12/site-packages/aruco_opencv_msgs-6.1.1-py3.12.egg-info/dependency_links.txt
[1.076s] -- Installing: /home/assignments/assignment3/ws/install/aruco_opencv_msgs/lib/python3.12/site-packages/aruco_opencv_msgs-6.1.1-py3.12.egg-info/top_level.txt
[1.076s] -- Installing: /home/assignments/assignment3/ws/install/aruco_opencv_msgs/lib/python3.12/site-packages/aruco_opencv_msgs-6.1.1-py3.12.egg-info/PKG-INFO
[1.076s] -- Installing: /home/assignments/assignment3/ws/install/aruco_opencv_msgs/lib/python3.12/site-packages/aruco_opencv_msgs-6.1.1-py3.12.egg-info/SOURCES.txt
[1.077s] -- Up-to-date: /home/assignments/assignment3/ws/install/aruco_opencv_msgs/lib/python3.12/site-packages/aruco_opencv_msgs
[1.077s] -- Up-to-date: /home/assignments/assignment3/ws/install/aruco_opencv_msgs/lib/python3.12/site-packages/aruco_opencv_msgs/__init__.py
[1.077s] -- Up-to-date: /home/assignments/assignment3/ws/install/aruco_opencv_msgs/lib/python3.12/site-packages/aruco_opencv_msgs/_aruco_opencv_msgs_s.ep.rosidl_typesupport_c.c
[1.078s] -- Up-to-date: /home/assignments/assignment3/ws/install/aruco_opencv_msgs/lib/python3.12/site-packages/aruco_opencv_msgs/aruco_opencv_msgs_s__rosidl_typesupport_fastrtps_c.so
[1.078s] -- Up-to-date: /home/assignments/assignment3/ws/install/aruco_opencv_msgs/lib/python3.12/site-packages/aruco_opencv_msgs/aruco_opencv_msgs_s__rosidl_typesupport_introspection_c.so
[1.078s] -- Up-to-date: /home/assignments/assignment3/ws/install/aruco_opencv_msgs/lib/python3.12/site-packages/aruco_opencv_msgs/aruco_opencv_msgs_s__rosidl_typesupport_c.so
[1.078s] -- Up-to-date: /home/assignments/assignment3/ws/install/aruco_opencv_msgs/lib/python3.12/site-packages/aruco_opencv_msgs/msg
[1.078s] -- Up-to-date: /home/assignments/assignment3/ws/install/aruco_opencv_msgs/lib/python3.12/site-packages/aruco_opencv_msgs/msg/__init__.py
[1.078s] -- Up-to-date: /home/assignments/assignment3/ws/install/aruco_opencv_msgs/lib/python3.12/site-packages/aruco_opencv_msgs/msg/_marker_pose_s.c
[1.078s] -- Up-to-date: /home/assignments/assignment3/ws/install/aruco_opencv_msgs/lib/python3.12/site-packages/aruco_opencv_msgs/msg/_aruco_detection.py
[1.078s] -- Up-to-date: /home/assignments/assignment3/ws/install/aruco_opencv_msgs/lib/python3.12/site-packages/aruco_opencv_msgs/msg/_board_pose.py
[1.078s] -- Up-to-date: /home/assignments/assignment3/ws/install/aruco_opencv_msgs/lib/python3.12/site-packages/aruco_opencv_msgs/msg/_board_pose_s.c
[1.079s] -- Up-to-date: /home/assignments/assignment3/ws/install/aruco_opencv_msgs/lib/python3.12/site-packages/aruco_opencv_msgs/msg/_marker_pose.py
[1.079s] -- Up-to-date: /home/assignments/assignment3/ws/install/aruco_opencv_msgs/lib/python3.12/site-packages/aruco_opencv_msgs/msg/_aruco_detection_s.c
[1.079s] -- Up-to-date: /home/assignments/assignment3/ws/install/aruco_opencv_msgs/lib/python3.12/site-packages/aruco_opencv_msgs/_aruco_opencv_msgs_s.ep.rosidl_typesupport_introspection_c.c
[1.079s] -- Up-to-date: /home/assignments/assignment3/ws/install/aruco_opencv_msgs/lib/python3.12/site-packages/aruco_opencv_msgs/_aruco_opencv_msgs_s.ep.rosidl_typesupport_fastrtps_c.c
[1.162s] Listing '/home/assignments/assignment3/ws/install/aruco_opencv_msgs/lib/python3.12/site-packages/aruco_opencv_msgs'...
[1.162s] Listing '/home/assignments/assignment3/ws/install/aruco_opencv_msgs/lib/python3.12/site-packages/aruco_opencv_msgs/msg'...
[1.182s] -- Up-to-date: /home/assignments/assignment3/ws/install/aruco_opencv_msgs/lib/python3.12/site-packages/aruco_opencv_msgs/aruco_opencv_msgs_s__rosidl_typesupport_fastrtps_c.so
[1.183s] -- Up-to-date: /home/assignments/assignment3/ws/install/aruco_opencv_msgs/lib/python3.12/site-packages/aruco_opencv_msgs/aruco_opencv_msgs_s__rosidl_typesupport_introspection_c.so
[1.184s] -- Up-to-date: /home/assignments/assignment3/ws/install/aruco_opencv_msgs/lib/python3.12/site-packages/aruco_opencv_msgs/aruco_opencv_msgs_s__rosidl_typesupport_c.so
[1.184s] -- Up-to-date: /home/assignments/assignment3/ws/install/aruco_opencv_msgs/lib/libaruco_opencv_msgs__rosidl_generator_py.so
[1.185s] -- Up-to-date: /home/assignments/assignment3/ws/install/aruco_opencv_msgs/share/aruco_opencv_msgs/msg/ArucoDetection.idl
[1.185s] -- Up-to-date: /home/assignments/assignment3/ws/install/aruco_opencv_msgs/share/aruco_opencv_msgs/msg/BoardPose.idl
[1.185s] -- Up-to-date: /home/assignments/assignment3/ws/install/aruco_opencv_msgs/share/aruco_opencv_msgs/msg/MarkerPose.idl
[1.185s] -- Up-to-date: /home/assignments/assignment3/ws/install/aruco_opencv_msgs/share/aruco_opencv_msgs/msg/ArucoDetection.msg
[1.185s] -- Up-to-date: /home/assignments/assignment3/ws/install/aruco_opencv_msgs/share/aruco_opencv_msgs/msg/BoardPose.msg
[1.185s] -- Up-to-date: /home/assignments/assignment3/ws/install/aruco_opencv_msgs/share/aruco_opencv_msgs/msg/MarkerPose.msg
[1.185s] -- Up-to-date: /home/assignments/assignment3/ws/install/aruco_opencv_msgs/share/ament_index/resource_index/package_run_dependencies/aruco_opencv_msgs
[1.186s] -- Up-to-date: /home/assignments/assignment3/ws/install/aruco_opencv_msgs/share/ament_index/resource_index/parent_prefix_path/aruco_opencv_msgs
[1.186s] -- Up-to-date: /home/assignments/assignment3/ws/install/aruco_opencv_msgs/share/aruco_opencv_msgs/environment/ament_prefix_path.sh
[1.186s] -- Up-to-date: /home/assignments/assignment3/ws/install/aruco_opencv_msgs/share/aruco_opencv_msgs/environment/ament_prefix_path.dsv
[1.186s] -- Up-to-date: /home/assignments/assignment3/ws/install/aruco_opencv_msgs/share/aruco_opencv_msgs/environment/path.sh
[1.186s] -- Up-to-date: /home/assignments/assignment3/ws/install/aruco_opencv_msgs/share/aruco_opencv_msgs/environment/path.dsv
[1.186s] -- Up-to-date: /home/assignments/assignment3/ws/install/aruco_opencv_msgs/share/aruco_opencv_msgs/local_setup.bash
[1.186s] -- Up-to-date: /home/assignments/assignment3/ws/install/aruco_opencv_msgs/share/aruco_opencv_msgs/local_setup.sh
[1.187s] -- Up-to-date: /home/assignments/assignment3/ws/install/aruco_opencv_msgs/share/aruco_opencv_msgs/local_setup.zsh
[1.187s] -- Up-to-date: /home/assignments/assignment3/ws/install/aruco_opencv_msgs/share/aruco_opencv_msgs/local_setup.dsv
[1.187s] -- Installing: /home/assignments/assignment3/ws/install/aruco_opencv_msgs/share/aruco_opencv_msgs/package.dsv
[1.187s] -- Up-to-date: /home/assignments/assignment3/ws/install/aruco_opencv_msgs/share/ament_index/resource_index/packages/aruco_opencv_msgs
[1.187s] -- Up-to-date: /home/assignments/assignment3/ws/install/aruco_opencv_msgs/share/aruco_opencv_msgs/cmake/export_aruco_opencv_msgs__rosidl_generator_cExport.cmake
[1.187s] -- Up-to-date: /home/assignments/assignment3/ws/install/aruco_opencv_msgs/share/aruco_opencv_msgs/cmake/export_aruco_opencv_msgs__rosidl_generator_cExport-noconfig.cmake
[1.187s] -- Up-to-date: /home/assignments/assignment3/ws/install/aruco_opencv_msgs/share/aruco_opencv_msgs/cmake/export_aruco_opencv_msgs__rosidl_typesupport_fastrtps_cExport.cmake
[1.188s] -- Up-to-date: /home/assignments/assignment3/ws/install/aruco_opencv_msgs/share/aruco_opencv_msgs/cmake/export_aruco_opencv_msgs__rosidl_typesupport_fastrtps_cExport-noconfig.cmake
[1.188s] -- Up-to-date: /home/assignments/assignment3/ws/install/aruco_opencv_msgs/share/aruco_opencv_msgs/cmake/aruco_opencv_msgs__rosidl_typesupport_introspection_cExport.cmake
[1.188s] -- Up-to-date: /home/assignments/assignment3/ws/install/aruco_opencv_msgs/share/aruco_opencv_msgs/cmake/aruco_opencv_msgs__rosidl_typesupport_introspection_cExport-noconfig.cmake
[1.188s] -- Up-to-date: /home/assignments/assignment3/ws/install/aruco_opencv_msgs/share/aruco_opencv_msgs/cmake/aruco_opencv_msgs__rosidl_typesupport_cExport.cmake
[1.188s] -- Up-to-date: /home/assignments/assignment3/ws/install/aruco_opencv_msgs/share/aruco_opencv_msgs/cmake/aruco_opencv_msgs__rosidl_typesupport_cExport-noconfig.cmake
[1.188s] -- Up-to-date: /home/assignments/assignment3/ws/install/aruco_opencv_msgs/share/aruco_opencv_msgs/cmake/export_aruco_opencv_msgs__rosidl_generator_cppExport.cmake
[1.188s] -- Up-to-date: /home/assignments/assignment3/ws/install/aruco_opencv_msgs/share/aruco_opencv_msgs/cmake/export_aruco_opencv_msgs__rosidl_typesupport_fastrtps_cppExport.cmake
[1.189s] -- Up-to-date: /home/assignments/assignment3/ws/install/aruco_opencv_msgs/share/aruco_opencv_msgs/cmake/export_aruco_opencv_msgs__rosidl_typesupport_fastrtps_cppExport-noconfig.cmake
[1.189s] -- Up-to-date: /home/assignments/assignment3/ws/install/aruco_opencv_msgs/share/aruco_opencv_msgs/cmake/aruco_opencv_msgs__rosidl_typesupport_introspection_cppExport.cmake
[1.189s] -- Up-to-date: /home/assignments/assignment3/ws/install/aruco_opencv_msgs/share/aruco_opencv_msgs/cmake/aruco_opencv_msgs__rosidl_typesupport_introspection_cppExport-noconfig.cmake
[1.189s] -- Up-to-date: /home/assignments/assignment3/ws/install/aruco_opencv_msgs/share/aruco_opencv_msgs/cmake/aruco_opencv_msgs__rosidl_typesupport_cppExport.cmake
[1.190s] -- Up-to-date: /home/assignments/assignment3/ws/install/aruco_opencv_msgs/share/aruco_opencv_msgs/cmake/aruco_opencv_msgs__rosidl_typesupport_cppExport-noconfig.cmake
[1.190s] -- Up-to-date: /home/assignments/assignment3/ws/install/aruco_opencv_msgs/share/aruco_opencv_msgs/cmake/export_aruco_opencv_msgs__rosidl_generator_pyExport.cmake
[1.190s] -- Up-to-date: /home/assignments/assignment3/ws/install/aruco_opencv_msgs/share/aruco_opencv_msgs/cmake/export_aruco_opencv_msgs__rosidl_generator_pyExport-noconfig.cmake
[1.190s] -- Up-to-date: /home/assignments/assignment3/ws/install/aruco_opencv_msgs/share/aruco_opencv_msgs/cmake/rosidl_cmake-extras.cmake
[1.190s] -- Up-to-date: /home/assignments/assignment3/ws/install/aruco_opencv_msgs/share/aruco_opencv_msgs/cmake/ament_cmake_export_dependencies-extras.cmake
[1.190s] -- Up-to-date: /home/assignments/assignment3/ws/install/aruco_opencv_msgs/share/aruco_opencv_msgs/cmake/ament_cmake_export_include_directories-extras.cmake
[1.190s] -- Up-to-date: /home/assignments/assignment3/ws/install/aruco_opencv_msgs/share/aruco_opencv_msgs/cmake/ament_cmake_export_libraries-extras.cmake
[1.191s] -- Up-to-date: /home/assignments/assignment3/ws/install/aruco_opencv_msgs/share/aruco_opencv_msgs/cmake/ament_cmake_export_targets-extras.cmake
[1.191s] -- Up-to-date: /home/assignments/assignment3/ws/install/aruco_opencv_msgs/share/aruco_opencv_msgs/cmake/rosidl_cmake_export_typesupport_targets-extras.cmake
[1.191s] -- Up-to-date: /home/assignments/assignment3/ws/install/aruco_opencv_msgs/share/aruco_opencv_msgs/cmake/rosidl_cmake_export_typesupport_libraries-extras.cmake
[1.191s] -- Up-to-date: /home/assignments/assignment3/ws/install/aruco_opencv_msgs/share/aruco_opencv_msgs/cmake/aruco_opencv_msgsConfig.cmake
[1.191s] -- Up-to-date: /home/assignments/assignment3/ws/install/aruco_opencv_msgs/share/aruco_opencv_msgs/cmake/aruco_opencv_msgsConfig-version.cmake
[1.191s] -- Up-to-date: /home/assignments/assignment3/ws/install/aruco_opencv_msgs/share/aruco_opencv_msgs/package.xml
[1.196s] Invoked command in '/home/assignments/assignment3/ws/build/aruco_opencv_msgs' returned '0': CMAKE_PREFIX_PATH=${CMAKE_PREFIX_PATH}:/opt/ros/jazzy /usr/bin/cmake --install /home/assignments/assignment3/ws/build/aruco_opencv_msgs
