[0.041s] Invoking command in '/home/assignments/assignment3/ws/build/bme_gazebo_sensors': CMAKE_PREFIX_PATH=${CMAKE_PREFIX_PATH}:/opt/ros/jazzy /usr/bin/cmake --build /home/assignments/assignment3/ws/build/bme_gazebo_sensors -- -j16 -l16
[0.157s] Invoked command in '/home/assignments/assignment3/ws/build/bme_gazebo_sensors' returned '0': CMAKE_PREFIX_PATH=${CMAKE_PREFIX_PATH}:/opt/ros/jazzy /usr/bin/cmake --build /home/assignments/assignment3/ws/build/bme_gazebo_sensors -- -j16 -l16
[0.185s] Invoking command in '/home/assignments/assignment3/ws/build/bme_gazebo_sensors': CMAKE_PREFIX_PATH=${CMAKE_PREFIX_PATH}:/opt/ros/jazzy /usr/bin/cmake --install /home/assignments/assignment3/ws/build/bme_gazebo_sensors
[0.219s] -- Install configuration: ""
[0.219s] -- Up-to-date: /home/assignments/assignment3/ws/install/bme_gazebo_sensors/share/bme_gazebo_sensors/launch
[0.219s] -- Up-to-date: /home/assignments/assignment3/ws/install/bme_gazebo_sensors/share/bme_gazebo_sensors/launch/spawn_robot.launch.py
[0.219s] -- Up-to-date: /home/assignments/assignment3/ws/install/bme_gazebo_sensors/share/bme_gazebo_sensors/launch/world.launch.py
[0.220s] -- Up-to-date: /home/assignments/assignment3/ws/install/bme_gazebo_sensors/share/bme_gazebo_sensors/launch/check_urdf.launch.py
[0.220s] -- Up-to-date: /home/assignments/assignment3/ws/install/bme_gazebo_sensors/share/bme_gazebo_sensors/worlds
[0.220s] -- Up-to-date: /home/assignments/assignment3/ws/install/bme_gazebo_sensors/share/bme_gazebo_sensors/worlds/my_world.sdf
[0.220s] -- Up-to-date: /home/assignments/assignment3/ws/install/bme_gazebo_sensors/share/bme_gazebo_sensors/worlds/world.sdf
[0.220s] -- Up-to-date: /home/assignments/assignment3/ws/install/bme_gazebo_sensors/share/bme_gazebo_sensors/worlds/home.sdf
[0.220s] -- Up-to-date: /home/assignments/assignment3/ws/install/bme_gazebo_sensors/share/bme_gazebo_sensors/worlds/empty.sdf
[0.221s] -- Up-to-date: /home/assignments/assignment3/ws/install/bme_gazebo_sensors/share/bme_gazebo_sensors/rviz
[0.221s] -- Up-to-date: /home/assignments/assignment3/ws/install/bme_gazebo_sensors/share/bme_gazebo_sensors/rviz/rviz.rviz
[0.221s] -- Up-to-date: /home/assignments/assignment3/ws/install/bme_gazebo_sensors/share/bme_gazebo_sensors/rviz/gps.rviz
[0.221s] -- Up-to-date: /home/assignments/assignment3/ws/install/bme_gazebo_sensors/share/bme_gazebo_sensors/rviz/urdf.rviz
[0.221s] -- Up-to-date: /home/assignments/assignment3/ws/install/bme_gazebo_sensors/share/bme_gazebo_sensors/urdf
[0.221s] -- Up-to-date: /home/assignments/assignment3/ws/install/bme_gazebo_sensors/share/bme_gazebo_sensors/urdf/mogi_bot.urdf
[0.221s] -- Up-to-date: /home/assignments/assignment3/ws/install/bme_gazebo_sensors/share/bme_gazebo_sensors/urdf/mogi_bot.gazebo
[0.222s] -- Up-to-date: /home/assignments/assignment3/ws/install/bme_gazebo_sensors/share/bme_gazebo_sensors/urdf/materials.xacro
[0.222s] -- Up-to-date: /home/assignments/assignment3/ws/install/bme_gazebo_sensors/share/bme_gazebo_sensors/meshes
[0.222s] -- Up-to-date: /home/assignments/assignment3/ws/install/bme_gazebo_sensors/share/bme_gazebo_sensors/meshes/mogi_bot.dae
[0.222s] -- Up-to-date: /home/assignments/assignment3/ws/install/bme_gazebo_sensors/share/bme_gazebo_sensors/meshes/wheel.dae
[0.222s] -- Up-to-date: /home/assignments/assignment3/ws/install/bme_gazebo_sensors/share/bme_gazebo_sensors/meshes/lidar.dae
[0.223s] -- Up-to-date: /home/assignments/assignment3/ws/install/bme_gazebo_sensors/share/bme_gazebo_sensors/config
[0.223s] -- Up-to-date: /home/assignments/assignment3/ws/install/bme_gazebo_sensors/share/bme_gazebo_sensors/config/ekf.yaml
[0.223s] -- Up-to-date: /home/assignments/assignment3/ws/install/bme_gazebo_sensors/share/ament_index/resource_index/package_run_dependencies/bme_gazebo_sensors
[0.223s] -- Up-to-date: /home/assignments/assignment3/ws/install/bme_gazebo_sensors/share/ament_index/resource_index/parent_prefix_path/bme_gazebo_sensors
[0.223s] -- Up-to-date: /home/assignments/assignment3/ws/install/bme_gazebo_sensors/share/bme_gazebo_sensors/environment/ament_prefix_path.sh
[0.224s] -- Up-to-date: /home/assignments/assignment3/ws/install/bme_gazebo_sensors/share/bme_gazebo_sensors/environment/ament_prefix_path.dsv
[0.224s] -- Up-to-date: /home/assignments/assignment3/ws/install/bme_gazebo_sensors/share/bme_gazebo_sensors/environment/path.sh
[0.224s] -- Up-to-date: /home/assignments/assignment3/ws/install/bme_gazebo_sensors/share/bme_gazebo_sensors/environment/path.dsv
[0.224s] -- Up-to-date: /home/assignments/assignment3/ws/install/bme_gazebo_sensors/share/bme_gazebo_sensors/local_setup.bash
[0.224s] -- Up-to-date: /home/assignments/assignment3/ws/install/bme_gazebo_sensors/share/bme_gazebo_sensors/local_setup.sh
[0.225s] -- Up-to-date: /home/assignments/assignment3/ws/install/bme_gazebo_sensors/share/bme_gazebo_sensors/local_setup.zsh
[0.225s] -- Up-to-date: /home/assignments/assignment3/ws/install/bme_gazebo_sensors/share/bme_gazebo_sensors/local_setup.dsv
[0.225s] -- Installing: /home/assignments/assignment3/ws/install/bme_gazebo_sensors/share/bme_gazebo_sensors/package.dsv
[0.225s] -- Up-to-date: /home/assignments/assignment3/ws/install/bme_gazebo_sensors/share/ament_index/resource_index/packages/bme_gazebo_sensors
[0.226s] -- Up-to-date: /home/assignments/assignment3/ws/install/bme_gazebo_sensors/share/bme_gazebo_sensors/cmake/bme_gazebo_sensorsConfig.cmake
[0.226s] -- Up-to-date: /home/assignments/assignment3/ws/install/bme_gazebo_sensors/share/bme_gazebo_sensors/cmake/bme_gazebo_sensorsConfig-version.cmake
[0.226s] -- Up-to-date: /home/assignments/assignment3/ws/install/bme_gazebo_sensors/share/bme_gazebo_sensors/package.xml
[0.265s] Invoked command in '/home/assignments/assignment3/ws/build/bme_gazebo_sensors' returned '0': CMAKE_PREFIX_PATH=${CMAKE_PREFIX_PATH}:/opt/ros/jazzy /usr/bin/cmake --install /home/assignments/assignment3/ws/build/bme_gazebo_sensors
