[0.244s] DEBUG:colcon:Command line arguments: ['/usr/bin/colcon', 'build']
[0.245s] DEBUG:colcon:Parsed command line arguments: Namespace(log_base=None, log_level=None, verb_name='build', build_base='build', install_base='install', merge_install=False, symlink_install=False, test_result_base=None, continue_on_error=False, executor='parallel', parallel_workers=16, event_handlers=None, ignore_user_meta=False, metas=['./colcon.meta'], base_paths=['.'], packages_ignore=None, packages_ignore_regex=None, paths=None, packages_up_to=None, packages_up_to_regex=None, packages_above=None, packages_above_and_dependencies=None, packages_above_depth=None, packages_select_by_dep=None, packages_skip_by_dep=None, packages_skip_up_to=None, packages_select_build_failed=False, packages_skip_build_finished=False, packages_select_test_failures=False, packages_skip_test_passed=False, packages_select=None, packages_skip=None, packages_select_regex=None, packages_skip_regex=None, packages_start=None, packages_end=None, cmake_args=None, cmake_target=None, cmake_target_skip_unavailable=False, cmake_clean_cache=False, cmake_clean_first=False, cmake_force_configure=False, ament_cmake_args=None, catkin_cmake_args=None, catkin_skip_building_tests=False, mixin_files=None, mixin=None, verb_parser=<colcon_mixin.mixin.mixin_argument.MixinArgumentDecorator object at 0x709e8415e330>, verb_extension=<colcon_core.verb.build.BuildVerb object at 0x709e8415e060>, main=<bound method BuildVerb.main of <colcon_core.verb.build.BuildVerb object at 0x709e8415e060>>, mixin_verb=('build',))
[0.327s] Level 1:colcon.colcon_core.package_discovery:discover_packages(colcon_meta) check parameters
[0.328s] INFO:colcon.colcon_metadata.package_discovery.colcon_meta:Using configuration from '/root/.colcon/metadata/default/Gazebo.meta'
[0.329s] INFO:colcon.colcon_metadata.package_discovery.colcon_meta:Using configuration from '/root/.colcon/metadata/default/fastdds.meta'
[0.329s] INFO:colcon.colcon_metadata.package_discovery.colcon_meta:Using configuration from '/root/.colcon/metadata/default/fastrtps.meta'
[0.329s] Level 1:colcon.colcon_core.package_discovery:discover_packages(recursive) check parameters
[0.329s] Level 1:colcon.colcon_core.package_discovery:discover_packages(ignore) check parameters
[0.330s] Level 1:colcon.colcon_core.package_discovery:discover_packages(path) check parameters
[0.330s] Level 1:colcon.colcon_core.package_discovery:discover_packages(colcon_meta) discover
[0.330s] Level 1:colcon.colcon_core.package_discovery:discover_packages(recursive) discover
[0.330s] INFO:colcon.colcon_core.package_discovery:Crawling recursively for packages in '/home/assignments/assignment3/ws'
[0.330s] Level 1:colcon.colcon_core.package_identification:_identify(.) by extensions ['ignore', 'ignore_ament_install']
[0.330s] Level 1:colcon.colcon_core.package_identification:_identify(.) by extension 'ignore'
[0.330s] Level 1:colcon.colcon_core.package_identification:_identify(.) by extension 'ignore_ament_install'
[0.330s] Level 1:colcon.colcon_core.package_identification:_identify(.) by extensions ['colcon_pkg']
[0.330s] Level 1:colcon.colcon_core.package_identification:_identify(.) by extension 'colcon_pkg'
[0.330s] Level 1:colcon.colcon_core.package_identification:_identify(.) by extensions ['colcon_meta']
[0.330s] Level 1:colcon.colcon_core.package_identification:_identify(.) by extension 'colcon_meta'
[0.330s] Level 1:colcon.colcon_core.package_identification:_identify(.) by extensions ['ros']
[0.330s] Level 1:colcon.colcon_core.package_identification:_identify(.) by extension 'ros'
[0.378s] Level 1:colcon.colcon_core.package_identification:_identify(.) by extensions ['cmake', 'python']
[0.378s] Level 1:colcon.colcon_core.package_identification:_identify(.) by extension 'cmake'
[0.378s] Level 1:colcon.colcon_core.package_identification:_identify(.) by extension 'python'
[0.378s] Level 1:colcon.colcon_core.package_identification:_identify(.) by extensions ['python_setup_py']
[0.378s] Level 1:colcon.colcon_core.package_identification:_identify(.) by extension 'python_setup_py'
[0.378s] Level 1:colcon.colcon_core.package_identification:_identify(build) by extensions ['ignore', 'ignore_ament_install']
[0.378s] Level 1:colcon.colcon_core.package_identification:_identify(build) by extension 'ignore'
[0.378s] Level 1:colcon.colcon_core.package_identification:_identify(build) ignored
[0.379s] Level 1:colcon.colcon_core.package_identification:_identify(install) by extensions ['ignore', 'ignore_ament_install']
[0.379s] Level 1:colcon.colcon_core.package_identification:_identify(install) by extension 'ignore'
[0.379s] Level 1:colcon.colcon_core.package_identification:_identify(install) ignored
[0.379s] Level 1:colcon.colcon_core.package_identification:_identify(log) by extensions ['ignore', 'ignore_ament_install']
[0.379s] Level 1:colcon.colcon_core.package_identification:_identify(log) by extension 'ignore'
[0.379s] Level 1:colcon.colcon_core.package_identification:_identify(log) ignored
[0.379s] Level 1:colcon.colcon_core.package_identification:_identify(src) by extensions ['ignore', 'ignore_ament_install']
[0.379s] Level 1:colcon.colcon_core.package_identification:_identify(src) by extension 'ignore'
[0.379s] Level 1:colcon.colcon_core.package_identification:_identify(src) by extension 'ignore_ament_install'
[0.379s] Level 1:colcon.colcon_core.package_identification:_identify(src) by extensions ['colcon_pkg']
[0.380s] Level 1:colcon.colcon_core.package_identification:_identify(src) by extension 'colcon_pkg'
[0.380s] Level 1:colcon.colcon_core.package_identification:_identify(src) by extensions ['colcon_meta']
[0.380s] Level 1:colcon.colcon_core.package_identification:_identify(src) by extension 'colcon_meta'
[0.380s] Level 1:colcon.colcon_core.package_identification:_identify(src) by extensions ['ros']
[0.380s] Level 1:colcon.colcon_core.package_identification:_identify(src) by extension 'ros'
[0.380s] Level 1:colcon.colcon_core.package_identification:_identify(src) by extensions ['cmake', 'python']
[0.380s] Level 1:colcon.colcon_core.package_identification:_identify(src) by extension 'cmake'
[0.380s] Level 1:colcon.colcon_core.package_identification:_identify(src) by extension 'python'
[0.380s] Level 1:colcon.colcon_core.package_identification:_identify(src) by extensions ['python_setup_py']
[0.380s] Level 1:colcon.colcon_core.package_identification:_identify(src) by extension 'python_setup_py'
[0.380s] Level 1:colcon.colcon_core.package_identification:_identify(src/erl1) by extensions ['ignore', 'ignore_ament_install']
[0.380s] Level 1:colcon.colcon_core.package_identification:_identify(src/erl1) by extension 'ignore'
[0.380s] Level 1:colcon.colcon_core.package_identification:_identify(src/erl1) by extension 'ignore_ament_install'
[0.381s] Level 1:colcon.colcon_core.package_identification:_identify(src/erl1) by extensions ['colcon_pkg']
[0.381s] Level 1:colcon.colcon_core.package_identification:_identify(src/erl1) by extension 'colcon_pkg'
[0.381s] Level 1:colcon.colcon_core.package_identification:_identify(src/erl1) by extensions ['colcon_meta']
[0.381s] Level 1:colcon.colcon_core.package_identification:_identify(src/erl1) by extension 'colcon_meta'
[0.381s] Level 1:colcon.colcon_core.package_identification:_identify(src/erl1) by extensions ['ros']
[0.381s] Level 1:colcon.colcon_core.package_identification:_identify(src/erl1) by extension 'ros'
[0.385s] DEBUG:colcon.colcon_core.package_identification:Package 'src/erl1' with type 'ros.ament_cmake' and name 'erl1'
[0.385s] Level 1:colcon.colcon_core.package_identification:_identify(src/erl1_sensors) by extensions ['ignore', 'ignore_ament_install']
[0.385s] Level 1:colcon.colcon_core.package_identification:_identify(src/erl1_sensors) by extension 'ignore'
[0.385s] Level 1:colcon.colcon_core.package_identification:_identify(src/erl1_sensors) by extension 'ignore_ament_install'
[0.386s] Level 1:colcon.colcon_core.package_identification:_identify(src/erl1_sensors) by extensions ['colcon_pkg']
[0.386s] Level 1:colcon.colcon_core.package_identification:_identify(src/erl1_sensors) by extension 'colcon_pkg'
[0.386s] Level 1:colcon.colcon_core.package_identification:_identify(src/erl1_sensors) by extensions ['colcon_meta']
[0.386s] Level 1:colcon.colcon_core.package_identification:_identify(src/erl1_sensors) by extension 'colcon_meta'
[0.386s] Level 1:colcon.colcon_core.package_identification:_identify(src/erl1_sensors) by extensions ['ros']
[0.386s] Level 1:colcon.colcon_core.package_identification:_identify(src/erl1_sensors) by extension 'ros'
[0.386s] Level 1:colcon.colcon_core.package_identification:_identify(src/erl1_sensors) by extensions ['cmake', 'python']
[0.386s] Level 1:colcon.colcon_core.package_identification:_identify(src/erl1_sensors) by extension 'cmake'
[0.386s] Level 1:colcon.colcon_core.package_identification:_identify(src/erl1_sensors) by extension 'python'
[0.386s] Level 1:colcon.colcon_core.package_identification:_identify(src/erl1_sensors) by extensions ['python_setup_py']
[0.386s] Level 1:colcon.colcon_core.package_identification:_identify(src/erl1_sensors) by extension 'python_setup_py'
[0.386s] Level 1:colcon.colcon_core.package_identification:_identify(src/erl1_sensors/bme_gazebo_sensors) by extensions ['ignore', 'ignore_ament_install']
[0.386s] Level 1:colcon.colcon_core.package_identification:_identify(src/erl1_sensors/bme_gazebo_sensors) by extension 'ignore'
[0.386s] Level 1:colcon.colcon_core.package_identification:_identify(src/erl1_sensors/bme_gazebo_sensors) by extension 'ignore_ament_install'
[0.387s] Level 1:colcon.colcon_core.package_identification:_identify(src/erl1_sensors/bme_gazebo_sensors) by extensions ['colcon_pkg']
[0.387s] Level 1:colcon.colcon_core.package_identification:_identify(src/erl1_sensors/bme_gazebo_sensors) by extension 'colcon_pkg'
[0.387s] Level 1:colcon.colcon_core.package_identification:_identify(src/erl1_sensors/bme_gazebo_sensors) by extensions ['colcon_meta']
[0.387s] Level 1:colcon.colcon_core.package_identification:_identify(src/erl1_sensors/bme_gazebo_sensors) by extension 'colcon_meta'
[0.387s] Level 1:colcon.colcon_core.package_identification:_identify(src/erl1_sensors/bme_gazebo_sensors) by extensions ['ros']
[0.387s] Level 1:colcon.colcon_core.package_identification:_identify(src/erl1_sensors/bme_gazebo_sensors) by extension 'ros'
[0.388s] DEBUG:colcon.colcon_core.package_identification:Package 'src/erl1_sensors/bme_gazebo_sensors' with type 'ros.ament_cmake' and name 'bme_gazebo_sensors'
[0.388s] Level 1:colcon.colcon_core.package_identification:_identify(src/plansys_interface) by extensions ['ignore', 'ignore_ament_install']
[0.388s] Level 1:colcon.colcon_core.package_identification:_identify(src/plansys_interface) by extension 'ignore'
[0.388s] Level 1:colcon.colcon_core.package_identification:_identify(src/plansys_interface) by extension 'ignore_ament_install'
[0.388s] Level 1:colcon.colcon_core.package_identification:_identify(src/plansys_interface) by extensions ['colcon_pkg']
[0.388s] Level 1:colcon.colcon_core.package_identification:_identify(src/plansys_interface) by extension 'colcon_pkg'
[0.388s] Level 1:colcon.colcon_core.package_identification:_identify(src/plansys_interface) by extensions ['colcon_meta']
[0.388s] Level 1:colcon.colcon_core.package_identification:_identify(src/plansys_interface) by extension 'colcon_meta'
[0.388s] Level 1:colcon.colcon_core.package_identification:_identify(src/plansys_interface) by extensions ['ros']
[0.388s] Level 1:colcon.colcon_core.package_identification:_identify(src/plansys_interface) by extension 'ros'
[0.389s] DEBUG:colcon.colcon_core.package_identification:Package 'src/plansys_interface' with type 'ros.ament_cmake' and name 'plansys_interface'
[0.389s] Level 1:colcon.colcon_core.package_identification:_identify(src/ros_aruco_opencv) by extensions ['ignore', 'ignore_ament_install']
[0.389s] Level 1:colcon.colcon_core.package_identification:_identify(src/ros_aruco_opencv) by extension 'ignore'
[0.389s] Level 1:colcon.colcon_core.package_identification:_identify(src/ros_aruco_opencv) by extension 'ignore_ament_install'
[0.389s] Level 1:colcon.colcon_core.package_identification:_identify(src/ros_aruco_opencv) by extensions ['colcon_pkg']
[0.389s] Level 1:colcon.colcon_core.package_identification:_identify(src/ros_aruco_opencv) by extension 'colcon_pkg'
[0.389s] Level 1:colcon.colcon_core.package_identification:_identify(src/ros_aruco_opencv) by extensions ['colcon_meta']
[0.389s] Level 1:colcon.colcon_core.package_identification:_identify(src/ros_aruco_opencv) by extension 'colcon_meta'
[0.389s] Level 1:colcon.colcon_core.package_identification:_identify(src/ros_aruco_opencv) by extensions ['ros']
[0.389s] Level 1:colcon.colcon_core.package_identification:_identify(src/ros_aruco_opencv) by extension 'ros'
[0.390s] Level 1:colcon.colcon_core.package_identification:_identify(src/ros_aruco_opencv) by extensions ['cmake', 'python']
[0.390s] Level 1:colcon.colcon_core.package_identification:_identify(src/ros_aruco_opencv) by extension 'cmake'
[0.390s] Level 1:colcon.colcon_core.package_identification:_identify(src/ros_aruco_opencv) by extension 'python'
[0.390s] Level 1:colcon.colcon_core.package_identification:_identify(src/ros_aruco_opencv) by extensions ['python_setup_py']
[0.390s] Level 1:colcon.colcon_core.package_identification:_identify(src/ros_aruco_opencv) by extension 'python_setup_py'
[0.390s] Level 1:colcon.colcon_core.package_identification:_identify(src/ros_aruco_opencv/aruco_opencv) by extensions ['ignore', 'ignore_ament_install']
[0.390s] Level 1:colcon.colcon_core.package_identification:_identify(src/ros_aruco_opencv/aruco_opencv) by extension 'ignore'
[0.390s] Level 1:colcon.colcon_core.package_identification:_identify(src/ros_aruco_opencv/aruco_opencv) by extension 'ignore_ament_install'
[0.390s] Level 1:colcon.colcon_core.package_identification:_identify(src/ros_aruco_opencv/aruco_opencv) by extensions ['colcon_pkg']
[0.390s] Level 1:colcon.colcon_core.package_identification:_identify(src/ros_aruco_opencv/aruco_opencv) by extension 'colcon_pkg'
[0.390s] Level 1:colcon.colcon_core.package_identification:_identify(src/ros_aruco_opencv/aruco_opencv) by extensions ['colcon_meta']
[0.390s] Level 1:colcon.colcon_core.package_identification:_identify(src/ros_aruco_opencv/aruco_opencv) by extension 'colcon_meta'
[0.390s] Level 1:colcon.colcon_core.package_identification:_identify(src/ros_aruco_opencv/aruco_opencv) by extensions ['ros']
[0.390s] Level 1:colcon.colcon_core.package_identification:_identify(src/ros_aruco_opencv/aruco_opencv) by extension 'ros'
[0.391s] DEBUG:colcon.colcon_core.package_identification:Package 'src/ros_aruco_opencv/aruco_opencv' with type 'ros.ament_cmake' and name 'aruco_opencv'
[0.392s] Level 1:colcon.colcon_core.package_identification:_identify(src/ros_aruco_opencv/aruco_opencv_msgs) by extensions ['ignore', 'ignore_ament_install']
[0.392s] Level 1:colcon.colcon_core.package_identification:_identify(src/ros_aruco_opencv/aruco_opencv_msgs) by extension 'ignore'
[0.392s] Level 1:colcon.colcon_core.package_identification:_identify(src/ros_aruco_opencv/aruco_opencv_msgs) by extension 'ignore_ament_install'
[0.392s] Level 1:colcon.colcon_core.package_identification:_identify(src/ros_aruco_opencv/aruco_opencv_msgs) by extensions ['colcon_pkg']
[0.392s] Level 1:colcon.colcon_core.package_identification:_identify(src/ros_aruco_opencv/aruco_opencv_msgs) by extension 'colcon_pkg'
[0.392s] Level 1:colcon.colcon_core.package_identification:_identify(src/ros_aruco_opencv/aruco_opencv_msgs) by extensions ['colcon_meta']
[0.392s] Level 1:colcon.colcon_core.package_identification:_identify(src/ros_aruco_opencv/aruco_opencv_msgs) by extension 'colcon_meta'
[0.392s] Level 1:colcon.colcon_core.package_identification:_identify(src/ros_aruco_opencv/aruco_opencv_msgs) by extensions ['ros']
[0.392s] Level 1:colcon.colcon_core.package_identification:_identify(src/ros_aruco_opencv/aruco_opencv_msgs) by extension 'ros'
[0.393s] DEBUG:colcon.colcon_core.package_identification:Package 'src/ros_aruco_opencv/aruco_opencv_msgs' with type 'ros.ament_cmake' and name 'aruco_opencv_msgs'
[0.393s] Level 1:colcon.colcon_core.package_discovery:discover_packages(recursive) using defaults
[0.393s] Level 1:colcon.colcon_core.package_discovery:discover_packages(ignore) discover
[0.393s] Level 1:colcon.colcon_core.package_discovery:discover_packages(ignore) using defaults
[0.393s] Level 1:colcon.colcon_core.package_discovery:discover_packages(path) discover
[0.393s] Level 1:colcon.colcon_core.package_discovery:discover_packages(path) using defaults
[0.430s] Level 5:colcon.colcon_core.verb:set package 'aruco_opencv_msgs' build argument 'cmake_args' from command line to 'None'
[0.430s] Level 5:colcon.colcon_core.verb:set package 'aruco_opencv_msgs' build argument 'cmake_target' from command line to 'None'
[0.430s] Level 5:colcon.colcon_core.verb:set package 'aruco_opencv_msgs' build argument 'cmake_target_skip_unavailable' from command line to 'False'
[0.430s] Level 5:colcon.colcon_core.verb:set package 'aruco_opencv_msgs' build argument 'cmake_clean_cache' from command line to 'False'
[0.430s] Level 5:colcon.colcon_core.verb:set package 'aruco_opencv_msgs' build argument 'cmake_clean_first' from command line to 'False'
[0.430s] Level 5:colcon.colcon_core.verb:set package 'aruco_opencv_msgs' build argument 'cmake_force_configure' from command line to 'False'
[0.430s] Level 5:colcon.colcon_core.verb:set package 'aruco_opencv_msgs' build argument 'ament_cmake_args' from command line to 'None'
[0.430s] Level 5:colcon.colcon_core.verb:set package 'aruco_opencv_msgs' build argument 'catkin_cmake_args' from command line to 'None'
[0.430s] Level 5:colcon.colcon_core.verb:set package 'aruco_opencv_msgs' build argument 'catkin_skip_building_tests' from command line to 'False'
[0.430s] DEBUG:colcon.colcon_core.verb:Building package 'aruco_opencv_msgs' with the following arguments: {'ament_cmake_args': None, 'build_base': '/home/assignments/assignment3/ws/build/aruco_opencv_msgs', 'catkin_cmake_args': None, 'catkin_skip_building_tests': False, 'cmake_args': None, 'cmake_clean_cache': False, 'cmake_clean_first': False, 'cmake_force_configure': False, 'cmake_target': None, 'cmake_target_skip_unavailable': False, 'install_base': '/home/assignments/assignment3/ws/install/aruco_opencv_msgs', 'merge_install': False, 'path': '/home/assignments/assignment3/ws/src/ros_aruco_opencv/aruco_opencv_msgs', 'symlink_install': False, 'test_result_base': None}
[0.430s] Level 5:colcon.colcon_core.verb:set package 'bme_gazebo_sensors' build argument 'cmake_args' from command line to 'None'
[0.430s] Level 5:colcon.colcon_core.verb:set package 'bme_gazebo_sensors' build argument 'cmake_target' from command line to 'None'
[0.430s] Level 5:colcon.colcon_core.verb:set package 'bme_gazebo_sensors' build argument 'cmake_target_skip_unavailable' from command line to 'False'
[0.430s] Level 5:colcon.colcon_core.verb:set package 'bme_gazebo_sensors' build argument 'cmake_clean_cache' from command line to 'False'
[0.430s] Level 5:colcon.colcon_core.verb:set package 'bme_gazebo_sensors' build argument 'cmake_clean_first' from command line to 'False'
[0.430s] Level 5:colcon.colcon_core.verb:set package 'bme_gazebo_sensors' build argument 'cmake_force_configure' from command line to 'False'
[0.430s] Level 5:colcon.colcon_core.verb:set package 'bme_gazebo_sensors' build argument 'ament_cmake_args' from command line to 'None'
[0.431s] Level 5:colcon.colcon_core.verb:set package 'bme_gazebo_sensors' build argument 'catkin_cmake_args' from command line to 'None'
[0.431s] Level 5:colcon.colcon_core.verb:set package 'bme_gazebo_sensors' build argument 'catkin_skip_building_tests' from command line to 'False'
[0.431s] DEBUG:colcon.colcon_core.verb:Building package 'bme_gazebo_sensors' with the following arguments: {'ament_cmake_args': None, 'build_base': '/home/assignments/assignment3/ws/build/bme_gazebo_sensors', 'catkin_cmake_args': None, 'catkin_skip_building_tests': False, 'cmake_args': None, 'cmake_clean_cache': False, 'cmake_clean_first': False, 'cmake_force_configure': False, 'cmake_target': None, 'cmake_target_skip_unavailable': False, 'install_base': '/home/assignments/assignment3/ws/install/bme_gazebo_sensors', 'merge_install': False, 'path': '/home/assignments/assignment3/ws/src/erl1_sensors/bme_gazebo_sensors', 'symlink_install': False, 'test_result_base': None}
[0.431s] Level 5:colcon.colcon_core.verb:set package 'erl1' build argument 'cmake_args' from command line to 'None'
[0.431s] Level 5:colcon.colcon_core.verb:set package 'erl1' build argument 'cmake_target' from command line to 'None'
[0.431s] Level 5:colcon.colcon_core.verb:set package 'erl1' build argument 'cmake_target_skip_unavailable' from command line to 'False'
[0.431s] Level 5:colcon.colcon_core.verb:set package 'erl1' build argument 'cmake_clean_cache' from command line to 'False'
[0.431s] Level 5:colcon.colcon_core.verb:set package 'erl1' build argument 'cmake_clean_first' from command line to 'False'
[0.431s] Level 5:colcon.colcon_core.verb:set package 'erl1' build argument 'cmake_force_configure' from command line to 'False'
[0.431s] Level 5:colcon.colcon_core.verb:set package 'erl1' build argument 'ament_cmake_args' from command line to 'None'
[0.431s] Level 5:colcon.colcon_core.verb:set package 'erl1' build argument 'catkin_cmake_args' from command line to 'None'
[0.431s] Level 5:colcon.colcon_core.verb:set package 'erl1' build argument 'catkin_skip_building_tests' from command line to 'False'
[0.431s] DEBUG:colcon.colcon_core.verb:Building package 'erl1' with the following arguments: {'ament_cmake_args': None, 'build_base': '/home/assignments/assignment3/ws/build/erl1', 'catkin_cmake_args': None, 'catkin_skip_building_tests': False, 'cmake_args': None, 'cmake_clean_cache': False, 'cmake_clean_first': False, 'cmake_force_configure': False, 'cmake_target': None, 'cmake_target_skip_unavailable': False, 'install_base': '/home/assignments/assignment3/ws/install/erl1', 'merge_install': False, 'path': '/home/assignments/assignment3/ws/src/erl1', 'symlink_install': False, 'test_result_base': None}
[0.431s] Level 5:colcon.colcon_core.verb:set package 'plansys_interface' build argument 'cmake_args' from command line to 'None'
[0.432s] Level 5:colcon.colcon_core.verb:set package 'plansys_interface' build argument 'cmake_target' from command line to 'None'
[0.432s] Level 5:colcon.colcon_core.verb:set package 'plansys_interface' build argument 'cmake_target_skip_unavailable' from command line to 'False'
[0.432s] Level 5:colcon.colcon_core.verb:set package 'plansys_interface' build argument 'cmake_clean_cache' from command line to 'False'
[0.432s] Level 5:colcon.colcon_core.verb:set package 'plansys_interface' build argument 'cmake_clean_first' from command line to 'False'
[0.432s] Level 5:colcon.colcon_core.verb:set package 'plansys_interface' build argument 'cmake_force_configure' from command line to 'False'
[0.432s] Level 5:colcon.colcon_core.verb:set package 'plansys_interface' build argument 'ament_cmake_args' from command line to 'None'
[0.432s] Level 5:colcon.colcon_core.verb:set package 'plansys_interface' build argument 'catkin_cmake_args' from command line to 'None'
[0.432s] Level 5:colcon.colcon_core.verb:set package 'plansys_interface' build argument 'catkin_skip_building_tests' from command line to 'False'
[0.432s] DEBUG:colcon.colcon_core.verb:Building package 'plansys_interface' with the following arguments: {'ament_cmake_args': None, 'build_base': '/home/assignments/assignment3/ws/build/plansys_interface', 'catkin_cmake_args': None, 'catkin_skip_building_tests': False, 'cmake_args': None, 'cmake_clean_cache': False, 'cmake_clean_first': False, 'cmake_force_configure': False, 'cmake_target': None, 'cmake_target_skip_unavailable': False, 'install_base': '/home/assignments/assignment3/ws/install/plansys_interface', 'merge_install': False, 'path': '/home/assignments/assignment3/ws/src/plansys_interface', 'symlink_install': False, 'test_result_base': None}
[0.432s] Level 5:colcon.colcon_core.verb:set package 'aruco_opencv' build argument 'cmake_args' from command line to 'None'
[0.432s] Level 5:colcon.colcon_core.verb:set package 'aruco_opencv' build argument 'cmake_target' from command line to 'None'
[0.432s] Level 5:colcon.colcon_core.verb:set package 'aruco_opencv' build argument 'cmake_target_skip_unavailable' from command line to 'False'
[0.432s] Level 5:colcon.colcon_core.verb:set package 'aruco_opencv' build argument 'cmake_clean_cache' from command line to 'False'
[0.432s] Level 5:colcon.colcon_core.verb:set package 'aruco_opencv' build argument 'cmake_clean_first' from command line to 'False'
[0.432s] Level 5:colcon.colcon_core.verb:set package 'aruco_opencv' build argument 'cmake_force_configure' from command line to 'False'
[0.432s] Level 5:colcon.colcon_core.verb:set package 'aruco_opencv' build argument 'ament_cmake_args' from command line to 'None'
[0.432s] Level 5:colcon.colcon_core.verb:set package 'aruco_opencv' build argument 'catkin_cmake_args' from command line to 'None'
[0.432s] Level 5:colcon.colcon_core.verb:set package 'aruco_opencv' build argument 'catkin_skip_building_tests' from command line to 'False'
[0.432s] DEBUG:colcon.colcon_core.verb:Building package 'aruco_opencv' with the following arguments: {'ament_cmake_args': None, 'build_base': '/home/assignments/assignment3/ws/build/aruco_opencv', 'catkin_cmake_args': None, 'catkin_skip_building_tests': False, 'cmake_args': None, 'cmake_clean_cache': False, 'cmake_clean_first': False, 'cmake_force_configure': False, 'cmake_target': None, 'cmake_target_skip_unavailable': False, 'install_base': '/home/assignments/assignment3/ws/install/aruco_opencv', 'merge_install': False, 'path': '/home/assignments/assignment3/ws/src/ros_aruco_opencv/aruco_opencv', 'symlink_install': False, 'test_result_base': None}
[0.432s] INFO:colcon.colcon_core.executor:Executing jobs using 'parallel' executor
[0.435s] DEBUG:colcon.colcon_parallel_executor.executor.parallel:run_until_complete
[0.435s] INFO:colcon.colcon_ros.task.ament_cmake.build:Building ROS package in '/home/assignments/assignment3/ws/src/ros_aruco_opencv/aruco_opencv_msgs' with build type 'ament_cmake'
[0.435s] INFO:colcon.colcon_cmake.task.cmake.build:Building CMake package in '/home/assignments/assignment3/ws/src/ros_aruco_opencv/aruco_opencv_msgs'
[0.440s] INFO:colcon.colcon_core.plugin_system:Skipping extension 'colcon_core.shell.bat': Not used on non-Windows systems
[0.440s] INFO:colcon.colcon_core.shell:Skip shell extension 'powershell' for command environment: Not usable outside of PowerShell
[0.441s] DEBUG:colcon.colcon_core.shell:Skip shell extension 'dsv' for command environment
[0.450s] INFO:colcon.colcon_ros.task.ament_cmake.build:Building ROS package in '/home/assignments/assignment3/ws/src/erl1_sensors/bme_gazebo_sensors' with build type 'ament_cmake'
[0.451s] INFO:colcon.colcon_cmake.task.cmake.build:Building CMake package in '/home/assignments/assignment3/ws/src/erl1_sensors/bme_gazebo_sensors'
[0.451s] INFO:colcon.colcon_core.shell:Skip shell extension 'powershell' for command environment: Not usable outside of PowerShell
[0.451s] DEBUG:colcon.colcon_core.shell:Skip shell extension 'dsv' for command environment
[0.458s] INFO:colcon.colcon_ros.task.ament_cmake.build:Building ROS package in '/home/assignments/assignment3/ws/src/erl1' with build type 'ament_cmake'
[0.458s] INFO:colcon.colcon_cmake.task.cmake.build:Building CMake package in '/home/assignments/assignment3/ws/src/erl1'
[0.458s] INFO:colcon.colcon_core.shell:Skip shell extension 'powershell' for command environment: Not usable outside of PowerShell
[0.458s] DEBUG:colcon.colcon_core.shell:Skip shell extension 'dsv' for command environment
[0.465s] INFO:colcon.colcon_ros.task.ament_cmake.build:Building ROS package in '/home/assignments/assignment3/ws/src/plansys_interface' with build type 'ament_cmake'
[0.465s] INFO:colcon.colcon_cmake.task.cmake.build:Building CMake package in '/home/assignments/assignment3/ws/src/plansys_interface'
[0.465s] INFO:colcon.colcon_core.shell:Skip shell extension 'powershell' for command environment: Not usable outside of PowerShell
[0.465s] DEBUG:colcon.colcon_core.shell:Skip shell extension 'dsv' for command environment
[0.479s] DEBUG:colcon.colcon_core.event_handler.log_command:Invoking command in '/home/assignments/assignment3/ws/build/aruco_opencv_msgs': CMAKE_PREFIX_PATH=${CMAKE_PREFIX_PATH}:/opt/ros/jazzy /usr/bin/cmake /home/assignments/assignment3/ws/src/ros_aruco_opencv/aruco_opencv_msgs -DCMAKE_INSTALL_PREFIX=/home/assignments/assignment3/ws/install/aruco_opencv_msgs
[0.489s] DEBUG:colcon.colcon_core.event_handler.log_command:Invoking command in '/home/assignments/assignment3/ws/build/bme_gazebo_sensors': CMAKE_PREFIX_PATH=${CMAKE_PREFIX_PATH}:/opt/ros/jazzy /usr/bin/cmake /home/assignments/assignment3/ws/src/erl1_sensors/bme_gazebo_sensors -DCMAKE_INSTALL_PREFIX=/home/assignments/assignment3/ws/install/bme_gazebo_sensors
[0.492s] DEBUG:colcon.colcon_core.event_handler.log_command:Invoking command in '/home/assignments/assignment3/ws/build/erl1': CMAKE_PREFIX_PATH=${CMAKE_PREFIX_PATH}:/opt/ros/jazzy /usr/bin/cmake /home/assignments/assignment3/ws/src/erl1 -DCMAKE_INSTALL_PREFIX=/home/assignments/assignment3/ws/install/erl1
[0.505s] DEBUG:colcon.colcon_core.event_handler.log_command:Invoking command in '/home/assignments/assignment3/ws/build/plansys_interface': CMAKE_PREFIX_PATH=${CMAKE_PREFIX_PATH}:/opt/ros/jazzy /usr/bin/cmake /home/assignments/assignment3/ws/src/plansys_interface -DCMAKE_INSTALL_PREFIX=/home/assignments/assignment3/ws/install/plansys_interface
[2.350s] DEBUG:colcon.colcon_core.event_handler.log_command:Invoked command in '/home/assignments/assignment3/ws/build/bme_gazebo_sensors' returned '0': CMAKE_PREFIX_PATH=${CMAKE_PREFIX_PATH}:/opt/ros/jazzy /usr/bin/cmake /home/assignments/assignment3/ws/src/erl1_sensors/bme_gazebo_sensors -DCMAKE_INSTALL_PREFIX=/home/assignments/assignment3/ws/install/bme_gazebo_sensors
[2.353s] DEBUG:colcon.colcon_core.event_handler.log_command:Invoking command in '/home/assignments/assignment3/ws/build/bme_gazebo_sensors': CMAKE_PREFIX_PATH=${CMAKE_PREFIX_PATH}:/opt/ros/jazzy /usr/bin/cmake --build /home/assignments/assignment3/ws/build/bme_gazebo_sensors -- -j16 -l16
[2.362s] DEBUG:colcon.colcon_core.event_handler.log_command:Invoked command in '/home/assignments/assignment3/ws/build/erl1' returned '0': CMAKE_PREFIX_PATH=${CMAKE_PREFIX_PATH}:/opt/ros/jazzy /usr/bin/cmake /home/assignments/assignment3/ws/src/erl1 -DCMAKE_INSTALL_PREFIX=/home/assignments/assignment3/ws/install/erl1
[2.363s] DEBUG:colcon.colcon_core.event_handler.log_command:Invoking command in '/home/assignments/assignment3/ws/build/erl1': CMAKE_PREFIX_PATH=${CMAKE_PREFIX_PATH}:/opt/ros/jazzy /usr/bin/cmake --build /home/assignments/assignment3/ws/build/erl1 -- -j16 -l16
[2.452s] DEBUG:colcon.colcon_core.event_handler.log_command:Invoked command in '/home/assignments/assignment3/ws/build/bme_gazebo_sensors' returned '0': CMAKE_PREFIX_PATH=${CMAKE_PREFIX_PATH}:/opt/ros/jazzy /usr/bin/cmake --build /home/assignments/assignment3/ws/build/bme_gazebo_sensors -- -j16 -l16
[2.474s] DEBUG:colcon.colcon_core.event_handler.log_command:Invoking command in '/home/assignments/assignment3/ws/build/bme_gazebo_sensors': CMAKE_PREFIX_PATH=${CMAKE_PREFIX_PATH}:/opt/ros/jazzy /usr/bin/cmake --install /home/assignments/assignment3/ws/build/bme_gazebo_sensors
[2.476s] DEBUG:colcon.colcon_core.event_handler.log_command:Invoked command in '/home/assignments/assignment3/ws/build/erl1' returned '0': CMAKE_PREFIX_PATH=${CMAKE_PREFIX_PATH}:/opt/ros/jazzy /usr/bin/cmake --build /home/assignments/assignment3/ws/build/erl1 -- -j16 -l16
[2.477s] DEBUG:colcon.colcon_core.event_handler.log_command:Invoking command in '/home/assignments/assignment3/ws/build/erl1': CMAKE_PREFIX_PATH=${CMAKE_PREFIX_PATH}:/opt/ros/jazzy /usr/bin/cmake --install /home/assignments/assignment3/ws/build/erl1
[2.509s] Level 1:colcon.colcon_core.environment:create_environment_scripts_only(erl1)
[2.515s] DEBUG:colcon.colcon_core.event_handler.log_command:Invoked command in '/home/assignments/assignment3/ws/build/erl1' returned '0': CMAKE_PREFIX_PATH=${CMAKE_PREFIX_PATH}:/opt/ros/jazzy /usr/bin/cmake --install /home/assignments/assignment3/ws/build/erl1
[2.520s] Level 1:colcon.colcon_core.environment:checking '/home/assignments/assignment3/ws/install/erl1' for CMake module files
[2.521s] Level 1:colcon.colcon_core.environment:checking '/home/assignments/assignment3/ws/install/erl1' for CMake config files
[2.521s] Level 1:colcon.colcon_core.shell:create_environment_hook('erl1', 'cmake_prefix_path')
[2.522s] INFO:colcon.colcon_core.shell:Creating environment hook '/home/assignments/assignment3/ws/install/erl1/share/erl1/hook/cmake_prefix_path.ps1'
[2.523s] INFO:colcon.colcon_core.shell:Creating environment descriptor '/home/assignments/assignment3/ws/install/erl1/share/erl1/hook/cmake_prefix_path.dsv'
[2.524s] INFO:colcon.colcon_core.shell:Creating environment hook '/home/assignments/assignment3/ws/install/erl1/share/erl1/hook/cmake_prefix_path.sh'
[2.525s] Level 1:colcon.colcon_core.environment:checking '/home/assignments/assignment3/ws/install/erl1/bin'
[2.525s] Level 1:colcon.colcon_core.environment:checking '/home/assignments/assignment3/ws/install/erl1/lib/pkgconfig/erl1.pc'
[2.529s] Level 1:colcon.colcon_core.environment:checking '/home/assignments/assignment3/ws/install/erl1/lib/python3.12/site-packages'
[2.529s] Level 1:colcon.colcon_core.environment:checking '/home/assignments/assignment3/ws/install/erl1/bin'
[2.530s] INFO:colcon.colcon_core.shell:Creating package script '/home/assignments/assignment3/ws/install/erl1/share/erl1/package.ps1'
[2.531s] INFO:colcon.colcon_core.shell:Creating package descriptor '/home/assignments/assignment3/ws/install/erl1/share/erl1/package.dsv'
[2.532s] INFO:colcon.colcon_core.shell:Creating package script '/home/assignments/assignment3/ws/install/erl1/share/erl1/package.sh'
[2.533s] INFO:colcon.colcon_core.shell:Creating package script '/home/assignments/assignment3/ws/install/erl1/share/erl1/package.bash'
[2.535s] INFO:colcon.colcon_core.shell:Creating package script '/home/assignments/assignment3/ws/install/erl1/share/erl1/package.zsh'
[2.536s] Level 1:colcon.colcon_core.environment:create_file_with_runtime_dependencies(/home/assignments/assignment3/ws/install/erl1/share/colcon-core/packages/erl1)
[2.537s] Level 1:colcon.colcon_core.environment:create_environment_scripts_only(erl1)
[2.538s] Level 1:colcon.colcon_core.environment:checking '/home/assignments/assignment3/ws/install/erl1' for CMake module files
[2.539s] Level 1:colcon.colcon_core.environment:checking '/home/assignments/assignment3/ws/install/erl1' for CMake config files
[2.541s] Level 1:colcon.colcon_core.shell:create_environment_hook('erl1', 'cmake_prefix_path')
[2.541s] INFO:colcon.colcon_core.shell:Creating environment hook '/home/assignments/assignment3/ws/install/erl1/share/erl1/hook/cmake_prefix_path.ps1'
[2.542s] INFO:colcon.colcon_core.shell:Creating environment descriptor '/home/assignments/assignment3/ws/install/erl1/share/erl1/hook/cmake_prefix_path.dsv'
[2.543s] INFO:colcon.colcon_core.shell:Creating environment hook '/home/assignments/assignment3/ws/install/erl1/share/erl1/hook/cmake_prefix_path.sh'
[2.544s] Level 1:colcon.colcon_core.environment:checking '/home/assignments/assignment3/ws/install/erl1/bin'
[2.544s] Level 1:colcon.colcon_core.environment:checking '/home/assignments/assignment3/ws/install/erl1/lib/pkgconfig/erl1.pc'
[2.545s] Level 1:colcon.colcon_core.environment:checking '/home/assignments/assignment3/ws/install/erl1/lib/python3.12/site-packages'
[2.545s] Level 1:colcon.colcon_core.environment:checking '/home/assignments/assignment3/ws/install/erl1/bin'
[2.546s] INFO:colcon.colcon_core.shell:Creating package script '/home/assignments/assignment3/ws/install/erl1/share/erl1/package.ps1'
[2.546s] INFO:colcon.colcon_core.shell:Creating package descriptor '/home/assignments/assignment3/ws/install/erl1/share/erl1/package.dsv'
[2.547s] INFO:colcon.colcon_core.shell:Creating package script '/home/assignments/assignment3/ws/install/erl1/share/erl1/package.sh'
[2.548s] INFO:colcon.colcon_core.shell:Creating package script '/home/assignments/assignment3/ws/install/erl1/share/erl1/package.bash'
[2.549s] INFO:colcon.colcon_core.shell:Creating package script '/home/assignments/assignment3/ws/install/erl1/share/erl1/package.zsh'
[2.550s] Level 1:colcon.colcon_core.environment:create_file_with_runtime_dependencies(/home/assignments/assignment3/ws/install/erl1/share/colcon-core/packages/erl1)
[2.552s] Level 1:colcon.colcon_core.environment:create_environment_scripts_only(bme_gazebo_sensors)
[2.553s] Level 1:colcon.colcon_core.environment:checking '/home/assignments/assignment3/ws/install/bme_gazebo_sensors' for CMake module files
[2.554s] DEBUG:colcon.colcon_core.event_handler.log_command:Invoked command in '/home/assignments/assignment3/ws/build/bme_gazebo_sensors' returned '0': CMAKE_PREFIX_PATH=${CMAKE_PREFIX_PATH}:/opt/ros/jazzy /usr/bin/cmake --install /home/assignments/assignment3/ws/build/bme_gazebo_sensors
[2.555s] Level 1:colcon.colcon_core.environment:checking '/home/assignments/assignment3/ws/install/bme_gazebo_sensors' for CMake config files
[2.556s] Level 1:colcon.colcon_core.shell:create_environment_hook('bme_gazebo_sensors', 'cmake_prefix_path')
[2.556s] INFO:colcon.colcon_core.shell:Creating environment hook '/home/assignments/assignment3/ws/install/bme_gazebo_sensors/share/bme_gazebo_sensors/hook/cmake_prefix_path.ps1'
[2.557s] INFO:colcon.colcon_core.shell:Creating environment descriptor '/home/assignments/assignment3/ws/install/bme_gazebo_sensors/share/bme_gazebo_sensors/hook/cmake_prefix_path.dsv'
[2.558s] INFO:colcon.colcon_core.shell:Creating environment hook '/home/assignments/assignment3/ws/install/bme_gazebo_sensors/share/bme_gazebo_sensors/hook/cmake_prefix_path.sh'
[2.559s] Level 1:colcon.colcon_core.environment:checking '/home/assignments/assignment3/ws/install/bme_gazebo_sensors/bin'
[2.560s] Level 1:colcon.colcon_core.environment:checking '/home/assignments/assignment3/ws/install/bme_gazebo_sensors/lib/pkgconfig/bme_gazebo_sensors.pc'
[2.560s] Level 1:colcon.colcon_core.environment:checking '/home/assignments/assignment3/ws/install/bme_gazebo_sensors/lib/python3.12/site-packages'
[2.561s] Level 1:colcon.colcon_core.environment:checking '/home/assignments/assignment3/ws/install/bme_gazebo_sensors/bin'
[2.561s] INFO:colcon.colcon_core.shell:Creating package script '/home/assignments/assignment3/ws/install/bme_gazebo_sensors/share/bme_gazebo_sensors/package.ps1'
[2.562s] INFO:colcon.colcon_core.shell:Creating package descriptor '/home/assignments/assignment3/ws/install/bme_gazebo_sensors/share/bme_gazebo_sensors/package.dsv'
[2.563s] INFO:colcon.colcon_core.shell:Creating package script '/home/assignments/assignment3/ws/install/bme_gazebo_sensors/share/bme_gazebo_sensors/package.sh'
[2.563s] INFO:colcon.colcon_core.shell:Creating package script '/home/assignments/assignment3/ws/install/bme_gazebo_sensors/share/bme_gazebo_sensors/package.bash'
[2.564s] INFO:colcon.colcon_core.shell:Creating package script '/home/assignments/assignment3/ws/install/bme_gazebo_sensors/share/bme_gazebo_sensors/package.zsh'
[2.564s] Level 1:colcon.colcon_core.environment:create_file_with_runtime_dependencies(/home/assignments/assignment3/ws/install/bme_gazebo_sensors/share/colcon-core/packages/bme_gazebo_sensors)
[2.565s] Level 1:colcon.colcon_core.environment:create_environment_scripts_only(bme_gazebo_sensors)
[2.565s] Level 1:colcon.colcon_core.environment:checking '/home/assignments/assignment3/ws/install/bme_gazebo_sensors' for CMake module files
[2.566s] Level 1:colcon.colcon_core.environment:checking '/home/assignments/assignment3/ws/install/bme_gazebo_sensors' for CMake config files
[2.566s] Level 1:colcon.colcon_core.shell:create_environment_hook('bme_gazebo_sensors', 'cmake_prefix_path')
[2.566s] INFO:colcon.colcon_core.shell:Creating environment hook '/home/assignments/assignment3/ws/install/bme_gazebo_sensors/share/bme_gazebo_sensors/hook/cmake_prefix_path.ps1'
[2.567s] INFO:colcon.colcon_core.shell:Creating environment descriptor '/home/assignments/assignment3/ws/install/bme_gazebo_sensors/share/bme_gazebo_sensors/hook/cmake_prefix_path.dsv'
[2.567s] INFO:colcon.colcon_core.shell:Creating environment hook '/home/assignments/assignment3/ws/install/bme_gazebo_sensors/share/bme_gazebo_sensors/hook/cmake_prefix_path.sh'
[2.568s] Level 1:colcon.colcon_core.environment:checking '/home/assignments/assignment3/ws/install/bme_gazebo_sensors/bin'
[2.568s] Level 1:colcon.colcon_core.environment:checking '/home/assignments/assignment3/ws/install/bme_gazebo_sensors/lib/pkgconfig/bme_gazebo_sensors.pc'
[2.569s] Level 1:colcon.colcon_core.environment:checking '/home/assignments/assignment3/ws/install/bme_gazebo_sensors/lib/python3.12/site-packages'
[2.569s] Level 1:colcon.colcon_core.environment:checking '/home/assignments/assignment3/ws/install/bme_gazebo_sensors/bin'
[2.569s] INFO:colcon.colcon_core.shell:Creating package script '/home/assignments/assignment3/ws/install/bme_gazebo_sensors/share/bme_gazebo_sensors/package.ps1'
[2.570s] INFO:colcon.colcon_core.shell:Creating package descriptor '/home/assignments/assignment3/ws/install/bme_gazebo_sensors/share/bme_gazebo_sensors/package.dsv'
[2.571s] INFO:colcon.colcon_core.shell:Creating package script '/home/assignments/assignment3/ws/install/bme_gazebo_sensors/share/bme_gazebo_sensors/package.sh'
[2.571s] INFO:colcon.colcon_core.shell:Creating package script '/home/assignments/assignment3/ws/install/bme_gazebo_sensors/share/bme_gazebo_sensors/package.bash'
[2.572s] INFO:colcon.colcon_core.shell:Creating package script '/home/assignments/assignment3/ws/install/bme_gazebo_sensors/share/bme_gazebo_sensors/package.zsh'
[2.572s] Level 1:colcon.colcon_core.environment:create_file_with_runtime_dependencies(/home/assignments/assignment3/ws/install/bme_gazebo_sensors/share/colcon-core/packages/bme_gazebo_sensors)
[3.216s] DEBUG:colcon.colcon_core.event_handler.log_command:Invoked command in '/home/assignments/assignment3/ws/build/plansys_interface' returned '1': CMAKE_PREFIX_PATH=${CMAKE_PREFIX_PATH}:/opt/ros/jazzy /usr/bin/cmake /home/assignments/assignment3/ws/src/plansys_interface -DCMAKE_INSTALL_PREFIX=/home/assignments/assignment3/ws/install/plansys_interface
[3.244s] Level 1:colcon.colcon_core.environment:create_environment_scripts_only(plansys_interface)
[3.244s] Level 1:colcon.colcon_core.environment:checking '/home/assignments/assignment3/ws/install/plansys_interface' for CMake module files
[3.245s] Level 1:colcon.colcon_core.environment:checking '/home/assignments/assignment3/ws/install/plansys_interface' for CMake config files
[3.246s] Level 1:colcon.colcon_core.environment:checking '/home/assignments/assignment3/ws/install/plansys_interface/bin'
[3.246s] Level 1:colcon.colcon_core.environment:checking '/home/assignments/assignment3/ws/install/plansys_interface/lib/pkgconfig/plansys_interface.pc'
[3.246s] Level 1:colcon.colcon_core.environment:checking '/home/assignments/assignment3/ws/install/plansys_interface/lib/python3.12/site-packages'
[3.247s] Level 1:colcon.colcon_core.environment:checking '/home/assignments/assignment3/ws/install/plansys_interface/bin'
[3.247s] INFO:colcon.colcon_core.shell:Creating package script '/home/assignments/assignment3/ws/install/plansys_interface/share/plansys_interface/package.ps1'
[3.249s] INFO:colcon.colcon_core.shell:Creating package descriptor '/home/assignments/assignment3/ws/install/plansys_interface/share/plansys_interface/package.dsv'
[3.249s] INFO:colcon.colcon_core.shell:Creating package script '/home/assignments/assignment3/ws/install/plansys_interface/share/plansys_interface/package.sh'
[3.250s] INFO:colcon.colcon_core.shell:Creating package script '/home/assignments/assignment3/ws/install/plansys_interface/share/plansys_interface/package.bash'
[3.251s] INFO:colcon.colcon_core.shell:Creating package script '/home/assignments/assignment3/ws/install/plansys_interface/share/plansys_interface/package.zsh'
[3.251s] Level 1:colcon.colcon_core.environment:create_file_with_runtime_dependencies(/home/assignments/assignment3/ws/install/plansys_interface/share/colcon-core/packages/plansys_interface)
[7.322s] DEBUG:colcon.colcon_parallel_executor.executor.parallel:closing loop
[7.323s] DEBUG:colcon.colcon_parallel_executor.executor.parallel:loop closed
[7.323s] DEBUG:colcon.colcon_parallel_executor.executor.parallel:run_until_complete finished with '1'
[7.323s] DEBUG:colcon.colcon_core.event_reactor:joining thread
[7.343s] INFO:colcon.colcon_core.plugin_system:Skipping extension 'colcon_notification.desktop_notification.notify_send': Could not find 'notify-send'
[7.343s] INFO:colcon.colcon_core.plugin_system:Skipping extension 'colcon_notification.desktop_notification.terminal_notifier': Not used on non-Darwin systems
[7.343s] INFO:colcon.colcon_core.plugin_system:Skipping extension 'colcon_notification.desktop_notification.win32': Not used on non-Windows systems
[7.343s] INFO:colcon.colcon_notification.desktop_notification:Sending desktop notification using 'notify2'
[7.349s] DEBUG:colcon.colcon_notification.desktop_notification.notify2:Failed to initialize notify2: org.freedesktop.DBus.Error.Spawn.ExecFailed: /usr/bin/dbus-launch terminated abnormally without any error message
[7.350s] DEBUG:colcon.colcon_core.event_reactor:joined thread
[7.351s] INFO:colcon.colcon_core.shell:Creating prefix script '/home/assignments/assignment3/ws/install/local_setup.ps1'
[7.353s] INFO:colcon.colcon_core.shell:Creating prefix util module '/home/assignments/assignment3/ws/install/_local_setup_util_ps1.py'
[7.357s] INFO:colcon.colcon_core.shell:Creating prefix chain script '/home/assignments/assignment3/ws/install/setup.ps1'
[7.360s] INFO:colcon.colcon_core.shell:Creating prefix script '/home/assignments/assignment3/ws/install/local_setup.sh'
[7.361s] INFO:colcon.colcon_core.shell:Creating prefix util module '/home/assignments/assignment3/ws/install/_local_setup_util_sh.py'
[7.363s] INFO:colcon.colcon_core.shell:Creating prefix chain script '/home/assignments/assignment3/ws/install/setup.sh'
[7.366s] INFO:colcon.colcon_core.shell:Creating prefix script '/home/assignments/assignment3/ws/install/local_setup.bash'
[7.367s] INFO:colcon.colcon_core.shell:Creating prefix chain script '/home/assignments/assignment3/ws/install/setup.bash'
[7.370s] INFO:colcon.colcon_core.shell:Creating prefix script '/home/assignments/assignment3/ws/install/local_setup.zsh'
[7.371s] INFO:colcon.colcon_core.shell:Creating prefix chain script '/home/assignments/assignment3/ws/install/setup.zsh'
