[0.037s] Invoking command in '/home/assignments/assignment3/ws/build/bme_gazebo_sensors': CMAKE_PREFIX_PATH=${CMAKE_PREFIX_PATH}:/opt/ros/jazzy /usr/bin/cmake /home/assignments/assignment3/ws/src/erl1_sensors/bme_gazebo_sensors -DCMAKE_INSTALL_PREFIX=/home/assignments/assignment3/ws/install/bme_gazebo_sensors
[0.273s] -- The C compiler identification is GNU 13.3.0
[0.425s] -- The CXX compiler identification is GNU 13.3.0
[0.463s] -- Detecting C compiler ABI info
[0.672s] -- Detecting C compiler ABI info - done
[0.690s] -- Check for working C compiler: /usr/bin/cc - skipped
[0.690s] -- Detecting C compile features
[0.691s] -- Detecting C compile features - done
[0.715s] -- Detecting CXX compiler ABI info
[0.924s] -- Detecting CXX compiler ABI info - done
[0.953s] -- Check for working CXX compiler: /usr/bin/c++ - skipped
[0.954s] -- Detecting CXX compile features
[0.955s] -- Detecting CXX compile features - done
[0.975s] -- Found ament_cmake: 2.5.4 (/opt/ros/jazzy/share/ament_cmake/cmake)
[1.277s] -- Found Python3: /usr/bin/python3 (found version "3.12.3") found components: Interpreter 
[1.609s] -- Found ament_lint_auto: 0.17.3 (/opt/ros/jazzy/share/ament_lint_auto/cmake)
[1.864s] -- Added test 'flake8' to check Python code syntax and style conventions
[1.864s] -- Configured 'flake8' exclude dirs and/or files: 
[1.867s] -- Added test 'lint_cmake' to check CMake code style
[1.869s] -- Added test 'pep257' to check Python code against some of the docstring style conventions in PEP 257
[1.875s] -- Added test 'xmllint' to check XML markup files
[1.880s] -- Configuring done (1.8s)
[1.887s] -- Generating done (0.0s)
[1.891s] -- Build files have been written to: /home/assignments/assignment3/ws/build/bme_gazebo_sensors
[1.898s] Invoked command in '/home/assignments/assignment3/ws/build/bme_gazebo_sensors' returned '0': CMAKE_PREFIX_PATH=${CMAKE_PREFIX_PATH}:/opt/ros/jazzy /usr/bin/cmake /home/assignments/assignment3/ws/src/erl1_sensors/bme_gazebo_sensors -DCMAKE_INSTALL_PREFIX=/home/assignments/assignment3/ws/install/bme_gazebo_sensors
[1.901s] Invoking command in '/home/assignments/assignment3/ws/build/bme_gazebo_sensors': CMAKE_PREFIX_PATH=${CMAKE_PREFIX_PATH}:/opt/ros/jazzy /usr/bin/cmake --build /home/assignments/assignment3/ws/build/bme_gazebo_sensors -- -j16 -l16
[2.000s] Invoked command in '/home/assignments/assignment3/ws/build/bme_gazebo_sensors' returned '0': CMAKE_PREFIX_PATH=${CMAKE_PREFIX_PATH}:/opt/ros/jazzy /usr/bin/cmake --build /home/assignments/assignment3/ws/build/bme_gazebo_sensors -- -j16 -l16
[2.022s] Invoking command in '/home/assignments/assignment3/ws/build/bme_gazebo_sensors': CMAKE_PREFIX_PATH=${CMAKE_PREFIX_PATH}:/opt/ros/jazzy /usr/bin/cmake --install /home/assignments/assignment3/ws/build/bme_gazebo_sensors
[2.045s] -- Install configuration: ""
[2.045s] -- Installing: /home/assignments/assignment3/ws/install/bme_gazebo_sensors/share/bme_gazebo_sensors/launch
[2.046s] -- Installing: /home/assignments/assignment3/ws/install/bme_gazebo_sensors/share/bme_gazebo_sensors/launch/spawn_robot.launch.py
[2.048s] -- Installing: /home/assignments/assignment3/ws/install/bme_gazebo_sensors/share/bme_gazebo_sensors/launch/world.launch.py
[2.048s] -- Installing: /home/assignments/assignment3/ws/install/bme_gazebo_sensors/share/bme_gazebo_sensors/launch/check_urdf.launch.py
[2.048s] -- Installing: /home/assignments/assignment3/ws/install/bme_gazebo_sensors/share/bme_gazebo_sensors/worlds
[2.048s] -- Installing: /home/assignments/assignment3/ws/install/bme_gazebo_sensors/share/bme_gazebo_sensors/worlds/my_world.sdf
[2.049s] -- Installing: /home/assignments/assignment3/ws/install/bme_gazebo_sensors/share/bme_gazebo_sensors/worlds/world.sdf
[2.050s] -- Installing: /home/assignments/assignment3/ws/install/bme_gazebo_sensors/share/bme_gazebo_sensors/worlds/home.sdf
[2.050s] -- Installing: /home/assignments/assignment3/ws/install/bme_gazebo_sensors/share/bme_gazebo_sensors/worlds/empty.sdf
[2.051s] -- Installing: /home/assignments/assignment3/ws/install/bme_gazebo_sensors/share/bme_gazebo_sensors/rviz
[2.051s] -- Installing: /home/assignments/assignment3/ws/install/bme_gazebo_sensors/share/bme_gazebo_sensors/rviz/rviz.rviz
[2.051s] -- Installing: /home/assignments/assignment3/ws/install/bme_gazebo_sensors/share/bme_gazebo_sensors/rviz/gps.rviz
[2.052s] -- Installing: /home/assignments/assignment3/ws/install/bme_gazebo_sensors/share/bme_gazebo_sensors/rviz/urdf.rviz
[2.052s] -- Installing: /home/assignments/assignment3/ws/install/bme_gazebo_sensors/share/bme_gazebo_sensors/urdf
[2.052s] -- Installing: /home/assignments/assignment3/ws/install/bme_gazebo_sensors/share/bme_gazebo_sensors/urdf/mogi_bot.urdf
[2.053s] -- Installing: /home/assignments/assignment3/ws/install/bme_gazebo_sensors/share/bme_gazebo_sensors/urdf/mogi_bot.gazebo
[2.053s] -- Installing: /home/assignments/assignment3/ws/install/bme_gazebo_sensors/share/bme_gazebo_sensors/urdf/materials.xacro
[2.054s] -- Installing: /home/assignments/assignment3/ws/install/bme_gazebo_sensors/share/bme_gazebo_sensors/meshes
[2.054s] -- Installing: /home/assignments/assignment3/ws/install/bme_gazebo_sensors/share/bme_gazebo_sensors/meshes/mogi_bot.dae
[2.055s] -- Installing: /home/assignments/assignment3/ws/install/bme_gazebo_sensors/share/bme_gazebo_sensors/meshes/wheel.dae
[2.056s] -- Installing: /home/assignments/assignment3/ws/install/bme_gazebo_sensors/share/bme_gazebo_sensors/meshes/lidar.dae
[2.057s] -- Installing: /home/assignments/assignment3/ws/install/bme_gazebo_sensors/share/bme_gazebo_sensors/config
[2.057s] -- Installing: /home/assignments/assignment3/ws/install/bme_gazebo_sensors/share/bme_gazebo_sensors/config/ekf.yaml
[2.058s] -- Installing: /home/assignments/assignment3/ws/install/bme_gazebo_sensors/share/ament_index/resource_index/package_run_dependencies/bme_gazebo_sensors
[2.059s] -- Installing: /home/assignments/assignment3/ws/install/bme_gazebo_sensors/share/ament_index/resource_index/parent_prefix_path/bme_gazebo_sensors
[2.060s] -- Installing: /home/assignments/assignment3/ws/install/bme_gazebo_sensors/share/bme_gazebo_sensors/environment/ament_prefix_path.sh
[2.060s] -- Installing: /home/assignments/assignment3/ws/install/bme_gazebo_sensors/share/bme_gazebo_sensors/environment/ament_prefix_path.dsv
[2.061s] -- Installing: /home/assignments/assignment3/ws/install/bme_gazebo_sensors/share/bme_gazebo_sensors/environment/path.sh
[2.061s] -- Installing: /home/assignments/assignment3/ws/install/bme_gazebo_sensors/share/bme_gazebo_sensors/environment/path.dsv
[2.061s] -- Installing: /home/assignments/assignment3/ws/install/bme_gazebo_sensors/share/bme_gazebo_sensors/local_setup.bash
[2.061s] -- Installing: /home/assignments/assignment3/ws/install/bme_gazebo_sensors/share/bme_gazebo_sensors/local_setup.sh
[2.062s] -- Installing: /home/assignments/assignment3/ws/install/bme_gazebo_sensors/share/bme_gazebo_sensors/local_setup.zsh
[2.062s] -- Installing: /home/assignments/assignment3/ws/install/bme_gazebo_sensors/share/bme_gazebo_sensors/local_setup.dsv
[2.062s] -- Installing: /home/assignments/assignment3/ws/install/bme_gazebo_sensors/share/bme_gazebo_sensors/package.dsv
[2.062s] -- Installing: /home/assignments/assignment3/ws/install/bme_gazebo_sensors/share/ament_index/resource_index/packages/bme_gazebo_sensors
[2.063s] -- Installing: /home/assignments/assignment3/ws/install/bme_gazebo_sensors/share/bme_gazebo_sensors/cmake/bme_gazebo_sensorsConfig.cmake
[2.063s] -- Installing: /home/assignments/assignment3/ws/install/bme_gazebo_sensors/share/bme_gazebo_sensors/cmake/bme_gazebo_sensorsConfig-version.cmake
[2.064s] -- Installing: /home/assignments/assignment3/ws/install/bme_gazebo_sensors/share/bme_gazebo_sensors/package.xml
[2.102s] Invoked command in '/home/assignments/assignment3/ws/build/bme_gazebo_sensors' returned '0': CMAKE_PREFIX_PATH=${CMAKE_PREFIX_PATH}:/opt/ros/jazzy /usr/bin/cmake --install /home/assignments/assignment3/ws/build/bme_gazebo_sensors
