[  1%] [34m[1mGenerating type hashes for ROS interfaces[0m
[  1%] Built target ament_cmake_python_copy_aruco_opencv_msgs
running egg_info
creating aruco_opencv_msgs.egg-info
[  1%] Built target aruco_opencv_msgs__rosidl_generator_type_description
writing aruco_opencv_msgs.egg-info/PKG-INFO
writing dependency_links to aruco_opencv_msgs.egg-info/dependency_links.txt
writing top-level names to aruco_opencv_msgs.egg-info/top_level.txt
writing manifest file 'aruco_opencv_msgs.egg-info/SOURCES.txt'
[  3%] [34m[1mGenerating C code for ROS interfaces[0m
[  5%] [34m[1mGenerating C++ code for ROS interfaces[0m
reading manifest file 'aruco_opencv_msgs.egg-info/SOURCES.txt'
writing manifest file 'aruco_opencv_msgs.egg-info/SOURCES.txt'
[  5%] Built target ament_cmake_python_build_aruco_opencv_msgs_egg
[  5%] Built target aruco_opencv_msgs__cpp
[  9%] [32mBuilding C object CMakeFiles/aruco_opencv_msgs__rosidl_generator_c.dir/rosidl_generator_c/aruco_opencv_msgs/msg/detail/aruco_detection__type_support.c.o[0m
[  9%] [32mBuilding C object CMakeFiles/aruco_opencv_msgs__rosidl_generator_c.dir/rosidl_generator_c/aruco_opencv_msgs/msg/detail/aruco_detection__description.c.o[0m
[ 12%] [32mBuilding C object CMakeFiles/aruco_opencv_msgs__rosidl_generator_c.dir/rosidl_generator_c/aruco_opencv_msgs/msg/detail/board_pose__type_support.c.o[0m
[ 12%] [32mBuilding C object CMakeFiles/aruco_opencv_msgs__rosidl_generator_c.dir/rosidl_generator_c/aruco_opencv_msgs/msg/detail/marker_pose__description.c.o[0m
[ 14%] [32mBuilding C object CMakeFiles/aruco_opencv_msgs__rosidl_generator_c.dir/rosidl_generator_c/aruco_opencv_msgs/msg/detail/marker_pose__type_support.c.o[0m
[ 22%] [32mBuilding C object CMakeFiles/aruco_opencv_msgs__rosidl_generator_c.dir/rosidl_generator_c/aruco_opencv_msgs/msg/detail/board_pose__functions.c.o[0m
[ 22%] [32mBuilding C object CMakeFiles/aruco_opencv_msgs__rosidl_generator_c.dir/rosidl_generator_c/aruco_opencv_msgs/msg/detail/marker_pose__functions.c.o[0m
[ 22%] [32mBuilding C object CMakeFiles/aruco_opencv_msgs__rosidl_generator_c.dir/rosidl_generator_c/aruco_opencv_msgs/msg/detail/board_pose__description.c.o[0m
[ 22%] [32mBuilding C object CMakeFiles/aruco_opencv_msgs__rosidl_generator_c.dir/rosidl_generator_c/aruco_opencv_msgs/msg/detail/aruco_detection__functions.c.o[0m
[ 24%] [32m[1mLinking C shared library libaruco_opencv_msgs__rosidl_generator_c.so[0m
[ 24%] Built target aruco_opencv_msgs__rosidl_generator_c
[ 31%] [34m[1mGenerating C type support for eProsima Fast-RTPS[0m
[ 31%] [34m[1mGenerating C type support dispatch for ROS interfaces[0m
[ 31%] [34m[1mGenerating C++ type support dispatch for ROS interfaces[0m
[ 31%] [34m[1mGenerating C introspection for ROS interfaces[0m
[ 35%] [34m[1mGenerating C++ type support for eProsima Fast-RTPS[0m
[ 35%] [34m[1mGenerating C++ introspection for ROS interfaces[0m
[ 38%] [32mBuilding CXX object CMakeFiles/aruco_opencv_msgs__rosidl_typesupport_cpp.dir/rosidl_typesupport_cpp/aruco_opencv_msgs/msg/marker_pose__type_support.cpp.o[0m
[ 38%] [32mBuilding CXX object CMakeFiles/aruco_opencv_msgs__rosidl_typesupport_cpp.dir/rosidl_typesupport_cpp/aruco_opencv_msgs/msg/board_pose__type_support.cpp.o[0m
[ 40%] [32mBuilding CXX object CMakeFiles/aruco_opencv_msgs__rosidl_typesupport_cpp.dir/rosidl_typesupport_cpp/aruco_opencv_msgs/msg/aruco_detection__type_support.cpp.o[0m
[ 42%] [32mBuilding CXX object CMakeFiles/aruco_opencv_msgs__rosidl_typesupport_c.dir/rosidl_typesupport_c/aruco_opencv_msgs/msg/aruco_detection__type_support.cpp.o[0m
[ 44%] [32mBuilding CXX object CMakeFiles/aruco_opencv_msgs__rosidl_typesupport_c.dir/rosidl_typesupport_c/aruco_opencv_msgs/msg/board_pose__type_support.cpp.o[0m
[ 46%] [32mBuilding CXX object CMakeFiles/aruco_opencv_msgs__rosidl_typesupport_c.dir/rosidl_typesupport_c/aruco_opencv_msgs/msg/marker_pose__type_support.cpp.o[0m
[ 48%] [32mBuilding C object CMakeFiles/aruco_opencv_msgs__rosidl_typesupport_introspection_c.dir/rosidl_typesupport_introspection_c/aruco_opencv_msgs/msg/detail/aruco_detection__type_support.c.o[0m
[ 50%] [32mBuilding C object CMakeFiles/aruco_opencv_msgs__rosidl_typesupport_introspection_c.dir/rosidl_typesupport_introspection_c/aruco_opencv_msgs/msg/detail/board_pose__type_support.c.o[0m
[ 51%] [32mBuilding C object CMakeFiles/aruco_opencv_msgs__rosidl_typesupport_introspection_c.dir/rosidl_typesupport_introspection_c/aruco_opencv_msgs/msg/detail/marker_pose__type_support.c.o[0m
[ 57%] [32mBuilding CXX object CMakeFiles/aruco_opencv_msgs__rosidl_typesupport_introspection_cpp.dir/rosidl_typesupport_introspection_cpp/aruco_opencv_msgs/msg/detail/board_pose__type_support.cpp.o[0m
[ 57%] [32mBuilding CXX object CMakeFiles/aruco_opencv_msgs__rosidl_typesupport_introspection_cpp.dir/rosidl_typesupport_introspection_cpp/aruco_opencv_msgs/msg/detail/marker_pose__type_support.cpp.o[0m
[ 57%] [32mBuilding CXX object CMakeFiles/aruco_opencv_msgs__rosidl_typesupport_introspection_cpp.dir/rosidl_typesupport_introspection_cpp/aruco_opencv_msgs/msg/detail/aruco_detection__type_support.cpp.o[0m
[ 59%] [32m[1mLinking CXX shared library libaruco_opencv_msgs__rosidl_typesupport_c.so[0m
[ 61%] [32mBuilding CXX object CMakeFiles/aruco_opencv_msgs__rosidl_typesupport_fastrtps_cpp.dir/rosidl_typesupport_fastrtps_cpp/aruco_opencv_msgs/msg/detail/dds_fastrtps/aruco_detection__type_support.cpp.o[0m
[ 62%] [32mBuilding CXX object CMakeFiles/aruco_opencv_msgs__rosidl_typesupport_fastrtps_cpp.dir/rosidl_typesupport_fastrtps_cpp/aruco_opencv_msgs/msg/detail/dds_fastrtps/board_pose__type_support.cpp.o[0m
[ 64%] [32mBuilding CXX object CMakeFiles/aruco_opencv_msgs__rosidl_typesupport_fastrtps_cpp.dir/rosidl_typesupport_fastrtps_cpp/aruco_opencv_msgs/msg/detail/dds_fastrtps/marker_pose__type_support.cpp.o[0m
[ 66%] [32m[1mLinking C shared library libaruco_opencv_msgs__rosidl_typesupport_introspection_c.so[0m
[ 70%] [32mBuilding CXX object CMakeFiles/aruco_opencv_msgs__rosidl_typesupport_fastrtps_c.dir/rosidl_typesupport_fastrtps_c/aruco_opencv_msgs/msg/detail/aruco_detection__type_support_c.cpp.o[0m
[ 70%] [32mBuilding CXX object CMakeFiles/aruco_opencv_msgs__rosidl_typesupport_fastrtps_c.dir/rosidl_typesupport_fastrtps_c/aruco_opencv_msgs/msg/detail/marker_pose__type_support_c.cpp.o[0m
[ 72%] [32mBuilding CXX object CMakeFiles/aruco_opencv_msgs__rosidl_typesupport_fastrtps_c.dir/rosidl_typesupport_fastrtps_c/aruco_opencv_msgs/msg/detail/board_pose__type_support_c.cpp.o[0m
[ 72%] Built target aruco_opencv_msgs__rosidl_typesupport_c
[ 72%] Built target aruco_opencv_msgs__rosidl_typesupport_introspection_c
[ 74%] [32m[1mLinking CXX shared library libaruco_opencv_msgs__rosidl_typesupport_cpp.so[0m
[ 74%] Built target aruco_opencv_msgs__rosidl_typesupport_cpp
[ 75%] [32m[1mLinking CXX shared library libaruco_opencv_msgs__rosidl_typesupport_introspection_cpp.so[0m
[ 77%] [32m[1mLinking CXX shared library libaruco_opencv_msgs__rosidl_typesupport_fastrtps_c.so[0m
[ 77%] Built target aruco_opencv_msgs__rosidl_typesupport_introspection_cpp
[ 79%] [32m[1mLinking CXX shared library libaruco_opencv_msgs__rosidl_typesupport_fastrtps_cpp.so[0m
[ 79%] Built target aruco_opencv_msgs__rosidl_typesupport_fastrtps_c
[ 79%] Built target aruco_opencv_msgs__rosidl_typesupport_fastrtps_cpp
[ 79%] Built target aruco_opencv_msgs
[ 81%] [34m[1mGenerating Python code for ROS interfaces[0m
[ 81%] Built target aruco_opencv_msgs__py
[ 83%] [32mBuilding C object CMakeFiles/aruco_opencv_msgs__rosidl_generator_py.dir/rosidl_generator_py/aruco_opencv_msgs/msg/_board_pose_s.c.o[0m
[ 85%] [32mBuilding C object CMakeFiles/aruco_opencv_msgs__rosidl_generator_py.dir/rosidl_generator_py/aruco_opencv_msgs/msg/_aruco_detection_s.c.o[0m
[ 87%] [32mBuilding C object CMakeFiles/aruco_opencv_msgs__rosidl_generator_py.dir/rosidl_generator_py/aruco_opencv_msgs/msg/_marker_pose_s.c.o[0m
[ 88%] [32m[1mLinking C shared library libaruco_opencv_msgs__rosidl_generator_py.so[0m
[ 88%] Built target aruco_opencv_msgs__rosidl_generator_py
[ 90%] [32mBuilding C object CMakeFiles/aruco_opencv_msgs_s__rosidl_typesupport_c.dir/rosidl_generator_py/aruco_opencv_msgs/_aruco_opencv_msgs_s.ep.rosidl_typesupport_c.c.o[0m
[ 92%] [32mBuilding C object CMakeFiles/aruco_opencv_msgs_s__rosidl_typesupport_introspection_c.dir/rosidl_generator_py/aruco_opencv_msgs/_aruco_opencv_msgs_s.ep.rosidl_typesupport_introspection_c.c.o[0m
[ 94%] [32mBuilding C object CMakeFiles/aruco_opencv_msgs_s__rosidl_typesupport_fastrtps_c.dir/rosidl_generator_py/aruco_opencv_msgs/_aruco_opencv_msgs_s.ep.rosidl_typesupport_fastrtps_c.c.o[0m
[ 96%] [32m[1mLinking C shared module rosidl_generator_py/aruco_opencv_msgs/aruco_opencv_msgs_s__rosidl_typesupport_c.so[0m
[ 98%] [32m[1mLinking C shared module rosidl_generator_py/aruco_opencv_msgs/aruco_opencv_msgs_s__rosidl_typesupport_introspection_c.so[0m
[100%] [32m[1mLinking C shared module rosidl_generator_py/aruco_opencv_msgs/aruco_opencv_msgs_s__rosidl_typesupport_fastrtps_c.so[0m
[100%] Built target aruco_opencv_msgs_s__rosidl_typesupport_fastrtps_c
[100%] Built target aruco_opencv_msgs_s__rosidl_typesupport_c
[100%] Built target aruco_opencv_msgs_s__rosidl_typesupport_introspection_c
