[0.036s] Invoking command in '/home/assignments/assignment3/ws/build/aruco_opencv_msgs': CMAKE_PREFIX_PATH=${CMAKE_PREFIX_PATH}:/opt/ros/jazzy /usr/bin/cmake --build /home/assignments/assignment3/ws/build/aruco_opencv_msgs -- -j16 -l16
[0.159s] [  1%] [34m[1mGenerating type hashes for ROS interfaces[0m
[0.180s] [  1%] Built target ament_cmake_python_copy_aruco_opencv_msgs
[0.497s] running egg_info
[0.498s] creating aruco_opencv_msgs.egg-info
[0.510s] [  1%] Built target aruco_opencv_msgs__rosidl_generator_type_description
[0.524s] writing aruco_opencv_msgs.egg-info/PKG-INFO
[0.524s] writing dependency_links to aruco_opencv_msgs.egg-info/dependency_links.txt
[0.524s] writing top-level names to aruco_opencv_msgs.egg-info/top_level.txt
[0.524s] writing manifest file 'aruco_opencv_msgs.egg-info/SOURCES.txt'
[0.536s] [  3%] [34m[1mGenerating C code for ROS interfaces[0m
[0.562s] [  5%] [34m[1mGenerating C++ code for ROS interfaces[0m
[0.600s] reading manifest file 'aruco_opencv_msgs.egg-info/SOURCES.txt'
[0.601s] writing manifest file 'aruco_opencv_msgs.egg-info/SOURCES.txt'
[0.664s] [  5%] Built target ament_cmake_python_build_aruco_opencv_msgs_egg
[1.029s] [  5%] Built target aruco_opencv_msgs__cpp
[1.156s] [  9%] [32mBuilding C object CMakeFiles/aruco_opencv_msgs__rosidl_generator_c.dir/rosidl_generator_c/aruco_opencv_msgs/msg/detail/aruco_detection__type_support.c.o[0m
[1.156s] [  9%] [32mBuilding C object CMakeFiles/aruco_opencv_msgs__rosidl_generator_c.dir/rosidl_generator_c/aruco_opencv_msgs/msg/detail/aruco_detection__description.c.o[0m
[1.158s] [ 12%] [32mBuilding C object CMakeFiles/aruco_opencv_msgs__rosidl_generator_c.dir/rosidl_generator_c/aruco_opencv_msgs/msg/detail/board_pose__type_support.c.o[0m
[1.158s] [ 12%] [32mBuilding C object CMakeFiles/aruco_opencv_msgs__rosidl_generator_c.dir/rosidl_generator_c/aruco_opencv_msgs/msg/detail/marker_pose__description.c.o[0m
[1.158s] [ 14%] [32mBuilding C object CMakeFiles/aruco_opencv_msgs__rosidl_generator_c.dir/rosidl_generator_c/aruco_opencv_msgs/msg/detail/marker_pose__type_support.c.o[0m
[1.167s] [ 22%] [32mBuilding C object CMakeFiles/aruco_opencv_msgs__rosidl_generator_c.dir/rosidl_generator_c/aruco_opencv_msgs/msg/detail/board_pose__functions.c.o[0m
[1.167s] [ 22%] [32mBuilding C object CMakeFiles/aruco_opencv_msgs__rosidl_generator_c.dir/rosidl_generator_c/aruco_opencv_msgs/msg/detail/marker_pose__functions.c.o[0m
[1.168s] [ 22%] [32mBuilding C object CMakeFiles/aruco_opencv_msgs__rosidl_generator_c.dir/rosidl_generator_c/aruco_opencv_msgs/msg/detail/board_pose__description.c.o[0m
[1.168s] [ 22%] [32mBuilding C object CMakeFiles/aruco_opencv_msgs__rosidl_generator_c.dir/rosidl_generator_c/aruco_opencv_msgs/msg/detail/aruco_detection__functions.c.o[0m
[1.283s] [ 24%] [32m[1mLinking C shared library libaruco_opencv_msgs__rosidl_generator_c.so[0m
[1.371s] [ 24%] Built target aruco_opencv_msgs__rosidl_generator_c
[1.395s] [ 31%] [34m[1mGenerating C type support for eProsima Fast-RTPS[0m
[1.396s] [ 31%] [34m[1mGenerating C type support dispatch for ROS interfaces[0m
[1.396s] [ 31%] [34m[1mGenerating C++ type support dispatch for ROS interfaces[0m
[1.396s] [ 31%] [34m[1mGenerating C introspection for ROS interfaces[0m
[1.399s] [ 35%] [34m[1mGenerating C++ type support for eProsima Fast-RTPS[0m
[1.399s] [ 35%] [34m[1mGenerating C++ introspection for ROS interfaces[0m
[1.821s] [ 38%] [32mBuilding CXX object CMakeFiles/aruco_opencv_msgs__rosidl_typesupport_cpp.dir/rosidl_typesupport_cpp/aruco_opencv_msgs/msg/marker_pose__type_support.cpp.o[0m
[1.821s] [ 38%] [32mBuilding CXX object CMakeFiles/aruco_opencv_msgs__rosidl_typesupport_cpp.dir/rosidl_typesupport_cpp/aruco_opencv_msgs/msg/board_pose__type_support.cpp.o[0m
[1.821s] [ 40%] [32mBuilding CXX object CMakeFiles/aruco_opencv_msgs__rosidl_typesupport_cpp.dir/rosidl_typesupport_cpp/aruco_opencv_msgs/msg/aruco_detection__type_support.cpp.o[0m
[1.839s] [ 42%] [32mBuilding CXX object CMakeFiles/aruco_opencv_msgs__rosidl_typesupport_c.dir/rosidl_typesupport_c/aruco_opencv_msgs/msg/aruco_detection__type_support.cpp.o[0m
[1.840s] [ 44%] [32mBuilding CXX object CMakeFiles/aruco_opencv_msgs__rosidl_typesupport_c.dir/rosidl_typesupport_c/aruco_opencv_msgs/msg/board_pose__type_support.cpp.o[0m
[1.846s] [ 46%] [32mBuilding CXX object CMakeFiles/aruco_opencv_msgs__rosidl_typesupport_c.dir/rosidl_typesupport_c/aruco_opencv_msgs/msg/marker_pose__type_support.cpp.o[0m
[1.869s] [ 48%] [32mBuilding C object CMakeFiles/aruco_opencv_msgs__rosidl_typesupport_introspection_c.dir/rosidl_typesupport_introspection_c/aruco_opencv_msgs/msg/detail/aruco_detection__type_support.c.o[0m
[1.869s] [ 50%] [32mBuilding C object CMakeFiles/aruco_opencv_msgs__rosidl_typesupport_introspection_c.dir/rosidl_typesupport_introspection_c/aruco_opencv_msgs/msg/detail/board_pose__type_support.c.o[0m
[1.873s] [ 51%] [32mBuilding C object CMakeFiles/aruco_opencv_msgs__rosidl_typesupport_introspection_c.dir/rosidl_typesupport_introspection_c/aruco_opencv_msgs/msg/detail/marker_pose__type_support.c.o[0m
[1.879s] [ 57%] [32mBuilding CXX object CMakeFiles/aruco_opencv_msgs__rosidl_typesupport_introspection_cpp.dir/rosidl_typesupport_introspection_cpp/aruco_opencv_msgs/msg/detail/board_pose__type_support.cpp.o[0m
[1.879s] [ 57%] [32mBuilding CXX object CMakeFiles/aruco_opencv_msgs__rosidl_typesupport_introspection_cpp.dir/rosidl_typesupport_introspection_cpp/aruco_opencv_msgs/msg/detail/marker_pose__type_support.cpp.o[0m
[1.882s] [ 57%] [32mBuilding CXX object CMakeFiles/aruco_opencv_msgs__rosidl_typesupport_introspection_cpp.dir/rosidl_typesupport_introspection_cpp/aruco_opencv_msgs/msg/detail/aruco_detection__type_support.cpp.o[0m
[1.963s] [ 59%] [32m[1mLinking CXX shared library libaruco_opencv_msgs__rosidl_typesupport_c.so[0m
[1.981s] [ 61%] [32mBuilding CXX object CMakeFiles/aruco_opencv_msgs__rosidl_typesupport_fastrtps_cpp.dir/rosidl_typesupport_fastrtps_cpp/aruco_opencv_msgs/msg/detail/dds_fastrtps/aruco_detection__type_support.cpp.o[0m
[1.984s] [ 62%] [32mBuilding CXX object CMakeFiles/aruco_opencv_msgs__rosidl_typesupport_fastrtps_cpp.dir/rosidl_typesupport_fastrtps_cpp/aruco_opencv_msgs/msg/detail/dds_fastrtps/board_pose__type_support.cpp.o[0m
[1.987s] [ 64%] [32mBuilding CXX object CMakeFiles/aruco_opencv_msgs__rosidl_typesupport_fastrtps_cpp.dir/rosidl_typesupport_fastrtps_cpp/aruco_opencv_msgs/msg/detail/dds_fastrtps/marker_pose__type_support.cpp.o[0m
[1.991s] [ 66%] [32m[1mLinking C shared library libaruco_opencv_msgs__rosidl_typesupport_introspection_c.so[0m
[2.010s] [ 70%] [32mBuilding CXX object CMakeFiles/aruco_opencv_msgs__rosidl_typesupport_fastrtps_c.dir/rosidl_typesupport_fastrtps_c/aruco_opencv_msgs/msg/detail/aruco_detection__type_support_c.cpp.o[0m
[2.010s] [ 70%] [32mBuilding CXX object CMakeFiles/aruco_opencv_msgs__rosidl_typesupport_fastrtps_c.dir/rosidl_typesupport_fastrtps_c/aruco_opencv_msgs/msg/detail/marker_pose__type_support_c.cpp.o[0m
[2.010s] [ 72%] [32mBuilding CXX object CMakeFiles/aruco_opencv_msgs__rosidl_typesupport_fastrtps_c.dir/rosidl_typesupport_fastrtps_c/aruco_opencv_msgs/msg/detail/board_pose__type_support_c.cpp.o[0m
[2.089s] [ 72%] Built target aruco_opencv_msgs__rosidl_typesupport_c
[2.094s] [ 72%] Built target aruco_opencv_msgs__rosidl_typesupport_introspection_c
[2.595s] [ 74%] [32m[1mLinking CXX shared library libaruco_opencv_msgs__rosidl_typesupport_cpp.so[0m
[2.692s] [ 74%] Built target aruco_opencv_msgs__rosidl_typesupport_cpp
[2.737s] [ 75%] [32m[1mLinking CXX shared library libaruco_opencv_msgs__rosidl_typesupport_introspection_cpp.so[0m
[2.906s] [ 77%] [32m[1mLinking CXX shared library libaruco_opencv_msgs__rosidl_typesupport_fastrtps_c.so[0m
[2.913s] [ 77%] Built target aruco_opencv_msgs__rosidl_typesupport_introspection_cpp
[3.010s] [ 79%] [32m[1mLinking CXX shared library libaruco_opencv_msgs__rosidl_typesupport_fastrtps_cpp.so[0m
[3.072s] [ 79%] Built target aruco_opencv_msgs__rosidl_typesupport_fastrtps_c
[3.181s] [ 79%] Built target aruco_opencv_msgs__rosidl_typesupport_fastrtps_cpp
[3.236s] [ 79%] Built target aruco_opencv_msgs
[3.294s] [ 81%] [34m[1mGenerating Python code for ROS interfaces[0m
[3.897s] [ 81%] Built target aruco_opencv_msgs__py
[3.949s] [ 83%] [32mBuilding C object CMakeFiles/aruco_opencv_msgs__rosidl_generator_py.dir/rosidl_generator_py/aruco_opencv_msgs/msg/_board_pose_s.c.o[0m
[3.949s] [ 85%] [32mBuilding C object CMakeFiles/aruco_opencv_msgs__rosidl_generator_py.dir/rosidl_generator_py/aruco_opencv_msgs/msg/_aruco_detection_s.c.o[0m
[3.957s] [ 87%] [32mBuilding C object CMakeFiles/aruco_opencv_msgs__rosidl_generator_py.dir/rosidl_generator_py/aruco_opencv_msgs/msg/_marker_pose_s.c.o[0m
[4.208s] [ 88%] [32m[1mLinking C shared library libaruco_opencv_msgs__rosidl_generator_py.so[0m
[4.311s] [ 88%] Built target aruco_opencv_msgs__rosidl_generator_py
[4.362s] [ 90%] [32mBuilding C object CMakeFiles/aruco_opencv_msgs_s__rosidl_typesupport_c.dir/rosidl_generator_py/aruco_opencv_msgs/_aruco_opencv_msgs_s.ep.rosidl_typesupport_c.c.o[0m
[4.367s] [ 92%] [32mBuilding C object CMakeFiles/aruco_opencv_msgs_s__rosidl_typesupport_introspection_c.dir/rosidl_generator_py/aruco_opencv_msgs/_aruco_opencv_msgs_s.ep.rosidl_typesupport_introspection_c.c.o[0m
[4.369s] [ 94%] [32mBuilding C object CMakeFiles/aruco_opencv_msgs_s__rosidl_typesupport_fastrtps_c.dir/rosidl_generator_py/aruco_opencv_msgs/_aruco_opencv_msgs_s.ep.rosidl_typesupport_fastrtps_c.c.o[0m
[4.564s] [ 96%] [32m[1mLinking C shared module rosidl_generator_py/aruco_opencv_msgs/aruco_opencv_msgs_s__rosidl_typesupport_c.so[0m
[4.566s] [ 98%] [32m[1mLinking C shared module rosidl_generator_py/aruco_opencv_msgs/aruco_opencv_msgs_s__rosidl_typesupport_introspection_c.so[0m
[4.568s] [100%] [32m[1mLinking C shared module rosidl_generator_py/aruco_opencv_msgs/aruco_opencv_msgs_s__rosidl_typesupport_fastrtps_c.so[0m
[4.640s] [100%] Built target aruco_opencv_msgs_s__rosidl_typesupport_fastrtps_c
[4.641s] [100%] Built target aruco_opencv_msgs_s__rosidl_typesupport_c
[4.650s] [100%] Built target aruco_opencv_msgs_s__rosidl_typesupport_introspection_c
