[0.034s] Invoking command in '/home/assignments/assignment3/ws/build/plansys_interface': CMAKE_PREFIX_PATH=${CMAKE_PREFIX_PATH}:/opt/ros/jazzy /usr/bin/cmake --build /home/assignments/assignment3/ws/build/plansys_interface -- -j16 -l16
[0.165s] [ 14%] Built target get_plan
[0.166s] [ 28%] Built target ask_charge_action_node
[0.166s] [ 57%] Built target move_action_node
[0.166s] [ 57%] Built target get_plan_and_execute
[0.166s] [ 85%] Built target charge_action_node
[0.166s] [ 85%] Built target move_action_node_3
[0.166s] [100%] Built target move_action_node_2
[0.235s] Invoked command in '/home/assignments/assignment3/ws/build/plansys_interface' returned '0': CMAKE_PREFIX_PATH=${CMAKE_PREFIX_PATH}:/opt/ros/jazzy /usr/bin/cmake --build /home/assignments/assignment3/ws/build/plansys_interface -- -j16 -l16
[0.236s] Invoking command in '/home/assignments/assignment3/ws/build/plansys_interface': CMAKE_PREFIX_PATH=${CMAKE_PREFIX_PATH}:/opt/ros/jazzy /usr/bin/cmake --install /home/assignments/assignment3/ws/build/plansys_interface
[0.250s] -- Install configuration: ""
[0.250s] -- Up-to-date: /home/assignments/assignment3/ws/install/plansys_interface/share/plansys_interface/domain
[0.250s] -- Up-to-date: /home/assignments/assignment3/ws/install/plansys_interface/share/plansys_interface/domain/problem.pddl
[0.250s] -- Up-to-date: /home/assignments/assignment3/ws/install/plansys_interface/share/plansys_interface/domain/example.pddl
[0.251s] -- Up-to-date: /home/assignments/assignment3/ws/install/plansys_interface/share/plansys_interface/launch
[0.251s] -- Up-to-date: /home/assignments/assignment3/ws/install/plansys_interface/share/plansys_interface/launch/distributed.launch.py
[0.251s] -- Up-to-date: /home/assignments/assignment3/ws/install/plansys_interface/share/plansys_interface/launch/distributed_actions_2.launch.py
[0.251s] -- Up-to-date: /home/assignments/assignment3/ws/install/plansys_interface/share/plansys_interface/launch/distributed_actions_3.launch.py
[0.251s] -- Up-to-date: /home/assignments/assignment3/ws/install/plansys_interface/share/plansys_interface/launch/distributed_ex.launch.py
[0.251s] -- Up-to-date: /home/assignments/assignment3/ws/install/plansys_interface/share/plansys_interface/launch/distributed_actions.launch.py
[0.251s] -- Up-to-date: /home/assignments/assignment3/ws/install/plansys_interface/lib/plansys_interface/get_plan
[0.252s] -- Up-to-date: /home/assignments/assignment3/ws/install/plansys_interface/lib/plansys_interface/get_plan_and_execute
[0.252s] -- Up-to-date: /home/assignments/assignment3/ws/install/plansys_interface/lib/plansys_interface/move_action_node
[0.253s] -- Up-to-date: /home/assignments/assignment3/ws/install/plansys_interface/lib/plansys_interface/ask_charge_action_node
[0.254s] -- Up-to-date: /home/assignments/assignment3/ws/install/plansys_interface/lib/plansys_interface/charge_action_node
[0.254s] -- Up-to-date: /home/assignments/assignment3/ws/install/plansys_interface/lib/plansys_interface/move_action_node_2
[0.255s] -- Up-to-date: /home/assignments/assignment3/ws/install/plansys_interface/lib/plansys_interface/move_action_node_3
[0.255s] -- Up-to-date: /home/assignments/assignment3/ws/install/plansys_interface/share/ament_index/resource_index/package_run_dependencies/plansys_interface
[0.255s] -- Up-to-date: /home/assignments/assignment3/ws/install/plansys_interface/share/ament_index/resource_index/parent_prefix_path/plansys_interface
[0.255s] -- Up-to-date: /home/assignments/assignment3/ws/install/plansys_interface/share/plansys_interface/environment/ament_prefix_path.sh
[0.255s] -- Up-to-date: /home/assignments/assignment3/ws/install/plansys_interface/share/plansys_interface/environment/ament_prefix_path.dsv
[0.255s] -- Up-to-date: /home/assignments/assignment3/ws/install/plansys_interface/share/plansys_interface/environment/path.sh
[0.255s] -- Up-to-date: /home/assignments/assignment3/ws/install/plansys_interface/share/plansys_interface/environment/path.dsv
[0.256s] -- Up-to-date: /home/assignments/assignment3/ws/install/plansys_interface/share/plansys_interface/local_setup.bash
[0.256s] -- Up-to-date: /home/assignments/assignment3/ws/install/plansys_interface/share/plansys_interface/local_setup.sh
[0.256s] -- Up-to-date: /home/assignments/assignment3/ws/install/plansys_interface/share/plansys_interface/local_setup.zsh
[0.256s] -- Up-to-date: /home/assignments/assignment3/ws/install/plansys_interface/share/plansys_interface/local_setup.dsv
[0.256s] -- Installing: /home/assignments/assignment3/ws/install/plansys_interface/share/plansys_interface/package.dsv
[0.256s] -- Up-to-date: /home/assignments/assignment3/ws/install/plansys_interface/share/ament_index/resource_index/packages/plansys_interface
[0.256s] -- Up-to-date: /home/assignments/assignment3/ws/install/plansys_interface/share/plansys_interface/cmake/plansys_interfaceConfig.cmake
[0.256s] -- Up-to-date: /home/assignments/assignment3/ws/install/plansys_interface/share/plansys_interface/cmake/plansys_interfaceConfig-version.cmake
[0.256s] -- Up-to-date: /home/assignments/assignment3/ws/install/plansys_interface/share/plansys_interface/package.xml
[0.260s] Invoked command in '/home/assignments/assignment3/ws/build/plansys_interface' returned '0': CMAKE_PREFIX_PATH=${CMAKE_PREFIX_PATH}:/opt/ros/jazzy /usr/bin/cmake --install /home/assignments/assignment3/ws/build/plansys_interface
