[0.040s] Invoking command in '/home/assignments/assignment3/ws/build/plansys_interface': CMAKE_PREFIX_PATH=${CMAKE_PREFIX_PATH}:/opt/ros/jazzy /usr/bin/cmake /home/assignments/assignment3/ws/src/plansys_interface -DCMAKE_INSTALL_PREFIX=/home/assignments/assignment3/ws/install/plansys_interface
[0.256s] -- The C compiler identification is GNU 13.3.0
[0.416s] -- The CXX compiler identification is GNU 13.3.0
[0.449s] -- Detecting C compiler ABI info
[0.658s] -- Detecting C compiler ABI info - done
[0.672s] -- Check for working C compiler: /usr/bin/cc - skipped
[0.676s] -- Detecting C compile features
[0.677s] -- Detecting C compile features - done
[0.699s] -- Detecting CXX compiler ABI info
[0.914s] -- Detecting CXX compiler ABI info - done
[0.929s] -- Check for working CXX compiler: /usr/bin/c++ - skipped
[0.929s] -- Detecting CXX compile features
[0.930s] -- Detecting CXX compile features - done
[0.947s] -- Found ament_cmake: 2.5.4 (/opt/ros/jazzy/share/ament_cmake/cmake)
[1.274s] -- Found Python3: /usr/bin/python3 (found version "3.12.3") found components: Interpreter 
[1.600s] -- Found rclcpp: 28.1.11 (/opt/ros/jazzy/share/rclcpp/cmake)
[1.759s] -- Found rosidl_generator_c: 4.6.6 (/opt/ros/jazzy/share/rosidl_generator_c/cmake)
[1.810s] -- Found rosidl_generator_cpp: 4.6.6 (/opt/ros/jazzy/share/rosidl_generator_cpp/cmake)
[1.865s] -- Using all available rosidl_typesupport_c: rosidl_typesupport_fastrtps_c;rosidl_typesupport_introspection_c
[1.921s] -- Using all available rosidl_typesupport_cpp: rosidl_typesupport_fastrtps_cpp;rosidl_typesupport_introspection_cpp
[2.149s] -- Found rmw_implementation_cmake: 7.3.2 (/opt/ros/jazzy/share/rmw_implementation_cmake/cmake)
[2.163s] -- Found rmw_fastrtps_cpp: 8.4.3 (/opt/ros/jazzy/share/rmw_fastrtps_cpp/cmake)
[2.423s] -- Found OpenSSL: /usr/lib/x86_64-linux-gnu/libcrypto.so (found version "3.0.13")  
[2.465s] -- Found FastRTPS: /opt/ros/jazzy/include (Required is at least version "2.13") 
[2.510s] -- Using RMW implementation 'rmw_fastrtps_cpp' as default
[2.736s] [31mCMake Error at CMakeLists.txt:11 (find_package):
[2.736s]   By not providing "Findplansys2_pddl_parser.cmake" in CMAKE_MODULE_PATH this
[2.736s]   project has asked CMake to find a package configuration file provided by
[2.736s]   "plansys2_pddl_parser", but CMake did not find one.
[2.737s] 
[2.737s]   Could not find a package configuration file provided by
[2.737s]   "plansys2_pddl_parser" with any of the following names:
[2.737s] 
[2.737s]     plansys2_pddl_parserConfig.cmake
[2.738s]     plansys2_pddl_parser-config.cmake
[2.738s] 
[2.738s]   Add the installation prefix of "plansys2_pddl_parser" to CMAKE_PREFIX_PATH
[2.738s]   or set "plansys2_pddl_parser_DIR" to a directory containing one of the
[2.738s]   above files.  If "plansys2_pddl_parser" provides a separate development
[2.738s]   package or SDK, be sure it has been installed.
[2.739s] 
[2.739s] [0m
[2.739s] -- Configuring incomplete, errors occurred!
[2.750s] Invoked command in '/home/assignments/assignment3/ws/build/plansys_interface' returned '1': CMAKE_PREFIX_PATH=${CMAKE_PREFIX_PATH}:/opt/ros/jazzy /usr/bin/cmake /home/assignments/assignment3/ws/src/plansys_interface -DCMAKE_INSTALL_PREFIX=/home/assignments/assignment3/ws/install/plansys_interface
