[0.030s] Invoking command in '/home/assignments/assignment3/ws/build/erl1': CMAKE_PREFIX_PATH=${CMAKE_PREFIX_PATH}:/opt/ros/jazzy /usr/bin/cmake --build /home/assignments/assignment3/ws/build/erl1 -- -j16 -l16
[0.135s] Invoked command in '/home/assignments/assignment3/ws/build/erl1' returned '0': CMAKE_PREFIX_PATH=${CMAKE_PREFIX_PATH}:/opt/ros/jazzy /usr/bin/cmake --build /home/assignments/assignment3/ws/build/erl1 -- -j16 -l16
[0.137s] Invoking command in '/home/assignments/assignment3/ws/build/erl1': CMAKE_PREFIX_PATH=${CMAKE_PREFIX_PATH}:/opt/ros/jazzy /usr/bin/cmake --install /home/assignments/assignment3/ws/build/erl1
[0.158s] -- Install configuration: ""
[0.158s] -- Up-to-date: /home/assignments/assignment3/ws/install/erl1/share/erl1/launch
[0.160s] -- Up-to-date: /home/assignments/assignment3/ws/install/erl1/share/erl1/launch/rviz_launch.py
[0.160s] -- Up-to-date: /home/assignments/assignment3/ws/install/erl1/share/erl1/launch/spawn_robot.launch.py
[0.160s] -- Up-to-date: /home/assignments/assignment3/ws/install/erl1/share/erl1/launch/my_launch.py
[0.160s] -- Up-to-date: /home/assignments/assignment3/ws/install/erl1/share/erl1/worlds
[0.160s] -- Up-to-date: /home/assignments/assignment3/ws/install/erl1/share/erl1/worlds/my_world.sdf
[0.160s] -- Up-to-date: /home/assignments/assignment3/ws/install/erl1/share/erl1/worlds/simple_world.sdf
[0.160s] -- Up-to-date: /home/assignments/assignment3/ws/install/erl1/share/erl1/worlds/empty.sdf
[0.161s] -- Up-to-date: /home/assignments/assignment3/ws/install/erl1/share/erl1/rviz
[0.161s] -- Up-to-date: /home/assignments/assignment3/ws/install/erl1/share/erl1/rviz/urdf.rviz
[0.161s] -- Up-to-date: /home/assignments/assignment3/ws/install/erl1/share/erl1/urdf
[0.161s] -- Up-to-date: /home/assignments/assignment3/ws/install/erl1/share/erl1/urdf/erl1.gazebo
[0.161s] -- Up-to-date: /home/assignments/assignment3/ws/install/erl1/share/erl1/urdf/erl1.urdf
[0.161s] -- Up-to-date: /home/assignments/assignment3/ws/install/erl1/share/erl1/meshes
[0.161s] -- Up-to-date: /home/assignments/assignment3/ws/install/erl1/share/ament_index/resource_index/package_run_dependencies/erl1
[0.161s] -- Up-to-date: /home/assignments/assignment3/ws/install/erl1/share/ament_index/resource_index/parent_prefix_path/erl1
[0.161s] -- Up-to-date: /home/assignments/assignment3/ws/install/erl1/share/erl1/environment/ament_prefix_path.sh
[0.161s] -- Up-to-date: /home/assignments/assignment3/ws/install/erl1/share/erl1/environment/ament_prefix_path.dsv
[0.162s] -- Up-to-date: /home/assignments/assignment3/ws/install/erl1/share/erl1/environment/path.sh
[0.162s] -- Up-to-date: /home/assignments/assignment3/ws/install/erl1/share/erl1/environment/path.dsv
[0.162s] -- Up-to-date: /home/assignments/assignment3/ws/install/erl1/share/erl1/local_setup.bash
[0.162s] -- Up-to-date: /home/assignments/assignment3/ws/install/erl1/share/erl1/local_setup.sh
[0.162s] -- Up-to-date: /home/assignments/assignment3/ws/install/erl1/share/erl1/local_setup.zsh
[0.162s] -- Up-to-date: /home/assignments/assignment3/ws/install/erl1/share/erl1/local_setup.dsv
[0.162s] -- Up-to-date: /home/assignments/assignment3/ws/install/erl1/share/erl1/package.dsv
[0.162s] -- Up-to-date: /home/assignments/assignment3/ws/install/erl1/share/ament_index/resource_index/packages/erl1
[0.163s] -- Up-to-date: /home/assignments/assignment3/ws/install/erl1/share/erl1/cmake/erl1Config.cmake
[0.163s] -- Up-to-date: /home/assignments/assignment3/ws/install/erl1/share/erl1/cmake/erl1Config-version.cmake
[0.163s] -- Up-to-date: /home/assignments/assignment3/ws/install/erl1/share/erl1/package.xml
[0.190s] Invoked command in '/home/assignments/assignment3/ws/build/erl1' returned '0': CMAKE_PREFIX_PATH=${CMAKE_PREFIX_PATH}:/opt/ros/jazzy /usr/bin/cmake --install /home/assignments/assignment3/ws/build/erl1
