-- The C compiler identification is GNU 13.3.0
-- The CXX compiler identification is GNU 13.3.0
-- Detecting C compiler ABI info
-- Detecting C compiler ABI info - done
-- Check for working C compiler: /usr/bin/cc - skipped
-- Detecting C compile features
-- Detecting C compile features - done
-- Detecting CXX compiler ABI info
-- Detecting CXX compiler ABI info - done
-- Check for working CXX compiler: /usr/bin/c++ - skipped
-- Detecting CXX compile features
-- Detecting CXX compile features - done
-- Found ament_cmake: 2.5.4 (/opt/ros/jazzy/share/ament_cmake/cmake)
-- Found Python3: /usr/bin/python3 (found version "3.12.3") found components: Interpreter 
-- Found rclcpp: 28.1.11 (/opt/ros/jazzy/share/rclcpp/cmake)
-- Found rosidl_generator_c: 4.6.6 (/opt/ros/jazzy/share/rosidl_generator_c/cmake)
-- Found rosidl_generator_cpp: 4.6.6 (/opt/ros/jazzy/share/rosidl_generator_cpp/cmake)
-- Using all available rosidl_typesupport_c: rosidl_typesupport_fastrtps_c;rosidl_typesupport_introspection_c
-- Using all available rosidl_typesupport_cpp: rosidl_typesupport_fastrtps_cpp;rosidl_typesupport_introspection_cpp
-- Found rmw_implementation_cmake: 7.3.2 (/opt/ros/jazzy/share/rmw_implementation_cmake/cmake)
-- Found rmw_fastrtps_cpp: 8.4.3 (/opt/ros/jazzy/share/rmw_fastrtps_cpp/cmake)
-- Found OpenSSL: /usr/lib/x86_64-linux-gnu/libcrypto.so (found version "3.0.13")  
-- Found FastRTPS: /opt/ros/jazzy/include (Required is at least version "2.13") 
-- Using RMW implementation 'rmw_fastrtps_cpp' as default
-- Found rclcpp_components: 28.1.11 (/opt/ros/jazzy/share/rclcpp_components/cmake)
-- Found rclcpp_lifecycle: 28.1.11 (/opt/ros/jazzy/share/rclcpp_lifecycle/cmake)
-- Found aruco_opencv_msgs: 6.1.1 (/home/assignments/assignment3/ws/install/aruco_opencv_msgs/share/aruco_opencv_msgs/cmake)
-- Found cv_bridge: 4.1.0 (/opt/ros/jazzy/share/cv_bridge/cmake)
-- Found tf2_ros: 0.36.14 (/opt/ros/jazzy/share/tf2_ros/cmake)
-- Found tf2_geometry_msgs: 0.36.14 (/opt/ros/jazzy/share/tf2_geometry_msgs/cmake)
-- Found eigen3_cmake_module: 0.3.0 (/opt/ros/jazzy/share/eigen3_cmake_module/cmake)
-- Found Eigen3: TRUE (found version "3.4.0") 
-- Ensuring Eigen3 include directory is part of orocos-kdl CMake target
-- Found image_transport: 5.1.7 (/opt/ros/jazzy/share/image_transport/cmake)
-- Found OpenCV: /usr (found suitable version "4.6.0", minimum required is "4.6.0") found components: aruco 
-- Found ament_lint_auto: 0.17.3 (/opt/ros/jazzy/share/ament_lint_auto/cmake)
-- Added test 'copyright' to check source files copyright and LICENSE
-- Added test 'cpplint' to check C / C++ code against the Google style
-- Configured cpplint exclude dirs and/or files: 
-- Added test 'lint_cmake' to check CMake code style
-- Added test 'uncrustify' to check C / C++ code style
-- Configured uncrustify additional arguments: 
-- Added test 'xmllint' to check XML markup files
-- Configuring done (3.5s)
-- Generating done (0.0s)
-- Build files have been written to: /home/assignments/assignment3/ws/build/aruco_opencv
[ 40%] [32mBuilding CXX object CMakeFiles/aruco_opencv.dir/src/parameters.cpp.o[0m
[ 40%] [32mBuilding CXX object CMakeFiles/aruco_tracker_autostart.dir/rclcpp_components/node_main_aruco_tracker_autostart.cpp.o[0m
[ 40%] [32mBuilding CXX object CMakeFiles/aruco_opencv.dir/src/utils.cpp.o[0m
[ 40%] [32mBuilding CXX object CMakeFiles/aruco_opencv.dir/src/detector.cpp.o[0m
[ 50%] [32mBuilding CXX object CMakeFiles/aruco_tracker.dir/rclcpp_components/node_main_aruco_tracker.cpp.o[0m
[ 70%] [32mBuilding CXX object CMakeFiles/aruco_opencv.dir/src/board_loader.cpp.o[0m
[ 70%] [32mBuilding CXX object CMakeFiles/aruco_opencv.dir/src/aruco_tracker.cpp.o[0m
[ 80%] [32m[1mLinking CXX executable aruco_tracker[0m
[ 90%] [32m[1mLinking CXX executable aruco_tracker_autostart[0m
[ 90%] Built target aruco_tracker
[ 90%] Built target aruco_tracker_autostart
[100%] [32m[1mLinking CXX shared library libaruco_opencv.so[0m
[100%] Built target aruco_opencv
-- Install configuration: ""
-- Installing: /home/assignments/assignment3/ws/install/aruco_opencv/lib/aruco_opencv/aruco_tracker
-- Set non-toolchain portion of runtime path of "/home/assignments/assignment3/ws/install/aruco_opencv/lib/aruco_opencv/aruco_tracker" to ""
-- Installing: /home/assignments/assignment3/ws/install/aruco_opencv/lib/aruco_opencv/aruco_tracker_autostart
-- Set non-toolchain portion of runtime path of "/home/assignments/assignment3/ws/install/aruco_opencv/lib/aruco_opencv/aruco_tracker_autostart" to ""
-- Installing: /home/assignments/assignment3/ws/install/aruco_opencv/lib/libaruco_opencv.so
-- Set non-toolchain portion of runtime path of "/home/assignments/assignment3/ws/install/aruco_opencv/lib/libaruco_opencv.so" to ""
-- Installing: /home/assignments/assignment3/ws/install/aruco_opencv/share/aruco_opencv/config
-- Installing: /home/assignments/assignment3/ws/install/aruco_opencv/share/aruco_opencv/config/board_descriptions.yaml
-- Installing: /home/assignments/assignment3/ws/install/aruco_opencv/share/aruco_opencv/config/aruco_tracker.yaml
-- Installing: /home/assignments/assignment3/ws/install/aruco_opencv/share/aruco_opencv/launch
-- Installing: /home/assignments/assignment3/ws/install/aruco_opencv/share/aruco_opencv/launch/aruco_tracker.launch.xml
-- Installing: /home/assignments/assignment3/ws/install/aruco_opencv/lib/aruco_opencv/create_board
-- Installing: /home/assignments/assignment3/ws/install/aruco_opencv/lib/aruco_opencv/create_marker
-- Installing: /home/assignments/assignment3/ws/install/aruco_opencv/share/ament_index/resource_index/package_run_dependencies/aruco_opencv
-- Installing: /home/assignments/assignment3/ws/install/aruco_opencv/share/ament_index/resource_index/parent_prefix_path/aruco_opencv
-- Installing: /home/assignments/assignment3/ws/install/aruco_opencv/share/aruco_opencv/environment/ament_prefix_path.sh
-- Installing: /home/assignments/assignment3/ws/install/aruco_opencv/share/aruco_opencv/environment/ament_prefix_path.dsv
-- Installing: /home/assignments/assignment3/ws/install/aruco_opencv/share/aruco_opencv/environment/path.sh
-- Installing: /home/assignments/assignment3/ws/install/aruco_opencv/share/aruco_opencv/environment/path.dsv
-- Installing: /home/assignments/assignment3/ws/install/aruco_opencv/share/aruco_opencv/local_setup.bash
-- Installing: /home/assignments/assignment3/ws/install/aruco_opencv/share/aruco_opencv/local_setup.sh
-- Installing: /home/assignments/assignment3/ws/install/aruco_opencv/share/aruco_opencv/local_setup.zsh
-- Installing: /home/assignments/assignment3/ws/install/aruco_opencv/share/aruco_opencv/local_setup.dsv
-- Installing: /home/assignments/assignment3/ws/install/aruco_opencv/share/aruco_opencv/package.dsv
-- Installing: /home/assignments/assignment3/ws/install/aruco_opencv/share/ament_index/resource_index/packages/aruco_opencv
-- Installing: /home/assignments/assignment3/ws/install/aruco_opencv/share/ament_index/resource_index/rclcpp_components/aruco_opencv
-- Installing: /home/assignments/assignment3/ws/install/aruco_opencv/share/aruco_opencv/cmake/aruco_opencvConfig.cmake
-- Installing: /home/assignments/assignment3/ws/install/aruco_opencv/share/aruco_opencv/cmake/aruco_opencvConfig-version.cmake
-- Installing: /home/assignments/assignment3/ws/install/aruco_opencv/share/aruco_opencv/package.xml
