[0.032s] Invoking command in '/home/assignments/assignment3/ws/build/aruco_opencv': AMENT_PREFIX_PATH=/home/assignments/assignment3/ws/install/aruco_opencv_msgs:${AMENT_PREFIX_PATH} CMAKE_PREFIX_PATH=/home/assignments/assignment3/ws/install/aruco_opencv_msgs:/opt/ros/jazzy/opt/gz_launch_vendor:/opt/ros/jazzy/opt/gz_sim_vendor:/opt/ros/jazzy/opt/gz_sensors_vendor:/opt/ros/jazzy/opt/gz_physics_vendor:/opt/ros/jazzy/opt/sdformat_vendor:/opt/ros/jazzy/opt/gz_gui_vendor:/opt/ros/jazzy/opt/gz_transport_vendor:/opt/ros/jazzy/opt/gz_rendering_vendor:/opt/ros/jazzy/opt/gz_plugin_vendor:/opt/ros/jazzy/opt/gz_fuel_tools_vendor:/opt/ros/jazzy/opt/gz_msgs_vendor:/opt/ros/jazzy/opt/gz_common_vendor:/opt/ros/jazzy/opt/gz_math_vendor:/opt/ros/jazzy/opt/gz_utils_vendor:/opt/ros/jazzy/opt/gz_tools_vendor:/opt/ros/jazzy/opt/gz_ogre_next_vendor:/opt/ros/jazzy/opt/gz_dartsim_vendor:/opt/ros/jazzy/opt/gz_cmake_vendor:/opt/ros/jazzy LD_LIBRARY_PATH=/home/assignments/assignment3/ws/install/aruco_opencv_msgs/lib:${LD_LIBRARY_PATH} PYTHONPATH=/home/assignments/assignment3/ws/install/aruco_opencv_msgs/lib/python3.12/site-packages:${PYTHONPATH} /usr/bin/cmake /home/assignments/assignment3/ws/src/ros_aruco_opencv/aruco_opencv -DCMAKE_INSTALL_PREFIX=/home/assignments/assignment3/ws/install/aruco_opencv
[0.155s] -- The C compiler identification is GNU 13.3.0
[0.272s] -- The CXX compiler identification is GNU 13.3.0
[0.322s] -- Detecting C compiler ABI info
[0.539s] -- Detecting C compiler ABI info - done
[0.565s] -- Check for working C compiler: /usr/bin/cc - skipped
[0.565s] -- Detecting C compile features
[0.566s] -- Detecting C compile features - done
[0.591s] -- Detecting CXX compiler ABI info
[0.822s] -- Detecting CXX compiler ABI info - done
[0.841s] -- Check for working CXX compiler: /usr/bin/c++ - skipped
[0.842s] -- Detecting CXX compile features
[0.843s] -- Detecting CXX compile features - done
[0.862s] -- Found ament_cmake: 2.5.4 (/opt/ros/jazzy/share/ament_cmake/cmake)
[1.173s] -- Found Python3: /usr/bin/python3 (found version "3.12.3") found components: Interpreter 
[1.489s] -- Found rclcpp: 28.1.11 (/opt/ros/jazzy/share/rclcpp/cmake)
[1.632s] -- Found rosidl_generator_c: 4.6.6 (/opt/ros/jazzy/share/rosidl_generator_c/cmake)
[1.679s] -- Found rosidl_generator_cpp: 4.6.6 (/opt/ros/jazzy/share/rosidl_generator_cpp/cmake)
[1.731s] -- Using all available rosidl_typesupport_c: rosidl_typesupport_fastrtps_c;rosidl_typesupport_introspection_c
[1.786s] -- Using all available rosidl_typesupport_cpp: rosidl_typesupport_fastrtps_cpp;rosidl_typesupport_introspection_cpp
[1.998s] -- Found rmw_implementation_cmake: 7.3.2 (/opt/ros/jazzy/share/rmw_implementation_cmake/cmake)
[2.012s] -- Found rmw_fastrtps_cpp: 8.4.3 (/opt/ros/jazzy/share/rmw_fastrtps_cpp/cmake)
[2.281s] -- Found OpenSSL: /usr/lib/x86_64-linux-gnu/libcrypto.so (found version "3.0.13")  
[2.324s] -- Found FastRTPS: /opt/ros/jazzy/include (Required is at least version "2.13") 
[2.368s] -- Using RMW implementation 'rmw_fastrtps_cpp' as default
[2.555s] -- Found rclcpp_components: 28.1.11 (/opt/ros/jazzy/share/rclcpp_components/cmake)
[2.666s] -- Found rclcpp_lifecycle: 28.1.11 (/opt/ros/jazzy/share/rclcpp_lifecycle/cmake)
[2.744s] -- Found aruco_opencv_msgs: 6.1.1 (/home/assignments/assignment3/ws/install/aruco_opencv_msgs/share/aruco_opencv_msgs/cmake)
[2.860s] -- Found cv_bridge: 4.1.0 (/opt/ros/jazzy/share/cv_bridge/cmake)
[2.962s] -- Found tf2_ros: 0.36.14 (/opt/ros/jazzy/share/tf2_ros/cmake)
[3.199s] -- Found tf2_geometry_msgs: 0.36.14 (/opt/ros/jazzy/share/tf2_geometry_msgs/cmake)
[3.269s] -- Found eigen3_cmake_module: 0.3.0 (/opt/ros/jazzy/share/eigen3_cmake_module/cmake)
[3.271s] -- Found Eigen3: TRUE (found version "3.4.0") 
[3.271s] -- Ensuring Eigen3 include directory is part of orocos-kdl CMake target
[3.286s] -- Found image_transport: 5.1.7 (/opt/ros/jazzy/share/image_transport/cmake)
[3.323s] -- Found OpenCV: /usr (found suitable version "4.6.0", minimum required is "4.6.0") found components: aruco 
[3.351s] -- Found ament_lint_auto: 0.17.3 (/opt/ros/jazzy/share/ament_lint_auto/cmake)
[3.575s] -- Added test 'copyright' to check source files copyright and LICENSE
[3.580s] -- Added test 'cpplint' to check C / C++ code against the Google style
[3.580s] -- Configured cpplint exclude dirs and/or files: 
[3.582s] -- Added test 'lint_cmake' to check CMake code style
[3.587s] -- Added test 'uncrustify' to check C / C++ code style
[3.587s] -- Configured uncrustify additional arguments: 
[3.589s] -- Added test 'xmllint' to check XML markup files
[3.593s] -- Configuring done (3.5s)
[3.642s] -- Generating done (0.0s)
[3.655s] -- Build files have been written to: /home/assignments/assignment3/ws/build/aruco_opencv
[3.672s] Invoked command in '/home/assignments/assignment3/ws/build/aruco_opencv' returned '0': AMENT_PREFIX_PATH=/home/assignments/assignment3/ws/install/aruco_opencv_msgs:${AMENT_PREFIX_PATH} CMAKE_PREFIX_PATH=/home/assignments/assignment3/ws/install/aruco_opencv_msgs:/opt/ros/jazzy/opt/gz_launch_vendor:/opt/ros/jazzy/opt/gz_sim_vendor:/opt/ros/jazzy/opt/gz_sensors_vendor:/opt/ros/jazzy/opt/gz_physics_vendor:/opt/ros/jazzy/opt/sdformat_vendor:/opt/ros/jazzy/opt/gz_gui_vendor:/opt/ros/jazzy/opt/gz_transport_vendor:/opt/ros/jazzy/opt/gz_rendering_vendor:/opt/ros/jazzy/opt/gz_plugin_vendor:/opt/ros/jazzy/opt/gz_fuel_tools_vendor:/opt/ros/jazzy/opt/gz_msgs_vendor:/opt/ros/jazzy/opt/gz_common_vendor:/opt/ros/jazzy/opt/gz_math_vendor:/opt/ros/jazzy/opt/gz_utils_vendor:/opt/ros/jazzy/opt/gz_tools_vendor:/opt/ros/jazzy/opt/gz_ogre_next_vendor:/opt/ros/jazzy/opt/gz_dartsim_vendor:/opt/ros/jazzy/opt/gz_cmake_vendor:/opt/ros/jazzy LD_LIBRARY_PATH=/home/assignments/assignment3/ws/install/aruco_opencv_msgs/lib:${LD_LIBRARY_PATH} PYTHONPATH=/home/assignments/assignment3/ws/install/aruco_opencv_msgs/lib/python3.12/site-packages:${PYTHONPATH} /usr/bin/cmake /home/assignments/assignment3/ws/src/ros_aruco_opencv/aruco_opencv -DCMAKE_INSTALL_PREFIX=/home/assignments/assignment3/ws/install/aruco_opencv
[3.674s] Invoking command in '/home/assignments/assignment3/ws/build/aruco_opencv': AMENT_PREFIX_PATH=/home/assignments/assignment3/ws/install/aruco_opencv_msgs:${AMENT_PREFIX_PATH} CMAKE_PREFIX_PATH=/home/assignments/assignment3/ws/install/aruco_opencv_msgs:/opt/ros/jazzy/opt/gz_launch_vendor:/opt/ros/jazzy/opt/gz_sim_vendor:/opt/ros/jazzy/opt/gz_sensors_vendor:/opt/ros/jazzy/opt/gz_physics_vendor:/opt/ros/jazzy/opt/sdformat_vendor:/opt/ros/jazzy/opt/gz_gui_vendor:/opt/ros/jazzy/opt/gz_transport_vendor:/opt/ros/jazzy/opt/gz_rendering_vendor:/opt/ros/jazzy/opt/gz_plugin_vendor:/opt/ros/jazzy/opt/gz_fuel_tools_vendor:/opt/ros/jazzy/opt/gz_msgs_vendor:/opt/ros/jazzy/opt/gz_common_vendor:/opt/ros/jazzy/opt/gz_math_vendor:/opt/ros/jazzy/opt/gz_utils_vendor:/opt/ros/jazzy/opt/gz_tools_vendor:/opt/ros/jazzy/opt/gz_ogre_next_vendor:/opt/ros/jazzy/opt/gz_dartsim_vendor:/opt/ros/jazzy/opt/gz_cmake_vendor:/opt/ros/jazzy LD_LIBRARY_PATH=/home/assignments/assignment3/ws/install/aruco_opencv_msgs/lib:${LD_LIBRARY_PATH} PYTHONPATH=/home/assignments/assignment3/ws/install/aruco_opencv_msgs/lib/python3.12/site-packages:${PYTHONPATH} /usr/bin/cmake --build /home/assignments/assignment3/ws/build/aruco_opencv -- -j16 -l16
[3.802s] [ 40%] [32mBuilding CXX object CMakeFiles/aruco_opencv.dir/src/parameters.cpp.o[0m
[3.802s] [ 40%] [32mBuilding CXX object CMakeFiles/aruco_tracker_autostart.dir/rclcpp_components/node_main_aruco_tracker_autostart.cpp.o[0m
[3.803s] [ 40%] [32mBuilding CXX object CMakeFiles/aruco_opencv.dir/src/utils.cpp.o[0m
[3.803s] [ 40%] [32mBuilding CXX object CMakeFiles/aruco_opencv.dir/src/detector.cpp.o[0m
[3.807s] [ 50%] [32mBuilding CXX object CMakeFiles/aruco_tracker.dir/rclcpp_components/node_main_aruco_tracker.cpp.o[0m
[3.810s] [ 70%] [32mBuilding CXX object CMakeFiles/aruco_opencv.dir/src/board_loader.cpp.o[0m
[3.811s] [ 70%] [32mBuilding CXX object CMakeFiles/aruco_opencv.dir/src/aruco_tracker.cpp.o[0m
[9.138s] [ 80%] [32m[1mLinking CXX executable aruco_tracker[0m
[9.338s] [ 90%] [32m[1mLinking CXX executable aruco_tracker_autostart[0m
[9.606s] [ 90%] Built target aruco_tracker
[9.651s] [ 90%] Built target aruco_tracker_autostart
[23.632s] [100%] [32m[1mLinking CXX shared library libaruco_opencv.so[0m
[25.101s] [100%] Built target aruco_opencv
[25.132s] Invoked command in '/home/assignments/assignment3/ws/build/aruco_opencv' returned '0': AMENT_PREFIX_PATH=/home/assignments/assignment3/ws/install/aruco_opencv_msgs:${AMENT_PREFIX_PATH} CMAKE_PREFIX_PATH=/home/assignments/assignment3/ws/install/aruco_opencv_msgs:/opt/ros/jazzy/opt/gz_launch_vendor:/opt/ros/jazzy/opt/gz_sim_vendor:/opt/ros/jazzy/opt/gz_sensors_vendor:/opt/ros/jazzy/opt/gz_physics_vendor:/opt/ros/jazzy/opt/sdformat_vendor:/opt/ros/jazzy/opt/gz_gui_vendor:/opt/ros/jazzy/opt/gz_transport_vendor:/opt/ros/jazzy/opt/gz_rendering_vendor:/opt/ros/jazzy/opt/gz_plugin_vendor:/opt/ros/jazzy/opt/gz_fuel_tools_vendor:/opt/ros/jazzy/opt/gz_msgs_vendor:/opt/ros/jazzy/opt/gz_common_vendor:/opt/ros/jazzy/opt/gz_math_vendor:/opt/ros/jazzy/opt/gz_utils_vendor:/opt/ros/jazzy/opt/gz_tools_vendor:/opt/ros/jazzy/opt/gz_ogre_next_vendor:/opt/ros/jazzy/opt/gz_dartsim_vendor:/opt/ros/jazzy/opt/gz_cmake_vendor:/opt/ros/jazzy LD_LIBRARY_PATH=/home/assignments/assignment3/ws/install/aruco_opencv_msgs/lib:${LD_LIBRARY_PATH} PYTHONPATH=/home/assignments/assignment3/ws/install/aruco_opencv_msgs/lib/python3.12/site-packages:${PYTHONPATH} /usr/bin/cmake --build /home/assignments/assignment3/ws/build/aruco_opencv -- -j16 -l16
[25.146s] Invoking command in '/home/assignments/assignment3/ws/build/aruco_opencv': AMENT_PREFIX_PATH=/home/assignments/assignment3/ws/install/aruco_opencv_msgs:${AMENT_PREFIX_PATH} CMAKE_PREFIX_PATH=/home/assignments/assignment3/ws/install/aruco_opencv_msgs:/opt/ros/jazzy/opt/gz_launch_vendor:/opt/ros/jazzy/opt/gz_sim_vendor:/opt/ros/jazzy/opt/gz_sensors_vendor:/opt/ros/jazzy/opt/gz_physics_vendor:/opt/ros/jazzy/opt/sdformat_vendor:/opt/ros/jazzy/opt/gz_gui_vendor:/opt/ros/jazzy/opt/gz_transport_vendor:/opt/ros/jazzy/opt/gz_rendering_vendor:/opt/ros/jazzy/opt/gz_plugin_vendor:/opt/ros/jazzy/opt/gz_fuel_tools_vendor:/opt/ros/jazzy/opt/gz_msgs_vendor:/opt/ros/jazzy/opt/gz_common_vendor:/opt/ros/jazzy/opt/gz_math_vendor:/opt/ros/jazzy/opt/gz_utils_vendor:/opt/ros/jazzy/opt/gz_tools_vendor:/opt/ros/jazzy/opt/gz_ogre_next_vendor:/opt/ros/jazzy/opt/gz_dartsim_vendor:/opt/ros/jazzy/opt/gz_cmake_vendor:/opt/ros/jazzy LD_LIBRARY_PATH=/home/assignments/assignment3/ws/install/aruco_opencv_msgs/lib:${LD_LIBRARY_PATH} PYTHONPATH=/home/assignments/assignment3/ws/install/aruco_opencv_msgs/lib/python3.12/site-packages:${PYTHONPATH} /usr/bin/cmake --install /home/assignments/assignment3/ws/build/aruco_opencv
[25.159s] -- Install configuration: ""
[25.159s] -- Installing: /home/assignments/assignment3/ws/install/aruco_opencv/lib/aruco_opencv/aruco_tracker
[25.160s] -- Set non-toolchain portion of runtime path of "/home/assignments/assignment3/ws/install/aruco_opencv/lib/aruco_opencv/aruco_tracker" to ""
[25.160s] -- Installing: /home/assignments/assignment3/ws/install/aruco_opencv/lib/aruco_opencv/aruco_tracker_autostart
[25.161s] -- Set non-toolchain portion of runtime path of "/home/assignments/assignment3/ws/install/aruco_opencv/lib/aruco_opencv/aruco_tracker_autostart" to ""
[25.161s] -- Installing: /home/assignments/assignment3/ws/install/aruco_opencv/lib/libaruco_opencv.so
[25.179s] -- Set non-toolchain portion of runtime path of "/home/assignments/assignment3/ws/install/aruco_opencv/lib/libaruco_opencv.so" to ""
[25.179s] -- Installing: /home/assignments/assignment3/ws/install/aruco_opencv/share/aruco_opencv/config
[25.180s] -- Installing: /home/assignments/assignment3/ws/install/aruco_opencv/share/aruco_opencv/config/board_descriptions.yaml
[25.180s] -- Installing: /home/assignments/assignment3/ws/install/aruco_opencv/share/aruco_opencv/config/aruco_tracker.yaml
[25.180s] -- Installing: /home/assignments/assignment3/ws/install/aruco_opencv/share/aruco_opencv/launch
[25.180s] -- Installing: /home/assignments/assignment3/ws/install/aruco_opencv/share/aruco_opencv/launch/aruco_tracker.launch.xml
[25.181s] -- Installing: /home/assignments/assignment3/ws/install/aruco_opencv/lib/aruco_opencv/create_board
[25.181s] -- Installing: /home/assignments/assignment3/ws/install/aruco_opencv/lib/aruco_opencv/create_marker
[25.181s] -- Installing: /home/assignments/assignment3/ws/install/aruco_opencv/share/ament_index/resource_index/package_run_dependencies/aruco_opencv
[25.181s] -- Installing: /home/assignments/assignment3/ws/install/aruco_opencv/share/ament_index/resource_index/parent_prefix_path/aruco_opencv
[25.182s] -- Installing: /home/assignments/assignment3/ws/install/aruco_opencv/share/aruco_opencv/environment/ament_prefix_path.sh
[25.182s] -- Installing: /home/assignments/assignment3/ws/install/aruco_opencv/share/aruco_opencv/environment/ament_prefix_path.dsv
[25.182s] -- Installing: /home/assignments/assignment3/ws/install/aruco_opencv/share/aruco_opencv/environment/path.sh
[25.182s] -- Installing: /home/assignments/assignment3/ws/install/aruco_opencv/share/aruco_opencv/environment/path.dsv
[25.183s] -- Installing: /home/assignments/assignment3/ws/install/aruco_opencv/share/aruco_opencv/local_setup.bash
[25.183s] -- Installing: /home/assignments/assignment3/ws/install/aruco_opencv/share/aruco_opencv/local_setup.sh
[25.183s] -- Installing: /home/assignments/assignment3/ws/install/aruco_opencv/share/aruco_opencv/local_setup.zsh
[25.183s] -- Installing: /home/assignments/assignment3/ws/install/aruco_opencv/share/aruco_opencv/local_setup.dsv
[25.183s] -- Installing: /home/assignments/assignment3/ws/install/aruco_opencv/share/aruco_opencv/package.dsv
[25.184s] -- Installing: /home/assignments/assignment3/ws/install/aruco_opencv/share/ament_index/resource_index/packages/aruco_opencv
[25.184s] -- Installing: /home/assignments/assignment3/ws/install/aruco_opencv/share/ament_index/resource_index/rclcpp_components/aruco_opencv
[25.184s] -- Installing: /home/assignments/assignment3/ws/install/aruco_opencv/share/aruco_opencv/cmake/aruco_opencvConfig.cmake
[25.184s] -- Installing: /home/assignments/assignment3/ws/install/aruco_opencv/share/aruco_opencv/cmake/aruco_opencvConfig-version.cmake
[25.185s] -- Installing: /home/assignments/assignment3/ws/install/aruco_opencv/share/aruco_opencv/package.xml
[25.188s] Invoked command in '/home/assignments/assignment3/ws/build/aruco_opencv' returned '0': AMENT_PREFIX_PATH=/home/assignments/assignment3/ws/install/aruco_opencv_msgs:${AMENT_PREFIX_PATH} CMAKE_PREFIX_PATH=/home/assignments/assignment3/ws/install/aruco_opencv_msgs:/opt/ros/jazzy/opt/gz_launch_vendor:/opt/ros/jazzy/opt/gz_sim_vendor:/opt/ros/jazzy/opt/gz_sensors_vendor:/opt/ros/jazzy/opt/gz_physics_vendor:/opt/ros/jazzy/opt/sdformat_vendor:/opt/ros/jazzy/opt/gz_gui_vendor:/opt/ros/jazzy/opt/gz_transport_vendor:/opt/ros/jazzy/opt/gz_rendering_vendor:/opt/ros/jazzy/opt/gz_plugin_vendor:/opt/ros/jazzy/opt/gz_fuel_tools_vendor:/opt/ros/jazzy/opt/gz_msgs_vendor:/opt/ros/jazzy/opt/gz_common_vendor:/opt/ros/jazzy/opt/gz_math_vendor:/opt/ros/jazzy/opt/gz_utils_vendor:/opt/ros/jazzy/opt/gz_tools_vendor:/opt/ros/jazzy/opt/gz_ogre_next_vendor:/opt/ros/jazzy/opt/gz_dartsim_vendor:/opt/ros/jazzy/opt/gz_cmake_vendor:/opt/ros/jazzy LD_LIBRARY_PATH=/home/assignments/assignment3/ws/install/aruco_opencv_msgs/lib:${LD_LIBRARY_PATH} PYTHONPATH=/home/assignments/assignment3/ws/install/aruco_opencv_msgs/lib/python3.12/site-packages:${PYTHONPATH} /usr/bin/cmake --install /home/assignments/assignment3/ws/build/aruco_opencv
