[0.038s] Invoking command in '/home/assignments/assignment3/ws/build/plansys_interface': CMAKE_PREFIX_PATH=${CMAKE_PREFIX_PATH}:/opt/ros/jazzy /usr/bin/cmake /home/assignments/assignment3/ws/src/plansys_interface -DCMAKE_INSTALL_PREFIX=/home/assignments/assignment3/ws/install/plansys_interface
[0.065s] -- Found ament_cmake: 2.5.4 (/opt/ros/jazzy/share/ament_cmake/cmake)
[0.546s] -- Found rclcpp: 28.1.11 (/opt/ros/jazzy/share/rclcpp/cmake)
[0.613s] -- Found rosidl_generator_c: 4.6.6 (/opt/ros/jazzy/share/rosidl_generator_c/cmake)
[0.628s] -- Found rosidl_generator_cpp: 4.6.6 (/opt/ros/jazzy/share/rosidl_generator_cpp/cmake)
[0.647s] -- Using all available rosidl_typesupport_c: rosidl_typesupport_fastrtps_c;rosidl_typesupport_introspection_c
[0.670s] -- Using all available rosidl_typesupport_cpp: rosidl_typesupport_fastrtps_cpp;rosidl_typesupport_introspection_cpp
[0.773s] -- Found rmw_implementation_cmake: 7.3.2 (/opt/ros/jazzy/share/rmw_implementation_cmake/cmake)
[0.775s] -- Found rmw_fastrtps_cpp: 8.4.3 (/opt/ros/jazzy/share/rmw_fastrtps_cpp/cmake)
[0.889s] -- Using RMW implementation 'rmw_fastrtps_cpp' as default
[1.000s] -- Found plansys2_pddl_parser: 2.0.18 (/opt/ros/jazzy/share/plansys2_pddl_parser/cmake)
[1.243s] [31mCMake Error at CMakeLists.txt:13 (find_package):
[1.244s]   By not providing "Findplansys2_domain_expert.cmake" in CMAKE_MODULE_PATH
[1.246s]   this project has asked CMake to find a package configuration file provided
[1.247s]   by "plansys2_domain_expert", but CMake did not find one.
[1.248s] 
[1.248s]   Could not find a package configuration file provided by
[1.249s]   "plansys2_domain_expert" with any of the following names:
[1.251s] 
[1.251s]     plansys2_domain_expertConfig.cmake
[1.251s]     plansys2_domain_expert-config.cmake
[1.252s] 
[1.252s]   Add the installation prefix of "plansys2_domain_expert" to
[1.253s]   CMAKE_PREFIX_PATH or set "plansys2_domain_expert_DIR" to a directory
[1.253s]   containing one of the above files.  If "plansys2_domain_expert" provides a
[1.253s]   separate development package or SDK, be sure it has been installed.
[1.253s] 
[1.253s] [0m
[1.253s] -- Configuring incomplete, errors occurred!
[1.283s] Invoked command in '/home/assignments/assignment3/ws/build/plansys_interface' returned '1': CMAKE_PREFIX_PATH=${CMAKE_PREFIX_PATH}:/opt/ros/jazzy /usr/bin/cmake /home/assignments/assignment3/ws/src/plansys_interface -DCMAKE_INSTALL_PREFIX=/home/assignments/assignment3/ws/install/plansys_interface
