[0.048s] Invoking command in '/home/assignments/assignment3/ws/build/aruco_opencv_msgs': CMAKE_PREFIX_PATH=${CMAKE_PREFIX_PATH}:/opt/ros/jazzy /usr/bin/cmake --build /home/assignments/assignment3/ws/build/aruco_opencv_msgs -- -j16 -l16
[0.205s] [  1%] Built target aruco_opencv_msgs__rosidl_generator_type_description
[0.238s] [  1%] Built target ament_cmake_python_copy_aruco_opencv_msgs
[0.270s] [  3%] Built target aruco_opencv_msgs__cpp
[0.286s] [ 24%] Built target aruco_opencv_msgs__rosidl_generator_c
[0.360s] [ 51%] Built target aruco_opencv_msgs__rosidl_typesupport_c
[0.361s] [ 51%] Built target aruco_opencv_msgs__rosidl_typesupport_fastrtps_c
[0.361s] [ 51%] Built target aruco_opencv_msgs__rosidl_typesupport_cpp
[0.361s] [ 68%] Built target aruco_opencv_msgs__rosidl_typesupport_introspection_c
[0.361s] [ 70%] Built target aruco_opencv_msgs__rosidl_typesupport_fastrtps_cpp
[0.371s] [ 79%] Built target aruco_opencv_msgs__rosidl_typesupport_introspection_cpp
[0.429s] [ 79%] Built target aruco_opencv_msgs
[0.491s] [ 81%] Built target aruco_opencv_msgs__py
[0.561s] [ 88%] Built target aruco_opencv_msgs__rosidl_generator_py
[0.621s] [ 96%] Built target aruco_opencv_msgs_s__rosidl_typesupport_introspection_c
[0.621s] [ 96%] Built target aruco_opencv_msgs_s__rosidl_typesupport_c
[0.621s] [100%] Built target aruco_opencv_msgs_s__rosidl_typesupport_fastrtps_c
[0.633s] running egg_info
[0.660s] writing aruco_opencv_msgs.egg-info/PKG-INFO
[0.661s] writing dependency_links to aruco_opencv_msgs.egg-info/dependency_links.txt
[0.661s] writing top-level names to aruco_opencv_msgs.egg-info/top_level.txt
[0.739s] reading manifest file 'aruco_opencv_msgs.egg-info/SOURCES.txt'
[0.739s] writing manifest file 'aruco_opencv_msgs.egg-info/SOURCES.txt'
[0.802s] [100%] Built target ament_cmake_python_build_aruco_opencv_msgs_egg
[0.834s] Invoked command in '/home/assignments/assignment3/ws/build/aruco_opencv_msgs' returned '0': CMAKE_PREFIX_PATH=${CMAKE_PREFIX_PATH}:/opt/ros/jazzy /usr/bin/cmake --build /home/assignments/assignment3/ws/build/aruco_opencv_msgs -- -j16 -l16
[0.836s] Invoking command in '/home/assignments/assignment3/ws/build/aruco_opencv_msgs': CMAKE_PREFIX_PATH=${CMAKE_PREFIX_PATH}:/opt/ros/jazzy /usr/bin/cmake --install /home/assignments/assignment3/ws/build/aruco_opencv_msgs
[0.859s] -- Install configuration: ""
[0.859s] -- Up-to-date: /home/assignments/assignment3/ws/install/aruco_opencv_msgs/share/ament_index/resource_index/rosidl_interfaces/aruco_opencv_msgs
[0.860s] -- Up-to-date: /home/assignments/assignment3/ws/install/aruco_opencv_msgs/share/aruco_opencv_msgs/msg/ArucoDetection.json
[0.860s] -- Up-to-date: /home/assignments/assignment3/ws/install/aruco_opencv_msgs/share/aruco_opencv_msgs/msg/BoardPose.json
[0.860s] -- Up-to-date: /home/assignments/assignment3/ws/install/aruco_opencv_msgs/share/aruco_opencv_msgs/msg/MarkerPose.json
[0.860s] -- Up-to-date: /home/assignments/assignment3/ws/install/aruco_opencv_msgs/include/aruco_opencv_msgs/aruco_opencv_msgs
[0.860s] -- Up-to-date: /home/assignments/assignment3/ws/install/aruco_opencv_msgs/include/aruco_opencv_msgs/aruco_opencv_msgs/msg
[0.860s] -- Up-to-date: /home/assignments/assignment3/ws/install/aruco_opencv_msgs/include/aruco_opencv_msgs/aruco_opencv_msgs/msg/aruco_detection.h
[0.861s] -- Up-to-date: /home/assignments/assignment3/ws/install/aruco_opencv_msgs/include/aruco_opencv_msgs/aruco_opencv_msgs/msg/detail
[0.861s] -- Up-to-date: /home/assignments/assignment3/ws/install/aruco_opencv_msgs/include/aruco_opencv_msgs/aruco_opencv_msgs/msg/detail/board_pose__description.c
[0.861s] -- Up-to-date: /home/assignments/assignment3/ws/install/aruco_opencv_msgs/include/aruco_opencv_msgs/aruco_opencv_msgs/msg/detail/aruco_detection__functions.c
[0.861s] -- Up-to-date: /home/assignments/assignment3/ws/install/aruco_opencv_msgs/include/aruco_opencv_msgs/aruco_opencv_msgs/msg/detail/marker_pose__description.c
[0.861s] -- Up-to-date: /home/assignments/assignment3/ws/install/aruco_opencv_msgs/include/aruco_opencv_msgs/aruco_opencv_msgs/msg/detail/aruco_detection__struct.h
[0.861s] -- Up-to-date: /home/assignments/assignment3/ws/install/aruco_opencv_msgs/include/aruco_opencv_msgs/aruco_opencv_msgs/msg/detail/marker_pose__type_support.h
[0.861s] -- Up-to-date: /home/assignments/assignment3/ws/install/aruco_opencv_msgs/include/aruco_opencv_msgs/aruco_opencv_msgs/msg/detail/board_pose__type_support.c
[0.862s] -- Up-to-date: /home/assignments/assignment3/ws/install/aruco_opencv_msgs/include/aruco_opencv_msgs/aruco_opencv_msgs/msg/detail/marker_pose__functions.h
[0.862s] -- Up-to-date: /home/assignments/assignment3/ws/install/aruco_opencv_msgs/include/aruco_opencv_msgs/aruco_opencv_msgs/msg/detail/board_pose__type_support.h
[0.862s] -- Up-to-date: /home/assignments/assignment3/ws/install/aruco_opencv_msgs/include/aruco_opencv_msgs/aruco_opencv_msgs/msg/detail/marker_pose__struct.h
[0.862s] -- Up-to-date: /home/assignments/assignment3/ws/install/aruco_opencv_msgs/include/aruco_opencv_msgs/aruco_opencv_msgs/msg/detail/aruco_detection__type_support.c
[0.862s] -- Up-to-date: /home/assignments/assignment3/ws/install/aruco_opencv_msgs/include/aruco_opencv_msgs/aruco_opencv_msgs/msg/detail/aruco_detection__functions.h
[0.862s] -- Up-to-date: /home/assignments/assignment3/ws/install/aruco_opencv_msgs/include/aruco_opencv_msgs/aruco_opencv_msgs/msg/detail/board_pose__struct.h
[0.862s] -- Up-to-date: /home/assignments/assignment3/ws/install/aruco_opencv_msgs/include/aruco_opencv_msgs/aruco_opencv_msgs/msg/detail/board_pose__functions.h
[0.862s] -- Up-to-date: /home/assignments/assignment3/ws/install/aruco_opencv_msgs/include/aruco_opencv_msgs/aruco_opencv_msgs/msg/detail/marker_pose__functions.c
[0.862s] -- Up-to-date: /home/assignments/assignment3/ws/install/aruco_opencv_msgs/include/aruco_opencv_msgs/aruco_opencv_msgs/msg/detail/aruco_detection__type_support.h
[0.863s] -- Up-to-date: /home/assignments/assignment3/ws/install/aruco_opencv_msgs/include/aruco_opencv_msgs/aruco_opencv_msgs/msg/detail/aruco_detection__description.c
[0.863s] -- Up-to-date: /home/assignments/assignment3/ws/install/aruco_opencv_msgs/include/aruco_opencv_msgs/aruco_opencv_msgs/msg/detail/marker_pose__type_support.c
[0.863s] -- Up-to-date: /home/assignments/assignment3/ws/install/aruco_opencv_msgs/include/aruco_opencv_msgs/aruco_opencv_msgs/msg/detail/board_pose__functions.c
[0.863s] -- Up-to-date: /home/assignments/assignment3/ws/install/aruco_opencv_msgs/include/aruco_opencv_msgs/aruco_opencv_msgs/msg/marker_pose.h
[0.863s] -- Up-to-date: /home/assignments/assignment3/ws/install/aruco_opencv_msgs/include/aruco_opencv_msgs/aruco_opencv_msgs/msg/board_pose.h
[0.863s] -- Up-to-date: /home/assignments/assignment3/ws/install/aruco_opencv_msgs/include/aruco_opencv_msgs/aruco_opencv_msgs/msg/rosidl_generator_c__visibility_control.h
[0.863s] -- Up-to-date: /home/assignments/assignment3/ws/install/aruco_opencv_msgs/share/aruco_opencv_msgs/environment/library_path.sh
[0.863s] -- Up-to-date: /home/assignments/assignment3/ws/install/aruco_opencv_msgs/share/aruco_opencv_msgs/environment/library_path.dsv
[0.864s] -- Up-to-date: /home/assignments/assignment3/ws/install/aruco_opencv_msgs/lib/libaruco_opencv_msgs__rosidl_generator_c.so
[0.864s] -- Up-to-date: /home/assignments/assignment3/ws/install/aruco_opencv_msgs/include/aruco_opencv_msgs/aruco_opencv_msgs
[0.864s] -- Up-to-date: /home/assignments/assignment3/ws/install/aruco_opencv_msgs/include/aruco_opencv_msgs/aruco_opencv_msgs/msg
[0.864s] -- Up-to-date: /home/assignments/assignment3/ws/install/aruco_opencv_msgs/include/aruco_opencv_msgs/aruco_opencv_msgs/msg/detail
[0.864s] -- Up-to-date: /home/assignments/assignment3/ws/install/aruco_opencv_msgs/include/aruco_opencv_msgs/aruco_opencv_msgs/msg/detail/board_pose__rosidl_typesupport_fastrtps_c.h
[0.864s] -- Up-to-date: /home/assignments/assignment3/ws/install/aruco_opencv_msgs/include/aruco_opencv_msgs/aruco_opencv_msgs/msg/detail/aruco_detection__rosidl_typesupport_fastrtps_c.h
[0.864s] -- Up-to-date: /home/assignments/assignment3/ws/install/aruco_opencv_msgs/include/aruco_opencv_msgs/aruco_opencv_msgs/msg/detail/marker_pose__rosidl_typesupport_fastrtps_c.h
[0.865s] -- Up-to-date: /home/assignments/assignment3/ws/install/aruco_opencv_msgs/include/aruco_opencv_msgs/aruco_opencv_msgs/msg/rosidl_typesupport_fastrtps_c__visibility_control.h
[0.865s] -- Up-to-date: /home/assignments/assignment3/ws/install/aruco_opencv_msgs/lib/libaruco_opencv_msgs__rosidl_typesupport_fastrtps_c.so
[0.865s] -- Up-to-date: /home/assignments/assignment3/ws/install/aruco_opencv_msgs/include/aruco_opencv_msgs/aruco_opencv_msgs
[0.865s] -- Up-to-date: /home/assignments/assignment3/ws/install/aruco_opencv_msgs/include/aruco_opencv_msgs/aruco_opencv_msgs/msg
[0.865s] -- Up-to-date: /home/assignments/assignment3/ws/install/aruco_opencv_msgs/include/aruco_opencv_msgs/aruco_opencv_msgs/msg/detail
[0.865s] -- Up-to-date: /home/assignments/assignment3/ws/install/aruco_opencv_msgs/include/aruco_opencv_msgs/aruco_opencv_msgs/msg/detail/board_pose__rosidl_typesupport_introspection_c.h
[0.865s] -- Up-to-date: /home/assignments/assignment3/ws/install/aruco_opencv_msgs/include/aruco_opencv_msgs/aruco_opencv_msgs/msg/detail/board_pose__type_support.c
[0.865s] -- Up-to-date: /home/assignments/assignment3/ws/install/aruco_opencv_msgs/include/aruco_opencv_msgs/aruco_opencv_msgs/msg/detail/aruco_detection__rosidl_typesupport_introspection_c.h
[0.866s] -- Up-to-date: /home/assignments/assignment3/ws/install/aruco_opencv_msgs/include/aruco_opencv_msgs/aruco_opencv_msgs/msg/detail/aruco_detection__type_support.c
[0.866s] -- Up-to-date: /home/assignments/assignment3/ws/install/aruco_opencv_msgs/include/aruco_opencv_msgs/aruco_opencv_msgs/msg/detail/marker_pose__rosidl_typesupport_introspection_c.h
[0.866s] -- Up-to-date: /home/assignments/assignment3/ws/install/aruco_opencv_msgs/include/aruco_opencv_msgs/aruco_opencv_msgs/msg/detail/marker_pose__type_support.c
[0.866s] -- Up-to-date: /home/assignments/assignment3/ws/install/aruco_opencv_msgs/include/aruco_opencv_msgs/aruco_opencv_msgs/msg/rosidl_typesupport_introspection_c__visibility_control.h
[0.867s] -- Up-to-date: /home/assignments/assignment3/ws/install/aruco_opencv_msgs/lib/libaruco_opencv_msgs__rosidl_typesupport_introspection_c.so
[0.867s] -- Up-to-date: /home/assignments/assignment3/ws/install/aruco_opencv_msgs/lib/libaruco_opencv_msgs__rosidl_typesupport_c.so
[0.867s] -- Up-to-date: /home/assignments/assignment3/ws/install/aruco_opencv_msgs/include/aruco_opencv_msgs/aruco_opencv_msgs
[0.868s] -- Up-to-date: /home/assignments/assignment3/ws/install/aruco_opencv_msgs/include/aruco_opencv_msgs/aruco_opencv_msgs/msg
[0.868s] -- Up-to-date: /home/assignments/assignment3/ws/install/aruco_opencv_msgs/include/aruco_opencv_msgs/aruco_opencv_msgs/msg/detail
[0.868s] -- Up-to-date: /home/assignments/assignment3/ws/install/aruco_opencv_msgs/include/aruco_opencv_msgs/aruco_opencv_msgs/msg/detail/board_pose__traits.hpp
[0.869s] -- Up-to-date: /home/assignments/assignment3/ws/install/aruco_opencv_msgs/include/aruco_opencv_msgs/aruco_opencv_msgs/msg/detail/board_pose__type_support.hpp
[0.869s] -- Up-to-date: /home/assignments/assignment3/ws/install/aruco_opencv_msgs/include/aruco_opencv_msgs/aruco_opencv_msgs/msg/detail/marker_pose__struct.hpp
[0.869s] -- Up-to-date: /home/assignments/assignment3/ws/install/aruco_opencv_msgs/include/aruco_opencv_msgs/aruco_opencv_msgs/msg/detail/aruco_detection__type_support.hpp
[0.869s] -- Up-to-date: /home/assignments/assignment3/ws/install/aruco_opencv_msgs/include/aruco_opencv_msgs/aruco_opencv_msgs/msg/detail/aruco_detection__builder.hpp
[0.870s] -- Up-to-date: /home/assignments/assignment3/ws/install/aruco_opencv_msgs/include/aruco_opencv_msgs/aruco_opencv_msgs/msg/detail/aruco_detection__traits.hpp
[0.870s] -- Up-to-date: /home/assignments/assignment3/ws/install/aruco_opencv_msgs/include/aruco_opencv_msgs/aruco_opencv_msgs/msg/detail/marker_pose__builder.hpp
[0.870s] -- Up-to-date: /home/assignments/assignment3/ws/install/aruco_opencv_msgs/include/aruco_opencv_msgs/aruco_opencv_msgs/msg/detail/board_pose__struct.hpp
[0.871s] -- Up-to-date: /home/assignments/assignment3/ws/install/aruco_opencv_msgs/include/aruco_opencv_msgs/aruco_opencv_msgs/msg/detail/marker_pose__type_support.hpp
[0.871s] -- Up-to-date: /home/assignments/assignment3/ws/install/aruco_opencv_msgs/include/aruco_opencv_msgs/aruco_opencv_msgs/msg/detail/aruco_detection__struct.hpp
[0.871s] -- Up-to-date: /home/assignments/assignment3/ws/install/aruco_opencv_msgs/include/aruco_opencv_msgs/aruco_opencv_msgs/msg/detail/board_pose__builder.hpp
[0.871s] -- Up-to-date: /home/assignments/assignment3/ws/install/aruco_opencv_msgs/include/aruco_opencv_msgs/aruco_opencv_msgs/msg/detail/marker_pose__traits.hpp
[0.872s] -- Up-to-date: /home/assignments/assignment3/ws/install/aruco_opencv_msgs/include/aruco_opencv_msgs/aruco_opencv_msgs/msg/board_pose.hpp
[0.872s] -- Up-to-date: /home/assignments/assignment3/ws/install/aruco_opencv_msgs/include/aruco_opencv_msgs/aruco_opencv_msgs/msg/aruco_detection.hpp
[0.872s] -- Up-to-date: /home/assignments/assignment3/ws/install/aruco_opencv_msgs/include/aruco_opencv_msgs/aruco_opencv_msgs/msg/marker_pose.hpp
[0.873s] -- Up-to-date: /home/assignments/assignment3/ws/install/aruco_opencv_msgs/include/aruco_opencv_msgs/aruco_opencv_msgs/msg/rosidl_generator_cpp__visibility_control.hpp
[0.873s] -- Up-to-date: /home/assignments/assignment3/ws/install/aruco_opencv_msgs/include/aruco_opencv_msgs/aruco_opencv_msgs
[0.873s] -- Up-to-date: /home/assignments/assignment3/ws/install/aruco_opencv_msgs/include/aruco_opencv_msgs/aruco_opencv_msgs/msg
[0.874s] -- Up-to-date: /home/assignments/assignment3/ws/install/aruco_opencv_msgs/include/aruco_opencv_msgs/aruco_opencv_msgs/msg/detail
[0.874s] -- Up-to-date: /home/assignments/assignment3/ws/install/aruco_opencv_msgs/include/aruco_opencv_msgs/aruco_opencv_msgs/msg/detail/dds_fastrtps
[0.874s] -- Up-to-date: /home/assignments/assignment3/ws/install/aruco_opencv_msgs/include/aruco_opencv_msgs/aruco_opencv_msgs/msg/detail/board_pose__rosidl_typesupport_fastrtps_cpp.hpp
[0.874s] -- Up-to-date: /home/assignments/assignment3/ws/install/aruco_opencv_msgs/include/aruco_opencv_msgs/aruco_opencv_msgs/msg/detail/marker_pose__rosidl_typesupport_fastrtps_cpp.hpp
[0.874s] -- Up-to-date: /home/assignments/assignment3/ws/install/aruco_opencv_msgs/include/aruco_opencv_msgs/aruco_opencv_msgs/msg/detail/aruco_detection__rosidl_typesupport_fastrtps_cpp.hpp
[0.874s] -- Up-to-date: /home/assignments/assignment3/ws/install/aruco_opencv_msgs/include/aruco_opencv_msgs/aruco_opencv_msgs/msg/rosidl_typesupport_fastrtps_cpp__visibility_control.h
[0.875s] -- Up-to-date: /home/assignments/assignment3/ws/install/aruco_opencv_msgs/lib/libaruco_opencv_msgs__rosidl_typesupport_fastrtps_cpp.so
[0.875s] -- Up-to-date: /home/assignments/assignment3/ws/install/aruco_opencv_msgs/include/aruco_opencv_msgs/aruco_opencv_msgs
[0.875s] -- Up-to-date: /home/assignments/assignment3/ws/install/aruco_opencv_msgs/include/aruco_opencv_msgs/aruco_opencv_msgs/msg
[0.875s] -- Up-to-date: /home/assignments/assignment3/ws/install/aruco_opencv_msgs/include/aruco_opencv_msgs/aruco_opencv_msgs/msg/detail
[0.875s] -- Up-to-date: /home/assignments/assignment3/ws/install/aruco_opencv_msgs/include/aruco_opencv_msgs/aruco_opencv_msgs/msg/detail/aruco_detection__type_support.cpp
[0.876s] -- Up-to-date: /home/assignments/assignment3/ws/install/aruco_opencv_msgs/include/aruco_opencv_msgs/aruco_opencv_msgs/msg/detail/board_pose__rosidl_typesupport_introspection_cpp.hpp
[0.876s] -- Up-to-date: /home/assignments/assignment3/ws/install/aruco_opencv_msgs/include/aruco_opencv_msgs/aruco_opencv_msgs/msg/detail/marker_pose__type_support.cpp
[0.876s] -- Up-to-date: /home/assignments/assignment3/ws/install/aruco_opencv_msgs/include/aruco_opencv_msgs/aruco_opencv_msgs/msg/detail/board_pose__type_support.cpp
[0.876s] -- Up-to-date: /home/assignments/assignment3/ws/install/aruco_opencv_msgs/include/aruco_opencv_msgs/aruco_opencv_msgs/msg/detail/marker_pose__rosidl_typesupport_introspection_cpp.hpp
[0.876s] -- Up-to-date: /home/assignments/assignment3/ws/install/aruco_opencv_msgs/include/aruco_opencv_msgs/aruco_opencv_msgs/msg/detail/aruco_detection__rosidl_typesupport_introspection_cpp.hpp
[0.876s] -- Up-to-date: /home/assignments/assignment3/ws/install/aruco_opencv_msgs/lib/libaruco_opencv_msgs__rosidl_typesupport_introspection_cpp.so
[0.877s] -- Up-to-date: /home/assignments/assignment3/ws/install/aruco_opencv_msgs/lib/libaruco_opencv_msgs__rosidl_typesupport_cpp.so
[0.877s] -- Up-to-date: /home/assignments/assignment3/ws/install/aruco_opencv_msgs/share/aruco_opencv_msgs/environment/pythonpath.sh
[0.877s] -- Up-to-date: /home/assignments/assignment3/ws/install/aruco_opencv_msgs/share/aruco_opencv_msgs/environment/pythonpath.dsv
[0.877s] -- Up-to-date: /home/assignments/assignment3/ws/install/aruco_opencv_msgs/lib/python3.12/site-packages/aruco_opencv_msgs-6.1.1-py3.12.egg-info
[0.877s] -- Installing: /home/assignments/assignment3/ws/install/aruco_opencv_msgs/lib/python3.12/site-packages/aruco_opencv_msgs-6.1.1-py3.12.egg-info/dependency_links.txt
[0.877s] -- Installing: /home/assignments/assignment3/ws/install/aruco_opencv_msgs/lib/python3.12/site-packages/aruco_opencv_msgs-6.1.1-py3.12.egg-info/top_level.txt
[0.878s] -- Installing: /home/assignments/assignment3/ws/install/aruco_opencv_msgs/lib/python3.12/site-packages/aruco_opencv_msgs-6.1.1-py3.12.egg-info/PKG-INFO
[0.878s] -- Installing: /home/assignments/assignment3/ws/install/aruco_opencv_msgs/lib/python3.12/site-packages/aruco_opencv_msgs-6.1.1-py3.12.egg-info/SOURCES.txt
[0.878s] -- Up-to-date: /home/assignments/assignment3/ws/install/aruco_opencv_msgs/lib/python3.12/site-packages/aruco_opencv_msgs
[0.878s] -- Up-to-date: /home/assignments/assignment3/ws/install/aruco_opencv_msgs/lib/python3.12/site-packages/aruco_opencv_msgs/__init__.py
[0.878s] -- Up-to-date: /home/assignments/assignment3/ws/install/aruco_opencv_msgs/lib/python3.12/site-packages/aruco_opencv_msgs/_aruco_opencv_msgs_s.ep.rosidl_typesupport_c.c
[0.879s] -- Up-to-date: /home/assignments/assignment3/ws/install/aruco_opencv_msgs/lib/python3.12/site-packages/aruco_opencv_msgs/aruco_opencv_msgs_s__rosidl_typesupport_fastrtps_c.so
[0.879s] -- Up-to-date: /home/assignments/assignment3/ws/install/aruco_opencv_msgs/lib/python3.12/site-packages/aruco_opencv_msgs/aruco_opencv_msgs_s__rosidl_typesupport_introspection_c.so
[0.879s] -- Up-to-date: /home/assignments/assignment3/ws/install/aruco_opencv_msgs/lib/python3.12/site-packages/aruco_opencv_msgs/aruco_opencv_msgs_s__rosidl_typesupport_c.so
[0.879s] -- Up-to-date: /home/assignments/assignment3/ws/install/aruco_opencv_msgs/lib/python3.12/site-packages/aruco_opencv_msgs/msg
[0.879s] -- Up-to-date: /home/assignments/assignment3/ws/install/aruco_opencv_msgs/lib/python3.12/site-packages/aruco_opencv_msgs/msg/__init__.py
[0.879s] -- Up-to-date: /home/assignments/assignment3/ws/install/aruco_opencv_msgs/lib/python3.12/site-packages/aruco_opencv_msgs/msg/_marker_pose_s.c
[0.880s] -- Up-to-date: /home/assignments/assignment3/ws/install/aruco_opencv_msgs/lib/python3.12/site-packages/aruco_opencv_msgs/msg/_aruco_detection.py
[0.880s] -- Up-to-date: /home/assignments/assignment3/ws/install/aruco_opencv_msgs/lib/python3.12/site-packages/aruco_opencv_msgs/msg/_board_pose.py
[0.880s] -- Up-to-date: /home/assignments/assignment3/ws/install/aruco_opencv_msgs/lib/python3.12/site-packages/aruco_opencv_msgs/msg/_board_pose_s.c
[0.880s] -- Up-to-date: /home/assignments/assignment3/ws/install/aruco_opencv_msgs/lib/python3.12/site-packages/aruco_opencv_msgs/msg/_marker_pose.py
[0.880s] -- Up-to-date: /home/assignments/assignment3/ws/install/aruco_opencv_msgs/lib/python3.12/site-packages/aruco_opencv_msgs/msg/_aruco_detection_s.c
[0.881s] -- Up-to-date: /home/assignments/assignment3/ws/install/aruco_opencv_msgs/lib/python3.12/site-packages/aruco_opencv_msgs/_aruco_opencv_msgs_s.ep.rosidl_typesupport_introspection_c.c
[0.881s] -- Up-to-date: /home/assignments/assignment3/ws/install/aruco_opencv_msgs/lib/python3.12/site-packages/aruco_opencv_msgs/_aruco_opencv_msgs_s.ep.rosidl_typesupport_fastrtps_c.c
[0.926s] Listing '/home/assignments/assignment3/ws/install/aruco_opencv_msgs/lib/python3.12/site-packages/aruco_opencv_msgs'...
[0.927s] Listing '/home/assignments/assignment3/ws/install/aruco_opencv_msgs/lib/python3.12/site-packages/aruco_opencv_msgs/msg'...
[0.936s] -- Up-to-date: /home/assignments/assignment3/ws/install/aruco_opencv_msgs/lib/python3.12/site-packages/aruco_opencv_msgs/aruco_opencv_msgs_s__rosidl_typesupport_fastrtps_c.so
[0.937s] -- Up-to-date: /home/assignments/assignment3/ws/install/aruco_opencv_msgs/lib/python3.12/site-packages/aruco_opencv_msgs/aruco_opencv_msgs_s__rosidl_typesupport_introspection_c.so
[0.938s] -- Up-to-date: /home/assignments/assignment3/ws/install/aruco_opencv_msgs/lib/python3.12/site-packages/aruco_opencv_msgs/aruco_opencv_msgs_s__rosidl_typesupport_c.so
[0.940s] -- Up-to-date: /home/assignments/assignment3/ws/install/aruco_opencv_msgs/lib/libaruco_opencv_msgs__rosidl_generator_py.so
[0.941s] -- Up-to-date: /home/assignments/assignment3/ws/install/aruco_opencv_msgs/share/aruco_opencv_msgs/msg/ArucoDetection.idl
[0.941s] -- Up-to-date: /home/assignments/assignment3/ws/install/aruco_opencv_msgs/share/aruco_opencv_msgs/msg/BoardPose.idl
[0.941s] -- Up-to-date: /home/assignments/assignment3/ws/install/aruco_opencv_msgs/share/aruco_opencv_msgs/msg/MarkerPose.idl
[0.941s] -- Up-to-date: /home/assignments/assignment3/ws/install/aruco_opencv_msgs/share/aruco_opencv_msgs/msg/ArucoDetection.msg
[0.942s] -- Up-to-date: /home/assignments/assignment3/ws/install/aruco_opencv_msgs/share/aruco_opencv_msgs/msg/BoardPose.msg
[0.942s] -- Up-to-date: /home/assignments/assignment3/ws/install/aruco_opencv_msgs/share/aruco_opencv_msgs/msg/MarkerPose.msg
[0.942s] -- Up-to-date: /home/assignments/assignment3/ws/install/aruco_opencv_msgs/share/ament_index/resource_index/package_run_dependencies/aruco_opencv_msgs
[0.943s] -- Up-to-date: /home/assignments/assignment3/ws/install/aruco_opencv_msgs/share/ament_index/resource_index/parent_prefix_path/aruco_opencv_msgs
[0.943s] -- Up-to-date: /home/assignments/assignment3/ws/install/aruco_opencv_msgs/share/aruco_opencv_msgs/environment/ament_prefix_path.sh
[0.943s] -- Up-to-date: /home/assignments/assignment3/ws/install/aruco_opencv_msgs/share/aruco_opencv_msgs/environment/ament_prefix_path.dsv
[0.944s] -- Up-to-date: /home/assignments/assignment3/ws/install/aruco_opencv_msgs/share/aruco_opencv_msgs/environment/path.sh
[0.944s] -- Up-to-date: /home/assignments/assignment3/ws/install/aruco_opencv_msgs/share/aruco_opencv_msgs/environment/path.dsv
[0.944s] -- Up-to-date: /home/assignments/assignment3/ws/install/aruco_opencv_msgs/share/aruco_opencv_msgs/local_setup.bash
[0.944s] -- Up-to-date: /home/assignments/assignment3/ws/install/aruco_opencv_msgs/share/aruco_opencv_msgs/local_setup.sh
[0.944s] -- Up-to-date: /home/assignments/assignment3/ws/install/aruco_opencv_msgs/share/aruco_opencv_msgs/local_setup.zsh
[0.945s] -- Up-to-date: /home/assignments/assignment3/ws/install/aruco_opencv_msgs/share/aruco_opencv_msgs/local_setup.dsv
[0.945s] -- Installing: /home/assignments/assignment3/ws/install/aruco_opencv_msgs/share/aruco_opencv_msgs/package.dsv
[0.945s] -- Up-to-date: /home/assignments/assignment3/ws/install/aruco_opencv_msgs/share/ament_index/resource_index/packages/aruco_opencv_msgs
[0.945s] -- Up-to-date: /home/assignments/assignment3/ws/install/aruco_opencv_msgs/share/aruco_opencv_msgs/cmake/export_aruco_opencv_msgs__rosidl_generator_cExport.cmake
[0.946s] -- Up-to-date: /home/assignments/assignment3/ws/install/aruco_opencv_msgs/share/aruco_opencv_msgs/cmake/export_aruco_opencv_msgs__rosidl_generator_cExport-noconfig.cmake
[0.946s] -- Up-to-date: /home/assignments/assignment3/ws/install/aruco_opencv_msgs/share/aruco_opencv_msgs/cmake/export_aruco_opencv_msgs__rosidl_typesupport_fastrtps_cExport.cmake
[0.946s] -- Up-to-date: /home/assignments/assignment3/ws/install/aruco_opencv_msgs/share/aruco_opencv_msgs/cmake/export_aruco_opencv_msgs__rosidl_typesupport_fastrtps_cExport-noconfig.cmake
[0.946s] -- Up-to-date: /home/assignments/assignment3/ws/install/aruco_opencv_msgs/share/aruco_opencv_msgs/cmake/aruco_opencv_msgs__rosidl_typesupport_introspection_cExport.cmake
[0.946s] -- Up-to-date: /home/assignments/assignment3/ws/install/aruco_opencv_msgs/share/aruco_opencv_msgs/cmake/aruco_opencv_msgs__rosidl_typesupport_introspection_cExport-noconfig.cmake
[0.947s] -- Up-to-date: /home/assignments/assignment3/ws/install/aruco_opencv_msgs/share/aruco_opencv_msgs/cmake/aruco_opencv_msgs__rosidl_typesupport_cExport.cmake
[0.947s] -- Up-to-date: /home/assignments/assignment3/ws/install/aruco_opencv_msgs/share/aruco_opencv_msgs/cmake/aruco_opencv_msgs__rosidl_typesupport_cExport-noconfig.cmake
[0.947s] -- Up-to-date: /home/assignments/assignment3/ws/install/aruco_opencv_msgs/share/aruco_opencv_msgs/cmake/export_aruco_opencv_msgs__rosidl_generator_cppExport.cmake
[0.947s] -- Up-to-date: /home/assignments/assignment3/ws/install/aruco_opencv_msgs/share/aruco_opencv_msgs/cmake/export_aruco_opencv_msgs__rosidl_typesupport_fastrtps_cppExport.cmake
[0.948s] -- Up-to-date: /home/assignments/assignment3/ws/install/aruco_opencv_msgs/share/aruco_opencv_msgs/cmake/export_aruco_opencv_msgs__rosidl_typesupport_fastrtps_cppExport-noconfig.cmake
[0.948s] -- Up-to-date: /home/assignments/assignment3/ws/install/aruco_opencv_msgs/share/aruco_opencv_msgs/cmake/aruco_opencv_msgs__rosidl_typesupport_introspection_cppExport.cmake
[0.948s] -- Up-to-date: /home/assignments/assignment3/ws/install/aruco_opencv_msgs/share/aruco_opencv_msgs/cmake/aruco_opencv_msgs__rosidl_typesupport_introspection_cppExport-noconfig.cmake
[0.948s] -- Up-to-date: /home/assignments/assignment3/ws/install/aruco_opencv_msgs/share/aruco_opencv_msgs/cmake/aruco_opencv_msgs__rosidl_typesupport_cppExport.cmake
[0.949s] -- Up-to-date: /home/assignments/assignment3/ws/install/aruco_opencv_msgs/share/aruco_opencv_msgs/cmake/aruco_opencv_msgs__rosidl_typesupport_cppExport-noconfig.cmake
[0.949s] -- Up-to-date: /home/assignments/assignment3/ws/install/aruco_opencv_msgs/share/aruco_opencv_msgs/cmake/export_aruco_opencv_msgs__rosidl_generator_pyExport.cmake
[0.949s] -- Up-to-date: /home/assignments/assignment3/ws/install/aruco_opencv_msgs/share/aruco_opencv_msgs/cmake/export_aruco_opencv_msgs__rosidl_generator_pyExport-noconfig.cmake
[0.950s] -- Up-to-date: /home/assignments/assignment3/ws/install/aruco_opencv_msgs/share/aruco_opencv_msgs/cmake/rosidl_cmake-extras.cmake
[0.950s] -- Up-to-date: /home/assignments/assignment3/ws/install/aruco_opencv_msgs/share/aruco_opencv_msgs/cmake/ament_cmake_export_dependencies-extras.cmake
[0.950s] -- Up-to-date: /home/assignments/assignment3/ws/install/aruco_opencv_msgs/share/aruco_opencv_msgs/cmake/ament_cmake_export_include_directories-extras.cmake
[0.950s] -- Up-to-date: /home/assignments/assignment3/ws/install/aruco_opencv_msgs/share/aruco_opencv_msgs/cmake/ament_cmake_export_libraries-extras.cmake
[0.950s] -- Up-to-date: /home/assignments/assignment3/ws/install/aruco_opencv_msgs/share/aruco_opencv_msgs/cmake/ament_cmake_export_targets-extras.cmake
[0.951s] -- Up-to-date: /home/assignments/assignment3/ws/install/aruco_opencv_msgs/share/aruco_opencv_msgs/cmake/rosidl_cmake_export_typesupport_targets-extras.cmake
[0.951s] -- Up-to-date: /home/assignments/assignment3/ws/install/aruco_opencv_msgs/share/aruco_opencv_msgs/cmake/rosidl_cmake_export_typesupport_libraries-extras.cmake
[0.951s] -- Up-to-date: /home/assignments/assignment3/ws/install/aruco_opencv_msgs/share/aruco_opencv_msgs/cmake/aruco_opencv_msgsConfig.cmake
[0.951s] -- Up-to-date: /home/assignments/assignment3/ws/install/aruco_opencv_msgs/share/aruco_opencv_msgs/cmake/aruco_opencv_msgsConfig-version.cmake
[0.951s] -- Up-to-date: /home/assignments/assignment3/ws/install/aruco_opencv_msgs/share/aruco_opencv_msgs/package.xml
[0.958s] Invoked command in '/home/assignments/assignment3/ws/build/aruco_opencv_msgs' returned '0': CMAKE_PREFIX_PATH=${CMAKE_PREFIX_PATH}:/opt/ros/jazzy /usr/bin/cmake --install /home/assignments/assignment3/ws/build/aruco_opencv_msgs
