[0.065s] Invoking command in '/home/assignments/assignment3/ws/build/bme_gazebo_sensors': CMAKE_PREFIX_PATH=${CMAKE_PREFIX_PATH}:/opt/ros/jazzy /usr/bin/cmake --build /home/assignments/assignment3/ws/build/bme_gazebo_sensors -- -j16 -l16
[0.198s] Invoked command in '/home/assignments/assignment3/ws/build/bme_gazebo_sensors' returned '0': CMAKE_PREFIX_PATH=${CMAKE_PREFIX_PATH}:/opt/ros/jazzy /usr/bin/cmake --build /home/assignments/assignment3/ws/build/bme_gazebo_sensors -- -j16 -l16
[0.236s] Invoking command in '/home/assignments/assignment3/ws/build/bme_gazebo_sensors': CMAKE_PREFIX_PATH=${CMAKE_PREFIX_PATH}:/opt/ros/jazzy /usr/bin/cmake --install /home/assignments/assignment3/ws/build/bme_gazebo_sensors
[0.293s] -- Install configuration: ""
[0.330s] -- Up-to-date: /home/assignments/assignment3/ws/install/bme_gazebo_sensors/share/bme_gazebo_sensors/launch
[0.330s] -- Up-to-date: /home/assignments/assignment3/ws/install/bme_gazebo_sensors/share/bme_gazebo_sensors/launch/spawn_robot.launch.py
[0.330s] -- Up-to-date: /home/assignments/assignment3/ws/install/bme_gazebo_sensors/share/bme_gazebo_sensors/launch/world.launch.py
[0.330s] -- Up-to-date: /home/assignments/assignment3/ws/install/bme_gazebo_sensors/share/bme_gazebo_sensors/launch/check_urdf.launch.py
[0.330s] -- Up-to-date: /home/assignments/assignment3/ws/install/bme_gazebo_sensors/share/bme_gazebo_sensors/worlds
[0.330s] -- Up-to-date: /home/assignments/assignment3/ws/install/bme_gazebo_sensors/share/bme_gazebo_sensors/worlds/my_world.sdf
[0.330s] -- Up-to-date: /home/assignments/assignment3/ws/install/bme_gazebo_sensors/share/bme_gazebo_sensors/worlds/world.sdf
[0.331s] -- Up-to-date: /home/assignments/assignment3/ws/install/bme_gazebo_sensors/share/bme_gazebo_sensors/worlds/home.sdf
[0.332s] -- Up-to-date: /home/assignments/assignment3/ws/install/bme_gazebo_sensors/share/bme_gazebo_sensors/worlds/empty.sdf
[0.333s] -- Up-to-date: /home/assignments/assignment3/ws/install/bme_gazebo_sensors/share/bme_gazebo_sensors/rviz
[0.333s] -- Up-to-date: /home/assignments/assignment3/ws/install/bme_gazebo_sensors/share/bme_gazebo_sensors/rviz/rviz.rviz
[0.333s] -- Up-to-date: /home/assignments/assignment3/ws/install/bme_gazebo_sensors/share/bme_gazebo_sensors/rviz/gps.rviz
[0.333s] -- Up-to-date: /home/assignments/assignment3/ws/install/bme_gazebo_sensors/share/bme_gazebo_sensors/rviz/urdf.rviz
[0.333s] -- Up-to-date: /home/assignments/assignment3/ws/install/bme_gazebo_sensors/share/bme_gazebo_sensors/urdf
[0.333s] -- Up-to-date: /home/assignments/assignment3/ws/install/bme_gazebo_sensors/share/bme_gazebo_sensors/urdf/mogi_bot.urdf
[0.334s] -- Up-to-date: /home/assignments/assignment3/ws/install/bme_gazebo_sensors/share/bme_gazebo_sensors/urdf/mogi_bot.gazebo
[0.334s] -- Up-to-date: /home/assignments/assignment3/ws/install/bme_gazebo_sensors/share/bme_gazebo_sensors/urdf/materials.xacro
[0.335s] -- Up-to-date: /home/assignments/assignment3/ws/install/bme_gazebo_sensors/share/bme_gazebo_sensors/meshes
[0.335s] -- Up-to-date: /home/assignments/assignment3/ws/install/bme_gazebo_sensors/share/bme_gazebo_sensors/meshes/mogi_bot.dae
[0.335s] -- Up-to-date: /home/assignments/assignment3/ws/install/bme_gazebo_sensors/share/bme_gazebo_sensors/meshes/wheel.dae
[0.336s] -- Up-to-date: /home/assignments/assignment3/ws/install/bme_gazebo_sensors/share/bme_gazebo_sensors/meshes/lidar.dae
[0.336s] -- Up-to-date: /home/assignments/assignment3/ws/install/bme_gazebo_sensors/share/bme_gazebo_sensors/config
[0.336s] -- Up-to-date: /home/assignments/assignment3/ws/install/bme_gazebo_sensors/share/bme_gazebo_sensors/config/ekf.yaml
[0.337s] -- Up-to-date: /home/assignments/assignment3/ws/install/bme_gazebo_sensors/share/ament_index/resource_index/package_run_dependencies/bme_gazebo_sensors
[0.338s] -- Up-to-date: /home/assignments/assignment3/ws/install/bme_gazebo_sensors/share/ament_index/resource_index/parent_prefix_path/bme_gazebo_sensors
[0.338s] -- Up-to-date: /home/assignments/assignment3/ws/install/bme_gazebo_sensors/share/bme_gazebo_sensors/environment/ament_prefix_path.sh
[0.338s] -- Up-to-date: /home/assignments/assignment3/ws/install/bme_gazebo_sensors/share/bme_gazebo_sensors/environment/ament_prefix_path.dsv
[0.341s] -- Up-to-date: /home/assignments/assignment3/ws/install/bme_gazebo_sensors/share/bme_gazebo_sensors/environment/path.sh
[0.346s] -- Up-to-date: /home/assignments/assignment3/ws/install/bme_gazebo_sensors/share/bme_gazebo_sensors/environment/path.dsv
[0.346s] -- Up-to-date: /home/assignments/assignment3/ws/install/bme_gazebo_sensors/share/bme_gazebo_sensors/local_setup.bash
[0.346s] -- Up-to-date: /home/assignments/assignment3/ws/install/bme_gazebo_sensors/share/bme_gazebo_sensors/local_setup.sh
[0.348s] -- Up-to-date: /home/assignments/assignment3/ws/install/bme_gazebo_sensors/share/bme_gazebo_sensors/local_setup.zsh
[0.348s] -- Up-to-date: /home/assignments/assignment3/ws/install/bme_gazebo_sensors/share/bme_gazebo_sensors/local_setup.dsv
[0.350s] -- Installing: /home/assignments/assignment3/ws/install/bme_gazebo_sensors/share/bme_gazebo_sensors/package.dsv
[0.354s] -- Up-to-date: /home/assignments/assignment3/ws/install/bme_gazebo_sensors/share/ament_index/resource_index/packages/bme_gazebo_sensors
[0.354s] -- Up-to-date: /home/assignments/assignment3/ws/install/bme_gazebo_sensors/share/bme_gazebo_sensors/cmake/bme_gazebo_sensorsConfig.cmake
[0.359s] -- Up-to-date: /home/assignments/assignment3/ws/install/bme_gazebo_sensors/share/bme_gazebo_sensors/cmake/bme_gazebo_sensorsConfig-version.cmake
[0.360s] -- Up-to-date: /home/assignments/assignment3/ws/install/bme_gazebo_sensors/share/bme_gazebo_sensors/package.xml
[0.369s] Invoked command in '/home/assignments/assignment3/ws/build/bme_gazebo_sensors' returned '0': CMAKE_PREFIX_PATH=${CMAKE_PREFIX_PATH}:/opt/ros/jazzy /usr/bin/cmake --install /home/assignments/assignment3/ws/build/bme_gazebo_sensors
