[0.031s] Invoking command in '/home/assignments/assignment3/ws/build/plansys_interface': CMAKE_PREFIX_PATH=${CMAKE_PREFIX_PATH}:/opt/ros/jazzy /usr/bin/cmake /home/assignments/assignment3/ws/src/plansys_interface -DCMAKE_INSTALL_PREFIX=/home/assignments/assignment3/ws/install/plansys_interface
[0.056s] -- Found ament_cmake: 2.5.4 (/opt/ros/jazzy/share/ament_cmake/cmake)
[0.421s] -- Found rclcpp: 28.1.11 (/opt/ros/jazzy/share/rclcpp/cmake)
[0.484s] -- Found rosidl_generator_c: 4.6.6 (/opt/ros/jazzy/share/rosidl_generator_c/cmake)
[0.498s] -- Found rosidl_generator_cpp: 4.6.6 (/opt/ros/jazzy/share/rosidl_generator_cpp/cmake)
[0.518s] -- Using all available rosidl_typesupport_c: rosidl_typesupport_fastrtps_c;rosidl_typesupport_introspection_c
[0.539s] -- Using all available rosidl_typesupport_cpp: rosidl_typesupport_fastrtps_cpp;rosidl_typesupport_introspection_cpp
[0.643s] -- Found rmw_implementation_cmake: 7.3.2 (/opt/ros/jazzy/share/rmw_implementation_cmake/cmake)
[0.646s] -- Found rmw_fastrtps_cpp: 8.4.3 (/opt/ros/jazzy/share/rmw_fastrtps_cpp/cmake)
[0.762s] -- Using RMW implementation 'rmw_fastrtps_cpp' as default
[0.875s] -- Found plansys2_pddl_parser: 2.0.18 (/opt/ros/jazzy/share/plansys2_pddl_parser/cmake)
[1.158s] [31mCMake Error at CMakeLists.txt:13 (find_package):
[1.158s]   By not providing "Findplansys2_domain_expert.cmake" in CMAKE_MODULE_PATH
[1.158s]   this project has asked CMake to find a package configuration file provided
[1.158s]   by "plansys2_domain_expert", but CMake did not find one.
[1.158s] 
[1.159s]   Could not find a package configuration file provided by
[1.159s]   "plansys2_domain_expert" with any of the following names:
[1.159s] 
[1.159s]     plansys2_domain_expertConfig.cmake
[1.159s]     plansys2_domain_expert-config.cmake
[1.159s] 
[1.159s]   Add the installation prefix of "plansys2_domain_expert" to
[1.160s]   CMAKE_PREFIX_PATH or set "plansys2_domain_expert_DIR" to a directory
[1.160s]   containing one of the above files.  If "plansys2_domain_expert" provides a
[1.160s]   separate development package or SDK, be sure it has been installed.
[1.160s] 
[1.160s] [0m
[1.160s] -- Configuring incomplete, errors occurred!
[1.173s] Invoked command in '/home/assignments/assignment3/ws/build/plansys_interface' returned '1': CMAKE_PREFIX_PATH=${CMAKE_PREFIX_PATH}:/opt/ros/jazzy /usr/bin/cmake /home/assignments/assignment3/ws/src/plansys_interface -DCMAKE_INSTALL_PREFIX=/home/assignments/assignment3/ws/install/plansys_interface
