[0.060s] Invoking command in '/home/assignments/assignment3/ws/build/erl1': CMAKE_PREFIX_PATH=${CMAKE_PREFIX_PATH}:/opt/ros/jazzy /usr/bin/cmake --build /home/assignments/assignment3/ws/build/erl1 -- -j16 -l16
[0.243s] Invoked command in '/home/assignments/assignment3/ws/build/erl1' returned '0': CMAKE_PREFIX_PATH=${CMAKE_PREFIX_PATH}:/opt/ros/jazzy /usr/bin/cmake --build /home/assignments/assignment3/ws/build/erl1 -- -j16 -l16
[0.244s] Invoking command in '/home/assignments/assignment3/ws/build/erl1': CMAKE_PREFIX_PATH=${CMAKE_PREFIX_PATH}:/opt/ros/jazzy /usr/bin/cmake --install /home/assignments/assignment3/ws/build/erl1
[0.274s] -- Install configuration: ""
[0.274s] -- Up-to-date: /home/assignments/assignment3/ws/install/erl1/share/erl1/launch
[0.275s] -- Up-to-date: /home/assignments/assignment3/ws/install/erl1/share/erl1/launch/rviz_launch.py
[0.281s] -- Up-to-date: /home/assignments/assignment3/ws/install/erl1/share/erl1/launch/spawn_robot.launch.py
[0.281s] -- Up-to-date: /home/assignments/assignment3/ws/install/erl1/share/erl1/launch/my_launch.py
[0.283s] -- Up-to-date: /home/assignments/assignment3/ws/install/erl1/share/erl1/worlds
[0.284s] -- Up-to-date: /home/assignments/assignment3/ws/install/erl1/share/erl1/worlds/my_world.sdf
[0.284s] -- Up-to-date: /home/assignments/assignment3/ws/install/erl1/share/erl1/worlds/simple_world.sdf
[0.284s] -- Up-to-date: /home/assignments/assignment3/ws/install/erl1/share/erl1/worlds/empty.sdf
[0.284s] -- Up-to-date: /home/assignments/assignment3/ws/install/erl1/share/erl1/rviz
[0.286s] -- Up-to-date: /home/assignments/assignment3/ws/install/erl1/share/erl1/rviz/urdf.rviz
[0.286s] -- Up-to-date: /home/assignments/assignment3/ws/install/erl1/share/erl1/urdf
[0.286s] -- Up-to-date: /home/assignments/assignment3/ws/install/erl1/share/erl1/urdf/erl1.gazebo
[0.286s] -- Up-to-date: /home/assignments/assignment3/ws/install/erl1/share/erl1/urdf/erl1.urdf
[0.286s] -- Up-to-date: /home/assignments/assignment3/ws/install/erl1/share/erl1/meshes
[0.287s] -- Up-to-date: /home/assignments/assignment3/ws/install/erl1/share/ament_index/resource_index/package_run_dependencies/erl1
[0.287s] -- Up-to-date: /home/assignments/assignment3/ws/install/erl1/share/ament_index/resource_index/parent_prefix_path/erl1
[0.288s] -- Up-to-date: /home/assignments/assignment3/ws/install/erl1/share/erl1/environment/ament_prefix_path.sh
[0.289s] -- Up-to-date: /home/assignments/assignment3/ws/install/erl1/share/erl1/environment/ament_prefix_path.dsv
[0.290s] -- Up-to-date: /home/assignments/assignment3/ws/install/erl1/share/erl1/environment/path.sh
[0.290s] -- Up-to-date: /home/assignments/assignment3/ws/install/erl1/share/erl1/environment/path.dsv
[0.293s] -- Up-to-date: /home/assignments/assignment3/ws/install/erl1/share/erl1/local_setup.bash
[0.294s] -- Up-to-date: /home/assignments/assignment3/ws/install/erl1/share/erl1/local_setup.sh
[0.294s] -- Up-to-date: /home/assignments/assignment3/ws/install/erl1/share/erl1/local_setup.zsh
[0.295s] -- Up-to-date: /home/assignments/assignment3/ws/install/erl1/share/erl1/local_setup.dsv
[0.295s] -- Installing: /home/assignments/assignment3/ws/install/erl1/share/erl1/package.dsv
[0.296s] -- Up-to-date: /home/assignments/assignment3/ws/install/erl1/share/ament_index/resource_index/packages/erl1
[0.296s] -- Up-to-date: /home/assignments/assignment3/ws/install/erl1/share/erl1/cmake/erl1Config.cmake
[0.297s] -- Up-to-date: /home/assignments/assignment3/ws/install/erl1/share/erl1/cmake/erl1Config-version.cmake
[0.297s] -- Up-to-date: /home/assignments/assignment3/ws/install/erl1/share/erl1/package.xml
[0.352s] Invoked command in '/home/assignments/assignment3/ws/build/erl1' returned '0': CMAKE_PREFIX_PATH=${CMAKE_PREFIX_PATH}:/opt/ros/jazzy /usr/bin/cmake --install /home/assignments/assignment3/ws/build/erl1
