[0.044s] Invoking command in '/home/assignments/assignment3/ws/build/ros2_navigation': CMAKE_PREFIX_PATH=${CMAKE_PREFIX_PATH}:/opt/ros/jazzy /usr/bin/cmake /home/assignments/assignment3/ws/src/ros2_navigation -DCMAKE_INSTALL_PREFIX=/home/assignments/assignment3/ws/install/ros2_navigation
[0.178s] -- The C compiler identification is GNU 13.3.0
[0.319s] -- The CXX compiler identification is GNU 13.3.0
[0.360s] -- Detecting C compiler ABI info
[0.603s] -- Detecting C compiler ABI info - done
[0.618s] -- Check for working C compiler: /usr/bin/cc - skipped
[0.618s] -- Detecting C compile features
[0.619s] -- Detecting C compile features - done
[0.639s] -- Detecting CXX compiler ABI info
[0.875s] -- Detecting CXX compiler ABI info - done
[0.890s] -- Check for working CXX compiler: /usr/bin/c++ - skipped
[0.890s] -- Detecting CXX compile features
[0.891s] -- Detecting CXX compile features - done
[0.906s] -- Found ament_cmake: 2.5.4 (/opt/ros/jazzy/share/ament_cmake/cmake)
[1.201s] -- Found Python3: /usr/bin/python3 (found version "3.12.3") found components: Interpreter 
[1.492s] -- Found ament_lint_auto: 0.17.3 (/opt/ros/jazzy/share/ament_lint_auto/cmake)
[1.734s] -- Added test 'flake8' to check Python code syntax and style conventions
[1.734s] -- Configured 'flake8' exclude dirs and/or files: 
[1.737s] -- Added test 'lint_cmake' to check CMake code style
[1.740s] -- Added test 'pep257' to check Python code against some of the docstring style conventions in PEP 257
[1.751s] -- Added test 'xmllint' to check XML markup files
[1.755s] -- Configuring done (1.7s)
[1.762s] -- Generating done (0.0s)
[1.766s] -- Build files have been written to: /home/assignments/assignment3/ws/build/ros2_navigation
