[ 57%] Built target move_action_node_2
[ 57%] Built target move_action_node
[ 57%] Built target get_plan_and_execute
[ 57%] Built target ask_charge_action_node
[ 71%] Built target get_plan
[100%] Built target charge_action_node
[100%] Built target move_action_node_3
-- Install configuration: ""
-- Up-to-date: /home/assignments/assignment3/ws/install/plansys_interface/share/plansys_interface/domain
-- Up-to-date: /home/assignments/assignment3/ws/install/plansys_interface/share/plansys_interface/domain/problem.pddl
-- Up-to-date: /home/assignments/assignment3/ws/install/plansys_interface/share/plansys_interface/domain/example.pddl
-- Up-to-date: /home/assignments/assignment3/ws/install/plansys_interface/share/plansys_interface/launch
-- Up-to-date: /home/assignments/assignment3/ws/install/plansys_interface/share/plansys_interface/launch/distributed.launch.py
-- Up-to-date: /home/assignments/assignment3/ws/install/plansys_interface/share/plansys_interface/launch/distributed_actions_2.launch.py
-- Up-to-date: /home/assignments/assignment3/ws/install/plansys_interface/share/plansys_interface/launch/distributed_actions_3.launch.py
-- Up-to-date: /home/assignments/assignment3/ws/install/plansys_interface/share/plansys_interface/launch/distributed_ex.launch.py
-- Up-to-date: /home/assignments/assignment3/ws/install/plansys_interface/share/plansys_interface/launch/distributed_actions.launch.py
-- Up-to-date: /home/assignments/assignment3/ws/install/plansys_interface/lib/plansys_interface/get_plan
-- Up-to-date: /home/assignments/assignment3/ws/install/plansys_interface/lib/plansys_interface/get_plan_and_execute
-- Up-to-date: /home/assignments/assignment3/ws/install/plansys_interface/lib/plansys_interface/move_action_node
-- Up-to-date: /home/assignments/assignment3/ws/install/plansys_interface/lib/plansys_interface/ask_charge_action_node
-- Up-to-date: /home/assignments/assignment3/ws/install/plansys_interface/lib/plansys_interface/charge_action_node
-- Up-to-date: /home/assignments/assignment3/ws/install/plansys_interface/lib/plansys_interface/move_action_node_2
-- Up-to-date: /home/assignments/assignment3/ws/install/plansys_interface/lib/plansys_interface/move_action_node_3
-- Up-to-date: /home/assignments/assignment3/ws/install/plansys_interface/share/ament_index/resource_index/package_run_dependencies/plansys_interface
-- Up-to-date: /home/assignments/assignment3/ws/install/plansys_interface/share/ament_index/resource_index/parent_prefix_path/plansys_interface
-- Up-to-date: /home/assignments/assignment3/ws/install/plansys_interface/share/plansys_interface/environment/ament_prefix_path.sh
-- Up-to-date: /home/assignments/assignment3/ws/install/plansys_interface/share/plansys_interface/environment/ament_prefix_path.dsv
-- Up-to-date: /home/assignments/assignment3/ws/install/plansys_interface/share/plansys_interface/environment/path.sh
-- Up-to-date: /home/assignments/assignment3/ws/install/plansys_interface/share/plansys_interface/environment/path.dsv
-- Up-to-date: /home/assignments/assignment3/ws/install/plansys_interface/share/plansys_interface/local_setup.bash
-- Up-to-date: /home/assignments/assignment3/ws/install/plansys_interface/share/plansys_interface/local_setup.sh
-- Up-to-date: /home/assignments/assignment3/ws/install/plansys_interface/share/plansys_interface/local_setup.zsh
-- Up-to-date: /home/assignments/assignment3/ws/install/plansys_interface/share/plansys_interface/local_setup.dsv
-- Installing: /home/assignments/assignment3/ws/install/plansys_interface/share/plansys_interface/package.dsv
-- Up-to-date: /home/assignments/assignment3/ws/install/plansys_interface/share/ament_index/resource_index/packages/plansys_interface
-- Up-to-date: /home/assignments/assignment3/ws/install/plansys_interface/share/plansys_interface/cmake/plansys_interfaceConfig.cmake
-- Up-to-date: /home/assignments/assignment3/ws/install/plansys_interface/share/plansys_interface/cmake/plansys_interfaceConfig-version.cmake
-- Up-to-date: /home/assignments/assignment3/ws/install/plansys_interface/share/plansys_interface/package.xml
