[0.023s] Invoking command in '/home/assignments/assignment3/ws/build/plansys_interface': CMAKE_PREFIX_PATH=${CMAKE_PREFIX_PATH}:/opt/ros/jazzy /usr/bin/cmake --build /home/assignments/assignment3/ws/build/plansys_interface -- -j16 -l16
[0.209s] [ 57%] Built target move_action_node_2
[0.209s] [ 57%] Built target move_action_node
[0.210s] [ 57%] Built target get_plan_and_execute
[0.210s] [ 57%] Built target ask_charge_action_node
[0.210s] [ 71%] Built target get_plan
[0.210s] [100%] Built target charge_action_node
[0.211s] [100%] Built target move_action_node_3
[0.249s] Invoked command in '/home/assignments/assignment3/ws/build/plansys_interface' returned '0': CMAKE_PREFIX_PATH=${CMAKE_PREFIX_PATH}:/opt/ros/jazzy /usr/bin/cmake --build /home/assignments/assignment3/ws/build/plansys_interface -- -j16 -l16
[0.251s] Invoking command in '/home/assignments/assignment3/ws/build/plansys_interface': CMAKE_PREFIX_PATH=${CMAKE_PREFIX_PATH}:/opt/ros/jazzy /usr/bin/cmake --install /home/assignments/assignment3/ws/build/plansys_interface
[0.266s] -- Install configuration: ""
[0.266s] -- Up-to-date: /home/assignments/assignment3/ws/install/plansys_interface/share/plansys_interface/domain
[0.266s] -- Up-to-date: /home/assignments/assignment3/ws/install/plansys_interface/share/plansys_interface/domain/problem.pddl
[0.266s] -- Up-to-date: /home/assignments/assignment3/ws/install/plansys_interface/share/plansys_interface/domain/example.pddl
[0.266s] -- Up-to-date: /home/assignments/assignment3/ws/install/plansys_interface/share/plansys_interface/launch
[0.266s] -- Up-to-date: /home/assignments/assignment3/ws/install/plansys_interface/share/plansys_interface/launch/distributed.launch.py
[0.266s] -- Up-to-date: /home/assignments/assignment3/ws/install/plansys_interface/share/plansys_interface/launch/distributed_actions_2.launch.py
[0.266s] -- Up-to-date: /home/assignments/assignment3/ws/install/plansys_interface/share/plansys_interface/launch/distributed_actions_3.launch.py
[0.267s] -- Up-to-date: /home/assignments/assignment3/ws/install/plansys_interface/share/plansys_interface/launch/distributed_ex.launch.py
[0.267s] -- Up-to-date: /home/assignments/assignment3/ws/install/plansys_interface/share/plansys_interface/launch/distributed_actions.launch.py
[0.267s] -- Up-to-date: /home/assignments/assignment3/ws/install/plansys_interface/lib/plansys_interface/get_plan
[0.268s] -- Up-to-date: /home/assignments/assignment3/ws/install/plansys_interface/lib/plansys_interface/get_plan_and_execute
[0.269s] -- Up-to-date: /home/assignments/assignment3/ws/install/plansys_interface/lib/plansys_interface/move_action_node
[0.269s] -- Up-to-date: /home/assignments/assignment3/ws/install/plansys_interface/lib/plansys_interface/ask_charge_action_node
[0.270s] -- Up-to-date: /home/assignments/assignment3/ws/install/plansys_interface/lib/plansys_interface/charge_action_node
[0.271s] -- Up-to-date: /home/assignments/assignment3/ws/install/plansys_interface/lib/plansys_interface/move_action_node_2
[0.272s] -- Up-to-date: /home/assignments/assignment3/ws/install/plansys_interface/lib/plansys_interface/move_action_node_3
[0.272s] -- Up-to-date: /home/assignments/assignment3/ws/install/plansys_interface/share/ament_index/resource_index/package_run_dependencies/plansys_interface
[0.272s] -- Up-to-date: /home/assignments/assignment3/ws/install/plansys_interface/share/ament_index/resource_index/parent_prefix_path/plansys_interface
[0.272s] -- Up-to-date: /home/assignments/assignment3/ws/install/plansys_interface/share/plansys_interface/environment/ament_prefix_path.sh
[0.272s] -- Up-to-date: /home/assignments/assignment3/ws/install/plansys_interface/share/plansys_interface/environment/ament_prefix_path.dsv
[0.273s] -- Up-to-date: /home/assignments/assignment3/ws/install/plansys_interface/share/plansys_interface/environment/path.sh
[0.273s] -- Up-to-date: /home/assignments/assignment3/ws/install/plansys_interface/share/plansys_interface/environment/path.dsv
[0.273s] -- Up-to-date: /home/assignments/assignment3/ws/install/plansys_interface/share/plansys_interface/local_setup.bash
[0.273s] -- Up-to-date: /home/assignments/assignment3/ws/install/plansys_interface/share/plansys_interface/local_setup.sh
[0.273s] -- Up-to-date: /home/assignments/assignment3/ws/install/plansys_interface/share/plansys_interface/local_setup.zsh
[0.273s] -- Up-to-date: /home/assignments/assignment3/ws/install/plansys_interface/share/plansys_interface/local_setup.dsv
[0.273s] -- Installing: /home/assignments/assignment3/ws/install/plansys_interface/share/plansys_interface/package.dsv
[0.273s] -- Up-to-date: /home/assignments/assignment3/ws/install/plansys_interface/share/ament_index/resource_index/packages/plansys_interface
[0.273s] -- Up-to-date: /home/assignments/assignment3/ws/install/plansys_interface/share/plansys_interface/cmake/plansys_interfaceConfig.cmake
[0.274s] -- Up-to-date: /home/assignments/assignment3/ws/install/plansys_interface/share/plansys_interface/cmake/plansys_interfaceConfig-version.cmake
[0.274s] -- Up-to-date: /home/assignments/assignment3/ws/install/plansys_interface/share/plansys_interface/package.xml
[0.278s] Invoked command in '/home/assignments/assignment3/ws/build/plansys_interface' returned '0': CMAKE_PREFIX_PATH=${CMAKE_PREFIX_PATH}:/opt/ros/jazzy /usr/bin/cmake --install /home/assignments/assignment3/ws/build/plansys_interface
