[0.041s] Invoking command in '/home/assignments/assignment3/ws/build/aruco_opencv_msgs': CMAKE_PREFIX_PATH=${CMAKE_PREFIX_PATH}:/opt/ros/jazzy /usr/bin/cmake --build /home/assignments/assignment3/ws/build/aruco_opencv_msgs -- -j16 -l16
[0.172s] [  1%] Built target aruco_opencv_msgs__rosidl_generator_type_description
[0.200s] [  1%] Built target ament_cmake_python_copy_aruco_opencv_msgs
[0.225s] [  3%] Built target aruco_opencv_msgs__cpp
[0.235s] [ 24%] Built target aruco_opencv_msgs__rosidl_generator_c
[0.293s] [ 42%] Built target aruco_opencv_msgs__rosidl_typesupport_introspection_c
[0.293s] [ 42%] Built target aruco_opencv_msgs__rosidl_typesupport_cpp
[0.296s] [ 51%] Built target aruco_opencv_msgs__rosidl_typesupport_c
[0.300s] [ 79%] Built target aruco_opencv_msgs__rosidl_typesupport_fastrtps_c
[0.300s] [ 79%] Built target aruco_opencv_msgs__rosidl_typesupport_fastrtps_cpp
[0.300s] [ 79%] Built target aruco_opencv_msgs__rosidl_typesupport_introspection_cpp
[0.357s] [ 79%] Built target aruco_opencv_msgs
[0.410s] [ 81%] Built target aruco_opencv_msgs__py
[0.466s] [ 88%] Built target aruco_opencv_msgs__rosidl_generator_py
[0.522s] [ 92%] Built target aruco_opencv_msgs_s__rosidl_typesupport_introspection_c
[0.522s] [ 96%] Built target aruco_opencv_msgs_s__rosidl_typesupport_fastrtps_c
[0.524s] [100%] Built target aruco_opencv_msgs_s__rosidl_typesupport_c
[0.557s] running egg_info
[0.583s] writing aruco_opencv_msgs.egg-info/PKG-INFO
[0.584s] writing dependency_links to aruco_opencv_msgs.egg-info/dependency_links.txt
[0.584s] writing top-level names to aruco_opencv_msgs.egg-info/top_level.txt
[0.661s] reading manifest file 'aruco_opencv_msgs.egg-info/SOURCES.txt'
[0.662s] writing manifest file 'aruco_opencv_msgs.egg-info/SOURCES.txt'
[0.723s] [100%] Built target ament_cmake_python_build_aruco_opencv_msgs_egg
[0.760s] Invoked command in '/home/assignments/assignment3/ws/build/aruco_opencv_msgs' returned '0': CMAKE_PREFIX_PATH=${CMAKE_PREFIX_PATH}:/opt/ros/jazzy /usr/bin/cmake --build /home/assignments/assignment3/ws/build/aruco_opencv_msgs -- -j16 -l16
[0.763s] Invoking command in '/home/assignments/assignment3/ws/build/aruco_opencv_msgs': CMAKE_PREFIX_PATH=${CMAKE_PREFIX_PATH}:/opt/ros/jazzy /usr/bin/cmake --install /home/assignments/assignment3/ws/build/aruco_opencv_msgs
[0.790s] -- Install configuration: ""
[0.790s] -- Up-to-date: /home/assignments/assignment3/ws/install/aruco_opencv_msgs/share/ament_index/resource_index/rosidl_interfaces/aruco_opencv_msgs
[0.790s] -- Up-to-date: /home/assignments/assignment3/ws/install/aruco_opencv_msgs/share/aruco_opencv_msgs/msg/ArucoDetection.json
[0.790s] -- Up-to-date: /home/assignments/assignment3/ws/install/aruco_opencv_msgs/share/aruco_opencv_msgs/msg/BoardPose.json
[0.791s] -- Up-to-date: /home/assignments/assignment3/ws/install/aruco_opencv_msgs/share/aruco_opencv_msgs/msg/MarkerPose.json
[0.791s] -- Up-to-date: /home/assignments/assignment3/ws/install/aruco_opencv_msgs/include/aruco_opencv_msgs/aruco_opencv_msgs
[0.791s] -- Up-to-date: /home/assignments/assignment3/ws/install/aruco_opencv_msgs/include/aruco_opencv_msgs/aruco_opencv_msgs/msg
[0.791s] -- Up-to-date: /home/assignments/assignment3/ws/install/aruco_opencv_msgs/include/aruco_opencv_msgs/aruco_opencv_msgs/msg/aruco_detection.h
[0.791s] -- Up-to-date: /home/assignments/assignment3/ws/install/aruco_opencv_msgs/include/aruco_opencv_msgs/aruco_opencv_msgs/msg/detail
[0.791s] -- Up-to-date: /home/assignments/assignment3/ws/install/aruco_opencv_msgs/include/aruco_opencv_msgs/aruco_opencv_msgs/msg/detail/board_pose__description.c
[0.792s] -- Up-to-date: /home/assignments/assignment3/ws/install/aruco_opencv_msgs/include/aruco_opencv_msgs/aruco_opencv_msgs/msg/detail/aruco_detection__functions.c
[0.792s] -- Up-to-date: /home/assignments/assignment3/ws/install/aruco_opencv_msgs/include/aruco_opencv_msgs/aruco_opencv_msgs/msg/detail/marker_pose__description.c
[0.792s] -- Up-to-date: /home/assignments/assignment3/ws/install/aruco_opencv_msgs/include/aruco_opencv_msgs/aruco_opencv_msgs/msg/detail/aruco_detection__struct.h
[0.792s] -- Up-to-date: /home/assignments/assignment3/ws/install/aruco_opencv_msgs/include/aruco_opencv_msgs/aruco_opencv_msgs/msg/detail/marker_pose__type_support.h
[0.792s] -- Up-to-date: /home/assignments/assignment3/ws/install/aruco_opencv_msgs/include/aruco_opencv_msgs/aruco_opencv_msgs/msg/detail/board_pose__type_support.c
[0.792s] -- Up-to-date: /home/assignments/assignment3/ws/install/aruco_opencv_msgs/include/aruco_opencv_msgs/aruco_opencv_msgs/msg/detail/marker_pose__functions.h
[0.792s] -- Up-to-date: /home/assignments/assignment3/ws/install/aruco_opencv_msgs/include/aruco_opencv_msgs/aruco_opencv_msgs/msg/detail/board_pose__type_support.h
[0.793s] -- Up-to-date: /home/assignments/assignment3/ws/install/aruco_opencv_msgs/include/aruco_opencv_msgs/aruco_opencv_msgs/msg/detail/marker_pose__struct.h
[0.793s] -- Up-to-date: /home/assignments/assignment3/ws/install/aruco_opencv_msgs/include/aruco_opencv_msgs/aruco_opencv_msgs/msg/detail/aruco_detection__type_support.c
[0.793s] -- Up-to-date: /home/assignments/assignment3/ws/install/aruco_opencv_msgs/include/aruco_opencv_msgs/aruco_opencv_msgs/msg/detail/aruco_detection__functions.h
[0.793s] -- Up-to-date: /home/assignments/assignment3/ws/install/aruco_opencv_msgs/include/aruco_opencv_msgs/aruco_opencv_msgs/msg/detail/board_pose__struct.h
[0.793s] -- Up-to-date: /home/assignments/assignment3/ws/install/aruco_opencv_msgs/include/aruco_opencv_msgs/aruco_opencv_msgs/msg/detail/board_pose__functions.h
[0.793s] -- Up-to-date: /home/assignments/assignment3/ws/install/aruco_opencv_msgs/include/aruco_opencv_msgs/aruco_opencv_msgs/msg/detail/marker_pose__functions.c
[0.794s] -- Up-to-date: /home/assignments/assignment3/ws/install/aruco_opencv_msgs/include/aruco_opencv_msgs/aruco_opencv_msgs/msg/detail/aruco_detection__type_support.h
[0.794s] -- Up-to-date: /home/assignments/assignment3/ws/install/aruco_opencv_msgs/include/aruco_opencv_msgs/aruco_opencv_msgs/msg/detail/aruco_detection__description.c
[0.794s] -- Up-to-date: /home/assignments/assignment3/ws/install/aruco_opencv_msgs/include/aruco_opencv_msgs/aruco_opencv_msgs/msg/detail/marker_pose__type_support.c
[0.794s] -- Up-to-date: /home/assignments/assignment3/ws/install/aruco_opencv_msgs/include/aruco_opencv_msgs/aruco_opencv_msgs/msg/detail/board_pose__functions.c
[0.794s] -- Up-to-date: /home/assignments/assignment3/ws/install/aruco_opencv_msgs/include/aruco_opencv_msgs/aruco_opencv_msgs/msg/marker_pose.h
[0.794s] -- Up-to-date: /home/assignments/assignment3/ws/install/aruco_opencv_msgs/include/aruco_opencv_msgs/aruco_opencv_msgs/msg/board_pose.h
[0.795s] -- Up-to-date: /home/assignments/assignment3/ws/install/aruco_opencv_msgs/include/aruco_opencv_msgs/aruco_opencv_msgs/msg/rosidl_generator_c__visibility_control.h
[0.795s] -- Up-to-date: /home/assignments/assignment3/ws/install/aruco_opencv_msgs/share/aruco_opencv_msgs/environment/library_path.sh
[0.795s] -- Up-to-date: /home/assignments/assignment3/ws/install/aruco_opencv_msgs/share/aruco_opencv_msgs/environment/library_path.dsv
[0.795s] -- Up-to-date: /home/assignments/assignment3/ws/install/aruco_opencv_msgs/lib/libaruco_opencv_msgs__rosidl_generator_c.so
[0.795s] -- Up-to-date: /home/assignments/assignment3/ws/install/aruco_opencv_msgs/include/aruco_opencv_msgs/aruco_opencv_msgs
[0.795s] -- Up-to-date: /home/assignments/assignment3/ws/install/aruco_opencv_msgs/include/aruco_opencv_msgs/aruco_opencv_msgs/msg
[0.795s] -- Up-to-date: /home/assignments/assignment3/ws/install/aruco_opencv_msgs/include/aruco_opencv_msgs/aruco_opencv_msgs/msg/detail
[0.795s] -- Up-to-date: /home/assignments/assignment3/ws/install/aruco_opencv_msgs/include/aruco_opencv_msgs/aruco_opencv_msgs/msg/detail/board_pose__rosidl_typesupport_fastrtps_c.h
[0.796s] -- Up-to-date: /home/assignments/assignment3/ws/install/aruco_opencv_msgs/include/aruco_opencv_msgs/aruco_opencv_msgs/msg/detail/aruco_detection__rosidl_typesupport_fastrtps_c.h
[0.796s] -- Up-to-date: /home/assignments/assignment3/ws/install/aruco_opencv_msgs/include/aruco_opencv_msgs/aruco_opencv_msgs/msg/detail/marker_pose__rosidl_typesupport_fastrtps_c.h
[0.796s] -- Up-to-date: /home/assignments/assignment3/ws/install/aruco_opencv_msgs/include/aruco_opencv_msgs/aruco_opencv_msgs/msg/rosidl_typesupport_fastrtps_c__visibility_control.h
[0.796s] -- Up-to-date: /home/assignments/assignment3/ws/install/aruco_opencv_msgs/lib/libaruco_opencv_msgs__rosidl_typesupport_fastrtps_c.so
[0.796s] -- Up-to-date: /home/assignments/assignment3/ws/install/aruco_opencv_msgs/include/aruco_opencv_msgs/aruco_opencv_msgs
[0.796s] -- Up-to-date: /home/assignments/assignment3/ws/install/aruco_opencv_msgs/include/aruco_opencv_msgs/aruco_opencv_msgs/msg
[0.797s] -- Up-to-date: /home/assignments/assignment3/ws/install/aruco_opencv_msgs/include/aruco_opencv_msgs/aruco_opencv_msgs/msg/detail
[0.797s] -- Up-to-date: /home/assignments/assignment3/ws/install/aruco_opencv_msgs/include/aruco_opencv_msgs/aruco_opencv_msgs/msg/detail/board_pose__rosidl_typesupport_introspection_c.h
[0.797s] -- Up-to-date: /home/assignments/assignment3/ws/install/aruco_opencv_msgs/include/aruco_opencv_msgs/aruco_opencv_msgs/msg/detail/board_pose__type_support.c
[0.797s] -- Up-to-date: /home/assignments/assignment3/ws/install/aruco_opencv_msgs/include/aruco_opencv_msgs/aruco_opencv_msgs/msg/detail/aruco_detection__rosidl_typesupport_introspection_c.h
[0.797s] -- Up-to-date: /home/assignments/assignment3/ws/install/aruco_opencv_msgs/include/aruco_opencv_msgs/aruco_opencv_msgs/msg/detail/aruco_detection__type_support.c
[0.797s] -- Up-to-date: /home/assignments/assignment3/ws/install/aruco_opencv_msgs/include/aruco_opencv_msgs/aruco_opencv_msgs/msg/detail/marker_pose__rosidl_typesupport_introspection_c.h
[0.798s] -- Up-to-date: /home/assignments/assignment3/ws/install/aruco_opencv_msgs/include/aruco_opencv_msgs/aruco_opencv_msgs/msg/detail/marker_pose__type_support.c
[0.798s] -- Up-to-date: /home/assignments/assignment3/ws/install/aruco_opencv_msgs/include/aruco_opencv_msgs/aruco_opencv_msgs/msg/rosidl_typesupport_introspection_c__visibility_control.h
[0.798s] -- Up-to-date: /home/assignments/assignment3/ws/install/aruco_opencv_msgs/lib/libaruco_opencv_msgs__rosidl_typesupport_introspection_c.so
[0.798s] -- Up-to-date: /home/assignments/assignment3/ws/install/aruco_opencv_msgs/lib/libaruco_opencv_msgs__rosidl_typesupport_c.so
[0.798s] -- Up-to-date: /home/assignments/assignment3/ws/install/aruco_opencv_msgs/include/aruco_opencv_msgs/aruco_opencv_msgs
[0.798s] -- Up-to-date: /home/assignments/assignment3/ws/install/aruco_opencv_msgs/include/aruco_opencv_msgs/aruco_opencv_msgs/msg
[0.798s] -- Up-to-date: /home/assignments/assignment3/ws/install/aruco_opencv_msgs/include/aruco_opencv_msgs/aruco_opencv_msgs/msg/detail
[0.799s] -- Up-to-date: /home/assignments/assignment3/ws/install/aruco_opencv_msgs/include/aruco_opencv_msgs/aruco_opencv_msgs/msg/detail/board_pose__traits.hpp
[0.799s] -- Up-to-date: /home/assignments/assignment3/ws/install/aruco_opencv_msgs/include/aruco_opencv_msgs/aruco_opencv_msgs/msg/detail/board_pose__type_support.hpp
[0.799s] -- Up-to-date: /home/assignments/assignment3/ws/install/aruco_opencv_msgs/include/aruco_opencv_msgs/aruco_opencv_msgs/msg/detail/marker_pose__struct.hpp
[0.799s] -- Up-to-date: /home/assignments/assignment3/ws/install/aruco_opencv_msgs/include/aruco_opencv_msgs/aruco_opencv_msgs/msg/detail/aruco_detection__type_support.hpp
[0.799s] -- Up-to-date: /home/assignments/assignment3/ws/install/aruco_opencv_msgs/include/aruco_opencv_msgs/aruco_opencv_msgs/msg/detail/aruco_detection__builder.hpp
[0.800s] -- Up-to-date: /home/assignments/assignment3/ws/install/aruco_opencv_msgs/include/aruco_opencv_msgs/aruco_opencv_msgs/msg/detail/aruco_detection__traits.hpp
[0.800s] -- Up-to-date: /home/assignments/assignment3/ws/install/aruco_opencv_msgs/include/aruco_opencv_msgs/aruco_opencv_msgs/msg/detail/marker_pose__builder.hpp
[0.800s] -- Up-to-date: /home/assignments/assignment3/ws/install/aruco_opencv_msgs/include/aruco_opencv_msgs/aruco_opencv_msgs/msg/detail/board_pose__struct.hpp
[0.800s] -- Up-to-date: /home/assignments/assignment3/ws/install/aruco_opencv_msgs/include/aruco_opencv_msgs/aruco_opencv_msgs/msg/detail/marker_pose__type_support.hpp
[0.800s] -- Up-to-date: /home/assignments/assignment3/ws/install/aruco_opencv_msgs/include/aruco_opencv_msgs/aruco_opencv_msgs/msg/detail/aruco_detection__struct.hpp
[0.800s] -- Up-to-date: /home/assignments/assignment3/ws/install/aruco_opencv_msgs/include/aruco_opencv_msgs/aruco_opencv_msgs/msg/detail/board_pose__builder.hpp
[0.800s] -- Up-to-date: /home/assignments/assignment3/ws/install/aruco_opencv_msgs/include/aruco_opencv_msgs/aruco_opencv_msgs/msg/detail/marker_pose__traits.hpp
[0.801s] -- Up-to-date: /home/assignments/assignment3/ws/install/aruco_opencv_msgs/include/aruco_opencv_msgs/aruco_opencv_msgs/msg/board_pose.hpp
[0.801s] -- Up-to-date: /home/assignments/assignment3/ws/install/aruco_opencv_msgs/include/aruco_opencv_msgs/aruco_opencv_msgs/msg/aruco_detection.hpp
[0.801s] -- Up-to-date: /home/assignments/assignment3/ws/install/aruco_opencv_msgs/include/aruco_opencv_msgs/aruco_opencv_msgs/msg/marker_pose.hpp
[0.801s] -- Up-to-date: /home/assignments/assignment3/ws/install/aruco_opencv_msgs/include/aruco_opencv_msgs/aruco_opencv_msgs/msg/rosidl_generator_cpp__visibility_control.hpp
[0.801s] -- Up-to-date: /home/assignments/assignment3/ws/install/aruco_opencv_msgs/include/aruco_opencv_msgs/aruco_opencv_msgs
[0.801s] -- Up-to-date: /home/assignments/assignment3/ws/install/aruco_opencv_msgs/include/aruco_opencv_msgs/aruco_opencv_msgs/msg
[0.801s] -- Up-to-date: /home/assignments/assignment3/ws/install/aruco_opencv_msgs/include/aruco_opencv_msgs/aruco_opencv_msgs/msg/detail
[0.802s] -- Up-to-date: /home/assignments/assignment3/ws/install/aruco_opencv_msgs/include/aruco_opencv_msgs/aruco_opencv_msgs/msg/detail/dds_fastrtps
[0.802s] -- Up-to-date: /home/assignments/assignment3/ws/install/aruco_opencv_msgs/include/aruco_opencv_msgs/aruco_opencv_msgs/msg/detail/board_pose__rosidl_typesupport_fastrtps_cpp.hpp
[0.802s] -- Up-to-date: /home/assignments/assignment3/ws/install/aruco_opencv_msgs/include/aruco_opencv_msgs/aruco_opencv_msgs/msg/detail/marker_pose__rosidl_typesupport_fastrtps_cpp.hpp
[0.802s] -- Up-to-date: /home/assignments/assignment3/ws/install/aruco_opencv_msgs/include/aruco_opencv_msgs/aruco_opencv_msgs/msg/detail/aruco_detection__rosidl_typesupport_fastrtps_cpp.hpp
[0.802s] -- Up-to-date: /home/assignments/assignment3/ws/install/aruco_opencv_msgs/include/aruco_opencv_msgs/aruco_opencv_msgs/msg/rosidl_typesupport_fastrtps_cpp__visibility_control.h
[0.802s] -- Up-to-date: /home/assignments/assignment3/ws/install/aruco_opencv_msgs/lib/libaruco_opencv_msgs__rosidl_typesupport_fastrtps_cpp.so
[0.803s] -- Up-to-date: /home/assignments/assignment3/ws/install/aruco_opencv_msgs/include/aruco_opencv_msgs/aruco_opencv_msgs
[0.803s] -- Up-to-date: /home/assignments/assignment3/ws/install/aruco_opencv_msgs/include/aruco_opencv_msgs/aruco_opencv_msgs/msg
[0.803s] -- Up-to-date: /home/assignments/assignment3/ws/install/aruco_opencv_msgs/include/aruco_opencv_msgs/aruco_opencv_msgs/msg/detail
[0.803s] -- Up-to-date: /home/assignments/assignment3/ws/install/aruco_opencv_msgs/include/aruco_opencv_msgs/aruco_opencv_msgs/msg/detail/aruco_detection__type_support.cpp
[0.803s] -- Up-to-date: /home/assignments/assignment3/ws/install/aruco_opencv_msgs/include/aruco_opencv_msgs/aruco_opencv_msgs/msg/detail/board_pose__rosidl_typesupport_introspection_cpp.hpp
[0.803s] -- Up-to-date: /home/assignments/assignment3/ws/install/aruco_opencv_msgs/include/aruco_opencv_msgs/aruco_opencv_msgs/msg/detail/marker_pose__type_support.cpp
[0.804s] -- Up-to-date: /home/assignments/assignment3/ws/install/aruco_opencv_msgs/include/aruco_opencv_msgs/aruco_opencv_msgs/msg/detail/board_pose__type_support.cpp
[0.804s] -- Up-to-date: /home/assignments/assignment3/ws/install/aruco_opencv_msgs/include/aruco_opencv_msgs/aruco_opencv_msgs/msg/detail/marker_pose__rosidl_typesupport_introspection_cpp.hpp
[0.804s] -- Up-to-date: /home/assignments/assignment3/ws/install/aruco_opencv_msgs/include/aruco_opencv_msgs/aruco_opencv_msgs/msg/detail/aruco_detection__rosidl_typesupport_introspection_cpp.hpp
[0.804s] -- Up-to-date: /home/assignments/assignment3/ws/install/aruco_opencv_msgs/lib/libaruco_opencv_msgs__rosidl_typesupport_introspection_cpp.so
[0.804s] -- Up-to-date: /home/assignments/assignment3/ws/install/aruco_opencv_msgs/lib/libaruco_opencv_msgs__rosidl_typesupport_cpp.so
[0.804s] -- Up-to-date: /home/assignments/assignment3/ws/install/aruco_opencv_msgs/share/aruco_opencv_msgs/environment/pythonpath.sh
[0.804s] -- Up-to-date: /home/assignments/assignment3/ws/install/aruco_opencv_msgs/share/aruco_opencv_msgs/environment/pythonpath.dsv
[0.805s] -- Up-to-date: /home/assignments/assignment3/ws/install/aruco_opencv_msgs/lib/python3.12/site-packages/aruco_opencv_msgs-6.1.1-py3.12.egg-info
[0.805s] -- Installing: /home/assignments/assignment3/ws/install/aruco_opencv_msgs/lib/python3.12/site-packages/aruco_opencv_msgs-6.1.1-py3.12.egg-info/dependency_links.txt
[0.805s] -- Installing: /home/assignments/assignment3/ws/install/aruco_opencv_msgs/lib/python3.12/site-packages/aruco_opencv_msgs-6.1.1-py3.12.egg-info/top_level.txt
[0.805s] -- Installing: /home/assignments/assignment3/ws/install/aruco_opencv_msgs/lib/python3.12/site-packages/aruco_opencv_msgs-6.1.1-py3.12.egg-info/PKG-INFO
[0.805s] -- Installing: /home/assignments/assignment3/ws/install/aruco_opencv_msgs/lib/python3.12/site-packages/aruco_opencv_msgs-6.1.1-py3.12.egg-info/SOURCES.txt
[0.805s] -- Up-to-date: /home/assignments/assignment3/ws/install/aruco_opencv_msgs/lib/python3.12/site-packages/aruco_opencv_msgs
[0.805s] -- Up-to-date: /home/assignments/assignment3/ws/install/aruco_opencv_msgs/lib/python3.12/site-packages/aruco_opencv_msgs/__init__.py
[0.805s] -- Up-to-date: /home/assignments/assignment3/ws/install/aruco_opencv_msgs/lib/python3.12/site-packages/aruco_opencv_msgs/_aruco_opencv_msgs_s.ep.rosidl_typesupport_c.c
[0.805s] -- Up-to-date: /home/assignments/assignment3/ws/install/aruco_opencv_msgs/lib/python3.12/site-packages/aruco_opencv_msgs/aruco_opencv_msgs_s__rosidl_typesupport_fastrtps_c.so
[0.806s] -- Up-to-date: /home/assignments/assignment3/ws/install/aruco_opencv_msgs/lib/python3.12/site-packages/aruco_opencv_msgs/aruco_opencv_msgs_s__rosidl_typesupport_introspection_c.so
[0.806s] -- Up-to-date: /home/assignments/assignment3/ws/install/aruco_opencv_msgs/lib/python3.12/site-packages/aruco_opencv_msgs/aruco_opencv_msgs_s__rosidl_typesupport_c.so
[0.806s] -- Up-to-date: /home/assignments/assignment3/ws/install/aruco_opencv_msgs/lib/python3.12/site-packages/aruco_opencv_msgs/msg
[0.806s] -- Up-to-date: /home/assignments/assignment3/ws/install/aruco_opencv_msgs/lib/python3.12/site-packages/aruco_opencv_msgs/msg/__init__.py
[0.806s] -- Up-to-date: /home/assignments/assignment3/ws/install/aruco_opencv_msgs/lib/python3.12/site-packages/aruco_opencv_msgs/msg/_marker_pose_s.c
[0.806s] -- Up-to-date: /home/assignments/assignment3/ws/install/aruco_opencv_msgs/lib/python3.12/site-packages/aruco_opencv_msgs/msg/_aruco_detection.py
[0.806s] -- Up-to-date: /home/assignments/assignment3/ws/install/aruco_opencv_msgs/lib/python3.12/site-packages/aruco_opencv_msgs/msg/_board_pose.py
[0.807s] -- Up-to-date: /home/assignments/assignment3/ws/install/aruco_opencv_msgs/lib/python3.12/site-packages/aruco_opencv_msgs/msg/_board_pose_s.c
[0.807s] -- Up-to-date: /home/assignments/assignment3/ws/install/aruco_opencv_msgs/lib/python3.12/site-packages/aruco_opencv_msgs/msg/_marker_pose.py
[0.807s] -- Up-to-date: /home/assignments/assignment3/ws/install/aruco_opencv_msgs/lib/python3.12/site-packages/aruco_opencv_msgs/msg/_aruco_detection_s.c
[0.807s] -- Up-to-date: /home/assignments/assignment3/ws/install/aruco_opencv_msgs/lib/python3.12/site-packages/aruco_opencv_msgs/_aruco_opencv_msgs_s.ep.rosidl_typesupport_introspection_c.c
[0.807s] -- Up-to-date: /home/assignments/assignment3/ws/install/aruco_opencv_msgs/lib/python3.12/site-packages/aruco_opencv_msgs/_aruco_opencv_msgs_s.ep.rosidl_typesupport_fastrtps_c.c
[0.862s] Listing '/home/assignments/assignment3/ws/install/aruco_opencv_msgs/lib/python3.12/site-packages/aruco_opencv_msgs'...
[0.862s] Listing '/home/assignments/assignment3/ws/install/aruco_opencv_msgs/lib/python3.12/site-packages/aruco_opencv_msgs/msg'...
[0.871s] -- Up-to-date: /home/assignments/assignment3/ws/install/aruco_opencv_msgs/lib/python3.12/site-packages/aruco_opencv_msgs/aruco_opencv_msgs_s__rosidl_typesupport_fastrtps_c.so
[0.872s] -- Up-to-date: /home/assignments/assignment3/ws/install/aruco_opencv_msgs/lib/python3.12/site-packages/aruco_opencv_msgs/aruco_opencv_msgs_s__rosidl_typesupport_introspection_c.so
[0.873s] -- Up-to-date: /home/assignments/assignment3/ws/install/aruco_opencv_msgs/lib/python3.12/site-packages/aruco_opencv_msgs/aruco_opencv_msgs_s__rosidl_typesupport_c.so
[0.873s] -- Up-to-date: /home/assignments/assignment3/ws/install/aruco_opencv_msgs/lib/libaruco_opencv_msgs__rosidl_generator_py.so
[0.874s] -- Up-to-date: /home/assignments/assignment3/ws/install/aruco_opencv_msgs/share/aruco_opencv_msgs/msg/ArucoDetection.idl
[0.874s] -- Up-to-date: /home/assignments/assignment3/ws/install/aruco_opencv_msgs/share/aruco_opencv_msgs/msg/BoardPose.idl
[0.874s] -- Up-to-date: /home/assignments/assignment3/ws/install/aruco_opencv_msgs/share/aruco_opencv_msgs/msg/MarkerPose.idl
[0.874s] -- Up-to-date: /home/assignments/assignment3/ws/install/aruco_opencv_msgs/share/aruco_opencv_msgs/msg/ArucoDetection.msg
[0.874s] -- Up-to-date: /home/assignments/assignment3/ws/install/aruco_opencv_msgs/share/aruco_opencv_msgs/msg/BoardPose.msg
[0.875s] -- Up-to-date: /home/assignments/assignment3/ws/install/aruco_opencv_msgs/share/aruco_opencv_msgs/msg/MarkerPose.msg
[0.875s] -- Up-to-date: /home/assignments/assignment3/ws/install/aruco_opencv_msgs/share/ament_index/resource_index/package_run_dependencies/aruco_opencv_msgs
[0.875s] -- Up-to-date: /home/assignments/assignment3/ws/install/aruco_opencv_msgs/share/ament_index/resource_index/parent_prefix_path/aruco_opencv_msgs
[0.875s] -- Up-to-date: /home/assignments/assignment3/ws/install/aruco_opencv_msgs/share/aruco_opencv_msgs/environment/ament_prefix_path.sh
[0.875s] -- Up-to-date: /home/assignments/assignment3/ws/install/aruco_opencv_msgs/share/aruco_opencv_msgs/environment/ament_prefix_path.dsv
[0.875s] -- Up-to-date: /home/assignments/assignment3/ws/install/aruco_opencv_msgs/share/aruco_opencv_msgs/environment/path.sh
[0.876s] -- Up-to-date: /home/assignments/assignment3/ws/install/aruco_opencv_msgs/share/aruco_opencv_msgs/environment/path.dsv
[0.876s] -- Up-to-date: /home/assignments/assignment3/ws/install/aruco_opencv_msgs/share/aruco_opencv_msgs/local_setup.bash
[0.876s] -- Up-to-date: /home/assignments/assignment3/ws/install/aruco_opencv_msgs/share/aruco_opencv_msgs/local_setup.sh
[0.876s] -- Up-to-date: /home/assignments/assignment3/ws/install/aruco_opencv_msgs/share/aruco_opencv_msgs/local_setup.zsh
[0.876s] -- Up-to-date: /home/assignments/assignment3/ws/install/aruco_opencv_msgs/share/aruco_opencv_msgs/local_setup.dsv
[0.876s] -- Installing: /home/assignments/assignment3/ws/install/aruco_opencv_msgs/share/aruco_opencv_msgs/package.dsv
[0.877s] -- Up-to-date: /home/assignments/assignment3/ws/install/aruco_opencv_msgs/share/ament_index/resource_index/packages/aruco_opencv_msgs
[0.877s] -- Up-to-date: /home/assignments/assignment3/ws/install/aruco_opencv_msgs/share/aruco_opencv_msgs/cmake/export_aruco_opencv_msgs__rosidl_generator_cExport.cmake
[0.877s] -- Up-to-date: /home/assignments/assignment3/ws/install/aruco_opencv_msgs/share/aruco_opencv_msgs/cmake/export_aruco_opencv_msgs__rosidl_generator_cExport-noconfig.cmake
[0.877s] -- Up-to-date: /home/assignments/assignment3/ws/install/aruco_opencv_msgs/share/aruco_opencv_msgs/cmake/export_aruco_opencv_msgs__rosidl_typesupport_fastrtps_cExport.cmake
[0.877s] -- Up-to-date: /home/assignments/assignment3/ws/install/aruco_opencv_msgs/share/aruco_opencv_msgs/cmake/export_aruco_opencv_msgs__rosidl_typesupport_fastrtps_cExport-noconfig.cmake
[0.877s] -- Up-to-date: /home/assignments/assignment3/ws/install/aruco_opencv_msgs/share/aruco_opencv_msgs/cmake/aruco_opencv_msgs__rosidl_typesupport_introspection_cExport.cmake
[0.878s] -- Up-to-date: /home/assignments/assignment3/ws/install/aruco_opencv_msgs/share/aruco_opencv_msgs/cmake/aruco_opencv_msgs__rosidl_typesupport_introspection_cExport-noconfig.cmake
[0.878s] -- Up-to-date: /home/assignments/assignment3/ws/install/aruco_opencv_msgs/share/aruco_opencv_msgs/cmake/aruco_opencv_msgs__rosidl_typesupport_cExport.cmake
[0.878s] -- Up-to-date: /home/assignments/assignment3/ws/install/aruco_opencv_msgs/share/aruco_opencv_msgs/cmake/aruco_opencv_msgs__rosidl_typesupport_cExport-noconfig.cmake
[0.878s] -- Up-to-date: /home/assignments/assignment3/ws/install/aruco_opencv_msgs/share/aruco_opencv_msgs/cmake/export_aruco_opencv_msgs__rosidl_generator_cppExport.cmake
[0.878s] -- Up-to-date: /home/assignments/assignment3/ws/install/aruco_opencv_msgs/share/aruco_opencv_msgs/cmake/export_aruco_opencv_msgs__rosidl_typesupport_fastrtps_cppExport.cmake
[0.879s] -- Up-to-date: /home/assignments/assignment3/ws/install/aruco_opencv_msgs/share/aruco_opencv_msgs/cmake/export_aruco_opencv_msgs__rosidl_typesupport_fastrtps_cppExport-noconfig.cmake
[0.879s] -- Up-to-date: /home/assignments/assignment3/ws/install/aruco_opencv_msgs/share/aruco_opencv_msgs/cmake/aruco_opencv_msgs__rosidl_typesupport_introspection_cppExport.cmake
[0.879s] -- Up-to-date: /home/assignments/assignment3/ws/install/aruco_opencv_msgs/share/aruco_opencv_msgs/cmake/aruco_opencv_msgs__rosidl_typesupport_introspection_cppExport-noconfig.cmake
[0.879s] -- Up-to-date: /home/assignments/assignment3/ws/install/aruco_opencv_msgs/share/aruco_opencv_msgs/cmake/aruco_opencv_msgs__rosidl_typesupport_cppExport.cmake
[0.879s] -- Up-to-date: /home/assignments/assignment3/ws/install/aruco_opencv_msgs/share/aruco_opencv_msgs/cmake/aruco_opencv_msgs__rosidl_typesupport_cppExport-noconfig.cmake
[0.880s] -- Up-to-date: /home/assignments/assignment3/ws/install/aruco_opencv_msgs/share/aruco_opencv_msgs/cmake/export_aruco_opencv_msgs__rosidl_generator_pyExport.cmake
[0.880s] -- Up-to-date: /home/assignments/assignment3/ws/install/aruco_opencv_msgs/share/aruco_opencv_msgs/cmake/export_aruco_opencv_msgs__rosidl_generator_pyExport-noconfig.cmake
[0.880s] -- Up-to-date: /home/assignments/assignment3/ws/install/aruco_opencv_msgs/share/aruco_opencv_msgs/cmake/rosidl_cmake-extras.cmake
[0.880s] -- Up-to-date: /home/assignments/assignment3/ws/install/aruco_opencv_msgs/share/aruco_opencv_msgs/cmake/ament_cmake_export_dependencies-extras.cmake
[0.880s] -- Up-to-date: /home/assignments/assignment3/ws/install/aruco_opencv_msgs/share/aruco_opencv_msgs/cmake/ament_cmake_export_include_directories-extras.cmake
[0.880s] -- Up-to-date: /home/assignments/assignment3/ws/install/aruco_opencv_msgs/share/aruco_opencv_msgs/cmake/ament_cmake_export_libraries-extras.cmake
[0.880s] -- Up-to-date: /home/assignments/assignment3/ws/install/aruco_opencv_msgs/share/aruco_opencv_msgs/cmake/ament_cmake_export_targets-extras.cmake
[0.881s] -- Up-to-date: /home/assignments/assignment3/ws/install/aruco_opencv_msgs/share/aruco_opencv_msgs/cmake/rosidl_cmake_export_typesupport_targets-extras.cmake
[0.881s] -- Up-to-date: /home/assignments/assignment3/ws/install/aruco_opencv_msgs/share/aruco_opencv_msgs/cmake/rosidl_cmake_export_typesupport_libraries-extras.cmake
[0.881s] -- Up-to-date: /home/assignments/assignment3/ws/install/aruco_opencv_msgs/share/aruco_opencv_msgs/cmake/aruco_opencv_msgsConfig.cmake
[0.881s] -- Up-to-date: /home/assignments/assignment3/ws/install/aruco_opencv_msgs/share/aruco_opencv_msgs/cmake/aruco_opencv_msgsConfig-version.cmake
[0.881s] -- Up-to-date: /home/assignments/assignment3/ws/install/aruco_opencv_msgs/share/aruco_opencv_msgs/package.xml
[0.886s] Invoked command in '/home/assignments/assignment3/ws/build/aruco_opencv_msgs' returned '0': CMAKE_PREFIX_PATH=${CMAKE_PREFIX_PATH}:/opt/ros/jazzy /usr/bin/cmake --install /home/assignments/assignment3/ws/build/aruco_opencv_msgs
